[3.142s] Invoking command in '/home/pi/ros2_main/src/yolo_detector': DEBUGINFOD_URLS=https://debuginfod.ubuntu.com PYTHONPATH=/home/pi/ros2_main/build/yolo_detector/prefix_override:/usr/lib/python3/dist-packages/colcon_core/task/python/colcon_distutils_commands:/home/pi/ros2_main/install/yolo_detector/lib/python3.12/site-packages:${PYTHONPATH} /usr/bin/python3 -W ignore:setup.py install is deprecated -W ignore:easy_install command is deprecated setup.py egg_info --egg-base ../../build/yolo_detector build --build-base /home/pi/ros2_main/build/yolo_detector/build install --record /home/pi/ros2_main/build/yolo_detector/install.log --single-version-externally-managed install_data
[3.847s] running egg_info
[3.916s] writing ../../build/yolo_detector/yolo_detector.egg-info/PKG-INFO
[3.916s] writing dependency_links to ../../build/yolo_detector/yolo_detector.egg-info/dependency_links.txt
[3.916s] writing entry points to ../../build/yolo_detector/yolo_detector.egg-info/entry_points.txt
[3.918s] writing requirements to ../../build/yolo_detector/yolo_detector.egg-info/requires.txt
[3.920s] writing top-level names to ../../build/yolo_detector/yolo_detector.egg-info/top_level.txt
[4.135s] reading manifest file '../../build/yolo_detector/yolo_detector.egg-info/SOURCES.txt'
[4.136s] writing manifest file '../../build/yolo_detector/yolo_detector.egg-info/SOURCES.txt'
[4.136s] running build
[4.136s] running build_py
[4.136s] running install
[4.151s] running install_lib
[4.193s] running install_data
[4.194s] running install_egg_info
[4.231s] removing '/home/pi/ros2_main/install/yolo_detector/lib/python3.12/site-packages/yolo_detector-0.0.1-py3.12.egg-info' (and everything under it)
[4.231s] Copying ../../build/yolo_detector/yolo_detector.egg-info to /home/pi/ros2_main/install/yolo_detector/lib/python3.12/site-packages/yolo_detector-0.0.1-py3.12.egg-info
[4.232s] running install_scripts
[4.514s] Installing yolo_detector script to /home/pi/ros2_main/install/yolo_detector/lib/yolo_detector
[4.515s] writing list of installed files to '/home/pi/ros2_main/build/yolo_detector/install.log'
[4.639s] Invoked command in '/home/pi/ros2_main/src/yolo_detector' returned '0': DEBUGINFOD_URLS=https://debuginfod.ubuntu.com PYTHONPATH=/home/pi/ros2_main/build/yolo_detector/prefix_override:/usr/lib/python3/dist-packages/colcon_core/task/python/colcon_distutils_commands:/home/pi/ros2_main/install/yolo_detector/lib/python3.12/site-packages:${PYTHONPATH} /usr/bin/python3 -W ignore:setup.py install is deprecated -W ignore:easy_install command is deprecated setup.py egg_info --egg-base ../../build/yolo_detector build --build-base /home/pi/ros2_main/build/yolo_detector/build install --record /home/pi/ros2_main/build/yolo_detector/install.log --single-version-externally-managed install_data
