[0.065s] Invoking command in '/home/pi/ros2_main/build/map_launch': CMAKE_PREFIX_PATH=${CMAKE_PREFIX_PATH}:/home/pi/ros2_main/install/your_twist_converter:/home/pi/ros2_main/install/yolo_detector:/home/pi/ros2_main/install/py_pubsub:/home/pi/ros2_main/install/nav2_simple_commander:/opt/ros/jazzy DEBUGINFOD_URLS=https://debuginfod.ubuntu.com /usr/bin/cmake /home/pi/ros2_main/src/map_launch -DCMAKE_INSTALL_PREFIX=/home/pi/ros2_main/install/map_launch
[1.079s] -- The C compiler identification is GNU 13.3.0
[1.079s] -- The CXX compiler identification is GNU 13.3.0
[1.081s] -- Detecting C compiler ABI info
[1.081s] -- Detecting C compiler ABI info - done
[1.104s] -- Check for working C compiler: /usr/bin/cc - skipped
[1.105s] -- Detecting C compile features
[1.105s] -- Detecting C compile features - done
[1.133s] -- Detecting CXX compiler ABI info
[1.699s] -- Detecting CXX compiler ABI info - done
[1.725s] -- Check for working CXX compiler: /usr/bin/c++ - skipped
[1.725s] -- Detecting CXX compile features
[1.727s] -- Detecting CXX compile features - done
[1.746s] -- Found ament_cmake: 2.5.3 (/opt/ros/jazzy/share/ament_cmake/cmake)
[2.307s] -- Found Python3: /usr/bin/python3 (found version "3.12.3") found components: Interpreter 
[2.998s] -- Configuring done (2.9s)
[3.014s] -- Generating done (0.0s)
[3.022s] -- Build files have been written to: /home/pi/ros2_main/build/map_launch
[3.046s] Invoked command in '/home/pi/ros2_main/build/map_launch' returned '0': CMAKE_PREFIX_PATH=${CMAKE_PREFIX_PATH}:/home/pi/ros2_main/install/your_twist_converter:/home/pi/ros2_main/install/yolo_detector:/home/pi/ros2_main/install/py_pubsub:/home/pi/ros2_main/install/nav2_simple_commander:/opt/ros/jazzy DEBUGINFOD_URLS=https://debuginfod.ubuntu.com /usr/bin/cmake /home/pi/ros2_main/src/map_launch -DCMAKE_INSTALL_PREFIX=/home/pi/ros2_main/install/map_launch
[3.047s] Invoking command in '/home/pi/ros2_main/build/map_launch': CMAKE_PREFIX_PATH=${CMAKE_PREFIX_PATH}:/home/pi/ros2_main/install/your_twist_converter:/home/pi/ros2_main/install/yolo_detector:/home/pi/ros2_main/install/py_pubsub:/home/pi/ros2_main/install/nav2_simple_commander:/opt/ros/jazzy DEBUGINFOD_URLS=https://debuginfod.ubuntu.com /usr/bin/cmake --build /home/pi/ros2_main/build/map_launch -- -j4 -l4
[3.224s] Invoked command in '/home/pi/ros2_main/build/map_launch' returned '0': CMAKE_PREFIX_PATH=${CMAKE_PREFIX_PATH}:/home/pi/ros2_main/install/your_twist_converter:/home/pi/ros2_main/install/yolo_detector:/home/pi/ros2_main/install/py_pubsub:/home/pi/ros2_main/install/nav2_simple_commander:/opt/ros/jazzy DEBUGINFOD_URLS=https://debuginfod.ubuntu.com /usr/bin/cmake --build /home/pi/ros2_main/build/map_launch -- -j4 -l4
[3.258s] Invoking command in '/home/pi/ros2_main/build/map_launch': CMAKE_PREFIX_PATH=${CMAKE_PREFIX_PATH}:/home/pi/ros2_main/install/your_twist_converter:/home/pi/ros2_main/install/yolo_detector:/home/pi/ros2_main/install/py_pubsub:/home/pi/ros2_main/install/nav2_simple_commander:/opt/ros/jazzy DEBUGINFOD_URLS=https://debuginfod.ubuntu.com /usr/bin/cmake --install /home/pi/ros2_main/build/map_launch
[3.284s] -- Install configuration: ""
[3.284s] -- Installing: /home/pi/ros2_main/install/map_launch/share/map_launch/launch
[3.285s] -- Installing: /home/pi/ros2_main/install/map_launch/share/map_launch/launch/map_server.launch.py
[3.285s] -- Installing: /home/pi/ros2_main/install/map_launch/share/ament_index/resource_index/package_run_dependencies/map_launch
[3.285s] -- Installing: /home/pi/ros2_main/install/map_launch/share/ament_index/resource_index/parent_prefix_path/map_launch
[3.285s] -- Installing: /home/pi/ros2_main/install/map_launch/share/map_launch/environment/ament_prefix_path.sh
[3.285s] -- Installing: /home/pi/ros2_main/install/map_launch/share/map_launch/environment/ament_prefix_path.dsv
[3.285s] -- Installing: /home/pi/ros2_main/install/map_launch/share/map_launch/environment/path.sh
[3.285s] -- Installing: /home/pi/ros2_main/install/map_launch/share/map_launch/environment/path.dsv
[3.286s] -- Installing: /home/pi/ros2_main/install/map_launch/share/map_launch/local_setup.bash
[3.286s] -- Installing: /home/pi/ros2_main/install/map_launch/share/map_launch/local_setup.sh
[3.287s] -- Installing: /home/pi/ros2_main/install/map_launch/share/map_launch/local_setup.zsh
[3.287s] -- Installing: /home/pi/ros2_main/install/map_launch/share/map_launch/local_setup.dsv
[3.289s] -- Installing: /home/pi/ros2_main/install/map_launch/share/map_launch/package.dsv
[3.289s] -- Installing: /home/pi/ros2_main/install/map_launch/share/ament_index/resource_index/packages/map_launch
[3.290s] -- Installing: /home/pi/ros2_main/install/map_launch/share/map_launch/cmake/map_launchConfig.cmake
[3.290s] -- Installing: /home/pi/ros2_main/install/map_launch/share/map_launch/cmake/map_launchConfig-version.cmake
[3.291s] -- Installing: /home/pi/ros2_main/install/map_launch/share/map_launch/package.xml
[3.294s] Invoked command in '/home/pi/ros2_main/build/map_launch' returned '0': CMAKE_PREFIX_PATH=${CMAKE_PREFIX_PATH}:/home/pi/ros2_main/install/your_twist_converter:/home/pi/ros2_main/install/yolo_detector:/home/pi/ros2_main/install/py_pubsub:/home/pi/ros2_main/install/nav2_simple_commander:/opt/ros/jazzy DEBUGINFOD_URLS=https://debuginfod.ubuntu.com /usr/bin/cmake --install /home/pi/ros2_main/build/map_launch
