[2.658s] Invoking command in '/home/pi/ros2_main/src/yolo_detector': DEBUGINFOD_URLS=https://debuginfod.ubuntu.com PYTHONPATH=/home/pi/ros2_main/build/yolo_detector/prefix_override:/usr/lib/python3/dist-packages/colcon_core/task/python/colcon_distutils_commands:/home/pi/ros2_main/install/yolo_detector/lib/python3.12/site-packages:${PYTHONPATH} /usr/bin/python3 -W ignore:setup.py install is deprecated -W ignore:easy_install command is deprecated setup.py egg_info --egg-base ../../build/yolo_detector build --build-base /home/pi/ros2_main/build/yolo_detector/build install --record /home/pi/ros2_main/build/yolo_detector/install.log --single-version-externally-managed install_data
[3.257s] running egg_info
[3.290s] writing ../../build/yolo_detector/yolo_detector.egg-info/PKG-INFO
[3.291s] writing dependency_links to ../../build/yolo_detector/yolo_detector.egg-info/dependency_links.txt
[3.292s] writing entry points to ../../build/yolo_detector/yolo_detector.egg-info/entry_points.txt
[3.293s] writing requirements to ../../build/yolo_detector/yolo_detector.egg-info/requires.txt
[3.294s] writing top-level names to ../../build/yolo_detector/yolo_detector.egg-info/top_level.txt
[3.387s] reading manifest file '../../build/yolo_detector/yolo_detector.egg-info/SOURCES.txt'
[3.389s] writing manifest file '../../build/yolo_detector/yolo_detector.egg-info/SOURCES.txt'
[3.390s] running build
[3.390s] running build_py
[3.391s] running install
[3.409s] running install_lib
[3.486s] running install_data
[3.488s] running install_egg_info
[3.552s] removing '/home/pi/ros2_main/install/yolo_detector/lib/python3.12/site-packages/yolo_detector-0.0.1-py3.12.egg-info' (and everything under it)
[3.553s] Copying ../../build/yolo_detector/yolo_detector.egg-info to /home/pi/ros2_main/install/yolo_detector/lib/python3.12/site-packages/yolo_detector-0.0.1-py3.12.egg-info
[3.555s] running install_scripts
[3.794s] Installing yolo_detector script to /home/pi/ros2_main/install/yolo_detector/lib/yolo_detector
[3.808s] writing list of installed files to '/home/pi/ros2_main/build/yolo_detector/install.log'
[3.917s] Invoked command in '/home/pi/ros2_main/src/yolo_detector' returned '0': DEBUGINFOD_URLS=https://debuginfod.ubuntu.com PYTHONPATH=/home/pi/ros2_main/build/yolo_detector/prefix_override:/usr/lib/python3/dist-packages/colcon_core/task/python/colcon_distutils_commands:/home/pi/ros2_main/install/yolo_detector/lib/python3.12/site-packages:${PYTHONPATH} /usr/bin/python3 -W ignore:setup.py install is deprecated -W ignore:easy_install command is deprecated setup.py egg_info --egg-base ../../build/yolo_detector build --build-base /home/pi/ros2_main/build/yolo_detector/build install --record /home/pi/ros2_main/build/yolo_detector/install.log --single-version-externally-managed install_data
