[5.534s] Invoking command in '/home/pi/ros2_main/src/yolo_detector': DEBUGINFOD_URLS=https://debuginfod.ubuntu.com PYTHONPATH=/home/pi/ros2_main/build/yolo_detector/prefix_override:/usr/lib/python3/dist-packages/colcon_core/task/python/colcon_distutils_commands:/home/pi/ros2_main/install/yolo_detector/lib/python3.12/site-packages:${PYTHONPATH} /usr/bin/python3 -W ignore:setup.py install is deprecated -W ignore:easy_install command is deprecated setup.py egg_info --egg-base ../../build/yolo_detector build --build-base /home/pi/ros2_main/build/yolo_detector/build install --record /home/pi/ros2_main/build/yolo_detector/install.log --single-version-externally-managed install_data
[7.218s] running egg_info
[7.310s] writing ../../build/yolo_detector/yolo_detector.egg-info/PKG-INFO
[7.310s] writing dependency_links to ../../build/yolo_detector/yolo_detector.egg-info/dependency_links.txt
[7.311s] writing entry points to ../../build/yolo_detector/yolo_detector.egg-info/entry_points.txt
[7.316s] writing requirements to ../../build/yolo_detector/yolo_detector.egg-info/requires.txt
[7.316s] writing top-level names to ../../build/yolo_detector/yolo_detector.egg-info/top_level.txt
[7.662s] reading manifest file '../../build/yolo_detector/yolo_detector.egg-info/SOURCES.txt'
[7.669s] writing manifest file '../../build/yolo_detector/yolo_detector.egg-info/SOURCES.txt'
[7.672s] running build
[7.672s] running build_py
[7.679s] running install
[7.703s] running install_lib
[7.800s] running install_data
[7.806s] running install_egg_info
[7.903s] removing '/home/pi/ros2_main/install/yolo_detector/lib/python3.12/site-packages/yolo_detector-0.0.1-py3.12.egg-info' (and everything under it)
[7.906s] Copying ../../build/yolo_detector/yolo_detector.egg-info to /home/pi/ros2_main/install/yolo_detector/lib/python3.12/site-packages/yolo_detector-0.0.1-py3.12.egg-info
[7.909s] running install_scripts
[8.467s] Installing yolo_detector script to /home/pi/ros2_main/install/yolo_detector/lib/yolo_detector
[8.467s] writing list of installed files to '/home/pi/ros2_main/build/yolo_detector/install.log'
[8.662s] Invoked command in '/home/pi/ros2_main/src/yolo_detector' returned '0': DEBUGINFOD_URLS=https://debuginfod.ubuntu.com PYTHONPATH=/home/pi/ros2_main/build/yolo_detector/prefix_override:/usr/lib/python3/dist-packages/colcon_core/task/python/colcon_distutils_commands:/home/pi/ros2_main/install/yolo_detector/lib/python3.12/site-packages:${PYTHONPATH} /usr/bin/python3 -W ignore:setup.py install is deprecated -W ignore:easy_install command is deprecated setup.py egg_info --egg-base ../../build/yolo_detector build --build-base /home/pi/ros2_main/build/yolo_detector/build install --record /home/pi/ros2_main/build/yolo_detector/install.log --single-version-externally-managed install_data
