running egg_info
creating ../../build/your_twist_converter/your_twist_converter.egg-info
writing ../../build/your_twist_converter/your_twist_converter.egg-info/PKG-INFO
writing dependency_links to ../../build/your_twist_converter/your_twist_converter.egg-info/dependency_links.txt
writing entry points to ../../build/your_twist_converter/your_twist_converter.egg-info/entry_points.txt
writing requirements to ../../build/your_twist_converter/your_twist_converter.egg-info/requires.txt
writing top-level names to ../../build/your_twist_converter/your_twist_converter.egg-info/top_level.txt
writing manifest file '../../build/your_twist_converter/your_twist_converter.egg-info/SOURCES.txt'
reading manifest file '../../build/your_twist_converter/your_twist_converter.egg-info/SOURCES.txt'
writing manifest file '../../build/your_twist_converter/your_twist_converter.egg-info/SOURCES.txt'
running build
running build_py
creating /home/pi/ros2_main/build/your_twist_converter/build
creating /home/pi/ros2_main/build/your_twist_converter/build/lib
creating /home/pi/ros2_main/build/your_twist_converter/build/lib/your_twist_converter
copying your_twist_converter/twist_converter.py -> /home/pi/ros2_main/build/your_twist_converter/build/lib/your_twist_converter
copying your_twist_converter/__init__.py -> /home/pi/ros2_main/build/your_twist_converter/build/lib/your_twist_converter
running install
running install_lib
creating /home/pi/ros2_main/install/your_twist_converter/lib/python3.12/site-packages/your_twist_converter
copying /home/pi/ros2_main/build/your_twist_converter/build/lib/your_twist_converter/twist_converter.py -> /home/pi/ros2_main/install/your_twist_converter/lib/python3.12/site-packages/your_twist_converter
copying /home/pi/ros2_main/build/your_twist_converter/build/lib/your_twist_converter/__init__.py -> /home/pi/ros2_main/install/your_twist_converter/lib/python3.12/site-packages/your_twist_converter
byte-compiling /home/pi/ros2_main/install/your_twist_converter/lib/python3.12/site-packages/your_twist_converter/twist_converter.py to twist_converter.cpython-312.pyc
Sorry: IndentationError: unexpected indent (twist_converter.py, line 11)
byte-compiling /home/pi/ros2_main/install/your_twist_converter/lib/python3.12/site-packages/your_twist_converter/__init__.py to __init__.cpython-312.pyc
running install_data
creating /home/pi/ros2_main/install/your_twist_converter/share/ament_index
creating /home/pi/ros2_main/install/your_twist_converter/share/ament_index/resource_index
creating /home/pi/ros2_main/install/your_twist_converter/share/ament_index/resource_index/packages
copying resource/your_twist_converter -> /home/pi/ros2_main/install/your_twist_converter/share/ament_index/resource_index/packages
copying package.xml -> /home/pi/ros2_main/install/your_twist_converter/share/your_twist_converter
running install_egg_info
Copying ../../build/your_twist_converter/your_twist_converter.egg-info to /home/pi/ros2_main/install/your_twist_converter/lib/python3.12/site-packages/your_twist_converter-0.0.0-py3.12.egg-info
running install_scripts
Installing twist_converter script to /home/pi/ros2_main/install/your_twist_converter/lib/your_twist_converter
writing list of installed files to '/home/pi/ros2_main/build/your_twist_converter/install.log'
