[9.820s] Invoking command in '/home/pi/ros2_main/src/your_twist_converter': DEBUGINFOD_URLS=https://debuginfod.ubuntu.com PYTHONPATH=/home/pi/ros2_main/build/your_twist_converter/prefix_override:/usr/lib/python3/dist-packages/colcon_core/task/python/colcon_distutils_commands:/home/pi/ros2_main/install/your_twist_converter/lib/python3.12/site-packages:${PYTHONPATH} /usr/bin/python3 -W ignore:setup.py install is deprecated -W ignore:easy_install command is deprecated setup.py egg_info --egg-base ../../build/your_twist_converter build --build-base /home/pi/ros2_main/build/your_twist_converter/build install --record /home/pi/ros2_main/build/your_twist_converter/install.log --single-version-externally-managed install_data
[12.079s] running egg_info
[12.089s] creating ../../build/your_twist_converter/your_twist_converter.egg-info
[12.293s] writing ../../build/your_twist_converter/your_twist_converter.egg-info/PKG-INFO
[12.293s] writing dependency_links to ../../build/your_twist_converter/your_twist_converter.egg-info/dependency_links.txt
[12.299s] writing entry points to ../../build/your_twist_converter/your_twist_converter.egg-info/entry_points.txt
[12.300s] writing requirements to ../../build/your_twist_converter/your_twist_converter.egg-info/requires.txt
[12.300s] writing top-level names to ../../build/your_twist_converter/your_twist_converter.egg-info/top_level.txt
[12.301s] writing manifest file '../../build/your_twist_converter/your_twist_converter.egg-info/SOURCES.txt'
[12.537s] reading manifest file '../../build/your_twist_converter/your_twist_converter.egg-info/SOURCES.txt'
[12.539s] writing manifest file '../../build/your_twist_converter/your_twist_converter.egg-info/SOURCES.txt'
[12.540s] running build
[12.542s] running build_py
[12.542s] creating /home/pi/ros2_main/build/your_twist_converter/build
[12.544s] creating /home/pi/ros2_main/build/your_twist_converter/build/lib
[12.544s] creating /home/pi/ros2_main/build/your_twist_converter/build/lib/your_twist_converter
[12.546s] copying your_twist_converter/twist_converter.py -> /home/pi/ros2_main/build/your_twist_converter/build/lib/your_twist_converter
[12.549s] copying your_twist_converter/__init__.py -> /home/pi/ros2_main/build/your_twist_converter/build/lib/your_twist_converter
[12.550s] running install
[12.607s] running install_lib
[12.691s] creating /home/pi/ros2_main/install/your_twist_converter/lib/python3.12/site-packages/your_twist_converter
[12.694s] copying /home/pi/ros2_main/build/your_twist_converter/build/lib/your_twist_converter/twist_converter.py -> /home/pi/ros2_main/install/your_twist_converter/lib/python3.12/site-packages/your_twist_converter
[12.696s] copying /home/pi/ros2_main/build/your_twist_converter/build/lib/your_twist_converter/__init__.py -> /home/pi/ros2_main/install/your_twist_converter/lib/python3.12/site-packages/your_twist_converter
[12.699s] byte-compiling /home/pi/ros2_main/install/your_twist_converter/lib/python3.12/site-packages/your_twist_converter/twist_converter.py to twist_converter.cpython-312.pyc
[12.700s] Sorry: IndentationError: unexpected indent (twist_converter.py, line 11)
[12.701s] byte-compiling /home/pi/ros2_main/install/your_twist_converter/lib/python3.12/site-packages/your_twist_converter/__init__.py to __init__.cpython-312.pyc
[12.704s] running install_data
[12.706s] creating /home/pi/ros2_main/install/your_twist_converter/share/ament_index
[12.706s] creating /home/pi/ros2_main/install/your_twist_converter/share/ament_index/resource_index
[12.708s] creating /home/pi/ros2_main/install/your_twist_converter/share/ament_index/resource_index/packages
[12.711s] copying resource/your_twist_converter -> /home/pi/ros2_main/install/your_twist_converter/share/ament_index/resource_index/packages
[12.711s] copying package.xml -> /home/pi/ros2_main/install/your_twist_converter/share/your_twist_converter
[12.714s] running install_egg_info
[12.835s] Copying ../../build/your_twist_converter/your_twist_converter.egg-info to /home/pi/ros2_main/install/your_twist_converter/lib/python3.12/site-packages/your_twist_converter-0.0.0-py3.12.egg-info
[12.841s] running install_scripts
[13.610s] Installing twist_converter script to /home/pi/ros2_main/install/your_twist_converter/lib/your_twist_converter
[13.613s] writing list of installed files to '/home/pi/ros2_main/build/your_twist_converter/install.log'
[14.238s] Invoked command in '/home/pi/ros2_main/src/your_twist_converter' returned '0': DEBUGINFOD_URLS=https://debuginfod.ubuntu.com PYTHONPATH=/home/pi/ros2_main/build/your_twist_converter/prefix_override:/usr/lib/python3/dist-packages/colcon_core/task/python/colcon_distutils_commands:/home/pi/ros2_main/install/your_twist_converter/lib/python3.12/site-packages:${PYTHONPATH} /usr/bin/python3 -W ignore:setup.py install is deprecated -W ignore:easy_install command is deprecated setup.py egg_info --egg-base ../../build/your_twist_converter build --build-base /home/pi/ros2_main/build/your_twist_converter/build install --record /home/pi/ros2_main/build/your_twist_converter/install.log --single-version-externally-managed install_data
