/home/pi/ros2_main/install/py_pubsub/lib/python3.12/site-packages/py_pubsub/camera_pub.py
/home/pi/ros2_main/install/py_pubsub/lib/python3.12/site-packages/py_pubsub/subscriber_member_function.py
/home/pi/ros2_main/install/py_pubsub/lib/python3.12/site-packages/py_pubsub/cam_test.py
/home/pi/ros2_main/install/py_pubsub/lib/python3.12/site-packages/py_pubsub/__init__.py
/home/pi/ros2_main/install/py_pubsub/lib/python3.12/site-packages/py_pubsub/publisher_member_function.py
/home/pi/ros2_main/install/py_pubsub/lib/python3.12/site-packages/py_pubsub/__pycache__/camera_pub.cpython-312.pyc
/home/pi/ros2_main/install/py_pubsub/lib/python3.12/site-packages/py_pubsub/__pycache__/subscriber_member_function.cpython-312.pyc
/home/pi/ros2_main/install/py_pubsub/lib/python3.12/site-packages/py_pubsub/__pycache__/cam_test.cpython-312.pyc
/home/pi/ros2_main/install/py_pubsub/lib/python3.12/site-packages/py_pubsub/__pycache__/__init__.cpython-312.pyc
/home/pi/ros2_main/install/py_pubsub/lib/python3.12/site-packages/py_pubsub/__pycache__/publisher_member_function.cpython-312.pyc
/home/pi/ros2_main/install/py_pubsub/share/ament_index/resource_index/packages/py_pubsub
/home/pi/ros2_main/install/py_pubsub/share/py_pubsub/package.xml
/home/pi/ros2_main/install/py_pubsub/lib/python3.12/site-packages/py_pubsub-0.0.0-py3.12.egg-info/dependency_links.txt
/home/pi/ros2_main/install/py_pubsub/lib/python3.12/site-packages/py_pubsub-0.0.0-py3.12.egg-info/PKG-INFO
/home/pi/ros2_main/install/py_pubsub/lib/python3.12/site-packages/py_pubsub-0.0.0-py3.12.egg-info/entry_points.txt
/home/pi/ros2_main/install/py_pubsub/lib/python3.12/site-packages/py_pubsub-0.0.0-py3.12.egg-info/requires.txt
/home/pi/ros2_main/install/py_pubsub/lib/python3.12/site-packages/py_pubsub-0.0.0-py3.12.egg-info/top_level.txt
/home/pi/ros2_main/install/py_pubsub/lib/python3.12/site-packages/py_pubsub-0.0.0-py3.12.egg-info/zip-safe
/home/pi/ros2_main/install/py_pubsub/lib/python3.12/site-packages/py_pubsub-0.0.0-py3.12.egg-info/SOURCES.txt
/home/pi/ros2_main/install/py_pubsub/lib/py_pubsub/camera
/home/pi/ros2_main/install/py_pubsub/lib/py_pubsub/listener
/home/pi/ros2_main/install/py_pubsub/lib/py_pubsub/talker
