[3.847s] Invoking command in '/home/pi/ros2_main/src/py_pubsub': DEBUGINFOD_URLS=https://debuginfod.ubuntu.com PYTHONPATH=/home/pi/ros2_main/build/py_pubsub/prefix_override:/usr/lib/python3/dist-packages/colcon_core/task/python/colcon_distutils_commands:/home/pi/ros2_main/install/py_pubsub/lib/python3.12/site-packages:${PYTHONPATH} /usr/bin/python3 -W ignore:setup.py install is deprecated -W ignore:easy_install command is deprecated setup.py egg_info --egg-base ../../build/py_pubsub build --build-base /home/pi/ros2_main/build/py_pubsub/build install --record /home/pi/ros2_main/build/py_pubsub/install.log --single-version-externally-managed install_data
[4.571s] running egg_info
[4.610s] writing ../../build/py_pubsub/py_pubsub.egg-info/PKG-INFO
[4.612s] writing dependency_links to ../../build/py_pubsub/py_pubsub.egg-info/dependency_links.txt
[4.613s] writing entry points to ../../build/py_pubsub/py_pubsub.egg-info/entry_points.txt
[4.617s] writing requirements to ../../build/py_pubsub/py_pubsub.egg-info/requires.txt
[4.620s] writing top-level names to ../../build/py_pubsub/py_pubsub.egg-info/top_level.txt
[4.703s] reading manifest file '../../build/py_pubsub/py_pubsub.egg-info/SOURCES.txt'
[4.705s] adding license file 'LICENSE'
[4.705s] writing manifest file '../../build/py_pubsub/py_pubsub.egg-info/SOURCES.txt'
[4.706s] running build
[4.709s] running build_py
[4.710s] running install
[4.723s] running install_lib
[4.789s] running install_data
[4.790s] running install_egg_info
[4.860s] removing '/home/pi/ros2_main/install/py_pubsub/lib/python3.12/site-packages/py_pubsub-0.0.0-py3.12.egg-info' (and everything under it)
[4.860s] Copying ../../build/py_pubsub/py_pubsub.egg-info to /home/pi/ros2_main/install/py_pubsub/lib/python3.12/site-packages/py_pubsub-0.0.0-py3.12.egg-info
[4.865s] running install_scripts
[5.198s] Installing camera script to /home/pi/ros2_main/install/py_pubsub/lib/py_pubsub
[5.198s] Installing listener script to /home/pi/ros2_main/install/py_pubsub/lib/py_pubsub
[5.199s] Installing talker script to /home/pi/ros2_main/install/py_pubsub/lib/py_pubsub
[5.200s] writing list of installed files to '/home/pi/ros2_main/build/py_pubsub/install.log'
[5.379s] Invoked command in '/home/pi/ros2_main/src/py_pubsub' returned '0': DEBUGINFOD_URLS=https://debuginfod.ubuntu.com PYTHONPATH=/home/pi/ros2_main/build/py_pubsub/prefix_override:/usr/lib/python3/dist-packages/colcon_core/task/python/colcon_distutils_commands:/home/pi/ros2_main/install/py_pubsub/lib/python3.12/site-packages:${PYTHONPATH} /usr/bin/python3 -W ignore:setup.py install is deprecated -W ignore:easy_install command is deprecated setup.py egg_info --egg-base ../../build/py_pubsub build --build-base /home/pi/ros2_main/build/py_pubsub/build install --record /home/pi/ros2_main/build/py_pubsub/install.log --single-version-externally-managed install_data
