[0.021s] Invoking command in '/home/dedperded/ros2_ws_test/build/diffdrive_arduino': CMAKE_PREFIX_PATH=${CMAKE_PREFIX_PATH}:/opt/ros/jazzy DEBUGINFOD_URLS=https://debuginfod.ubuntu.com /usr/bin/cmake /home/dedperded/ros2_ws_test/src/diffdrive_arduino -DCMAKE_INSTALL_PREFIX=/home/dedperded/ros2_ws_test/install/diffdrive_arduino
[0.094s] -- The CXX compiler identification is GNU 13.3.0
[0.113s] -- Detecting CXX compiler ABI info
[0.231s] -- Detecting CXX compiler ABI info - done
[0.239s] -- Check for working CXX compiler: /usr/bin/c++ - skipped
[0.239s] -- Detecting CXX compile features
[0.240s] -- Detecting CXX compile features - done
[0.245s] -- Found ament_cmake: 2.5.3 (/opt/ros/jazzy/share/ament_cmake/cmake)
[0.428s] -- Found Python3: /usr/bin/python3 (found version "3.12.3") found components: Interpreter 
[0.577s] -- Found hardware_interface: 4.25.0 (/opt/ros/jazzy/share/hardware_interface/cmake)
[0.646s] -- Found rosidl_generator_c: 4.6.5 (/opt/ros/jazzy/share/rosidl_generator_c/cmake)
[0.666s] -- Found rosidl_generator_cpp: 4.6.5 (/opt/ros/jazzy/share/rosidl_generator_cpp/cmake)
[0.689s] -- Using all available rosidl_typesupport_c: rosidl_typesupport_fastrtps_c;rosidl_typesupport_introspection_c
[0.712s] -- Using all available rosidl_typesupport_cpp: rosidl_typesupport_fastrtps_cpp;rosidl_typesupport_introspection_cpp
[0.958s] -- Found TinyXML2 via Config file: /usr/lib/x86_64-linux-gnu/cmake/tinyxml2
[1.017s] -- Found rmw_implementation_cmake: 7.3.1 (/opt/ros/jazzy/share/rmw_implementation_cmake/cmake)
[1.023s] -- Found rmw_fastrtps_cpp: 8.4.1 (/opt/ros/jazzy/share/rmw_fastrtps_cpp/cmake)
[1.057s] -- Found TinyXML2 via Config file: /usr/lib/x86_64-linux-gnu/cmake/tinyxml2
[1.148s] -- Found OpenSSL: /usr/lib/x86_64-linux-gnu/libcrypto.so (found version "3.0.13")  
[1.151s] -- Found TinyXML2 via Config file: /usr/lib/x86_64-linux-gnu/cmake/tinyxml2
[1.175s] -- Found FastRTPS: /opt/ros/jazzy/include (Required is at least version "2.13") 
[1.178s] -- Found TinyXML2 via Config file: /usr/lib/x86_64-linux-gnu/cmake/tinyxml2
[1.191s] -- Found TinyXML2 via Config file: /usr/lib/x86_64-linux-gnu/cmake/tinyxml2
[1.212s] -- Using RMW implementation 'rmw_fastrtps_cpp' as default
[1.564s] -- Found ament_cmake_gtest: 2.5.3 (/opt/ros/jazzy/share/ament_cmake_gtest/cmake)
[1.800s] -- Configuring done (1.8s)
[1.845s] -- Generating done (0.0s)
[1.855s] -- Build files have been written to: /home/dedperded/ros2_ws_test/build/diffdrive_arduino
[1.934s] Invoked command in '/home/dedperded/ros2_ws_test/build/diffdrive_arduino' returned '0': CMAKE_PREFIX_PATH=${CMAKE_PREFIX_PATH}:/opt/ros/jazzy DEBUGINFOD_URLS=https://debuginfod.ubuntu.com /usr/bin/cmake /home/dedperded/ros2_ws_test/src/diffdrive_arduino -DCMAKE_INSTALL_PREFIX=/home/dedperded/ros2_ws_test/install/diffdrive_arduino
[1.936s] Invoking command in '/home/dedperded/ros2_ws_test/build/diffdrive_arduino': CMAKE_PREFIX_PATH=${CMAKE_PREFIX_PATH}:/opt/ros/jazzy DEBUGINFOD_URLS=https://debuginfod.ubuntu.com /usr/bin/cmake --build /home/dedperded/ros2_ws_test/build/diffdrive_arduino -- -j16 -l16
[2.178s] [ 50%] [32mBuilding CXX object CMakeFiles/diffdrive_arduino.dir/hardware/diffbot_system.cpp.o[0m
[8.664s] [100%] [32m[1mLinking CXX shared library libdiffdrive_arduino.so[0m
[8.906s] [100%] Built target diffdrive_arduino
[8.923s] Invoked command in '/home/dedperded/ros2_ws_test/build/diffdrive_arduino' returned '0': CMAKE_PREFIX_PATH=${CMAKE_PREFIX_PATH}:/opt/ros/jazzy DEBUGINFOD_URLS=https://debuginfod.ubuntu.com /usr/bin/cmake --build /home/dedperded/ros2_ws_test/build/diffdrive_arduino -- -j16 -l16
[8.924s] Invoking command in '/home/dedperded/ros2_ws_test/build/diffdrive_arduino': CMAKE_PREFIX_PATH=${CMAKE_PREFIX_PATH}:/opt/ros/jazzy DEBUGINFOD_URLS=https://debuginfod.ubuntu.com /usr/bin/cmake --install /home/dedperded/ros2_ws_test/build/diffdrive_arduino
[8.935s] -- Install configuration: ""
[8.935s] -- Installing: /home/dedperded/ros2_ws_test/install/diffdrive_arduino/share/diffdrive_arduino/diffdrive_arduino.xml
[8.935s] -- Installing: /home/dedperded/ros2_ws_test/install/diffdrive_arduino/include/diffdrive_arduino
[8.935s] -- Installing: /home/dedperded/ros2_ws_test/install/diffdrive_arduino/include/diffdrive_arduino/diffdrive_arduino
[8.935s] -- Installing: /home/dedperded/ros2_ws_test/install/diffdrive_arduino/include/diffdrive_arduino/diffdrive_arduino/arduino_comms.hpp
[8.935s] -- Installing: /home/dedperded/ros2_ws_test/install/diffdrive_arduino/include/diffdrive_arduino/diffdrive_arduino/visibility_control.h
[8.936s] -- Installing: /home/dedperded/ros2_ws_test/install/diffdrive_arduino/include/diffdrive_arduino/diffdrive_arduino/diffbot_system.hpp
[8.936s] -- Installing: /home/dedperded/ros2_ws_test/install/diffdrive_arduino/include/diffdrive_arduino/diffdrive_arduino/wheel.hpp
[8.936s] -- Installing: /home/dedperded/ros2_ws_test/install/diffdrive_arduino/share/diffdrive_arduino/launch
[8.936s] -- Installing: /home/dedperded/ros2_ws_test/install/diffdrive_arduino/share/diffdrive_arduino/launch/view_robot.launch.py
[8.936s] -- Installing: /home/dedperded/ros2_ws_test/install/diffdrive_arduino/share/diffdrive_arduino/ros2_control
[8.936s] -- Installing: /home/dedperded/ros2_ws_test/install/diffdrive_arduino/share/diffdrive_arduino/ros2_control/diffbot.ros2_control.xacro
[8.936s] -- Installing: /home/dedperded/ros2_ws_test/install/diffdrive_arduino/share/diffdrive_arduino/urdf
[8.936s] -- Installing: /home/dedperded/ros2_ws_test/install/diffdrive_arduino/share/diffdrive_arduino/urdf/diffbot.urdf.xacro
[8.936s] -- Installing: /home/dedperded/ros2_ws_test/install/diffdrive_arduino/share/diffdrive_arduino/urdf/diffbot.materials.xacro
[8.937s] -- Installing: /home/dedperded/ros2_ws_test/install/diffdrive_arduino/share/diffdrive_arduino/urdf/diffbot_description.urdf.xacro
[8.937s] -- Installing: /home/dedperded/ros2_ws_test/install/diffdrive_arduino/share/diffdrive_arduino/rviz
[8.937s] -- Installing: /home/dedperded/ros2_ws_test/install/diffdrive_arduino/share/diffdrive_arduino/rviz/diffbot.rviz
[8.937s] -- Installing: /home/dedperded/ros2_ws_test/install/diffdrive_arduino/share/diffdrive_arduino/rviz/diffbot_view.rviz
[8.937s] -- Up-to-date: /home/dedperded/ros2_ws_test/install/diffdrive_arduino/share/diffdrive_arduino/launch
[8.937s] -- Installing: /home/dedperded/ros2_ws_test/install/diffdrive_arduino/share/diffdrive_arduino/launch/diffbot.launch.py
[8.937s] -- Installing: /home/dedperded/ros2_ws_test/install/diffdrive_arduino/share/diffdrive_arduino/config
[8.937s] -- Installing: /home/dedperded/ros2_ws_test/install/diffdrive_arduino/share/diffdrive_arduino/config/diffbot_controllers.yaml
[8.937s] -- Installing: /home/dedperded/ros2_ws_test/install/diffdrive_arduino/lib/libdiffdrive_arduino.so
[8.939s] -- Set non-toolchain portion of runtime path of "/home/dedperded/ros2_ws_test/install/diffdrive_arduino/lib/libdiffdrive_arduino.so" to ""
[8.940s] -- Installing: /home/dedperded/ros2_ws_test/install/diffdrive_arduino/share/diffdrive_arduino/environment/library_path.sh
[8.940s] -- Installing: /home/dedperded/ros2_ws_test/install/diffdrive_arduino/share/diffdrive_arduino/environment/library_path.dsv
[8.940s] -- Installing: /home/dedperded/ros2_ws_test/install/diffdrive_arduino/share/ament_index/resource_index/package_run_dependencies/diffdrive_arduino
[8.940s] -- Installing: /home/dedperded/ros2_ws_test/install/diffdrive_arduino/share/ament_index/resource_index/parent_prefix_path/diffdrive_arduino
[8.940s] -- Installing: /home/dedperded/ros2_ws_test/install/diffdrive_arduino/share/diffdrive_arduino/environment/ament_prefix_path.sh
[8.941s] -- Installing: /home/dedperded/ros2_ws_test/install/diffdrive_arduino/share/diffdrive_arduino/environment/ament_prefix_path.dsv
[8.941s] -- Installing: /home/dedperded/ros2_ws_test/install/diffdrive_arduino/share/diffdrive_arduino/environment/path.sh
[8.941s] -- Installing: /home/dedperded/ros2_ws_test/install/diffdrive_arduino/share/diffdrive_arduino/environment/path.dsv
[8.941s] -- Installing: /home/dedperded/ros2_ws_test/install/diffdrive_arduino/share/diffdrive_arduino/local_setup.bash
[8.941s] -- Installing: /home/dedperded/ros2_ws_test/install/diffdrive_arduino/share/diffdrive_arduino/local_setup.sh
[8.941s] -- Installing: /home/dedperded/ros2_ws_test/install/diffdrive_arduino/share/diffdrive_arduino/local_setup.zsh
[8.941s] -- Installing: /home/dedperded/ros2_ws_test/install/diffdrive_arduino/share/diffdrive_arduino/local_setup.dsv
[8.941s] -- Installing: /home/dedperded/ros2_ws_test/install/diffdrive_arduino/share/diffdrive_arduino/package.dsv
[8.941s] -- Installing: /home/dedperded/ros2_ws_test/install/diffdrive_arduino/share/ament_index/resource_index/packages/diffdrive_arduino
[8.942s] -- Installing: /home/dedperded/ros2_ws_test/install/diffdrive_arduino/share/ament_index/resource_index/hardware_interface__pluginlib__plugin/diffdrive_arduino
[8.942s] -- Installing: /home/dedperded/ros2_ws_test/install/diffdrive_arduino/share/diffdrive_arduino/cmake/export_diffdrive_arduinoExport.cmake
[8.942s] -- Installing: /home/dedperded/ros2_ws_test/install/diffdrive_arduino/share/diffdrive_arduino/cmake/export_diffdrive_arduinoExport-noconfig.cmake
[8.942s] -- Installing: /home/dedperded/ros2_ws_test/install/diffdrive_arduino/share/diffdrive_arduino/cmake/ament_cmake_export_targets-extras.cmake
[8.942s] -- Installing: /home/dedperded/ros2_ws_test/install/diffdrive_arduino/share/diffdrive_arduino/cmake/ament_cmake_export_dependencies-extras.cmake
[8.943s] -- Installing: /home/dedperded/ros2_ws_test/install/diffdrive_arduino/share/diffdrive_arduino/cmake/diffdrive_arduinoConfig.cmake
[8.943s] -- Installing: /home/dedperded/ros2_ws_test/install/diffdrive_arduino/share/diffdrive_arduino/cmake/diffdrive_arduinoConfig-version.cmake
[8.943s] -- Installing: /home/dedperded/ros2_ws_test/install/diffdrive_arduino/share/diffdrive_arduino/package.xml
[8.945s] Invoked command in '/home/dedperded/ros2_ws_test/build/diffdrive_arduino' returned '0': CMAKE_PREFIX_PATH=${CMAKE_PREFIX_PATH}:/opt/ros/jazzy DEBUGINFOD_URLS=https://debuginfod.ubuntu.com /usr/bin/cmake --install /home/dedperded/ros2_ws_test/build/diffdrive_arduino
