[2.813s] Invoking command in '/home/pi/ros2_main/src/py_pubsub': DEBUGINFOD_URLS=https://debuginfod.ubuntu.com PYTHONPATH=/home/pi/ros2_main/build/py_pubsub/prefix_override:/usr/lib/python3/dist-packages/colcon_core/task/python/colcon_distutils_commands:/home/pi/ros2_main/install/py_pubsub/lib/python3.12/site-packages:${PYTHONPATH} /usr/bin/python3 -W ignore:setup.py install is deprecated -W ignore:easy_install command is deprecated setup.py egg_info --egg-base ../../build/py_pubsub build --build-base /home/pi/ros2_main/build/py_pubsub/build install --record /home/pi/ros2_main/build/py_pubsub/install.log --single-version-externally-managed install_data
[3.520s] running egg_info
[3.585s] writing ../../build/py_pubsub/py_pubsub.egg-info/PKG-INFO
[3.586s] writing dependency_links to ../../build/py_pubsub/py_pubsub.egg-info/dependency_links.txt
[3.586s] writing entry points to ../../build/py_pubsub/py_pubsub.egg-info/entry_points.txt
[3.586s] writing requirements to ../../build/py_pubsub/py_pubsub.egg-info/requires.txt
[3.587s] writing top-level names to ../../build/py_pubsub/py_pubsub.egg-info/top_level.txt
[3.699s] reading manifest file '../../build/py_pubsub/py_pubsub.egg-info/SOURCES.txt'
[3.700s] adding license file 'LICENSE'
[3.702s] writing manifest file '../../build/py_pubsub/py_pubsub.egg-info/SOURCES.txt'
[3.704s] running build
[3.705s] running build_py
[3.707s] running install
[3.720s] running install_lib
[3.762s] running install_data
[3.765s] running install_egg_info
[3.811s] removing '/home/pi/ros2_main/install/py_pubsub/lib/python3.12/site-packages/py_pubsub-0.0.0-py3.12.egg-info' (and everything under it)
[3.813s] Copying ../../build/py_pubsub/py_pubsub.egg-info to /home/pi/ros2_main/install/py_pubsub/lib/python3.12/site-packages/py_pubsub-0.0.0-py3.12.egg-info
[3.815s] running install_scripts
[4.134s] Installing camera script to /home/pi/ros2_main/install/py_pubsub/lib/py_pubsub
[4.136s] Installing listener script to /home/pi/ros2_main/install/py_pubsub/lib/py_pubsub
[4.136s] Installing talker script to /home/pi/ros2_main/install/py_pubsub/lib/py_pubsub
[4.138s] writing list of installed files to '/home/pi/ros2_main/build/py_pubsub/install.log'
[4.340s] Invoked command in '/home/pi/ros2_main/src/py_pubsub' returned '0': DEBUGINFOD_URLS=https://debuginfod.ubuntu.com PYTHONPATH=/home/pi/ros2_main/build/py_pubsub/prefix_override:/usr/lib/python3/dist-packages/colcon_core/task/python/colcon_distutils_commands:/home/pi/ros2_main/install/py_pubsub/lib/python3.12/site-packages:${PYTHONPATH} /usr/bin/python3 -W ignore:setup.py install is deprecated -W ignore:easy_install command is deprecated setup.py egg_info --egg-base ../../build/py_pubsub build --build-base /home/pi/ros2_main/build/py_pubsub/build install --record /home/pi/ros2_main/build/py_pubsub/install.log --single-version-externally-managed install_data
