[0.026s] Invoking command in '/home/pi/ros2_main/build/serial': CMAKE_PREFIX_PATH=${CMAKE_PREFIX_PATH}:/home/pi/ros2_main/install/your_twist_converter:/home/pi/ros2_main/install/yolo_detector:/home/pi/ros2_main/install/py_pubsub:/home/pi/ros2_main/install/nav2_simple_commander:/opt/ros/jazzy DEBUGINFOD_URLS=https://debuginfod.ubuntu.com /usr/bin/cmake /home/pi/ros2_main/src/serial -DCMAKE_INSTALL_PREFIX=/home/pi/ros2_main/install/serial
[0.218s] -- The C compiler identification is GNU 13.3.0
[0.357s] -- The CXX compiler identification is GNU 13.3.0
[0.398s] -- Detecting C compiler ABI info
[0.770s] -- Detecting C compiler ABI info - done
[0.798s] -- Check for working C compiler: /usr/bin/cc - skipped
[0.799s] -- Detecting C compile features
[0.801s] -- Detecting C compile features - done
[0.827s] -- Detecting CXX compiler ABI info
[1.262s] -- Detecting CXX compiler ABI info - done
[1.308s] -- Check for working CXX compiler: /usr/bin/c++ - skipped
[1.308s] -- Detecting CXX compile features
[1.311s] -- Detecting CXX compile features - done
[1.332s] -- Found ament_cmake: 2.5.3 (/opt/ros/jazzy/share/ament_cmake/cmake)
[2.547s] -- Found Python3: /usr/bin/python3 (found version "3.12.3") found components: Interpreter 
[3.157s] -- Found ament_cmake_gtest: 2.5.3 (/opt/ros/jazzy/share/ament_cmake_gtest/cmake)
[3.214s] -- Found Boost: /usr/lib/aarch64-linux-gnu/cmake/Boost-1.83.0/BoostConfig.cmake (found version "1.83.0")  
[3.234s] -- Found gtest sources under '/opt/ros/jazzy/src/gtest_vendor': C++ tests using 'Google Test' will be built
[3.243s] -- Performing Test CMAKE_HAVE_LIBC_PTHREAD
[3.961s] -- Performing Test CMAKE_HAVE_LIBC_PTHREAD - Success
[3.961s] -- Found Threads: TRUE  
[5.164s] -- Configuring done (5.1s)
[5.449s] -- Generating done (0.2s)
[5.539s] -- Build files have been written to: /home/pi/ros2_main/build/serial
[5.734s] Invoked command in '/home/pi/ros2_main/build/serial' returned '0': CMAKE_PREFIX_PATH=${CMAKE_PREFIX_PATH}:/home/pi/ros2_main/install/your_twist_converter:/home/pi/ros2_main/install/yolo_detector:/home/pi/ros2_main/install/py_pubsub:/home/pi/ros2_main/install/nav2_simple_commander:/opt/ros/jazzy DEBUGINFOD_URLS=https://debuginfod.ubuntu.com /usr/bin/cmake /home/pi/ros2_main/src/serial -DCMAKE_INSTALL_PREFIX=/home/pi/ros2_main/install/serial
[5.736s] Invoking command in '/home/pi/ros2_main/build/serial': CMAKE_PREFIX_PATH=${CMAKE_PREFIX_PATH}:/home/pi/ros2_main/install/your_twist_converter:/home/pi/ros2_main/install/yolo_detector:/home/pi/ros2_main/install/py_pubsub:/home/pi/ros2_main/install/nav2_simple_commander:/opt/ros/jazzy DEBUGINFOD_URLS=https://debuginfod.ubuntu.com /usr/bin/cmake --build /home/pi/ros2_main/build/serial -- -j4 -l4
[6.484s] [  7%] [32mBuilding CXX object CMakeFiles/serial.dir/src/serial.cc.o[0m
[6.500s] [ 14%] [32mBuilding CXX object CMakeFiles/serial.dir/src/impl/unix.cc.o[0m
[6.725s] [ 21%] [32mBuilding CXX object gtest/CMakeFiles/gtest.dir/src/gtest-all.cc.o[0m
[6.748s] [ 28%] [32mBuilding CXX object gtest/CMakeFiles/gtest_main.dir/src/gtest_main.cc.o[0m
[18.418s] [ 35%] [32mBuilding CXX object CMakeFiles/serial.dir/src/impl/list_ports/list_ports_linux.cc.o[0m
[22.437s] [ 42%] [32m[1mLinking CXX static library libgtest_main.a[0m
[22.483s] [ 50%] [32m[1mLinking CXX static library libserial.a[0m
[22.716s] [ 50%] Built target gtest_main
[22.738s] [ 50%] Built target serial
[44.517s] [ 57%] [32m[1mLinking CXX static library libgtest.a[0m
[44.961s] [ 57%] Built target gtest
[45.119s] [ 64%] [32mBuilding CXX object CMakeFiles/serial_example.dir/examples/serial_example.cc.o[0m
[46.668s] [ 71%] [32m[1mLinking CXX executable serial_example[0m
[47.020s] [ 71%] Built target serial_example
[47.093s] [ 78%] [32mBuilding CXX object tests/CMakeFiles/serial-test-timer.dir/unit/unix_timer_tests.cc.o[0m
[50.546s] [ 85%] [32m[1mLinking CXX executable serial-test-timer[0m
[51.122s] [ 85%] Built target serial-test-timer
[51.273s] [ 92%] [32mBuilding CXX object tests/CMakeFiles/serial-test.dir/unix_serial_tests.cc.o[0m
[54.239s] In file included from [01m[K/usr/include/boost/bind/detail/requires_cxx11.hpp:9[m[K,
[54.240s]                  from [01m[K/usr/include/boost/bind/bind.hpp:24[m[K,
[54.240s]                  from [01m[K/usr/include/boost/bind.hpp:29[m[K,
[54.240s]                  from [01m[K/home/pi/ros2_main/src/serial/tests/unix_serial_tests.cc:23[m[K:
[54.240s] [01m[K/usr/include/boost/bind.hpp:36:1:[m[K [01;36m[Knote: [m[K‘[01m[K#pragma message: The practice of declaring the Bind placeholders (_1, _2, ...) in the global namespace is deprecated. Please use <boost/bind/bind.hpp> + using namespace boost::placeholders, or define BOOST_BIND_GLOBAL_PLACEHOLDERS to retain the current behavior.[m[K’
[54.240s]    36 | [01;36m[KBOOST_PRAGMA_MESSAGE[m[K(
[54.241s]       | [01;36m[K^~~~~~~~~~~~~~~~~~~~[m[K
[55.221s] [100%] [32m[1mLinking CXX executable serial-test[0m
[55.716s] [100%] Built target serial-test
