[1.413s] Invoking command in '/home/pi/ros2_main/build/rplidar_ros': CMAKE_PREFIX_PATH=${CMAKE_PREFIX_PATH}:/home/pi/ros2_main/install/your_twist_converter:/home/pi/ros2_main/install/yolo_detector:/home/pi/ros2_main/install/py_pubsub:/home/pi/ros2_main/install/nav2_simple_commander:/opt/ros/jazzy DEBUGINFOD_URLS=https://debuginfod.ubuntu.com /usr/bin/cmake --build /home/pi/ros2_main/build/rplidar_ros -- -j4 -l4
[1.932s] [ 47%] Built target rplidar_node
[1.949s] [ 94%] Built target rplidar_composition
[2.085s] [100%] Built target rplidar_client
[3.713s] Invoked command in '/home/pi/ros2_main/build/rplidar_ros' returned '0': CMAKE_PREFIX_PATH=${CMAKE_PREFIX_PATH}:/home/pi/ros2_main/install/your_twist_converter:/home/pi/ros2_main/install/yolo_detector:/home/pi/ros2_main/install/py_pubsub:/home/pi/ros2_main/install/nav2_simple_commander:/opt/ros/jazzy DEBUGINFOD_URLS=https://debuginfod.ubuntu.com /usr/bin/cmake --build /home/pi/ros2_main/build/rplidar_ros -- -j4 -l4
[3.714s] Invoking command in '/home/pi/ros2_main/build/rplidar_ros': CMAKE_PREFIX_PATH=${CMAKE_PREFIX_PATH}:/home/pi/ros2_main/install/your_twist_converter:/home/pi/ros2_main/install/yolo_detector:/home/pi/ros2_main/install/py_pubsub:/home/pi/ros2_main/install/nav2_simple_commander:/opt/ros/jazzy DEBUGINFOD_URLS=https://debuginfod.ubuntu.com /usr/bin/cmake --install /home/pi/ros2_main/build/rplidar_ros
[3.811s] -- Install configuration: ""
[3.812s] -- Up-to-date: /home/pi/ros2_main/install/rplidar_ros/share/rplidar_ros/launch
[3.812s] -- Up-to-date: /home/pi/ros2_main/install/rplidar_ros/share/rplidar_ros/launch/rplidar_c1_launch.py
[3.817s] -- Up-to-date: /home/pi/ros2_main/install/rplidar_ros/share/rplidar_ros/rviz
[3.819s] -- Up-to-date: /home/pi/ros2_main/install/rplidar_ros/share/rplidar_ros/rviz/rplidar_ros.rviz
[3.819s] -- Up-to-date: /home/pi/ros2_main/install/rplidar_ros/lib/rplidar_ros/rplidar_node
[3.824s] -- Up-to-date: /home/pi/ros2_main/install/rplidar_ros/lib/rplidar_ros/rplidar_composition
[3.824s] -- Up-to-date: /home/pi/ros2_main/install/rplidar_ros/lib/rplidar_ros/rplidar_client
[3.825s] -- Up-to-date: /home/pi/ros2_main/install/rplidar_ros/share/ament_index/resource_index/package_run_dependencies/rplidar_ros
[3.825s] -- Up-to-date: /home/pi/ros2_main/install/rplidar_ros/share/ament_index/resource_index/parent_prefix_path/rplidar_ros
[3.825s] -- Up-to-date: /home/pi/ros2_main/install/rplidar_ros/share/rplidar_ros/environment/ament_prefix_path.sh
[3.825s] -- Up-to-date: /home/pi/ros2_main/install/rplidar_ros/share/rplidar_ros/environment/ament_prefix_path.dsv
[3.825s] -- Up-to-date: /home/pi/ros2_main/install/rplidar_ros/share/rplidar_ros/environment/path.sh
[3.826s] -- Up-to-date: /home/pi/ros2_main/install/rplidar_ros/share/rplidar_ros/environment/path.dsv
[3.826s] -- Up-to-date: /home/pi/ros2_main/install/rplidar_ros/share/rplidar_ros/local_setup.bash
[3.826s] -- Up-to-date: /home/pi/ros2_main/install/rplidar_ros/share/rplidar_ros/local_setup.sh
[3.826s] -- Up-to-date: /home/pi/ros2_main/install/rplidar_ros/share/rplidar_ros/local_setup.zsh
[3.826s] -- Up-to-date: /home/pi/ros2_main/install/rplidar_ros/share/rplidar_ros/local_setup.dsv
[3.826s] -- Installing: /home/pi/ros2_main/install/rplidar_ros/share/rplidar_ros/package.dsv
[3.827s] -- Up-to-date: /home/pi/ros2_main/install/rplidar_ros/share/ament_index/resource_index/packages/rplidar_ros
[3.827s] -- Up-to-date: /home/pi/ros2_main/install/rplidar_ros/share/rplidar_ros/cmake/ament_cmake_export_dependencies-extras.cmake
[3.840s] -- Up-to-date: /home/pi/ros2_main/install/rplidar_ros/share/rplidar_ros/cmake/ament_cmake_export_include_directories-extras.cmake
[3.840s] -- Up-to-date: /home/pi/ros2_main/install/rplidar_ros/share/rplidar_ros/cmake/rplidar_rosConfig.cmake
[3.841s] -- Up-to-date: /home/pi/ros2_main/install/rplidar_ros/share/rplidar_ros/cmake/rplidar_rosConfig-version.cmake
[3.841s] -- Up-to-date: /home/pi/ros2_main/install/rplidar_ros/share/rplidar_ros/package.xml
[3.936s] Invoked command in '/home/pi/ros2_main/build/rplidar_ros' returned '0': CMAKE_PREFIX_PATH=${CMAKE_PREFIX_PATH}:/home/pi/ros2_main/install/your_twist_converter:/home/pi/ros2_main/install/yolo_detector:/home/pi/ros2_main/install/py_pubsub:/home/pi/ros2_main/install/nav2_simple_commander:/opt/ros/jazzy DEBUGINFOD_URLS=https://debuginfod.ubuntu.com /usr/bin/cmake --install /home/pi/ros2_main/build/rplidar_ros
