[5.210s] Invoking command in '/home/pi/ros2_main/src/yolo_detector': DEBUGINFOD_URLS=https://debuginfod.ubuntu.com PYTHONPATH=/home/pi/ros2_main/build/yolo_detector/prefix_override:/usr/lib/python3/dist-packages/colcon_core/task/python/colcon_distutils_commands:/home/pi/ros2_main/install/yolo_detector/lib/python3.12/site-packages:${PYTHONPATH} /usr/bin/python3 -W ignore:setup.py install is deprecated -W ignore:easy_install command is deprecated setup.py egg_info --egg-base ../../build/yolo_detector build --build-base /home/pi/ros2_main/build/yolo_detector/build install --record /home/pi/ros2_main/build/yolo_detector/install.log --single-version-externally-managed install_data
[6.367s] running egg_info
[6.495s] writing ../../build/yolo_detector/yolo_detector.egg-info/PKG-INFO
[6.502s] writing dependency_links to ../../build/yolo_detector/yolo_detector.egg-info/dependency_links.txt
[6.502s] writing entry points to ../../build/yolo_detector/yolo_detector.egg-info/entry_points.txt
[6.505s] writing requirements to ../../build/yolo_detector/yolo_detector.egg-info/requires.txt
[6.508s] writing top-level names to ../../build/yolo_detector/yolo_detector.egg-info/top_level.txt
[6.802s] reading manifest file '../../build/yolo_detector/yolo_detector.egg-info/SOURCES.txt'
[6.804s] writing manifest file '../../build/yolo_detector/yolo_detector.egg-info/SOURCES.txt'
[6.808s] running build
[6.809s] running build_py
[6.809s] running install
[6.838s] running install_lib
[6.921s] running install_data
[6.924s] running install_egg_info
[7.009s] removing '/home/pi/ros2_main/install/yolo_detector/lib/python3.12/site-packages/yolo_detector-0.0.1-py3.12.egg-info' (and everything under it)
[7.009s] Copying ../../build/yolo_detector/yolo_detector.egg-info to /home/pi/ros2_main/install/yolo_detector/lib/python3.12/site-packages/yolo_detector-0.0.1-py3.12.egg-info
[7.012s] running install_scripts
[7.497s] Installing yolo_detector script to /home/pi/ros2_main/install/yolo_detector/lib/yolo_detector
[7.499s] writing list of installed files to '/home/pi/ros2_main/build/yolo_detector/install.log'
[7.689s] Invoked command in '/home/pi/ros2_main/src/yolo_detector' returned '0': DEBUGINFOD_URLS=https://debuginfod.ubuntu.com PYTHONPATH=/home/pi/ros2_main/build/yolo_detector/prefix_override:/usr/lib/python3/dist-packages/colcon_core/task/python/colcon_distutils_commands:/home/pi/ros2_main/install/yolo_detector/lib/python3.12/site-packages:${PYTHONPATH} /usr/bin/python3 -W ignore:setup.py install is deprecated -W ignore:easy_install command is deprecated setup.py egg_info --egg-base ../../build/yolo_detector build --build-base /home/pi/ros2_main/build/yolo_detector/build install --record /home/pi/ros2_main/build/yolo_detector/install.log --single-version-externally-managed install_data
