[1.100s] Invoking command in '/home/pi/ros2_main/build/rplidar_ros': CMAKE_PREFIX_PATH=${CMAKE_PREFIX_PATH}:/home/pi/ros2_main/install/your_twist_converter:/home/pi/ros2_main/install/yolo_detector:/home/pi/ros2_main/install/py_pubsub:/home/pi/ros2_main/install/nav2_simple_commander:/opt/ros/jazzy DEBUGINFOD_URLS=https://debuginfod.ubuntu.com /usr/bin/cmake --build /home/pi/ros2_main/build/rplidar_ros -- -j4 -l4
[1.653s] [  5%] Built target rplidar_client
[1.832s] [ 52%] Built target rplidar_node
[1.833s] [100%] Built target rplidar_composition
[1.980s] Invoked command in '/home/pi/ros2_main/build/rplidar_ros' returned '0': CMAKE_PREFIX_PATH=${CMAKE_PREFIX_PATH}:/home/pi/ros2_main/install/your_twist_converter:/home/pi/ros2_main/install/yolo_detector:/home/pi/ros2_main/install/py_pubsub:/home/pi/ros2_main/install/nav2_simple_commander:/opt/ros/jazzy DEBUGINFOD_URLS=https://debuginfod.ubuntu.com /usr/bin/cmake --build /home/pi/ros2_main/build/rplidar_ros -- -j4 -l4
[1.999s] Invoking command in '/home/pi/ros2_main/build/rplidar_ros': CMAKE_PREFIX_PATH=${CMAKE_PREFIX_PATH}:/home/pi/ros2_main/install/your_twist_converter:/home/pi/ros2_main/install/yolo_detector:/home/pi/ros2_main/install/py_pubsub:/home/pi/ros2_main/install/nav2_simple_commander:/opt/ros/jazzy DEBUGINFOD_URLS=https://debuginfod.ubuntu.com /usr/bin/cmake --install /home/pi/ros2_main/build/rplidar_ros
[2.086s] -- Install configuration: ""
[2.086s] -- Installing: /home/pi/ros2_main/install/rplidar_ros/share/rplidar_ros/launch
[2.087s] -- Installing: /home/pi/ros2_main/install/rplidar_ros/share/rplidar_ros/launch/rplidar_c1_launch.py
[2.087s] -- Installing: /home/pi/ros2_main/install/rplidar_ros/share/rplidar_ros/rviz
[2.087s] -- Installing: /home/pi/ros2_main/install/rplidar_ros/share/rplidar_ros/rviz/rplidar_ros.rviz
[2.088s] -- Installing: /home/pi/ros2_main/install/rplidar_ros/lib/rplidar_ros/rplidar_node
[2.119s] -- Set non-toolchain portion of runtime path of "/home/pi/ros2_main/install/rplidar_ros/lib/rplidar_ros/rplidar_node" to ""
[2.120s] -- Installing: /home/pi/ros2_main/install/rplidar_ros/lib/rplidar_ros/rplidar_composition
[2.130s] -- Set non-toolchain portion of runtime path of "/home/pi/ros2_main/install/rplidar_ros/lib/rplidar_ros/rplidar_composition" to ""
[2.130s] -- Installing: /home/pi/ros2_main/install/rplidar_ros/lib/rplidar_ros/rplidar_client
[2.148s] -- Set non-toolchain portion of runtime path of "/home/pi/ros2_main/install/rplidar_ros/lib/rplidar_ros/rplidar_client" to ""
[2.149s] -- Installing: /home/pi/ros2_main/install/rplidar_ros/share/ament_index/resource_index/package_run_dependencies/rplidar_ros
[2.149s] -- Installing: /home/pi/ros2_main/install/rplidar_ros/share/ament_index/resource_index/parent_prefix_path/rplidar_ros
[2.150s] -- Installing: /home/pi/ros2_main/install/rplidar_ros/share/rplidar_ros/environment/ament_prefix_path.sh
[2.150s] -- Installing: /home/pi/ros2_main/install/rplidar_ros/share/rplidar_ros/environment/ament_prefix_path.dsv
[2.150s] -- Installing: /home/pi/ros2_main/install/rplidar_ros/share/rplidar_ros/environment/path.sh
[2.150s] -- Installing: /home/pi/ros2_main/install/rplidar_ros/share/rplidar_ros/environment/path.dsv
[2.151s] -- Installing: /home/pi/ros2_main/install/rplidar_ros/share/rplidar_ros/local_setup.bash
[2.151s] -- Installing: /home/pi/ros2_main/install/rplidar_ros/share/rplidar_ros/local_setup.sh
[2.151s] -- Installing: /home/pi/ros2_main/install/rplidar_ros/share/rplidar_ros/local_setup.zsh
[2.162s] -- Installing: /home/pi/ros2_main/install/rplidar_ros/share/rplidar_ros/local_setup.dsv
[2.163s] -- Installing: /home/pi/ros2_main/install/rplidar_ros/share/rplidar_ros/package.dsv
[2.163s] -- Installing: /home/pi/ros2_main/install/rplidar_ros/share/ament_index/resource_index/packages/rplidar_ros
[2.163s] -- Installing: /home/pi/ros2_main/install/rplidar_ros/share/rplidar_ros/cmake/ament_cmake_export_dependencies-extras.cmake
[2.163s] -- Installing: /home/pi/ros2_main/install/rplidar_ros/share/rplidar_ros/cmake/ament_cmake_export_include_directories-extras.cmake
[2.171s] -- Installing: /home/pi/ros2_main/install/rplidar_ros/share/rplidar_ros/cmake/rplidar_rosConfig.cmake
[2.171s] -- Installing: /home/pi/ros2_main/install/rplidar_ros/share/rplidar_ros/cmake/rplidar_rosConfig-version.cmake
[2.171s] -- Installing: /home/pi/ros2_main/install/rplidar_ros/share/rplidar_ros/package.xml
[2.192s] Invoked command in '/home/pi/ros2_main/build/rplidar_ros' returned '0': CMAKE_PREFIX_PATH=${CMAKE_PREFIX_PATH}:/home/pi/ros2_main/install/your_twist_converter:/home/pi/ros2_main/install/yolo_detector:/home/pi/ros2_main/install/py_pubsub:/home/pi/ros2_main/install/nav2_simple_commander:/opt/ros/jazzy DEBUGINFOD_URLS=https://debuginfod.ubuntu.com /usr/bin/cmake --install /home/pi/ros2_main/build/rplidar_ros
