[4.593s] Invoking command in '/home/pi/ros2_main/src/yolo_detector': DEBUGINFOD_URLS=https://debuginfod.ubuntu.com PYTHONPATH=/home/pi/ros2_main/build/yolo_detector/prefix_override:/usr/lib/python3/dist-packages/colcon_core/task/python/colcon_distutils_commands:/home/pi/ros2_main/install/yolo_detector/lib/python3.12/site-packages:${PYTHONPATH} /usr/bin/python3 -W ignore:setup.py install is deprecated -W ignore:easy_install command is deprecated setup.py egg_info --egg-base ../../build/yolo_detector build --build-base /home/pi/ros2_main/build/yolo_detector/build install --record /home/pi/ros2_main/build/yolo_detector/install.log --single-version-externally-managed install_data
[5.592s] running egg_info
[5.631s] writing ../../build/yolo_detector/yolo_detector.egg-info/PKG-INFO
[5.632s] writing dependency_links to ../../build/yolo_detector/yolo_detector.egg-info/dependency_links.txt
[5.636s] writing entry points to ../../build/yolo_detector/yolo_detector.egg-info/entry_points.txt
[5.636s] writing requirements to ../../build/yolo_detector/yolo_detector.egg-info/requires.txt
[5.636s] writing top-level names to ../../build/yolo_detector/yolo_detector.egg-info/top_level.txt
[5.734s] reading manifest file '../../build/yolo_detector/yolo_detector.egg-info/SOURCES.txt'
[5.735s] writing manifest file '../../build/yolo_detector/yolo_detector.egg-info/SOURCES.txt'
[5.735s] running build
[5.735s] running build_py
[5.737s] running install
[5.753s] running install_lib
[5.875s] running install_data
[5.881s] running install_egg_info
[5.921s] removing '/home/pi/ros2_main/install/yolo_detector/lib/python3.12/site-packages/yolo_detector-0.0.1-py3.12.egg-info' (and everything under it)
[5.921s] Copying ../../build/yolo_detector/yolo_detector.egg-info to /home/pi/ros2_main/install/yolo_detector/lib/python3.12/site-packages/yolo_detector-0.0.1-py3.12.egg-info
[5.923s] running install_scripts
[6.225s] Installing yolo_detector script to /home/pi/ros2_main/install/yolo_detector/lib/yolo_detector
[6.226s] writing list of installed files to '/home/pi/ros2_main/build/yolo_detector/install.log'
[6.359s] Invoked command in '/home/pi/ros2_main/src/yolo_detector' returned '0': DEBUGINFOD_URLS=https://debuginfod.ubuntu.com PYTHONPATH=/home/pi/ros2_main/build/yolo_detector/prefix_override:/usr/lib/python3/dist-packages/colcon_core/task/python/colcon_distutils_commands:/home/pi/ros2_main/install/yolo_detector/lib/python3.12/site-packages:${PYTHONPATH} /usr/bin/python3 -W ignore:setup.py install is deprecated -W ignore:easy_install command is deprecated setup.py egg_info --egg-base ../../build/yolo_detector build --build-base /home/pi/ros2_main/build/yolo_detector/build install --record /home/pi/ros2_main/build/yolo_detector/install.log --single-version-externally-managed install_data
