[2.871s] Invoking command in '/home/pi/ros2_main/src/your_twist_converter': DEBUGINFOD_URLS=https://debuginfod.ubuntu.com PYTHONPATH=/home/pi/ros2_main/build/your_twist_converter/prefix_override:/usr/lib/python3/dist-packages/colcon_core/task/python/colcon_distutils_commands:/home/pi/ros2_main/install/your_twist_converter/lib/python3.12/site-packages:${PYTHONPATH} /usr/bin/python3 -W ignore:setup.py install is deprecated -W ignore:easy_install command is deprecated setup.py egg_info --egg-base ../../build/your_twist_converter build --build-base /home/pi/ros2_main/build/your_twist_converter/build install --record /home/pi/ros2_main/build/your_twist_converter/install.log --single-version-externally-managed install_data
[3.415s] running egg_info
[3.476s] writing ../../build/your_twist_converter/your_twist_converter.egg-info/PKG-INFO
[3.477s] writing dependency_links to ../../build/your_twist_converter/your_twist_converter.egg-info/dependency_links.txt
[3.481s] writing entry points to ../../build/your_twist_converter/your_twist_converter.egg-info/entry_points.txt
[3.481s] writing requirements to ../../build/your_twist_converter/your_twist_converter.egg-info/requires.txt
[3.481s] writing top-level names to ../../build/your_twist_converter/your_twist_converter.egg-info/top_level.txt
[3.590s] reading manifest file '../../build/your_twist_converter/your_twist_converter.egg-info/SOURCES.txt'
[3.592s] writing manifest file '../../build/your_twist_converter/your_twist_converter.egg-info/SOURCES.txt'
[3.592s] running build
[3.592s] running build_py
[3.593s] running install
[3.607s] running install_lib
[3.648s] byte-compiling /home/pi/ros2_main/install/your_twist_converter/lib/python3.12/site-packages/your_twist_converter/twist_converter.py to twist_converter.cpython-312.pyc
[3.648s] Sorry: IndentationError: unexpected indent (twist_converter.py, line 11)
[3.648s] running install_data
[3.648s] running install_egg_info
[3.690s] removing '/home/pi/ros2_main/install/your_twist_converter/lib/python3.12/site-packages/your_twist_converter-0.0.0-py3.12.egg-info' (and everything under it)
[3.690s] Copying ../../build/your_twist_converter/your_twist_converter.egg-info to /home/pi/ros2_main/install/your_twist_converter/lib/python3.12/site-packages/your_twist_converter-0.0.0-py3.12.egg-info
[3.691s] running install_scripts
[4.063s] Installing twist_converter script to /home/pi/ros2_main/install/your_twist_converter/lib/your_twist_converter
[4.066s] writing list of installed files to '/home/pi/ros2_main/build/your_twist_converter/install.log'
[4.269s] Invoked command in '/home/pi/ros2_main/src/your_twist_converter' returned '0': DEBUGINFOD_URLS=https://debuginfod.ubuntu.com PYTHONPATH=/home/pi/ros2_main/build/your_twist_converter/prefix_override:/usr/lib/python3/dist-packages/colcon_core/task/python/colcon_distutils_commands:/home/pi/ros2_main/install/your_twist_converter/lib/python3.12/site-packages:${PYTHONPATH} /usr/bin/python3 -W ignore:setup.py install is deprecated -W ignore:easy_install command is deprecated setup.py egg_info --egg-base ../../build/your_twist_converter build --build-base /home/pi/ros2_main/build/your_twist_converter/build install --record /home/pi/ros2_main/build/your_twist_converter/install.log --single-version-externally-managed install_data
