[6.279s] Invoking command in '/home/pi/ros2_main/src/yolo_detector': DEBUGINFOD_URLS=https://debuginfod.ubuntu.com PYTHONPATH=/home/pi/ros2_main/build/yolo_detector/prefix_override:/usr/lib/python3/dist-packages/colcon_core/task/python/colcon_distutils_commands:/home/pi/ros2_main/install/yolo_detector/lib/python3.12/site-packages:${PYTHONPATH} /usr/bin/python3 -W ignore:setup.py install is deprecated -W ignore:easy_install command is deprecated setup.py egg_info --egg-base ../../build/yolo_detector build --build-base /home/pi/ros2_main/build/yolo_detector/build install --record /home/pi/ros2_main/build/yolo_detector/install.log --single-version-externally-managed install_data
[7.949s] running egg_info
[8.034s] writing ../../build/yolo_detector/yolo_detector.egg-info/PKG-INFO
[8.037s] writing dependency_links to ../../build/yolo_detector/yolo_detector.egg-info/dependency_links.txt
[8.040s] writing entry points to ../../build/yolo_detector/yolo_detector.egg-info/entry_points.txt
[8.041s] writing requirements to ../../build/yolo_detector/yolo_detector.egg-info/requires.txt
[8.041s] writing top-level names to ../../build/yolo_detector/yolo_detector.egg-info/top_level.txt
[8.236s] reading manifest file '../../build/yolo_detector/yolo_detector.egg-info/SOURCES.txt'
[8.240s] writing manifest file '../../build/yolo_detector/yolo_detector.egg-info/SOURCES.txt'
[8.241s] running build
[8.243s] running build_py
[8.244s] running install
[8.284s] running install_lib
[8.400s] running install_data
[8.401s] running install_egg_info
[8.491s] removing '/home/pi/ros2_main/install/yolo_detector/lib/python3.12/site-packages/yolo_detector-0.0.1-py3.12.egg-info' (and everything under it)
[8.493s] Copying ../../build/yolo_detector/yolo_detector.egg-info to /home/pi/ros2_main/install/yolo_detector/lib/python3.12/site-packages/yolo_detector-0.0.1-py3.12.egg-info
[8.498s] running install_scripts
[9.269s] Installing yolo_detector script to /home/pi/ros2_main/install/yolo_detector/lib/yolo_detector
[9.270s] writing list of installed files to '/home/pi/ros2_main/build/yolo_detector/install.log'
[9.470s] Invoked command in '/home/pi/ros2_main/src/yolo_detector' returned '0': DEBUGINFOD_URLS=https://debuginfod.ubuntu.com PYTHONPATH=/home/pi/ros2_main/build/yolo_detector/prefix_override:/usr/lib/python3/dist-packages/colcon_core/task/python/colcon_distutils_commands:/home/pi/ros2_main/install/yolo_detector/lib/python3.12/site-packages:${PYTHONPATH} /usr/bin/python3 -W ignore:setup.py install is deprecated -W ignore:easy_install command is deprecated setup.py egg_info --egg-base ../../build/yolo_detector build --build-base /home/pi/ros2_main/build/yolo_detector/build install --record /home/pi/ros2_main/build/yolo_detector/install.log --single-version-externally-managed install_data
