[0.253s] DEBUG:colcon:Command line arguments: ['/usr/bin/colcon', 'build']
[0.253s] DEBUG:colcon:Parsed command line arguments: Namespace(log_base=None, log_level=None, verb_name='build', build_base='build', install_base='install', merge_install=False, symlink_install=False, test_result_base=None, continue_on_error=False, executor='parallel', parallel_workers=4, event_handlers=None, ignore_user_meta=False, metas=['./colcon.meta'], base_paths=['.'], packages_ignore=None, packages_ignore_regex=None, paths=None, packages_up_to=None, packages_up_to_regex=None, packages_above=None, packages_above_and_dependencies=None, packages_above_depth=None, packages_select_by_dep=None, packages_skip_by_dep=None, packages_skip_up_to=None, packages_select_build_failed=False, packages_skip_build_finished=False, packages_select_test_failures=False, packages_skip_test_passed=False, packages_select=None, packages_skip=None, packages_select_regex=None, packages_skip_regex=None, packages_start=None, packages_end=None, allow_overriding=[], cmake_args=None, cmake_target=None, cmake_target_skip_unavailable=False, cmake_clean_cache=False, cmake_clean_first=False, cmake_force_configure=False, ament_cmake_args=None, catkin_cmake_args=None, catkin_skip_building_tests=False, verb_parser=<colcon_defaults.argument_parser.defaults.DefaultArgumentsDecorator object at 0xffff99b374d0>, verb_extension=<colcon_core.verb.build.BuildVerb object at 0xffff9a845ee0>, main=<bound method BuildVerb.main of <colcon_core.verb.build.BuildVerb object at 0xffff9a845ee0>>)
[0.381s] Level 1:colcon.colcon_core.package_discovery:discover_packages(colcon_meta) check parameters
[0.382s] Level 1:colcon.colcon_core.package_discovery:discover_packages(recursive) check parameters
[0.382s] Level 1:colcon.colcon_core.package_discovery:discover_packages(ignore) check parameters
[0.382s] Level 1:colcon.colcon_core.package_discovery:discover_packages(path) check parameters
[0.382s] Level 1:colcon.colcon_core.package_discovery:discover_packages(colcon_meta) discover
[0.382s] Level 1:colcon.colcon_core.package_discovery:discover_packages(recursive) discover
[0.382s] INFO:colcon.colcon_core.package_discovery:Crawling recursively for packages in '/home/pi/ros2_main'
[0.382s] Level 1:colcon.colcon_core.package_identification:_identify(.) by extensions ['ignore', 'ignore_ament_install']
[0.383s] Level 1:colcon.colcon_core.package_identification:_identify(.) by extension 'ignore'
[0.383s] Level 1:colcon.colcon_core.package_identification:_identify(.) by extension 'ignore_ament_install'
[0.383s] Level 1:colcon.colcon_core.package_identification:_identify(.) by extensions ['colcon_pkg']
[0.384s] Level 1:colcon.colcon_core.package_identification:_identify(.) by extension 'colcon_pkg'
[0.384s] Level 1:colcon.colcon_core.package_identification:_identify(.) by extensions ['colcon_meta']
[0.384s] Level 1:colcon.colcon_core.package_identification:_identify(.) by extension 'colcon_meta'
[0.384s] Level 1:colcon.colcon_core.package_identification:_identify(.) by extensions ['ros']
[0.385s] Level 1:colcon.colcon_core.package_identification:_identify(.) by extension 'ros'
[0.466s] Level 1:colcon.colcon_core.package_identification:_identify(.) by extensions ['cmake', 'python']
[0.467s] Level 1:colcon.colcon_core.package_identification:_identify(.) by extension 'cmake'
[0.467s] Level 1:colcon.colcon_core.package_identification:_identify(.) by extension 'python'
[0.467s] Level 1:colcon.colcon_core.package_identification:_identify(.) by extensions ['python_setup_py']
[0.470s] Level 1:colcon.colcon_core.package_identification:_identify(.) by extension 'python_setup_py'
[0.471s] Level 1:colcon.colcon_core.package_identification:_identify(build) by extensions ['ignore', 'ignore_ament_install']
[0.471s] Level 1:colcon.colcon_core.package_identification:_identify(build) by extension 'ignore'
[0.472s] Level 1:colcon.colcon_core.package_identification:_identify(build) ignored
[0.472s] Level 1:colcon.colcon_core.package_identification:_identify(install) by extensions ['ignore', 'ignore_ament_install']
[0.472s] Level 1:colcon.colcon_core.package_identification:_identify(install) by extension 'ignore'
[0.472s] Level 1:colcon.colcon_core.package_identification:_identify(install) ignored
[0.473s] Level 1:colcon.colcon_core.package_identification:_identify(log) by extensions ['ignore', 'ignore_ament_install']
[0.473s] Level 1:colcon.colcon_core.package_identification:_identify(log) by extension 'ignore'
[0.473s] Level 1:colcon.colcon_core.package_identification:_identify(log) ignored
[0.473s] Level 1:colcon.colcon_core.package_identification:_identify(src) by extensions ['ignore', 'ignore_ament_install']
[0.474s] Level 1:colcon.colcon_core.package_identification:_identify(src) by extension 'ignore'
[0.474s] Level 1:colcon.colcon_core.package_identification:_identify(src) by extension 'ignore_ament_install'
[0.474s] Level 1:colcon.colcon_core.package_identification:_identify(src) by extensions ['colcon_pkg']
[0.475s] Level 1:colcon.colcon_core.package_identification:_identify(src) by extension 'colcon_pkg'
[0.475s] Level 1:colcon.colcon_core.package_identification:_identify(src) by extensions ['colcon_meta']
[0.475s] Level 1:colcon.colcon_core.package_identification:_identify(src) by extension 'colcon_meta'
[0.475s] Level 1:colcon.colcon_core.package_identification:_identify(src) by extensions ['ros']
[0.475s] Level 1:colcon.colcon_core.package_identification:_identify(src) by extension 'ros'
[0.475s] Level 1:colcon.colcon_core.package_identification:_identify(src) by extensions ['cmake', 'python']
[0.475s] Level 1:colcon.colcon_core.package_identification:_identify(src) by extension 'cmake'
[0.475s] Level 1:colcon.colcon_core.package_identification:_identify(src) by extension 'python'
[0.475s] Level 1:colcon.colcon_core.package_identification:_identify(src) by extensions ['python_setup_py']
[0.475s] Level 1:colcon.colcon_core.package_identification:_identify(src) by extension 'python_setup_py'
[0.475s] Level 1:colcon.colcon_core.package_identification:_identify(src/arduino_ros2_control) by extensions ['ignore', 'ignore_ament_install']
[0.476s] Level 1:colcon.colcon_core.package_identification:_identify(src/arduino_ros2_control) by extension 'ignore'
[0.476s] Level 1:colcon.colcon_core.package_identification:_identify(src/arduino_ros2_control) by extension 'ignore_ament_install'
[0.476s] Level 1:colcon.colcon_core.package_identification:_identify(src/arduino_ros2_control) by extensions ['colcon_pkg']
[0.476s] Level 1:colcon.colcon_core.package_identification:_identify(src/arduino_ros2_control) by extension 'colcon_pkg'
[0.476s] Level 1:colcon.colcon_core.package_identification:_identify(src/arduino_ros2_control) by extensions ['colcon_meta']
[0.476s] Level 1:colcon.colcon_core.package_identification:_identify(src/arduino_ros2_control) by extension 'colcon_meta'
[0.477s] Level 1:colcon.colcon_core.package_identification:_identify(src/arduino_ros2_control) by extensions ['ros']
[0.477s] Level 1:colcon.colcon_core.package_identification:_identify(src/arduino_ros2_control) by extension 'ros'
[0.488s] DEBUG:colcon.colcon_core.package_identification:Package 'src/arduino_ros2_control' with type 'ros.ament_cmake' and name 'arduino_ros2_control'
[0.489s] Level 1:colcon.colcon_core.package_identification:_identify(src/map_launch) by extensions ['ignore', 'ignore_ament_install']
[0.490s] Level 1:colcon.colcon_core.package_identification:_identify(src/map_launch) by extension 'ignore'
[0.490s] Level 1:colcon.colcon_core.package_identification:_identify(src/map_launch) by extension 'ignore_ament_install'
[0.491s] Level 1:colcon.colcon_core.package_identification:_identify(src/map_launch) by extensions ['colcon_pkg']
[0.491s] Level 1:colcon.colcon_core.package_identification:_identify(src/map_launch) by extension 'colcon_pkg'
[0.491s] Level 1:colcon.colcon_core.package_identification:_identify(src/map_launch) by extensions ['colcon_meta']
[0.491s] Level 1:colcon.colcon_core.package_identification:_identify(src/map_launch) by extension 'colcon_meta'
[0.491s] Level 1:colcon.colcon_core.package_identification:_identify(src/map_launch) by extensions ['ros']
[0.491s] Level 1:colcon.colcon_core.package_identification:_identify(src/map_launch) by extension 'ros'
[0.492s] DEBUG:colcon.colcon_core.package_identification:Package 'src/map_launch' with type 'ros.ament_cmake' and name 'map_launch'
[0.493s] Level 1:colcon.colcon_core.package_identification:_identify(src/py_pubsub) by extensions ['ignore', 'ignore_ament_install']
[0.493s] Level 1:colcon.colcon_core.package_identification:_identify(src/py_pubsub) by extension 'ignore'
[0.494s] Level 1:colcon.colcon_core.package_identification:_identify(src/py_pubsub) by extension 'ignore_ament_install'
[0.495s] Level 1:colcon.colcon_core.package_identification:_identify(src/py_pubsub) by extensions ['colcon_pkg']
[0.495s] Level 1:colcon.colcon_core.package_identification:_identify(src/py_pubsub) by extension 'colcon_pkg'
[0.495s] Level 1:colcon.colcon_core.package_identification:_identify(src/py_pubsub) by extensions ['colcon_meta']
[0.498s] Level 1:colcon.colcon_core.package_identification:_identify(src/py_pubsub) by extension 'colcon_meta'
[0.500s] Level 1:colcon.colcon_core.package_identification:_identify(src/py_pubsub) by extensions ['ros']
[0.500s] Level 1:colcon.colcon_core.package_identification:_identify(src/py_pubsub) by extension 'ros'
[0.502s] DEBUG:colcon.colcon_core.package_identification:Package 'src/py_pubsub' with type 'ros.ament_python' and name 'py_pubsub'
[0.502s] Level 1:colcon.colcon_core.package_identification:_identify(src/rplidar_ros) by extensions ['ignore', 'ignore_ament_install']
[0.503s] Level 1:colcon.colcon_core.package_identification:_identify(src/rplidar_ros) by extension 'ignore'
[0.503s] Level 1:colcon.colcon_core.package_identification:_identify(src/rplidar_ros) by extension 'ignore_ament_install'
[0.504s] Level 1:colcon.colcon_core.package_identification:_identify(src/rplidar_ros) by extensions ['colcon_pkg']
[0.505s] Level 1:colcon.colcon_core.package_identification:_identify(src/rplidar_ros) by extension 'colcon_pkg'
[0.505s] Level 1:colcon.colcon_core.package_identification:_identify(src/rplidar_ros) by extensions ['colcon_meta']
[0.506s] Level 1:colcon.colcon_core.package_identification:_identify(src/rplidar_ros) by extension 'colcon_meta'
[0.506s] Level 1:colcon.colcon_core.package_identification:_identify(src/rplidar_ros) by extensions ['ros']
[0.506s] Level 1:colcon.colcon_core.package_identification:_identify(src/rplidar_ros) by extension 'ros'
[0.507s] DEBUG:colcon.colcon_core.package_identification:Package 'src/rplidar_ros' with type 'ros.ament_cmake' and name 'rplidar_ros'
[0.508s] Level 1:colcon.colcon_core.package_identification:_identify(src/serial) by extensions ['ignore', 'ignore_ament_install']
[0.509s] Level 1:colcon.colcon_core.package_identification:_identify(src/serial) by extension 'ignore'
[0.509s] Level 1:colcon.colcon_core.package_identification:_identify(src/serial) by extension 'ignore_ament_install'
[0.509s] Level 1:colcon.colcon_core.package_identification:_identify(src/serial) by extensions ['colcon_pkg']
[0.510s] Level 1:colcon.colcon_core.package_identification:_identify(src/serial) by extension 'colcon_pkg'
[0.510s] Level 1:colcon.colcon_core.package_identification:_identify(src/serial) by extensions ['colcon_meta']
[0.510s] Level 1:colcon.colcon_core.package_identification:_identify(src/serial) by extension 'colcon_meta'
[0.510s] Level 1:colcon.colcon_core.package_identification:_identify(src/serial) by extensions ['ros']
[0.510s] Level 1:colcon.colcon_core.package_identification:_identify(src/serial) by extension 'ros'
[0.513s] DEBUG:colcon.colcon_core.package_identification:Package 'src/serial' with type 'ros.ament_cmake' and name 'serial'
[0.517s] Level 1:colcon.colcon_core.package_identification:_identify(src/yolo_detector) by extensions ['ignore', 'ignore_ament_install']
[0.517s] Level 1:colcon.colcon_core.package_identification:_identify(src/yolo_detector) by extension 'ignore'
[0.518s] Level 1:colcon.colcon_core.package_identification:_identify(src/yolo_detector) by extension 'ignore_ament_install'
[0.518s] Level 1:colcon.colcon_core.package_identification:_identify(src/yolo_detector) by extensions ['colcon_pkg']
[0.518s] Level 1:colcon.colcon_core.package_identification:_identify(src/yolo_detector) by extension 'colcon_pkg'
[0.518s] Level 1:colcon.colcon_core.package_identification:_identify(src/yolo_detector) by extensions ['colcon_meta']
[0.520s] Level 1:colcon.colcon_core.package_identification:_identify(src/yolo_detector) by extension 'colcon_meta'
[0.520s] Level 1:colcon.colcon_core.package_identification:_identify(src/yolo_detector) by extensions ['ros']
[0.520s] Level 1:colcon.colcon_core.package_identification:_identify(src/yolo_detector) by extension 'ros'
[0.523s] DEBUG:colcon.colcon_core.package_identification:Package 'src/yolo_detector' with type 'ros.ament_python' and name 'yolo_detector'
[0.526s] Level 1:colcon.colcon_core.package_identification:_identify(src/your_twist_converter) by extensions ['ignore', 'ignore_ament_install']
[0.527s] Level 1:colcon.colcon_core.package_identification:_identify(src/your_twist_converter) by extension 'ignore'
[0.527s] Level 1:colcon.colcon_core.package_identification:_identify(src/your_twist_converter) by extension 'ignore_ament_install'
[0.527s] Level 1:colcon.colcon_core.package_identification:_identify(src/your_twist_converter) by extensions ['colcon_pkg']
[0.527s] Level 1:colcon.colcon_core.package_identification:_identify(src/your_twist_converter) by extension 'colcon_pkg'
[0.528s] Level 1:colcon.colcon_core.package_identification:_identify(src/your_twist_converter) by extensions ['colcon_meta']
[0.528s] Level 1:colcon.colcon_core.package_identification:_identify(src/your_twist_converter) by extension 'colcon_meta'
[0.528s] Level 1:colcon.colcon_core.package_identification:_identify(src/your_twist_converter) by extensions ['ros']
[0.528s] Level 1:colcon.colcon_core.package_identification:_identify(src/your_twist_converter) by extension 'ros'
[0.530s] DEBUG:colcon.colcon_core.package_identification:Package 'src/your_twist_converter' with type 'ros.ament_python' and name 'your_twist_converter'
[0.530s] Level 1:colcon.colcon_core.package_discovery:discover_packages(recursive) using defaults
[0.530s] Level 1:colcon.colcon_core.package_discovery:discover_packages(ignore) discover
[0.531s] Level 1:colcon.colcon_core.package_discovery:discover_packages(ignore) using defaults
[0.531s] Level 1:colcon.colcon_core.package_discovery:discover_packages(path) discover
[0.531s] Level 1:colcon.colcon_core.package_discovery:discover_packages(path) using defaults
[0.588s] Level 1:colcon.colcon_core.package_discovery:discover_packages(prefix_path) check parameters
[0.588s] Level 1:colcon.colcon_core.package_discovery:discover_packages(prefix_path) discover
[0.595s] WARNING:colcon.colcon_ros.prefix_path.ament:The path '/home/pi/ros2_main/install/ros_mt' in the environment variable AMENT_PREFIX_PATH doesn't exist
[0.596s] WARNING:colcon.colcon_ros.prefix_path.ament:The path '/home/pi/ros2_main/install/nav2_simple_commander' in the environment variable AMENT_PREFIX_PATH doesn't exist
[0.596s] WARNING:colcon.colcon_ros.prefix_path.catkin:The path '/home/pi/ros2_main/install/ros_mt' in the environment variable CMAKE_PREFIX_PATH doesn't exist
[0.599s] DEBUG:colcon.colcon_installed_package_information.package_discovery:Found 7 installed packages in /home/pi/ros2_main/install
[0.603s] DEBUG:colcon.colcon_installed_package_information.package_discovery:Found 407 installed packages in /opt/ros/jazzy
[0.613s] Level 1:colcon.colcon_core.package_discovery:discover_packages(prefix_path) using defaults
[0.850s] Level 5:colcon.colcon_core.verb:set package 'arduino_ros2_control' build argument 'cmake_args' from command line to 'None'
[0.851s] Level 5:colcon.colcon_core.verb:set package 'arduino_ros2_control' build argument 'cmake_target' from command line to 'None'
[0.851s] Level 5:colcon.colcon_core.verb:set package 'arduino_ros2_control' build argument 'cmake_target_skip_unavailable' from command line to 'False'
[0.852s] Level 5:colcon.colcon_core.verb:set package 'arduino_ros2_control' build argument 'cmake_clean_cache' from command line to 'False'
[0.854s] Level 5:colcon.colcon_core.verb:set package 'arduino_ros2_control' build argument 'cmake_clean_first' from command line to 'False'
[0.854s] Level 5:colcon.colcon_core.verb:set package 'arduino_ros2_control' build argument 'cmake_force_configure' from command line to 'False'
[0.854s] Level 5:colcon.colcon_core.verb:set package 'arduino_ros2_control' build argument 'ament_cmake_args' from command line to 'None'
[0.854s] Level 5:colcon.colcon_core.verb:set package 'arduino_ros2_control' build argument 'catkin_cmake_args' from command line to 'None'
[0.854s] Level 5:colcon.colcon_core.verb:set package 'arduino_ros2_control' build argument 'catkin_skip_building_tests' from command line to 'False'
[0.854s] DEBUG:colcon.colcon_core.verb:Building package 'arduino_ros2_control' with the following arguments: {'ament_cmake_args': None, 'build_base': '/home/pi/ros2_main/build/arduino_ros2_control', 'catkin_cmake_args': None, 'catkin_skip_building_tests': False, 'cmake_args': None, 'cmake_clean_cache': False, 'cmake_clean_first': False, 'cmake_force_configure': False, 'cmake_target': None, 'cmake_target_skip_unavailable': False, 'install_base': '/home/pi/ros2_main/install/arduino_ros2_control', 'merge_install': False, 'path': '/home/pi/ros2_main/src/arduino_ros2_control', 'symlink_install': False, 'test_result_base': None}
[0.856s] Level 5:colcon.colcon_core.verb:set package 'map_launch' build argument 'cmake_args' from command line to 'None'
[0.857s] Level 5:colcon.colcon_core.verb:set package 'map_launch' build argument 'cmake_target' from command line to 'None'
[0.857s] Level 5:colcon.colcon_core.verb:set package 'map_launch' build argument 'cmake_target_skip_unavailable' from command line to 'False'
[0.857s] Level 5:colcon.colcon_core.verb:set package 'map_launch' build argument 'cmake_clean_cache' from command line to 'False'
[0.857s] Level 5:colcon.colcon_core.verb:set package 'map_launch' build argument 'cmake_clean_first' from command line to 'False'
[0.857s] Level 5:colcon.colcon_core.verb:set package 'map_launch' build argument 'cmake_force_configure' from command line to 'False'
[0.857s] Level 5:colcon.colcon_core.verb:set package 'map_launch' build argument 'ament_cmake_args' from command line to 'None'
[0.857s] Level 5:colcon.colcon_core.verb:set package 'map_launch' build argument 'catkin_cmake_args' from command line to 'None'
[0.857s] Level 5:colcon.colcon_core.verb:set package 'map_launch' build argument 'catkin_skip_building_tests' from command line to 'False'
[0.857s] DEBUG:colcon.colcon_core.verb:Building package 'map_launch' with the following arguments: {'ament_cmake_args': None, 'build_base': '/home/pi/ros2_main/build/map_launch', 'catkin_cmake_args': None, 'catkin_skip_building_tests': False, 'cmake_args': None, 'cmake_clean_cache': False, 'cmake_clean_first': False, 'cmake_force_configure': False, 'cmake_target': None, 'cmake_target_skip_unavailable': False, 'install_base': '/home/pi/ros2_main/install/map_launch', 'merge_install': False, 'path': '/home/pi/ros2_main/src/map_launch', 'symlink_install': False, 'test_result_base': None}
[0.858s] Level 5:colcon.colcon_core.verb:set package 'py_pubsub' build argument 'cmake_args' from command line to 'None'
[0.858s] Level 5:colcon.colcon_core.verb:set package 'py_pubsub' build argument 'cmake_target' from command line to 'None'
[0.858s] Level 5:colcon.colcon_core.verb:set package 'py_pubsub' build argument 'cmake_target_skip_unavailable' from command line to 'False'
[0.858s] Level 5:colcon.colcon_core.verb:set package 'py_pubsub' build argument 'cmake_clean_cache' from command line to 'False'
[0.858s] Level 5:colcon.colcon_core.verb:set package 'py_pubsub' build argument 'cmake_clean_first' from command line to 'False'
[0.858s] Level 5:colcon.colcon_core.verb:set package 'py_pubsub' build argument 'cmake_force_configure' from command line to 'False'
[0.858s] Level 5:colcon.colcon_core.verb:set package 'py_pubsub' build argument 'ament_cmake_args' from command line to 'None'
[0.858s] Level 5:colcon.colcon_core.verb:set package 'py_pubsub' build argument 'catkin_cmake_args' from command line to 'None'
[0.858s] Level 5:colcon.colcon_core.verb:set package 'py_pubsub' build argument 'catkin_skip_building_tests' from command line to 'False'
[0.858s] DEBUG:colcon.colcon_core.verb:Building package 'py_pubsub' with the following arguments: {'ament_cmake_args': None, 'build_base': '/home/pi/ros2_main/build/py_pubsub', 'catkin_cmake_args': None, 'catkin_skip_building_tests': False, 'cmake_args': None, 'cmake_clean_cache': False, 'cmake_clean_first': False, 'cmake_force_configure': False, 'cmake_target': None, 'cmake_target_skip_unavailable': False, 'install_base': '/home/pi/ros2_main/install/py_pubsub', 'merge_install': False, 'path': '/home/pi/ros2_main/src/py_pubsub', 'symlink_install': False, 'test_result_base': None}
[0.863s] Level 5:colcon.colcon_core.verb:set package 'rplidar_ros' build argument 'cmake_args' from command line to 'None'
[0.863s] Level 5:colcon.colcon_core.verb:set package 'rplidar_ros' build argument 'cmake_target' from command line to 'None'
[0.864s] Level 5:colcon.colcon_core.verb:set package 'rplidar_ros' build argument 'cmake_target_skip_unavailable' from command line to 'False'
[0.864s] Level 5:colcon.colcon_core.verb:set package 'rplidar_ros' build argument 'cmake_clean_cache' from command line to 'False'
[0.864s] Level 5:colcon.colcon_core.verb:set package 'rplidar_ros' build argument 'cmake_clean_first' from command line to 'False'
[0.864s] Level 5:colcon.colcon_core.verb:set package 'rplidar_ros' build argument 'cmake_force_configure' from command line to 'False'
[0.864s] Level 5:colcon.colcon_core.verb:set package 'rplidar_ros' build argument 'ament_cmake_args' from command line to 'None'
[0.864s] Level 5:colcon.colcon_core.verb:set package 'rplidar_ros' build argument 'catkin_cmake_args' from command line to 'None'
[0.864s] Level 5:colcon.colcon_core.verb:set package 'rplidar_ros' build argument 'catkin_skip_building_tests' from command line to 'False'
[0.864s] DEBUG:colcon.colcon_core.verb:Building package 'rplidar_ros' with the following arguments: {'ament_cmake_args': None, 'build_base': '/home/pi/ros2_main/build/rplidar_ros', 'catkin_cmake_args': None, 'catkin_skip_building_tests': False, 'cmake_args': None, 'cmake_clean_cache': False, 'cmake_clean_first': False, 'cmake_force_configure': False, 'cmake_target': None, 'cmake_target_skip_unavailable': False, 'install_base': '/home/pi/ros2_main/install/rplidar_ros', 'merge_install': False, 'path': '/home/pi/ros2_main/src/rplidar_ros', 'symlink_install': False, 'test_result_base': None}
[0.865s] Level 5:colcon.colcon_core.verb:set package 'serial' build argument 'cmake_args' from command line to 'None'
[0.865s] Level 5:colcon.colcon_core.verb:set package 'serial' build argument 'cmake_target' from command line to 'None'
[0.865s] Level 5:colcon.colcon_core.verb:set package 'serial' build argument 'cmake_target_skip_unavailable' from command line to 'False'
[0.865s] Level 5:colcon.colcon_core.verb:set package 'serial' build argument 'cmake_clean_cache' from command line to 'False'
[0.865s] Level 5:colcon.colcon_core.verb:set package 'serial' build argument 'cmake_clean_first' from command line to 'False'
[0.865s] Level 5:colcon.colcon_core.verb:set package 'serial' build argument 'cmake_force_configure' from command line to 'False'
[0.865s] Level 5:colcon.colcon_core.verb:set package 'serial' build argument 'ament_cmake_args' from command line to 'None'
[0.865s] Level 5:colcon.colcon_core.verb:set package 'serial' build argument 'catkin_cmake_args' from command line to 'None'
[0.865s] Level 5:colcon.colcon_core.verb:set package 'serial' build argument 'catkin_skip_building_tests' from command line to 'False'
[0.865s] DEBUG:colcon.colcon_core.verb:Building package 'serial' with the following arguments: {'ament_cmake_args': None, 'build_base': '/home/pi/ros2_main/build/serial', 'catkin_cmake_args': None, 'catkin_skip_building_tests': False, 'cmake_args': None, 'cmake_clean_cache': False, 'cmake_clean_first': False, 'cmake_force_configure': False, 'cmake_target': None, 'cmake_target_skip_unavailable': False, 'install_base': '/home/pi/ros2_main/install/serial', 'merge_install': False, 'path': '/home/pi/ros2_main/src/serial', 'symlink_install': False, 'test_result_base': None}
[0.866s] Level 5:colcon.colcon_core.verb:set package 'yolo_detector' build argument 'cmake_args' from command line to 'None'
[0.866s] Level 5:colcon.colcon_core.verb:set package 'yolo_detector' build argument 'cmake_target' from command line to 'None'
[0.866s] Level 5:colcon.colcon_core.verb:set package 'yolo_detector' build argument 'cmake_target_skip_unavailable' from command line to 'False'
[0.866s] Level 5:colcon.colcon_core.verb:set package 'yolo_detector' build argument 'cmake_clean_cache' from command line to 'False'
[0.866s] Level 5:colcon.colcon_core.verb:set package 'yolo_detector' build argument 'cmake_clean_first' from command line to 'False'
[0.866s] Level 5:colcon.colcon_core.verb:set package 'yolo_detector' build argument 'cmake_force_configure' from command line to 'False'
[0.866s] Level 5:colcon.colcon_core.verb:set package 'yolo_detector' build argument 'ament_cmake_args' from command line to 'None'
[0.866s] Level 5:colcon.colcon_core.verb:set package 'yolo_detector' build argument 'catkin_cmake_args' from command line to 'None'
[0.866s] Level 5:colcon.colcon_core.verb:set package 'yolo_detector' build argument 'catkin_skip_building_tests' from command line to 'False'
[0.866s] DEBUG:colcon.colcon_core.verb:Building package 'yolo_detector' with the following arguments: {'ament_cmake_args': None, 'build_base': '/home/pi/ros2_main/build/yolo_detector', 'catkin_cmake_args': None, 'catkin_skip_building_tests': False, 'cmake_args': None, 'cmake_clean_cache': False, 'cmake_clean_first': False, 'cmake_force_configure': False, 'cmake_target': None, 'cmake_target_skip_unavailable': False, 'install_base': '/home/pi/ros2_main/install/yolo_detector', 'merge_install': False, 'path': '/home/pi/ros2_main/src/yolo_detector', 'symlink_install': False, 'test_result_base': None}
[0.868s] Level 5:colcon.colcon_core.verb:set package 'your_twist_converter' build argument 'cmake_args' from command line to 'None'
[0.869s] Level 5:colcon.colcon_core.verb:set package 'your_twist_converter' build argument 'cmake_target' from command line to 'None'
[0.869s] Level 5:colcon.colcon_core.verb:set package 'your_twist_converter' build argument 'cmake_target_skip_unavailable' from command line to 'False'
[0.869s] Level 5:colcon.colcon_core.verb:set package 'your_twist_converter' build argument 'cmake_clean_cache' from command line to 'False'
[0.869s] Level 5:colcon.colcon_core.verb:set package 'your_twist_converter' build argument 'cmake_clean_first' from command line to 'False'
[0.869s] Level 5:colcon.colcon_core.verb:set package 'your_twist_converter' build argument 'cmake_force_configure' from command line to 'False'
[0.869s] Level 5:colcon.colcon_core.verb:set package 'your_twist_converter' build argument 'ament_cmake_args' from command line to 'None'
[0.869s] Level 5:colcon.colcon_core.verb:set package 'your_twist_converter' build argument 'catkin_cmake_args' from command line to 'None'
[0.869s] Level 5:colcon.colcon_core.verb:set package 'your_twist_converter' build argument 'catkin_skip_building_tests' from command line to 'False'
[0.869s] DEBUG:colcon.colcon_core.verb:Building package 'your_twist_converter' with the following arguments: {'ament_cmake_args': None, 'build_base': '/home/pi/ros2_main/build/your_twist_converter', 'catkin_cmake_args': None, 'catkin_skip_building_tests': False, 'cmake_args': None, 'cmake_clean_cache': False, 'cmake_clean_first': False, 'cmake_force_configure': False, 'cmake_target': None, 'cmake_target_skip_unavailable': False, 'install_base': '/home/pi/ros2_main/install/your_twist_converter', 'merge_install': False, 'path': '/home/pi/ros2_main/src/your_twist_converter', 'symlink_install': False, 'test_result_base': None}
[0.871s] INFO:colcon.colcon_core.executor:Executing jobs using 'parallel' executor
[0.874s] DEBUG:colcon.colcon_parallel_executor.executor.parallel:run_until_complete
[0.874s] INFO:colcon.colcon_ros.task.ament_cmake.build:Building ROS package in '/home/pi/ros2_main/src/arduino_ros2_control' with build type 'ament_cmake'
[0.875s] INFO:colcon.colcon_cmake.task.cmake.build:Building CMake package in '/home/pi/ros2_main/src/arduino_ros2_control'
[0.881s] INFO:colcon.colcon_core.plugin_system:Skipping extension 'colcon_core.shell.bat': Not used on non-Windows systems
[0.883s] INFO:colcon.colcon_core.shell:Skip shell extension 'powershell' for command environment: Not usable outside of PowerShell
[0.883s] DEBUG:colcon.colcon_core.shell:Skip shell extension 'dsv' for command environment
[0.908s] INFO:colcon.colcon_ros.task.ament_cmake.build:Building ROS package in '/home/pi/ros2_main/src/map_launch' with build type 'ament_cmake'
[0.908s] INFO:colcon.colcon_cmake.task.cmake.build:Building CMake package in '/home/pi/ros2_main/src/map_launch'
[0.912s] INFO:colcon.colcon_core.shell:Skip shell extension 'powershell' for command environment: Not usable outside of PowerShell
[0.912s] DEBUG:colcon.colcon_core.shell:Skip shell extension 'dsv' for command environment
[0.938s] INFO:colcon.colcon_ros.task.ament_python.build:Building ROS package in '/home/pi/ros2_main/src/py_pubsub' with build type 'ament_python'
[0.939s] Level 1:colcon.colcon_core.shell:create_environment_hook('py_pubsub', 'ament_prefix_path')
[0.939s] INFO:colcon.colcon_core.shell:Creating environment hook '/home/pi/ros2_main/install/py_pubsub/share/py_pubsub/hook/ament_prefix_path.ps1'
[0.941s] INFO:colcon.colcon_core.shell:Creating environment descriptor '/home/pi/ros2_main/install/py_pubsub/share/py_pubsub/hook/ament_prefix_path.dsv'
[0.946s] INFO:colcon.colcon_core.shell:Creating environment hook '/home/pi/ros2_main/install/py_pubsub/share/py_pubsub/hook/ament_prefix_path.sh'
[0.953s] INFO:colcon.colcon_core.shell:Skip shell extension 'powershell' for command environment: Not usable outside of PowerShell
[0.953s] DEBUG:colcon.colcon_core.shell:Skip shell extension 'dsv' for command environment
[0.969s] INFO:colcon.colcon_ros.task.ament_cmake.build:Building ROS package in '/home/pi/ros2_main/src/rplidar_ros' with build type 'ament_cmake'
[0.969s] INFO:colcon.colcon_cmake.task.cmake.build:Building CMake package in '/home/pi/ros2_main/src/rplidar_ros'
[0.970s] INFO:colcon.colcon_core.shell:Skip shell extension 'powershell' for command environment: Not usable outside of PowerShell
[0.970s] DEBUG:colcon.colcon_core.shell:Skip shell extension 'dsv' for command environment
[1.001s] DEBUG:colcon.colcon_core.event_handler.log_command:Invoking command in '/home/pi/ros2_main/build/arduino_ros2_control': CMAKE_PREFIX_PATH=${CMAKE_PREFIX_PATH}:/home/pi/ros2_main/install/your_twist_converter:/home/pi/ros2_main/install/yolo_detector:/home/pi/ros2_main/install/py_pubsub:/home/pi/ros2_main/install/nav2_simple_commander:/opt/ros/jazzy DEBUGINFOD_URLS=https://debuginfod.ubuntu.com /usr/bin/cmake --build /home/pi/ros2_main/build/arduino_ros2_control -- -j4 -l4
[1.053s] DEBUG:colcon.colcon_core.event_handler.log_command:Invoking command in '/home/pi/ros2_main/build/map_launch': CMAKE_PREFIX_PATH=${CMAKE_PREFIX_PATH}:/home/pi/ros2_main/install/your_twist_converter:/home/pi/ros2_main/install/yolo_detector:/home/pi/ros2_main/install/py_pubsub:/home/pi/ros2_main/install/nav2_simple_commander:/opt/ros/jazzy DEBUGINFOD_URLS=https://debuginfod.ubuntu.com /usr/bin/cmake --build /home/pi/ros2_main/build/map_launch -- -j4 -l4
[2.302s] INFO:colcon.colcon_core.task.python.build:Building Python package in '/home/pi/ros2_main/src/py_pubsub'
[2.303s] INFO:colcon.colcon_core.shell:Skip shell extension 'powershell' for command environment: Not usable outside of PowerShell
[2.303s] DEBUG:colcon.colcon_core.shell:Skip shell extension 'dsv' for command environment
[2.324s] DEBUG:colcon.colcon_core.event_handler.log_command:Invoked command in '/home/pi/ros2_main/build/arduino_ros2_control' returned '0': CMAKE_PREFIX_PATH=${CMAKE_PREFIX_PATH}:/home/pi/ros2_main/install/your_twist_converter:/home/pi/ros2_main/install/yolo_detector:/home/pi/ros2_main/install/py_pubsub:/home/pi/ros2_main/install/nav2_simple_commander:/opt/ros/jazzy DEBUGINFOD_URLS=https://debuginfod.ubuntu.com /usr/bin/cmake --build /home/pi/ros2_main/build/arduino_ros2_control -- -j4 -l4
[2.364s] DEBUG:colcon.colcon_core.event_handler.log_command:Invoking command in '/home/pi/ros2_main/build/arduino_ros2_control': CMAKE_PREFIX_PATH=${CMAKE_PREFIX_PATH}:/home/pi/ros2_main/install/your_twist_converter:/home/pi/ros2_main/install/yolo_detector:/home/pi/ros2_main/install/py_pubsub:/home/pi/ros2_main/install/nav2_simple_commander:/opt/ros/jazzy DEBUGINFOD_URLS=https://debuginfod.ubuntu.com /usr/bin/cmake --install /home/pi/ros2_main/build/arduino_ros2_control
[2.383s] DEBUG:colcon.colcon_core.event_handler.log_command:Invoking command in '/home/pi/ros2_main/build/rplidar_ros': CMAKE_PREFIX_PATH=${CMAKE_PREFIX_PATH}:/home/pi/ros2_main/install/your_twist_converter:/home/pi/ros2_main/install/yolo_detector:/home/pi/ros2_main/install/py_pubsub:/home/pi/ros2_main/install/nav2_simple_commander:/opt/ros/jazzy DEBUGINFOD_URLS=https://debuginfod.ubuntu.com /usr/bin/cmake --build /home/pi/ros2_main/build/rplidar_ros -- -j4 -l4
[2.395s] DEBUG:colcon.colcon_core.event_handler.log_command:Invoked command in '/home/pi/ros2_main/build/map_launch' returned '0': CMAKE_PREFIX_PATH=${CMAKE_PREFIX_PATH}:/home/pi/ros2_main/install/your_twist_converter:/home/pi/ros2_main/install/yolo_detector:/home/pi/ros2_main/install/py_pubsub:/home/pi/ros2_main/install/nav2_simple_commander:/opt/ros/jazzy DEBUGINFOD_URLS=https://debuginfod.ubuntu.com /usr/bin/cmake --build /home/pi/ros2_main/build/map_launch -- -j4 -l4
[2.396s] DEBUG:colcon.colcon_core.event_handler.log_command:Invoking command in '/home/pi/ros2_main/build/map_launch': CMAKE_PREFIX_PATH=${CMAKE_PREFIX_PATH}:/home/pi/ros2_main/install/your_twist_converter:/home/pi/ros2_main/install/yolo_detector:/home/pi/ros2_main/install/py_pubsub:/home/pi/ros2_main/install/nav2_simple_commander:/opt/ros/jazzy DEBUGINFOD_URLS=https://debuginfod.ubuntu.com /usr/bin/cmake --install /home/pi/ros2_main/build/map_launch
[2.446s] Level 1:colcon.colcon_core.environment:create_environment_scripts_only(arduino_ros2_control)
[2.461s] Level 1:colcon.colcon_core.environment:checking '/home/pi/ros2_main/install/arduino_ros2_control' for CMake module files
[2.462s] DEBUG:colcon.colcon_core.event_handler.log_command:Invoked command in '/home/pi/ros2_main/build/arduino_ros2_control' returned '0': CMAKE_PREFIX_PATH=${CMAKE_PREFIX_PATH}:/home/pi/ros2_main/install/your_twist_converter:/home/pi/ros2_main/install/yolo_detector:/home/pi/ros2_main/install/py_pubsub:/home/pi/ros2_main/install/nav2_simple_commander:/opt/ros/jazzy DEBUGINFOD_URLS=https://debuginfod.ubuntu.com /usr/bin/cmake --install /home/pi/ros2_main/build/arduino_ros2_control
[2.467s] Level 1:colcon.colcon_core.environment:checking '/home/pi/ros2_main/install/arduino_ros2_control' for CMake config files
[2.479s] Level 1:colcon.colcon_core.shell:create_environment_hook('arduino_ros2_control', 'cmake_prefix_path')
[2.480s] INFO:colcon.colcon_core.shell:Creating environment hook '/home/pi/ros2_main/install/arduino_ros2_control/share/arduino_ros2_control/hook/cmake_prefix_path.ps1'
[2.482s] INFO:colcon.colcon_core.shell:Creating environment descriptor '/home/pi/ros2_main/install/arduino_ros2_control/share/arduino_ros2_control/hook/cmake_prefix_path.dsv'
[2.489s] INFO:colcon.colcon_core.shell:Creating environment hook '/home/pi/ros2_main/install/arduino_ros2_control/share/arduino_ros2_control/hook/cmake_prefix_path.sh'
[2.495s] Level 1:colcon.colcon_core.environment:checking '/home/pi/ros2_main/install/arduino_ros2_control/lib'
[2.495s] Level 1:colcon.colcon_core.shell:create_environment_hook('arduino_ros2_control', 'ld_library_path_lib')
[2.502s] INFO:colcon.colcon_core.shell:Creating environment hook '/home/pi/ros2_main/install/arduino_ros2_control/share/arduino_ros2_control/hook/ld_library_path_lib.ps1'
[2.505s] INFO:colcon.colcon_core.shell:Creating environment descriptor '/home/pi/ros2_main/install/arduino_ros2_control/share/arduino_ros2_control/hook/ld_library_path_lib.dsv'
[2.510s] INFO:colcon.colcon_core.shell:Creating environment hook '/home/pi/ros2_main/install/arduino_ros2_control/share/arduino_ros2_control/hook/ld_library_path_lib.sh'
[2.511s] Level 1:colcon.colcon_core.environment:checking '/home/pi/ros2_main/install/arduino_ros2_control/bin'
[2.512s] Level 1:colcon.colcon_core.environment:checking '/home/pi/ros2_main/install/arduino_ros2_control/lib/pkgconfig/arduino_ros2_control.pc'
[2.516s] Level 1:colcon.colcon_core.environment:checking '/home/pi/ros2_main/install/arduino_ros2_control/lib/python3.12/site-packages'
[2.517s] Level 1:colcon.colcon_core.environment:checking '/home/pi/ros2_main/install/arduino_ros2_control/bin'
[2.518s] INFO:colcon.colcon_core.shell:Creating package script '/home/pi/ros2_main/install/arduino_ros2_control/share/arduino_ros2_control/package.ps1'
[2.524s] INFO:colcon.colcon_core.shell:Creating package descriptor '/home/pi/ros2_main/install/arduino_ros2_control/share/arduino_ros2_control/package.dsv'
[2.527s] INFO:colcon.colcon_core.shell:Creating package script '/home/pi/ros2_main/install/arduino_ros2_control/share/arduino_ros2_control/package.sh'
[2.529s] INFO:colcon.colcon_core.shell:Creating package script '/home/pi/ros2_main/install/arduino_ros2_control/share/arduino_ros2_control/package.bash'
[2.532s] INFO:colcon.colcon_core.shell:Creating package script '/home/pi/ros2_main/install/arduino_ros2_control/share/arduino_ros2_control/package.zsh'
[2.534s] Level 1:colcon.colcon_core.environment:create_file_with_runtime_dependencies(/home/pi/ros2_main/install/arduino_ros2_control/share/colcon-core/packages/arduino_ros2_control)
[2.539s] Level 1:colcon.colcon_core.environment:create_environment_scripts_only(arduino_ros2_control)
[2.539s] Level 1:colcon.colcon_core.environment:checking '/home/pi/ros2_main/install/arduino_ros2_control' for CMake module files
[2.544s] Level 1:colcon.colcon_core.environment:checking '/home/pi/ros2_main/install/arduino_ros2_control' for CMake config files
[2.548s] Level 1:colcon.colcon_core.shell:create_environment_hook('arduino_ros2_control', 'cmake_prefix_path')
[2.551s] INFO:colcon.colcon_core.shell:Creating environment hook '/home/pi/ros2_main/install/arduino_ros2_control/share/arduino_ros2_control/hook/cmake_prefix_path.ps1'
[2.553s] INFO:colcon.colcon_core.shell:Creating environment descriptor '/home/pi/ros2_main/install/arduino_ros2_control/share/arduino_ros2_control/hook/cmake_prefix_path.dsv'
[2.555s] INFO:colcon.colcon_core.shell:Creating environment hook '/home/pi/ros2_main/install/arduino_ros2_control/share/arduino_ros2_control/hook/cmake_prefix_path.sh'
[2.559s] Level 1:colcon.colcon_core.environment:checking '/home/pi/ros2_main/install/arduino_ros2_control/lib'
[2.563s] Level 1:colcon.colcon_core.shell:create_environment_hook('arduino_ros2_control', 'ld_library_path_lib')
[2.563s] INFO:colcon.colcon_core.shell:Creating environment hook '/home/pi/ros2_main/install/arduino_ros2_control/share/arduino_ros2_control/hook/ld_library_path_lib.ps1'
[2.565s] INFO:colcon.colcon_core.shell:Creating environment descriptor '/home/pi/ros2_main/install/arduino_ros2_control/share/arduino_ros2_control/hook/ld_library_path_lib.dsv'
[2.570s] INFO:colcon.colcon_core.shell:Creating environment hook '/home/pi/ros2_main/install/arduino_ros2_control/share/arduino_ros2_control/hook/ld_library_path_lib.sh'
[2.571s] Level 1:colcon.colcon_core.environment:checking '/home/pi/ros2_main/install/arduino_ros2_control/bin'
[2.574s] Level 1:colcon.colcon_core.environment:checking '/home/pi/ros2_main/install/arduino_ros2_control/lib/pkgconfig/arduino_ros2_control.pc'
[2.575s] Level 1:colcon.colcon_core.environment:checking '/home/pi/ros2_main/install/arduino_ros2_control/lib/python3.12/site-packages'
[2.576s] Level 1:colcon.colcon_core.environment:checking '/home/pi/ros2_main/install/arduino_ros2_control/bin'
[2.581s] INFO:colcon.colcon_core.shell:Creating package script '/home/pi/ros2_main/install/arduino_ros2_control/share/arduino_ros2_control/package.ps1'
[2.587s] INFO:colcon.colcon_core.shell:Creating package descriptor '/home/pi/ros2_main/install/arduino_ros2_control/share/arduino_ros2_control/package.dsv'
[2.594s] INFO:colcon.colcon_core.shell:Creating package script '/home/pi/ros2_main/install/arduino_ros2_control/share/arduino_ros2_control/package.sh'
[2.597s] INFO:colcon.colcon_core.shell:Creating package script '/home/pi/ros2_main/install/arduino_ros2_control/share/arduino_ros2_control/package.bash'
[2.600s] INFO:colcon.colcon_core.shell:Creating package script '/home/pi/ros2_main/install/arduino_ros2_control/share/arduino_ros2_control/package.zsh'
[2.602s] Level 1:colcon.colcon_core.environment:create_file_with_runtime_dependencies(/home/pi/ros2_main/install/arduino_ros2_control/share/colcon-core/packages/arduino_ros2_control)
[2.609s] INFO:colcon.colcon_ros.task.ament_cmake.build:Building ROS package in '/home/pi/ros2_main/src/serial' with build type 'ament_cmake'
[2.609s] INFO:colcon.colcon_cmake.task.cmake.build:Building CMake package in '/home/pi/ros2_main/src/serial'
[2.609s] INFO:colcon.colcon_core.shell:Skip shell extension 'powershell' for command environment: Not usable outside of PowerShell
[2.609s] DEBUG:colcon.colcon_core.shell:Skip shell extension 'dsv' for command environment
[2.644s] Level 1:colcon.colcon_core.environment:create_environment_scripts_only(map_launch)
[2.644s] Level 1:colcon.colcon_core.environment:checking '/home/pi/ros2_main/install/map_launch' for CMake module files
[2.645s] Level 1:colcon.colcon_core.environment:checking '/home/pi/ros2_main/install/map_launch' for CMake config files
[2.664s] DEBUG:colcon.colcon_core.event_handler.log_command:Invoked command in '/home/pi/ros2_main/build/map_launch' returned '0': CMAKE_PREFIX_PATH=${CMAKE_PREFIX_PATH}:/home/pi/ros2_main/install/your_twist_converter:/home/pi/ros2_main/install/yolo_detector:/home/pi/ros2_main/install/py_pubsub:/home/pi/ros2_main/install/nav2_simple_commander:/opt/ros/jazzy DEBUGINFOD_URLS=https://debuginfod.ubuntu.com /usr/bin/cmake --install /home/pi/ros2_main/build/map_launch
[2.646s] Level 1:colcon.colcon_core.shell:create_environment_hook('map_launch', 'cmake_prefix_path')
[2.664s] INFO:colcon.colcon_core.shell:Creating environment hook '/home/pi/ros2_main/install/map_launch/share/map_launch/hook/cmake_prefix_path.ps1'
[2.668s] INFO:colcon.colcon_core.shell:Creating environment descriptor '/home/pi/ros2_main/install/map_launch/share/map_launch/hook/cmake_prefix_path.dsv'
[2.675s] INFO:colcon.colcon_core.shell:Creating environment hook '/home/pi/ros2_main/install/map_launch/share/map_launch/hook/cmake_prefix_path.sh'
[2.683s] Level 1:colcon.colcon_core.environment:checking '/home/pi/ros2_main/install/map_launch/bin'
[2.684s] Level 1:colcon.colcon_core.environment:checking '/home/pi/ros2_main/install/map_launch/lib/pkgconfig/map_launch.pc'
[2.694s] Level 1:colcon.colcon_core.environment:checking '/home/pi/ros2_main/install/map_launch/lib/python3.12/site-packages'
[2.695s] Level 1:colcon.colcon_core.environment:checking '/home/pi/ros2_main/install/map_launch/bin'
[2.696s] INFO:colcon.colcon_core.shell:Creating package script '/home/pi/ros2_main/install/map_launch/share/map_launch/package.ps1'
[2.706s] INFO:colcon.colcon_core.shell:Creating package descriptor '/home/pi/ros2_main/install/map_launch/share/map_launch/package.dsv'
[2.708s] INFO:colcon.colcon_core.shell:Creating package script '/home/pi/ros2_main/install/map_launch/share/map_launch/package.sh'
[2.720s] INFO:colcon.colcon_core.shell:Creating package script '/home/pi/ros2_main/install/map_launch/share/map_launch/package.bash'
[2.726s] INFO:colcon.colcon_core.shell:Creating package script '/home/pi/ros2_main/install/map_launch/share/map_launch/package.zsh'
[2.735s] Level 1:colcon.colcon_core.environment:create_file_with_runtime_dependencies(/home/pi/ros2_main/install/map_launch/share/colcon-core/packages/map_launch)
[2.737s] Level 1:colcon.colcon_core.environment:create_environment_scripts_only(map_launch)
[2.743s] Level 1:colcon.colcon_core.environment:checking '/home/pi/ros2_main/install/map_launch' for CMake module files
[2.745s] Level 1:colcon.colcon_core.environment:checking '/home/pi/ros2_main/install/map_launch' for CMake config files
[2.745s] Level 1:colcon.colcon_core.shell:create_environment_hook('map_launch', 'cmake_prefix_path')
[2.746s] INFO:colcon.colcon_core.shell:Creating environment hook '/home/pi/ros2_main/install/map_launch/share/map_launch/hook/cmake_prefix_path.ps1'
[2.748s] INFO:colcon.colcon_core.shell:Creating environment descriptor '/home/pi/ros2_main/install/map_launch/share/map_launch/hook/cmake_prefix_path.dsv'
[2.762s] INFO:colcon.colcon_core.shell:Creating environment hook '/home/pi/ros2_main/install/map_launch/share/map_launch/hook/cmake_prefix_path.sh'
[2.783s] Level 1:colcon.colcon_core.environment:checking '/home/pi/ros2_main/install/map_launch/bin'
[2.783s] Level 1:colcon.colcon_core.environment:checking '/home/pi/ros2_main/install/map_launch/lib/pkgconfig/map_launch.pc'
[2.788s] Level 1:colcon.colcon_core.environment:checking '/home/pi/ros2_main/install/map_launch/lib/python3.12/site-packages'
[2.795s] Level 1:colcon.colcon_core.environment:checking '/home/pi/ros2_main/install/map_launch/bin'
[2.800s] INFO:colcon.colcon_core.shell:Creating package script '/home/pi/ros2_main/install/map_launch/share/map_launch/package.ps1'
[2.808s] INFO:colcon.colcon_core.shell:Creating package descriptor '/home/pi/ros2_main/install/map_launch/share/map_launch/package.dsv'
[2.817s] INFO:colcon.colcon_core.shell:Creating package script '/home/pi/ros2_main/install/map_launch/share/map_launch/package.sh'
[2.834s] INFO:colcon.colcon_core.shell:Creating package script '/home/pi/ros2_main/install/map_launch/share/map_launch/package.bash'
[2.835s] INFO:colcon.colcon_core.shell:Creating package script '/home/pi/ros2_main/install/map_launch/share/map_launch/package.zsh'
[2.847s] Level 1:colcon.colcon_core.environment:create_file_with_runtime_dependencies(/home/pi/ros2_main/install/map_launch/share/colcon-core/packages/map_launch)
[2.867s] INFO:colcon.colcon_ros.task.ament_python.build:Building ROS package in '/home/pi/ros2_main/src/yolo_detector' with build type 'ament_python'
[2.867s] Level 1:colcon.colcon_core.shell:create_environment_hook('yolo_detector', 'ament_prefix_path')
[2.874s] INFO:colcon.colcon_core.shell:Creating environment hook '/home/pi/ros2_main/install/yolo_detector/share/yolo_detector/hook/ament_prefix_path.ps1'
[2.885s] INFO:colcon.colcon_core.shell:Creating environment descriptor '/home/pi/ros2_main/install/yolo_detector/share/yolo_detector/hook/ament_prefix_path.dsv'
[2.889s] INFO:colcon.colcon_core.shell:Creating environment hook '/home/pi/ros2_main/install/yolo_detector/share/yolo_detector/hook/ament_prefix_path.sh'
[2.891s] INFO:colcon.colcon_core.shell:Skip shell extension 'powershell' for command environment: Not usable outside of PowerShell
[2.894s] DEBUG:colcon.colcon_core.shell:Skip shell extension 'dsv' for command environment
[2.967s] DEBUG:colcon.colcon_core.event_handler.log_command:Invoking command in '/home/pi/ros2_main/build/serial': CMAKE_PREFIX_PATH=${CMAKE_PREFIX_PATH}:/home/pi/ros2_main/install/your_twist_converter:/home/pi/ros2_main/install/yolo_detector:/home/pi/ros2_main/install/py_pubsub:/home/pi/ros2_main/install/nav2_simple_commander:/opt/ros/jazzy DEBUGINFOD_URLS=https://debuginfod.ubuntu.com /usr/bin/cmake --build /home/pi/ros2_main/build/serial -- -j4 -l4
[4.622s] INFO:colcon.colcon_core.task.python.build:Building Python package in '/home/pi/ros2_main/src/yolo_detector'
[4.626s] INFO:colcon.colcon_core.shell:Skip shell extension 'powershell' for command environment: Not usable outside of PowerShell
[4.627s] DEBUG:colcon.colcon_core.shell:Skip shell extension 'dsv' for command environment
[4.658s] DEBUG:colcon.colcon_core.event_handler.log_command:Invoked command in '/home/pi/ros2_main/build/serial' returned '0': CMAKE_PREFIX_PATH=${CMAKE_PREFIX_PATH}:/home/pi/ros2_main/install/your_twist_converter:/home/pi/ros2_main/install/yolo_detector:/home/pi/ros2_main/install/py_pubsub:/home/pi/ros2_main/install/nav2_simple_commander:/opt/ros/jazzy DEBUGINFOD_URLS=https://debuginfod.ubuntu.com /usr/bin/cmake --build /home/pi/ros2_main/build/serial -- -j4 -l4
[4.672s] DEBUG:colcon.colcon_core.event_handler.log_command:Invoking command in '/home/pi/ros2_main/build/serial': CMAKE_PREFIX_PATH=${CMAKE_PREFIX_PATH}:/home/pi/ros2_main/install/your_twist_converter:/home/pi/ros2_main/install/yolo_detector:/home/pi/ros2_main/install/py_pubsub:/home/pi/ros2_main/install/nav2_simple_commander:/opt/ros/jazzy DEBUGINFOD_URLS=https://debuginfod.ubuntu.com /usr/bin/cmake --install /home/pi/ros2_main/build/serial
[4.682s] DEBUG:colcon.colcon_core.event_handler.log_command:Invoked command in '/home/pi/ros2_main/build/rplidar_ros' returned '0': CMAKE_PREFIX_PATH=${CMAKE_PREFIX_PATH}:/home/pi/ros2_main/install/your_twist_converter:/home/pi/ros2_main/install/yolo_detector:/home/pi/ros2_main/install/py_pubsub:/home/pi/ros2_main/install/nav2_simple_commander:/opt/ros/jazzy DEBUGINFOD_URLS=https://debuginfod.ubuntu.com /usr/bin/cmake --build /home/pi/ros2_main/build/rplidar_ros -- -j4 -l4
[4.684s] DEBUG:colcon.colcon_core.event_handler.log_command:Invoking command in '/home/pi/ros2_main/build/rplidar_ros': CMAKE_PREFIX_PATH=${CMAKE_PREFIX_PATH}:/home/pi/ros2_main/install/your_twist_converter:/home/pi/ros2_main/install/yolo_detector:/home/pi/ros2_main/install/py_pubsub:/home/pi/ros2_main/install/nav2_simple_commander:/opt/ros/jazzy DEBUGINFOD_URLS=https://debuginfod.ubuntu.com /usr/bin/cmake --install /home/pi/ros2_main/build/rplidar_ros
[4.791s] Level 1:colcon.colcon_core.environment:create_environment_scripts_only(serial)
[4.791s] Level 1:colcon.colcon_core.environment:checking '/home/pi/ros2_main/install/serial' for CMake module files
[4.803s] Level 1:colcon.colcon_core.environment:checking '/home/pi/ros2_main/install/serial' for CMake config files
[4.803s] Level 1:colcon.colcon_core.shell:create_environment_hook('serial', 'cmake_prefix_path')
[4.806s] INFO:colcon.colcon_core.shell:Creating environment hook '/home/pi/ros2_main/install/serial/share/serial/hook/cmake_prefix_path.ps1'
[4.808s] INFO:colcon.colcon_core.shell:Creating environment descriptor '/home/pi/ros2_main/install/serial/share/serial/hook/cmake_prefix_path.dsv'
[4.807s] DEBUG:colcon.colcon_core.event_handler.log_command:Invoked command in '/home/pi/ros2_main/build/serial' returned '0': CMAKE_PREFIX_PATH=${CMAKE_PREFIX_PATH}:/home/pi/ros2_main/install/your_twist_converter:/home/pi/ros2_main/install/yolo_detector:/home/pi/ros2_main/install/py_pubsub:/home/pi/ros2_main/install/nav2_simple_commander:/opt/ros/jazzy DEBUGINFOD_URLS=https://debuginfod.ubuntu.com /usr/bin/cmake --install /home/pi/ros2_main/build/serial
[4.811s] INFO:colcon.colcon_core.shell:Creating environment hook '/home/pi/ros2_main/install/serial/share/serial/hook/cmake_prefix_path.sh'
[4.812s] Level 1:colcon.colcon_core.environment:checking '/home/pi/ros2_main/install/serial/lib'
[4.812s] Level 1:colcon.colcon_core.environment:checking '/home/pi/ros2_main/install/serial/bin'
[4.812s] Level 1:colcon.colcon_core.environment:checking '/home/pi/ros2_main/install/serial/lib/pkgconfig/serial.pc'
[4.813s] Level 1:colcon.colcon_core.environment:checking '/home/pi/ros2_main/install/serial/lib/python3.12/site-packages'
[4.816s] Level 1:colcon.colcon_core.environment:checking '/home/pi/ros2_main/install/serial/bin'
[4.817s] INFO:colcon.colcon_core.shell:Creating package script '/home/pi/ros2_main/install/serial/share/serial/package.ps1'
[4.818s] INFO:colcon.colcon_core.shell:Creating package descriptor '/home/pi/ros2_main/install/serial/share/serial/package.dsv'
[4.821s] INFO:colcon.colcon_core.shell:Creating package script '/home/pi/ros2_main/install/serial/share/serial/package.sh'
[4.822s] INFO:colcon.colcon_core.shell:Creating package script '/home/pi/ros2_main/install/serial/share/serial/package.bash'
[4.827s] INFO:colcon.colcon_core.shell:Creating package script '/home/pi/ros2_main/install/serial/share/serial/package.zsh'
[4.831s] Level 1:colcon.colcon_core.environment:create_file_with_runtime_dependencies(/home/pi/ros2_main/install/serial/share/colcon-core/packages/serial)
[4.835s] Level 1:colcon.colcon_core.environment:create_environment_scripts_only(serial)
[4.835s] Level 1:colcon.colcon_core.environment:checking '/home/pi/ros2_main/install/serial' for CMake module files
[4.841s] Level 1:colcon.colcon_core.environment:checking '/home/pi/ros2_main/install/serial' for CMake config files
[4.842s] Level 1:colcon.colcon_core.shell:create_environment_hook('serial', 'cmake_prefix_path')
[4.846s] INFO:colcon.colcon_core.shell:Creating environment hook '/home/pi/ros2_main/install/serial/share/serial/hook/cmake_prefix_path.ps1'
[4.853s] INFO:colcon.colcon_core.shell:Creating environment descriptor '/home/pi/ros2_main/install/serial/share/serial/hook/cmake_prefix_path.dsv'
[4.863s] INFO:colcon.colcon_core.shell:Creating environment hook '/home/pi/ros2_main/install/serial/share/serial/hook/cmake_prefix_path.sh'
[4.866s] Level 1:colcon.colcon_core.environment:checking '/home/pi/ros2_main/install/serial/lib'
[4.866s] Level 1:colcon.colcon_core.environment:checking '/home/pi/ros2_main/install/serial/bin'
[4.866s] Level 1:colcon.colcon_core.environment:checking '/home/pi/ros2_main/install/serial/lib/pkgconfig/serial.pc'
[4.867s] Level 1:colcon.colcon_core.environment:checking '/home/pi/ros2_main/install/serial/lib/python3.12/site-packages'
[4.867s] Level 1:colcon.colcon_core.environment:checking '/home/pi/ros2_main/install/serial/bin'
[4.870s] INFO:colcon.colcon_core.shell:Creating package script '/home/pi/ros2_main/install/serial/share/serial/package.ps1'
[4.872s] INFO:colcon.colcon_core.shell:Creating package descriptor '/home/pi/ros2_main/install/serial/share/serial/package.dsv'
[4.875s] INFO:colcon.colcon_core.shell:Creating package script '/home/pi/ros2_main/install/serial/share/serial/package.sh'
[4.880s] INFO:colcon.colcon_core.shell:Creating package script '/home/pi/ros2_main/install/serial/share/serial/package.bash'
[4.882s] INFO:colcon.colcon_core.shell:Creating package script '/home/pi/ros2_main/install/serial/share/serial/package.zsh'
[4.884s] Level 1:colcon.colcon_core.environment:create_file_with_runtime_dependencies(/home/pi/ros2_main/install/serial/share/colcon-core/packages/serial)
[4.885s] INFO:colcon.colcon_ros.task.ament_python.build:Building ROS package in '/home/pi/ros2_main/src/your_twist_converter' with build type 'ament_python'
[4.885s] Level 1:colcon.colcon_core.shell:create_environment_hook('your_twist_converter', 'ament_prefix_path')
[4.886s] INFO:colcon.colcon_core.shell:Creating environment hook '/home/pi/ros2_main/install/your_twist_converter/share/your_twist_converter/hook/ament_prefix_path.ps1'
[4.889s] INFO:colcon.colcon_core.shell:Creating environment descriptor '/home/pi/ros2_main/install/your_twist_converter/share/your_twist_converter/hook/ament_prefix_path.dsv'
[4.891s] INFO:colcon.colcon_core.shell:Creating environment hook '/home/pi/ros2_main/install/your_twist_converter/share/your_twist_converter/hook/ament_prefix_path.sh'
[4.893s] INFO:colcon.colcon_core.shell:Skip shell extension 'powershell' for command environment: Not usable outside of PowerShell
[4.893s] DEBUG:colcon.colcon_core.shell:Skip shell extension 'dsv' for command environment
[4.904s] Level 1:colcon.colcon_core.environment:create_environment_scripts_only(rplidar_ros)
[4.905s] DEBUG:colcon.colcon_core.event_handler.log_command:Invoked command in '/home/pi/ros2_main/build/rplidar_ros' returned '0': CMAKE_PREFIX_PATH=${CMAKE_PREFIX_PATH}:/home/pi/ros2_main/install/your_twist_converter:/home/pi/ros2_main/install/yolo_detector:/home/pi/ros2_main/install/py_pubsub:/home/pi/ros2_main/install/nav2_simple_commander:/opt/ros/jazzy DEBUGINFOD_URLS=https://debuginfod.ubuntu.com /usr/bin/cmake --install /home/pi/ros2_main/build/rplidar_ros
[4.905s] Level 1:colcon.colcon_core.environment:checking '/home/pi/ros2_main/install/rplidar_ros' for CMake module files
[4.909s] Level 1:colcon.colcon_core.environment:checking '/home/pi/ros2_main/install/rplidar_ros' for CMake config files
[4.909s] Level 1:colcon.colcon_core.shell:create_environment_hook('rplidar_ros', 'cmake_prefix_path')
[4.910s] INFO:colcon.colcon_core.shell:Creating environment hook '/home/pi/ros2_main/install/rplidar_ros/share/rplidar_ros/hook/cmake_prefix_path.ps1'
[4.911s] INFO:colcon.colcon_core.shell:Creating environment descriptor '/home/pi/ros2_main/install/rplidar_ros/share/rplidar_ros/hook/cmake_prefix_path.dsv'
[4.914s] INFO:colcon.colcon_core.shell:Creating environment hook '/home/pi/ros2_main/install/rplidar_ros/share/rplidar_ros/hook/cmake_prefix_path.sh'
[4.916s] Level 1:colcon.colcon_core.environment:checking '/home/pi/ros2_main/install/rplidar_ros/lib'
[4.916s] Level 1:colcon.colcon_core.environment:checking '/home/pi/ros2_main/install/rplidar_ros/bin'
[4.916s] Level 1:colcon.colcon_core.environment:checking '/home/pi/ros2_main/install/rplidar_ros/lib/pkgconfig/rplidar_ros.pc'
[4.918s] Level 1:colcon.colcon_core.environment:checking '/home/pi/ros2_main/install/rplidar_ros/lib/python3.12/site-packages'
[4.920s] Level 1:colcon.colcon_core.environment:checking '/home/pi/ros2_main/install/rplidar_ros/bin'
[4.923s] INFO:colcon.colcon_core.shell:Creating package script '/home/pi/ros2_main/install/rplidar_ros/share/rplidar_ros/package.ps1'
[4.928s] INFO:colcon.colcon_core.shell:Creating package descriptor '/home/pi/ros2_main/install/rplidar_ros/share/rplidar_ros/package.dsv'
[4.934s] INFO:colcon.colcon_core.shell:Creating package script '/home/pi/ros2_main/install/rplidar_ros/share/rplidar_ros/package.sh'
[4.936s] INFO:colcon.colcon_core.shell:Creating package script '/home/pi/ros2_main/install/rplidar_ros/share/rplidar_ros/package.bash'
[4.940s] INFO:colcon.colcon_core.shell:Creating package script '/home/pi/ros2_main/install/rplidar_ros/share/rplidar_ros/package.zsh'
[4.942s] Level 1:colcon.colcon_core.environment:create_file_with_runtime_dependencies(/home/pi/ros2_main/install/rplidar_ros/share/colcon-core/packages/rplidar_ros)
[4.943s] Level 1:colcon.colcon_core.environment:create_environment_scripts_only(rplidar_ros)
[4.943s] Level 1:colcon.colcon_core.environment:checking '/home/pi/ros2_main/install/rplidar_ros' for CMake module files
[4.944s] Level 1:colcon.colcon_core.environment:checking '/home/pi/ros2_main/install/rplidar_ros' for CMake config files
[4.944s] Level 1:colcon.colcon_core.shell:create_environment_hook('rplidar_ros', 'cmake_prefix_path')
[4.945s] INFO:colcon.colcon_core.shell:Creating environment hook '/home/pi/ros2_main/install/rplidar_ros/share/rplidar_ros/hook/cmake_prefix_path.ps1'
[4.950s] INFO:colcon.colcon_core.shell:Creating environment descriptor '/home/pi/ros2_main/install/rplidar_ros/share/rplidar_ros/hook/cmake_prefix_path.dsv'
[4.954s] INFO:colcon.colcon_core.shell:Creating environment hook '/home/pi/ros2_main/install/rplidar_ros/share/rplidar_ros/hook/cmake_prefix_path.sh'
[4.956s] Level 1:colcon.colcon_core.environment:checking '/home/pi/ros2_main/install/rplidar_ros/lib'
[4.956s] Level 1:colcon.colcon_core.environment:checking '/home/pi/ros2_main/install/rplidar_ros/bin'
[4.956s] Level 1:colcon.colcon_core.environment:checking '/home/pi/ros2_main/install/rplidar_ros/lib/pkgconfig/rplidar_ros.pc'
[4.957s] Level 1:colcon.colcon_core.environment:checking '/home/pi/ros2_main/install/rplidar_ros/lib/python3.12/site-packages'
[4.957s] Level 1:colcon.colcon_core.environment:checking '/home/pi/ros2_main/install/rplidar_ros/bin'
[4.958s] INFO:colcon.colcon_core.shell:Creating package script '/home/pi/ros2_main/install/rplidar_ros/share/rplidar_ros/package.ps1'
[4.959s] INFO:colcon.colcon_core.shell:Creating package descriptor '/home/pi/ros2_main/install/rplidar_ros/share/rplidar_ros/package.dsv'
[4.960s] INFO:colcon.colcon_core.shell:Creating package script '/home/pi/ros2_main/install/rplidar_ros/share/rplidar_ros/package.sh'
[4.962s] INFO:colcon.colcon_core.shell:Creating package script '/home/pi/ros2_main/install/rplidar_ros/share/rplidar_ros/package.bash'
[4.963s] INFO:colcon.colcon_core.shell:Creating package script '/home/pi/ros2_main/install/rplidar_ros/share/rplidar_ros/package.zsh'
[4.965s] Level 1:colcon.colcon_core.environment:create_file_with_runtime_dependencies(/home/pi/ros2_main/install/rplidar_ros/share/colcon-core/packages/rplidar_ros)
[5.908s] INFO:colcon.colcon_core.task.python.build:Building Python package in '/home/pi/ros2_main/src/your_twist_converter'
[5.909s] INFO:colcon.colcon_core.shell:Skip shell extension 'powershell' for command environment: Not usable outside of PowerShell
[5.909s] DEBUG:colcon.colcon_core.shell:Skip shell extension 'dsv' for command environment
[6.282s] DEBUG:colcon.colcon_core.event_handler.log_command:Invoking command in '/home/pi/ros2_main/src/py_pubsub': DEBUGINFOD_URLS=https://debuginfod.ubuntu.com PYTHONPATH=/home/pi/ros2_main/build/py_pubsub/prefix_override:/usr/lib/python3/dist-packages/colcon_core/task/python/colcon_distutils_commands:/home/pi/ros2_main/install/py_pubsub/lib/python3.12/site-packages:${PYTHONPATH} /usr/bin/python3 -W ignore:setup.py install is deprecated -W ignore:easy_install command is deprecated setup.py egg_info --egg-base ../../build/py_pubsub build --build-base /home/pi/ros2_main/build/py_pubsub/build install --record /home/pi/ros2_main/build/py_pubsub/install.log --single-version-externally-managed install_data
[7.477s] DEBUG:colcon.colcon_core.event_handler.log_command:Invoking command in '/home/pi/ros2_main/src/yolo_detector': DEBUGINFOD_URLS=https://debuginfod.ubuntu.com PYTHONPATH=/home/pi/ros2_main/build/yolo_detector/prefix_override:/usr/lib/python3/dist-packages/colcon_core/task/python/colcon_distutils_commands:/home/pi/ros2_main/install/yolo_detector/lib/python3.12/site-packages:${PYTHONPATH} /usr/bin/python3 -W ignore:setup.py install is deprecated -W ignore:easy_install command is deprecated setup.py egg_info --egg-base ../../build/yolo_detector build --build-base /home/pi/ros2_main/build/yolo_detector/build install --record /home/pi/ros2_main/build/yolo_detector/install.log --single-version-externally-managed install_data
[8.232s] Level 1:colcon.colcon_core.environment:checking '/home/pi/ros2_main/install/py_pubsub' for CMake module files
[8.235s] Level 1:colcon.colcon_core.environment:checking '/home/pi/ros2_main/install/py_pubsub' for CMake config files
[8.234s] DEBUG:colcon.colcon_core.event_handler.log_command:Invoked command in '/home/pi/ros2_main/src/py_pubsub' returned '0': DEBUGINFOD_URLS=https://debuginfod.ubuntu.com PYTHONPATH=/home/pi/ros2_main/build/py_pubsub/prefix_override:/usr/lib/python3/dist-packages/colcon_core/task/python/colcon_distutils_commands:/home/pi/ros2_main/install/py_pubsub/lib/python3.12/site-packages:${PYTHONPATH} /usr/bin/python3 -W ignore:setup.py install is deprecated -W ignore:easy_install command is deprecated setup.py egg_info --egg-base ../../build/py_pubsub build --build-base /home/pi/ros2_main/build/py_pubsub/build install --record /home/pi/ros2_main/build/py_pubsub/install.log --single-version-externally-managed install_data
[8.238s] Level 1:colcon.colcon_core.environment:checking '/home/pi/ros2_main/install/py_pubsub/lib'
[8.238s] Level 1:colcon.colcon_core.environment:checking '/home/pi/ros2_main/install/py_pubsub/bin'
[8.239s] Level 1:colcon.colcon_core.environment:checking '/home/pi/ros2_main/install/py_pubsub/lib/pkgconfig/py_pubsub.pc'
[8.240s] Level 1:colcon.colcon_core.environment:checking '/home/pi/ros2_main/install/py_pubsub/lib/python3.12/site-packages'
[8.240s] Level 1:colcon.colcon_core.shell:create_environment_hook('py_pubsub', 'pythonpath')
[8.241s] INFO:colcon.colcon_core.shell:Creating environment hook '/home/pi/ros2_main/install/py_pubsub/share/py_pubsub/hook/pythonpath.ps1'
[8.243s] INFO:colcon.colcon_core.shell:Creating environment descriptor '/home/pi/ros2_main/install/py_pubsub/share/py_pubsub/hook/pythonpath.dsv'
[8.245s] INFO:colcon.colcon_core.shell:Creating environment hook '/home/pi/ros2_main/install/py_pubsub/share/py_pubsub/hook/pythonpath.sh'
[8.248s] Level 1:colcon.colcon_core.environment:checking '/home/pi/ros2_main/install/py_pubsub/bin'
[8.248s] Level 1:colcon.colcon_core.environment:create_environment_scripts_only(py_pubsub)
[8.249s] INFO:colcon.colcon_core.shell:Creating package script '/home/pi/ros2_main/install/py_pubsub/share/py_pubsub/package.ps1'
[8.251s] INFO:colcon.colcon_core.shell:Creating package descriptor '/home/pi/ros2_main/install/py_pubsub/share/py_pubsub/package.dsv'
[8.253s] INFO:colcon.colcon_core.shell:Creating package script '/home/pi/ros2_main/install/py_pubsub/share/py_pubsub/package.sh'
[8.256s] INFO:colcon.colcon_core.shell:Creating package script '/home/pi/ros2_main/install/py_pubsub/share/py_pubsub/package.bash'
[8.257s] INFO:colcon.colcon_core.shell:Creating package script '/home/pi/ros2_main/install/py_pubsub/share/py_pubsub/package.zsh'
[8.260s] Level 1:colcon.colcon_core.environment:create_file_with_runtime_dependencies(/home/pi/ros2_main/install/py_pubsub/share/colcon-core/packages/py_pubsub)
[8.447s] DEBUG:colcon.colcon_core.event_handler.log_command:Invoking command in '/home/pi/ros2_main/src/your_twist_converter': DEBUGINFOD_URLS=https://debuginfod.ubuntu.com PYTHONPATH=/home/pi/ros2_main/build/your_twist_converter/prefix_override:/usr/lib/python3/dist-packages/colcon_core/task/python/colcon_distutils_commands:/home/pi/ros2_main/install/your_twist_converter/lib/python3.12/site-packages:${PYTHONPATH} /usr/bin/python3 -W ignore:setup.py install is deprecated -W ignore:easy_install command is deprecated setup.py egg_info --egg-base ../../build/your_twist_converter build --build-base /home/pi/ros2_main/build/your_twist_converter/build install --record /home/pi/ros2_main/build/your_twist_converter/install.log --single-version-externally-managed install_data
[9.241s] Level 1:colcon.colcon_core.environment:checking '/home/pi/ros2_main/install/yolo_detector' for CMake module files
[9.244s] Level 1:colcon.colcon_core.environment:checking '/home/pi/ros2_main/install/yolo_detector' for CMake config files
[9.243s] DEBUG:colcon.colcon_core.event_handler.log_command:Invoked command in '/home/pi/ros2_main/src/yolo_detector' returned '0': DEBUGINFOD_URLS=https://debuginfod.ubuntu.com PYTHONPATH=/home/pi/ros2_main/build/yolo_detector/prefix_override:/usr/lib/python3/dist-packages/colcon_core/task/python/colcon_distutils_commands:/home/pi/ros2_main/install/yolo_detector/lib/python3.12/site-packages:${PYTHONPATH} /usr/bin/python3 -W ignore:setup.py install is deprecated -W ignore:easy_install command is deprecated setup.py egg_info --egg-base ../../build/yolo_detector build --build-base /home/pi/ros2_main/build/yolo_detector/build install --record /home/pi/ros2_main/build/yolo_detector/install.log --single-version-externally-managed install_data
[9.247s] Level 1:colcon.colcon_core.environment:checking '/home/pi/ros2_main/install/yolo_detector/lib'
[9.250s] Level 1:colcon.colcon_core.environment:checking '/home/pi/ros2_main/install/yolo_detector/bin'
[9.251s] Level 1:colcon.colcon_core.environment:checking '/home/pi/ros2_main/install/yolo_detector/lib/pkgconfig/yolo_detector.pc'
[9.251s] Level 1:colcon.colcon_core.environment:checking '/home/pi/ros2_main/install/yolo_detector/lib/python3.12/site-packages'
[9.252s] Level 1:colcon.colcon_core.shell:create_environment_hook('yolo_detector', 'pythonpath')
[9.252s] INFO:colcon.colcon_core.shell:Creating environment hook '/home/pi/ros2_main/install/yolo_detector/share/yolo_detector/hook/pythonpath.ps1'
[9.254s] INFO:colcon.colcon_core.shell:Creating environment descriptor '/home/pi/ros2_main/install/yolo_detector/share/yolo_detector/hook/pythonpath.dsv'
[9.255s] INFO:colcon.colcon_core.shell:Creating environment hook '/home/pi/ros2_main/install/yolo_detector/share/yolo_detector/hook/pythonpath.sh'
[9.257s] Level 1:colcon.colcon_core.environment:checking '/home/pi/ros2_main/install/yolo_detector/bin'
[9.257s] Level 1:colcon.colcon_core.environment:create_environment_scripts_only(yolo_detector)
[9.258s] INFO:colcon.colcon_core.shell:Creating package script '/home/pi/ros2_main/install/yolo_detector/share/yolo_detector/package.ps1'
[9.259s] INFO:colcon.colcon_core.shell:Creating package descriptor '/home/pi/ros2_main/install/yolo_detector/share/yolo_detector/package.dsv'
[9.261s] INFO:colcon.colcon_core.shell:Creating package script '/home/pi/ros2_main/install/yolo_detector/share/yolo_detector/package.sh'
[9.262s] INFO:colcon.colcon_core.shell:Creating package script '/home/pi/ros2_main/install/yolo_detector/share/yolo_detector/package.bash'
[9.264s] INFO:colcon.colcon_core.shell:Creating package script '/home/pi/ros2_main/install/yolo_detector/share/yolo_detector/package.zsh'
[9.264s] Level 1:colcon.colcon_core.environment:create_file_with_runtime_dependencies(/home/pi/ros2_main/install/yolo_detector/share/colcon-core/packages/yolo_detector)
[9.811s] Level 1:colcon.colcon_core.environment:checking '/home/pi/ros2_main/install/your_twist_converter' for CMake module files
[9.812s] DEBUG:colcon.colcon_core.event_handler.log_command:Invoked command in '/home/pi/ros2_main/src/your_twist_converter' returned '0': DEBUGINFOD_URLS=https://debuginfod.ubuntu.com PYTHONPATH=/home/pi/ros2_main/build/your_twist_converter/prefix_override:/usr/lib/python3/dist-packages/colcon_core/task/python/colcon_distutils_commands:/home/pi/ros2_main/install/your_twist_converter/lib/python3.12/site-packages:${PYTHONPATH} /usr/bin/python3 -W ignore:setup.py install is deprecated -W ignore:easy_install command is deprecated setup.py egg_info --egg-base ../../build/your_twist_converter build --build-base /home/pi/ros2_main/build/your_twist_converter/build install --record /home/pi/ros2_main/build/your_twist_converter/install.log --single-version-externally-managed install_data
[9.812s] Level 1:colcon.colcon_core.environment:checking '/home/pi/ros2_main/install/your_twist_converter' for CMake config files
[9.813s] Level 1:colcon.colcon_core.environment:checking '/home/pi/ros2_main/install/your_twist_converter/lib'
[9.813s] Level 1:colcon.colcon_core.environment:checking '/home/pi/ros2_main/install/your_twist_converter/bin'
[9.813s] Level 1:colcon.colcon_core.environment:checking '/home/pi/ros2_main/install/your_twist_converter/lib/pkgconfig/your_twist_converter.pc'
[9.814s] Level 1:colcon.colcon_core.environment:checking '/home/pi/ros2_main/install/your_twist_converter/lib/python3.12/site-packages'
[9.814s] Level 1:colcon.colcon_core.shell:create_environment_hook('your_twist_converter', 'pythonpath')
[9.814s] INFO:colcon.colcon_core.shell:Creating environment hook '/home/pi/ros2_main/install/your_twist_converter/share/your_twist_converter/hook/pythonpath.ps1'
[9.815s] INFO:colcon.colcon_core.shell:Creating environment descriptor '/home/pi/ros2_main/install/your_twist_converter/share/your_twist_converter/hook/pythonpath.dsv'
[9.816s] INFO:colcon.colcon_core.shell:Creating environment hook '/home/pi/ros2_main/install/your_twist_converter/share/your_twist_converter/hook/pythonpath.sh'
[9.817s] Level 1:colcon.colcon_core.environment:checking '/home/pi/ros2_main/install/your_twist_converter/bin'
[9.817s] Level 1:colcon.colcon_core.environment:create_environment_scripts_only(your_twist_converter)
[9.817s] INFO:colcon.colcon_core.shell:Creating package script '/home/pi/ros2_main/install/your_twist_converter/share/your_twist_converter/package.ps1'
[9.818s] INFO:colcon.colcon_core.shell:Creating package descriptor '/home/pi/ros2_main/install/your_twist_converter/share/your_twist_converter/package.dsv'
[9.819s] INFO:colcon.colcon_core.shell:Creating package script '/home/pi/ros2_main/install/your_twist_converter/share/your_twist_converter/package.sh'
[9.820s] INFO:colcon.colcon_core.shell:Creating package script '/home/pi/ros2_main/install/your_twist_converter/share/your_twist_converter/package.bash'
[9.820s] INFO:colcon.colcon_core.shell:Creating package script '/home/pi/ros2_main/install/your_twist_converter/share/your_twist_converter/package.zsh'
[9.821s] Level 1:colcon.colcon_core.environment:create_file_with_runtime_dependencies(/home/pi/ros2_main/install/your_twist_converter/share/colcon-core/packages/your_twist_converter)
[9.822s] DEBUG:colcon.colcon_parallel_executor.executor.parallel:closing loop
[9.822s] DEBUG:colcon.colcon_parallel_executor.executor.parallel:loop closed
[9.823s] DEBUG:colcon.colcon_parallel_executor.executor.parallel:run_until_complete finished with '0'
[9.823s] DEBUG:colcon.colcon_core.event_reactor:joining thread
[9.836s] INFO:colcon.colcon_core.plugin_system:Skipping extension 'colcon_notification.desktop_notification.terminal_notifier': Not used on non-Darwin systems
[9.836s] INFO:colcon.colcon_core.plugin_system:Skipping extension 'colcon_notification.desktop_notification.win32': Not used on non-Windows systems
[9.837s] INFO:colcon.colcon_notification.desktop_notification:Sending desktop notification using 'notify2'
[9.866s] DEBUG:colcon.colcon_core.event_reactor:joined thread
[9.867s] INFO:colcon.colcon_core.shell:Creating prefix script '/home/pi/ros2_main/install/local_setup.ps1'
[9.872s] INFO:colcon.colcon_core.shell:Creating prefix util module '/home/pi/ros2_main/install/_local_setup_util_ps1.py'
[9.876s] INFO:colcon.colcon_core.shell:Creating prefix chain script '/home/pi/ros2_main/install/setup.ps1'
[9.879s] INFO:colcon.colcon_core.shell:Creating prefix script '/home/pi/ros2_main/install/local_setup.sh'
[9.880s] INFO:colcon.colcon_core.shell:Creating prefix util module '/home/pi/ros2_main/install/_local_setup_util_sh.py'
[9.882s] INFO:colcon.colcon_core.shell:Creating prefix chain script '/home/pi/ros2_main/install/setup.sh'
[9.886s] INFO:colcon.colcon_core.shell:Creating prefix script '/home/pi/ros2_main/install/local_setup.bash'
[9.888s] INFO:colcon.colcon_core.shell:Creating prefix chain script '/home/pi/ros2_main/install/setup.bash'
[9.892s] INFO:colcon.colcon_core.shell:Creating prefix script '/home/pi/ros2_main/install/local_setup.zsh'
[9.946s] INFO:colcon.colcon_core.shell:Creating prefix chain script '/home/pi/ros2_main/install/setup.zsh'
