In file included from [01m[K/home/pi/ros2_main/src/arduino_ros2_control/hardware/bot_syst.cpp:15[m[K:
[01m[K/home/pi/ros2_main/src/arduino_ros2_control/hardware/include/arduino_ros2_control/bot_syst.hpp:61:3:[m[K [01;31m[Kerror: [m[K‘[01m[Karduino_ros2_control_PUBLIC[m[K’ does not name a type; did you mean ‘[01m[Karduino_ros2_control_EXPORTS[m[K’?
   61 |   [01;31m[Karduino_ros2_control_PUBLIC[m[K
      |   [01;31m[K^~~~~~~~~~~~~~~~~~~~~~~~~~~[m[K
      |   [32m[Karduino_ros2_control_EXPORTS[m[K
[01m[K/home/pi/ros2_main/src/arduino_ros2_control/hardware/include/arduino_ros2_control/bot_syst.hpp:65:3:[m[K [01;31m[Kerror: [m[K‘[01m[Karduino_ros2_control_PUBLIC[m[K’ does not name a type; did you mean ‘[01m[Karduino_ros2_control_EXPORTS[m[K’?
   65 |   [01;31m[Karduino_ros2_control_PUBLIC[m[K
      |   [01;31m[K^~~~~~~~~~~~~~~~~~~~~~~~~~~[m[K
      |   [32m[Karduino_ros2_control_EXPORTS[m[K
[01m[K/home/pi/ros2_main/src/arduino_ros2_control/hardware/include/arduino_ros2_control/bot_syst.hpp:68:3:[m[K [01;31m[Kerror: [m[K‘[01m[Karduino_ros2_control_PUBLIC[m[K’ does not name a type; did you mean ‘[01m[Karduino_ros2_control_EXPORTS[m[K’?
   68 |   [01;31m[Karduino_ros2_control_PUBLIC[m[K
      |   [01;31m[K^~~~~~~~~~~~~~~~~~~~~~~~~~~[m[K
      |   [32m[Karduino_ros2_control_EXPORTS[m[K
[01m[K/home/pi/ros2_main/src/arduino_ros2_control/hardware/include/arduino_ros2_control/bot_syst.hpp:71:3:[m[K [01;31m[Kerror: [m[K‘[01m[Karduino_ros2_control_PUBLIC[m[K’ does not name a type; did you mean ‘[01m[Karduino_ros2_control_EXPORTS[m[K’?
   71 |   [01;31m[Karduino_ros2_control_PUBLIC[m[K
      |   [01;31m[K^~~~~~~~~~~~~~~~~~~~~~~~~~~[m[K
      |   [32m[Karduino_ros2_control_EXPORTS[m[K
[01m[K/home/pi/ros2_main/src/arduino_ros2_control/hardware/include/arduino_ros2_control/bot_syst.hpp:75:3:[m[K [01;31m[Kerror: [m[K‘[01m[Karduino_ros2_control_PUBLIC[m[K’ does not name a type; did you mean ‘[01m[Karduino_ros2_control_EXPORTS[m[K’?
   75 |   [01;31m[Karduino_ros2_control_PUBLIC[m[K
      |   [01;31m[K^~~~~~~~~~~~~~~~~~~~~~~~~~~[m[K
      |   [32m[Karduino_ros2_control_EXPORTS[m[K
[01m[K/home/pi/ros2_main/src/arduino_ros2_control/hardware/include/arduino_ros2_control/bot_syst.hpp:80:3:[m[K [01;31m[Kerror: [m[K‘[01m[Karduino_ros2_control_PUBLIC[m[K’ does not name a type; did you mean ‘[01m[Karduino_ros2_control_EXPORTS[m[K’?
   80 |   [01;31m[Karduino_ros2_control_PUBLIC[m[K
      |   [01;31m[K^~~~~~~~~~~~~~~~~~~~~~~~~~~[m[K
      |   [32m[Karduino_ros2_control_EXPORTS[m[K
[01m[K/home/pi/ros2_main/src/arduino_ros2_control/hardware/include/arduino_ros2_control/bot_syst.hpp:84:3:[m[K [01;31m[Kerror: [m[K‘[01m[Karduino_ros2_control_PUBLIC[m[K’ does not name a type; did you mean ‘[01m[Karduino_ros2_control_EXPORTS[m[K’?
   84 |   [01;31m[Karduino_ros2_control_PUBLIC[m[K
      |   [01;31m[K^~~~~~~~~~~~~~~~~~~~~~~~~~~[m[K
      |   [32m[Karduino_ros2_control_EXPORTS[m[K
[01m[K/home/pi/ros2_main/src/arduino_ros2_control/hardware/include/arduino_ros2_control/bot_syst.hpp:88:3:[m[K [01;31m[Kerror: [m[K‘[01m[Karduino_ros2_control_PUBLIC[m[K’ does not name a type; did you mean ‘[01m[Karduino_ros2_control_EXPORTS[m[K’?
   88 |   [01;31m[Karduino_ros2_control_PUBLIC[m[K
      |   [01;31m[K^~~~~~~~~~~~~~~~~~~~~~~~~~~[m[K
      |   [32m[Karduino_ros2_control_EXPORTS[m[K
[01m[K/home/pi/ros2_main/src/arduino_ros2_control/hardware/include/arduino_ros2_control/bot_syst.hpp:92:3:[m[K [01;31m[Kerror: [m[K‘[01m[Karduino_ros2_control_PUBLIC[m[K’ does not name a type; did you mean ‘[01m[Karduino_ros2_control_EXPORTS[m[K’?
   92 |   [01;31m[Karduino_ros2_control_PUBLIC[m[K
      |   [01;31m[K^~~~~~~~~~~~~~~~~~~~~~~~~~~[m[K
      |   [32m[Karduino_ros2_control_EXPORTS[m[K
[01m[K/home/pi/ros2_main/src/arduino_ros2_control/hardware/bot_syst.cpp:28:36:[m[K [01;31m[Kerror: [m[Kno declaration matches ‘[01m[Khardware_interface::CallbackReturn arduino_ros2_control::ArduinoHardware::[01;32m[Kon_init[m[K(const hardware_interface::HardwareInfo&)[m[K’
   28 | hardware_interface::CallbackReturn [01;31m[KArduinoHardware[m[K::on_init(
      |                                    [01;31m[K^~~~~~~~~~~~~~~[m[K
[01m[K/home/pi/ros2_main/src/arduino_ros2_control/hardware/bot_syst.cpp:28:36:[m[K [01;36m[Knote: [m[Kno functions named ‘[01m[Khardware_interface::CallbackReturn arduino_ros2_control::ArduinoHardware::[01;32m[Kon_init[m[K(const hardware_interface::HardwareInfo&)[m[K’
[01m[K/home/pi/ros2_main/src/arduino_ros2_control/hardware/include/arduino_ros2_control/bot_syst.hpp:39:7:[m[K [01;36m[Knote: [m[K‘[01m[Kclass arduino_ros2_control::ArduinoHardware[m[K’ defined here
   39 | class [01;36m[KArduinoHardware[m[K : public hardware_interface::SystemInterface
      |       [01;36m[K^~~~~~~~~~~~~~~[m[K
[01m[K/home/pi/ros2_main/src/arduino_ros2_control/hardware/bot_syst.cpp:115:49:[m[K [01;31m[Kerror: [m[Kno declaration matches ‘[01m[Kstd::vector<hardware_interface::StateInterface> arduino_ros2_control::ArduinoHardware::[01;32m[Kexport_state_interfaces[m[K()[m[K’
  115 | std::vector<hardware_interface::StateInterface> [01;31m[KArduinoHardware[m[K::export_state_interfaces()
      |                                                 [01;31m[K^~~~~~~~~~~~~~~[m[K
[01m[K/home/pi/ros2_main/src/arduino_ros2_control/hardware/bot_syst.cpp:115:49:[m[K [01;36m[Knote: [m[Kno functions named ‘[01m[Kstd::vector<hardware_interface::StateInterface> arduino_ros2_control::ArduinoHardware::[01;32m[Kexport_state_interfaces[m[K()[m[K’
[01m[K/home/pi/ros2_main/src/arduino_ros2_control/hardware/include/arduino_ros2_control/bot_syst.hpp:39:7:[m[K [01;36m[Knote: [m[K‘[01m[Kclass arduino_ros2_control::ArduinoHardware[m[K’ defined here
   39 | class [01;36m[KArduinoHardware[m[K : public hardware_interface::SystemInterface
      |       [01;36m[K^~~~~~~~~~~~~~~[m[K
[01m[K/home/pi/ros2_main/src/arduino_ros2_control/hardware/bot_syst.cpp:132:51:[m[K [01;31m[Kerror: [m[Kno declaration matches ‘[01m[Kstd::vector<hardware_interface::CommandInterface> arduino_ros2_control::ArduinoHardware::[01;32m[Kexport_command_interfaces[m[K()[m[K’
  132 | std::vector<hardware_interface::CommandInterface> [01;31m[KArduinoHardware[m[K::export_command_interfaces()
      |                                                   [01;31m[K^~~~~~~~~~~~~~~[m[K
[01m[K/home/pi/ros2_main/src/arduino_ros2_control/hardware/bot_syst.cpp:132:51:[m[K [01;36m[Knote: [m[Kno functions named ‘[01m[Kstd::vector<hardware_interface::CommandInterface> arduino_ros2_control::ArduinoHardware::[01;32m[Kexport_command_interfaces[m[K()[m[K’
[01m[K/home/pi/ros2_main/src/arduino_ros2_control/hardware/include/arduino_ros2_control/bot_syst.hpp:39:7:[m[K [01;36m[Knote: [m[K‘[01m[Kclass arduino_ros2_control::ArduinoHardware[m[K’ defined here
   39 | class [01;36m[KArduinoHardware[m[K : public hardware_interface::SystemInterface
      |       [01;36m[K^~~~~~~~~~~~~~~[m[K
[01m[K/home/pi/ros2_main/src/arduino_ros2_control/hardware/bot_syst.cpp:145:36:[m[K [01;31m[Kerror: [m[Kno declaration matches ‘[01m[Khardware_interface::CallbackReturn arduino_ros2_control::ArduinoHardware::[01;32m[Kon_configure[m[K(const rclcpp_lifecycle::State&)[m[K’
  145 | hardware_interface::CallbackReturn [01;31m[KArduinoHardware[m[K::on_configure(
      |                                    [01;31m[K^~~~~~~~~~~~~~~[m[K
[01m[K/home/pi/ros2_main/src/arduino_ros2_control/hardware/bot_syst.cpp:145:36:[m[K [01;36m[Knote: [m[Kno functions named ‘[01m[Khardware_interface::CallbackReturn arduino_ros2_control::ArduinoHardware::[01;32m[Kon_configure[m[K(const rclcpp_lifecycle::State&)[m[K’
[01m[K/home/pi/ros2_main/src/arduino_ros2_control/hardware/include/arduino_ros2_control/bot_syst.hpp:39:7:[m[K [01;36m[Knote: [m[K‘[01m[Kclass arduino_ros2_control::ArduinoHardware[m[K’ defined here
   39 | class [01;36m[KArduinoHardware[m[K : public hardware_interface::SystemInterface
      |       [01;36m[K^~~~~~~~~~~~~~~[m[K
[01m[K/home/pi/ros2_main/src/arduino_ros2_control/hardware/bot_syst.cpp:159:36:[m[K [01;31m[Kerror: [m[Kno declaration matches ‘[01m[Khardware_interface::CallbackReturn arduino_ros2_control::ArduinoHardware::[01;32m[Kon_cleanup[m[K(const rclcpp_lifecycle::State&)[m[K’
  159 | hardware_interface::CallbackReturn [01;31m[KArduinoHardware[m[K::on_cleanup(
      |                                    [01;31m[K^~~~~~~~~~~~~~~[m[K
[01m[K/home/pi/ros2_main/src/arduino_ros2_control/hardware/bot_syst.cpp:159:36:[m[K [01;36m[Knote: [m[Kno functions named ‘[01m[Khardware_interface::CallbackReturn arduino_ros2_control::ArduinoHardware::[01;32m[Kon_cleanup[m[K(const rclcpp_lifecycle::State&)[m[K’
[01m[K/home/pi/ros2_main/src/arduino_ros2_control/hardware/include/arduino_ros2_control/bot_syst.hpp:39:7:[m[K [01;36m[Knote: [m[K‘[01m[Kclass arduino_ros2_control::ArduinoHardware[m[K’ defined here
   39 | class [01;36m[KArduinoHardware[m[K : public hardware_interface::SystemInterface
      |       [01;36m[K^~~~~~~~~~~~~~~[m[K
[01m[K/home/pi/ros2_main/src/arduino_ros2_control/hardware/bot_syst.cpp:173:36:[m[K [01;31m[Kerror: [m[Kno declaration matches ‘[01m[Khardware_interface::CallbackReturn arduino_ros2_control::ArduinoHardware::[01;32m[Kon_activate[m[K(const rclcpp_lifecycle::State&)[m[K’
  173 | hardware_interface::CallbackReturn [01;31m[KArduinoHardware[m[K::on_activate(
      |                                    [01;31m[K^~~~~~~~~~~~~~~[m[K
[01m[K/home/pi/ros2_main/src/arduino_ros2_control/hardware/bot_syst.cpp:173:36:[m[K [01;36m[Knote: [m[Kno functions named ‘[01m[Khardware_interface::CallbackReturn arduino_ros2_control::ArduinoHardware::[01;32m[Kon_activate[m[K(const rclcpp_lifecycle::State&)[m[K’
[01m[K/home/pi/ros2_main/src/arduino_ros2_control/hardware/include/arduino_ros2_control/bot_syst.hpp:39:7:[m[K [01;36m[Knote: [m[K‘[01m[Kclass arduino_ros2_control::ArduinoHardware[m[K’ defined here
   39 | class [01;36m[KArduinoHardware[m[K : public hardware_interface::SystemInterface
      |       [01;36m[K^~~~~~~~~~~~~~~[m[K
[01m[K/home/pi/ros2_main/src/arduino_ros2_control/hardware/bot_syst.cpp:190:36:[m[K [01;31m[Kerror: [m[Kno declaration matches ‘[01m[Khardware_interface::CallbackReturn arduino_ros2_control::ArduinoHardware::[01;32m[Kon_deactivate[m[K(const rclcpp_lifecycle::State&)[m[K’
  190 | hardware_interface::CallbackReturn [01;31m[KArduinoHardware[m[K::on_deactivate(
      |                                    [01;31m[K^~~~~~~~~~~~~~~[m[K
[01m[K/home/pi/ros2_main/src/arduino_ros2_control/hardware/bot_syst.cpp:190:36:[m[K [01;36m[Knote: [m[Kno functions named ‘[01m[Khardware_interface::CallbackReturn arduino_ros2_control::ArduinoHardware::[01;32m[Kon_deactivate[m[K(const rclcpp_lifecycle::State&)[m[K’
[01m[K/home/pi/ros2_main/src/arduino_ros2_control/hardware/include/arduino_ros2_control/bot_syst.hpp:39:7:[m[K [01;36m[Knote: [m[K‘[01m[Kclass arduino_ros2_control::ArduinoHardware[m[K’ defined here
   39 | class [01;36m[KArduinoHardware[m[K : public hardware_interface::SystemInterface
      |       [01;36m[K^~~~~~~~~~~~~~~[m[K
[01m[K/home/pi/ros2_main/src/arduino_ros2_control/hardware/bot_syst.cpp:199:33:[m[K [01;31m[Kerror: [m[Kno declaration matches ‘[01m[Khardware_interface::return_type arduino_ros2_control::ArduinoHardware::[01;32m[Kread[m[K(const rclcpp::Time&, const rclcpp::Duration&)[m[K’
  199 | hardware_interface::return_type [01;31m[KArduinoHardware[m[K::read(
      |                                 [01;31m[K^~~~~~~~~~~~~~~[m[K
[01m[K/home/pi/ros2_main/src/arduino_ros2_control/hardware/bot_syst.cpp:199:33:[m[K [01;36m[Knote: [m[Kno functions named ‘[01m[Khardware_interface::return_type arduino_ros2_control::ArduinoHardware::[01;32m[Kread[m[K(const rclcpp::Time&, const rclcpp::Duration&)[m[K’
[01m[K/home/pi/ros2_main/src/arduino_ros2_control/hardware/include/arduino_ros2_control/bot_syst.hpp:39:7:[m[K [01;36m[Knote: [m[K‘[01m[Kclass arduino_ros2_control::ArduinoHardware[m[K’ defined here
   39 | class [01;36m[KArduinoHardware[m[K : public hardware_interface::SystemInterface
      |       [01;36m[K^~~~~~~~~~~~~~~[m[K
[01m[K/home/pi/ros2_main/src/arduino_ros2_control/hardware/bot_syst.cpp:222:33:[m[K [01;31m[Kerror: [m[Kno declaration matches ‘[01m[Khardware_interface::return_type arduino_ros2_control::ArduinoHardware::[01;32m[Kwrite[m[K(const rclcpp::Time&, const rclcpp::Duration&)[m[K’
  222 | hardware_interface::return_type [01;31m[Karduino_ros2_control[m[K ::ArduinoHardware::write(
      |                                 [01;31m[K^~~~~~~~~~~~~~~~~~~~[m[K
[01m[K/home/pi/ros2_main/src/arduino_ros2_control/hardware/bot_syst.cpp:222:33:[m[K [01;36m[Knote: [m[Kno functions named ‘[01m[Khardware_interface::return_type arduino_ros2_control::ArduinoHardware::[01;32m[Kwrite[m[K(const rclcpp::Time&, const rclcpp::Duration&)[m[K’
[01m[K/home/pi/ros2_main/src/arduino_ros2_control/hardware/include/arduino_ros2_control/bot_syst.hpp:39:7:[m[K [01;36m[Knote: [m[K‘[01m[Kclass arduino_ros2_control::ArduinoHardware[m[K’ defined here
   39 | class [01;36m[KArduinoHardware[m[K : public hardware_interface::SystemInterface
      |       [01;36m[K^~~~~~~~~~~~~~~[m[K
In file included from [01m[K/opt/ros/jazzy/include/class_loader/class_loader/class_loader_core.hpp:58[m[K,
                 from [01m[K/opt/ros/jazzy/include/class_loader/class_loader/class_loader.hpp:55[m[K,
                 from [01m[K/opt/ros/jazzy/include/pluginlib/pluginlib/class_list_macros.hpp:40[m[K,
                 from [01m[K/home/pi/ros2_main/src/arduino_ros2_control/hardware/bot_syst.cpp:238[m[K:
/opt/ros/jazzy/include/class_loader/class_loader/meta_object.hpp: In instantiation of ‘[01m[KB* class_loader::impl::MetaObject<C, B>::[01;32m[Kcreate[m[K() const [35m[K[with C = arduino_ros2_control::ArduinoHardware; B = hardware_interface::SystemInterface][m[K[m[K’:
[01m[K/opt/ros/jazzy/include/class_loader/class_loader/meta_object.hpp:216:7:[m[K   required from here
[01m[K/opt/ros/jazzy/include/class_loader/class_loader/meta_object.hpp:218:12:[m[K [01;31m[Kerror: [m[Kinvalid new-expression of abstract class type ‘[01m[Karduino_ros2_control::ArduinoHardware[m[K’
  218 |     return [01;31m[Knew C[m[K;
      |            [01;31m[K^~~~~[m[K
[01m[K/home/pi/ros2_main/src/arduino_ros2_control/hardware/include/arduino_ros2_control/bot_syst.hpp:39:7:[m[K [01;36m[Knote: [m[K  because the following virtual functions are pure within ‘[01m[Karduino_ros2_control::ArduinoHardware[m[K’:
   39 | class [01;36m[KArduinoHardware[m[K : public hardware_interface::SystemInterface
      |       [01;36m[K^~~~~~~~~~~~~~~[m[K
In file included from [01m[K/home/pi/ros2_main/src/arduino_ros2_control/hardware/include/arduino_ros2_control/bot_syst.hpp:24[m[K:
[01m[K/opt/ros/jazzy/include/hardware_interface/hardware_interface/system_interface.hpp:445:23:[m[K [01;36m[Knote: [m[K    ‘[01m[Kvirtual hardware_interface::return_type hardware_interface::SystemInterface::[01;32m[Kread[m[K(const rclcpp::Time&, const rclcpp::Duration&)[m[K’
  445 |   virtual return_type [01;36m[Kread[m[K(const rclcpp::Time & time, const rclcpp::Duration & period) = 0;
      |                       [01;36m[K^~~~[m[K
[01m[K/opt/ros/jazzy/include/hardware_interface/hardware_interface/system_interface.hpp:492:23:[m[K [01;36m[Knote: [m[K    ‘[01m[Kvirtual hardware_interface::return_type hardware_interface::SystemInterface::[01;32m[Kwrite[m[K(const rclcpp::Time&, const rclcpp::Duration&)[m[K’
  492 |   virtual return_type [01;36m[Kwrite[m[K(const rclcpp::Time & time, const rclcpp::Duration & period) = 0;
      |                       [01;36m[K^~~~~[m[K
gmake[2]: *** [CMakeFiles/arduino_ros2_control.dir/build.make:76: CMakeFiles/arduino_ros2_control.dir/hardware/bot_syst.cpp.o] Error 1
gmake[1]: *** [CMakeFiles/Makefile2:137: CMakeFiles/arduino_ros2_control.dir/all] Error 2
gmake: *** [Makefile:146: all] Error 2
