[0.060s] Invoking command in '/home/pi/ros2_main/build/arduino_ros2_control': CMAKE_PREFIX_PATH=${CMAKE_PREFIX_PATH}:/home/pi/ros2_main/install/your_twist_converter:/home/pi/ros2_main/install/yolo_detector:/home/pi/ros2_main/install/py_pubsub:/home/pi/ros2_main/install/nav2_simple_commander:/opt/ros/jazzy DEBUGINFOD_URLS=https://debuginfod.ubuntu.com /usr/bin/cmake /home/pi/ros2_main/src/arduino_ros2_control -DCMAKE_INSTALL_PREFIX=/home/pi/ros2_main/install/arduino_ros2_control
[1.077s] -- The CXX compiler identification is GNU 13.3.0
[1.077s] -- Detecting CXX compiler ABI info
[1.078s] -- Detecting CXX compiler ABI info - done
[1.082s] -- Check for working CXX compiler: /usr/bin/c++ - skipped
[1.082s] -- Detecting CXX compile features
[1.083s] -- Detecting CXX compile features - done
[1.086s] -- Found ament_cmake: 2.5.3 (/opt/ros/jazzy/share/ament_cmake/cmake)
[1.729s] -- Found Python3: /usr/bin/python3 (found version "3.12.3") found components: Interpreter 
[2.181s] -- Found hardware_interface: 4.27.0 (/opt/ros/jazzy/share/hardware_interface/cmake)
[2.351s] -- Found rosidl_generator_c: 4.6.5 (/opt/ros/jazzy/share/rosidl_generator_c/cmake)
[2.395s] -- Found rosidl_generator_cpp: 4.6.5 (/opt/ros/jazzy/share/rosidl_generator_cpp/cmake)
[2.446s] -- Using all available rosidl_typesupport_c: rosidl_typesupport_fastrtps_c;rosidl_typesupport_introspection_c
[2.571s] -- Using all available rosidl_typesupport_cpp: rosidl_typesupport_fastrtps_cpp;rosidl_typesupport_introspection_cpp
[3.032s] -- Found TinyXML2 via Config file: /usr/lib/aarch64-linux-gnu/cmake/tinyxml2
[3.152s] -- Found rmw_implementation_cmake: 7.3.1 (/opt/ros/jazzy/share/rmw_implementation_cmake/cmake)
[3.166s] -- Found rmw_fastrtps_cpp: 8.4.1 (/opt/ros/jazzy/share/rmw_fastrtps_cpp/cmake)
[3.245s] -- Found TinyXML2 via Config file: /usr/lib/aarch64-linux-gnu/cmake/tinyxml2
[3.413s] -- Found OpenSSL: /usr/lib/aarch64-linux-gnu/libcrypto.so (found version "3.0.13")  
[3.426s] -- Found TinyXML2 via Config file: /usr/lib/aarch64-linux-gnu/cmake/tinyxml2
[3.477s] -- Found FastRTPS: /opt/ros/jazzy/include (Required is at least version "2.13") 
[3.481s] -- Found TinyXML2 via Config file: /usr/lib/aarch64-linux-gnu/cmake/tinyxml2
[3.510s] -- Found TinyXML2 via Config file: /usr/lib/aarch64-linux-gnu/cmake/tinyxml2
[3.539s] -- Using RMW implementation 'rmw_fastrtps_cpp' as default
[4.611s] -- Found ament_cmake_gtest: 2.5.3 (/opt/ros/jazzy/share/ament_cmake_gtest/cmake)
[4.985s] -- Configuring done (4.9s)
[5.062s] -- Generating done (0.0s)
[5.062s] -- Build files have been written to: /home/pi/ros2_main/build/arduino_ros2_control
[5.110s] Invoked command in '/home/pi/ros2_main/build/arduino_ros2_control' returned '0': CMAKE_PREFIX_PATH=${CMAKE_PREFIX_PATH}:/home/pi/ros2_main/install/your_twist_converter:/home/pi/ros2_main/install/yolo_detector:/home/pi/ros2_main/install/py_pubsub:/home/pi/ros2_main/install/nav2_simple_commander:/opt/ros/jazzy DEBUGINFOD_URLS=https://debuginfod.ubuntu.com /usr/bin/cmake /home/pi/ros2_main/src/arduino_ros2_control -DCMAKE_INSTALL_PREFIX=/home/pi/ros2_main/install/arduino_ros2_control
[5.114s] Invoking command in '/home/pi/ros2_main/build/arduino_ros2_control': CMAKE_PREFIX_PATH=${CMAKE_PREFIX_PATH}:/home/pi/ros2_main/install/your_twist_converter:/home/pi/ros2_main/install/yolo_detector:/home/pi/ros2_main/install/py_pubsub:/home/pi/ros2_main/install/nav2_simple_commander:/opt/ros/jazzy DEBUGINFOD_URLS=https://debuginfod.ubuntu.com /usr/bin/cmake --build /home/pi/ros2_main/build/arduino_ros2_control -- -j4 -l4
[5.328s] [ 50%] [32mBuilding CXX object CMakeFiles/arduino_ros2_control.dir/hardware/bot_syst.cpp.o[0m
[36.038s] In file included from [01m[K/home/pi/ros2_main/src/arduino_ros2_control/hardware/bot_syst.cpp:15[m[K:
[36.038s] [01m[K/home/pi/ros2_main/src/arduino_ros2_control/hardware/include/arduino_ros2_control/bot_syst.hpp:61:3:[m[K [01;31m[Kerror: [m[K‘[01m[Karduino_ros2_control_PUBLIC[m[K’ does not name a type; did you mean ‘[01m[Karduino_ros2_control_EXPORTS[m[K’?
[36.038s]    61 |   [01;31m[Karduino_ros2_control_PUBLIC[m[K
[36.038s]       |   [01;31m[K^~~~~~~~~~~~~~~~~~~~~~~~~~~[m[K
[36.039s]       |   [32m[Karduino_ros2_control_EXPORTS[m[K
[36.067s] [01m[K/home/pi/ros2_main/src/arduino_ros2_control/hardware/include/arduino_ros2_control/bot_syst.hpp:65:3:[m[K [01;31m[Kerror: [m[K‘[01m[Karduino_ros2_control_PUBLIC[m[K’ does not name a type; did you mean ‘[01m[Karduino_ros2_control_EXPORTS[m[K’?
[36.067s]    65 |   [01;31m[Karduino_ros2_control_PUBLIC[m[K
[36.068s]       |   [01;31m[K^~~~~~~~~~~~~~~~~~~~~~~~~~~[m[K
[36.068s]       |   [32m[Karduino_ros2_control_EXPORTS[m[K
[36.077s] [01m[K/home/pi/ros2_main/src/arduino_ros2_control/hardware/include/arduino_ros2_control/bot_syst.hpp:68:3:[m[K [01;31m[Kerror: [m[K‘[01m[Karduino_ros2_control_PUBLIC[m[K’ does not name a type; did you mean ‘[01m[Karduino_ros2_control_EXPORTS[m[K’?
[36.083s]    68 |   [01;31m[Karduino_ros2_control_PUBLIC[m[K
[36.083s]       |   [01;31m[K^~~~~~~~~~~~~~~~~~~~~~~~~~~[m[K
[36.083s]       |   [32m[Karduino_ros2_control_EXPORTS[m[K
[36.100s] [01m[K/home/pi/ros2_main/src/arduino_ros2_control/hardware/include/arduino_ros2_control/bot_syst.hpp:71:3:[m[K [01;31m[Kerror: [m[K‘[01m[Karduino_ros2_control_PUBLIC[m[K’ does not name a type; did you mean ‘[01m[Karduino_ros2_control_EXPORTS[m[K’?
[36.101s]    71 |   [01;31m[Karduino_ros2_control_PUBLIC[m[K
[36.101s]       |   [01;31m[K^~~~~~~~~~~~~~~~~~~~~~~~~~~[m[K
[36.101s]       |   [32m[Karduino_ros2_control_EXPORTS[m[K
[36.125s] [01m[K/home/pi/ros2_main/src/arduino_ros2_control/hardware/include/arduino_ros2_control/bot_syst.hpp:75:3:[m[K [01;31m[Kerror: [m[K‘[01m[Karduino_ros2_control_PUBLIC[m[K’ does not name a type; did you mean ‘[01m[Karduino_ros2_control_EXPORTS[m[K’?
[36.126s]    75 |   [01;31m[Karduino_ros2_control_PUBLIC[m[K
[36.126s]       |   [01;31m[K^~~~~~~~~~~~~~~~~~~~~~~~~~~[m[K
[36.126s]       |   [32m[Karduino_ros2_control_EXPORTS[m[K
[36.126s] [01m[K/home/pi/ros2_main/src/arduino_ros2_control/hardware/include/arduino_ros2_control/bot_syst.hpp:80:3:[m[K [01;31m[Kerror: [m[K‘[01m[Karduino_ros2_control_PUBLIC[m[K’ does not name a type; did you mean ‘[01m[Karduino_ros2_control_EXPORTS[m[K’?
[36.126s]    80 |   [01;31m[Karduino_ros2_control_PUBLIC[m[K
[36.127s]       |   [01;31m[K^~~~~~~~~~~~~~~~~~~~~~~~~~~[m[K
[36.127s]       |   [32m[Karduino_ros2_control_EXPORTS[m[K
[36.157s] [01m[K/home/pi/ros2_main/src/arduino_ros2_control/hardware/include/arduino_ros2_control/bot_syst.hpp:84:3:[m[K [01;31m[Kerror: [m[K‘[01m[Karduino_ros2_control_PUBLIC[m[K’ does not name a type; did you mean ‘[01m[Karduino_ros2_control_EXPORTS[m[K’?
[36.158s]    84 |   [01;31m[Karduino_ros2_control_PUBLIC[m[K
[36.158s]       |   [01;31m[K^~~~~~~~~~~~~~~~~~~~~~~~~~~[m[K
[36.158s]       |   [32m[Karduino_ros2_control_EXPORTS[m[K
[36.172s] [01m[K/home/pi/ros2_main/src/arduino_ros2_control/hardware/include/arduino_ros2_control/bot_syst.hpp:88:3:[m[K [01;31m[Kerror: [m[K‘[01m[Karduino_ros2_control_PUBLIC[m[K’ does not name a type; did you mean ‘[01m[Karduino_ros2_control_EXPORTS[m[K’?
[36.173s]    88 |   [01;31m[Karduino_ros2_control_PUBLIC[m[K
[36.173s]       |   [01;31m[K^~~~~~~~~~~~~~~~~~~~~~~~~~~[m[K
[36.174s]       |   [32m[Karduino_ros2_control_EXPORTS[m[K
[36.174s] [01m[K/home/pi/ros2_main/src/arduino_ros2_control/hardware/include/arduino_ros2_control/bot_syst.hpp:92:3:[m[K [01;31m[Kerror: [m[K‘[01m[Karduino_ros2_control_PUBLIC[m[K’ does not name a type; did you mean ‘[01m[Karduino_ros2_control_EXPORTS[m[K’?
[36.174s]    92 |   [01;31m[Karduino_ros2_control_PUBLIC[m[K
[36.174s]       |   [01;31m[K^~~~~~~~~~~~~~~~~~~~~~~~~~~[m[K
[36.175s]       |   [32m[Karduino_ros2_control_EXPORTS[m[K
[36.187s] [01m[K/home/pi/ros2_main/src/arduino_ros2_control/hardware/bot_syst.cpp:28:36:[m[K [01;31m[Kerror: [m[Kno declaration matches ‘[01m[Khardware_interface::CallbackReturn arduino_ros2_control::ArduinoHardware::[01;32m[Kon_init[m[K(const hardware_interface::HardwareInfo&)[m[K’
[36.196s]    28 | hardware_interface::CallbackReturn [01;31m[KArduinoHardware[m[K::on_init(
[36.198s]       |                                    [01;31m[K^~~~~~~~~~~~~~~[m[K
[36.198s] [01m[K/home/pi/ros2_main/src/arduino_ros2_control/hardware/bot_syst.cpp:28:36:[m[K [01;36m[Knote: [m[Kno functions named ‘[01m[Khardware_interface::CallbackReturn arduino_ros2_control::ArduinoHardware::[01;32m[Kon_init[m[K(const hardware_interface::HardwareInfo&)[m[K’
[36.199s] [01m[K/home/pi/ros2_main/src/arduino_ros2_control/hardware/include/arduino_ros2_control/bot_syst.hpp:39:7:[m[K [01;36m[Knote: [m[K‘[01m[Kclass arduino_ros2_control::ArduinoHardware[m[K’ defined here
[36.199s]    39 | class [01;36m[KArduinoHardware[m[K : public hardware_interface::SystemInterface
[36.199s]       |       [01;36m[K^~~~~~~~~~~~~~~[m[K
[36.199s] [01m[K/home/pi/ros2_main/src/arduino_ros2_control/hardware/bot_syst.cpp:115:49:[m[K [01;31m[Kerror: [m[Kno declaration matches ‘[01m[Kstd::vector<hardware_interface::StateInterface> arduino_ros2_control::ArduinoHardware::[01;32m[Kexport_state_interfaces[m[K()[m[K’
[36.199s]   115 | std::vector<hardware_interface::StateInterface> [01;31m[KArduinoHardware[m[K::export_state_interfaces()
[36.199s]       |                                                 [01;31m[K^~~~~~~~~~~~~~~[m[K
[36.200s] [01m[K/home/pi/ros2_main/src/arduino_ros2_control/hardware/bot_syst.cpp:115:49:[m[K [01;36m[Knote: [m[Kno functions named ‘[01m[Kstd::vector<hardware_interface::StateInterface> arduino_ros2_control::ArduinoHardware::[01;32m[Kexport_state_interfaces[m[K()[m[K’
[36.200s] [01m[K/home/pi/ros2_main/src/arduino_ros2_control/hardware/include/arduino_ros2_control/bot_syst.hpp:39:7:[m[K [01;36m[Knote: [m[K‘[01m[Kclass arduino_ros2_control::ArduinoHardware[m[K’ defined here
[36.200s]    39 | class [01;36m[KArduinoHardware[m[K : public hardware_interface::SystemInterface
[36.200s]       |       [01;36m[K^~~~~~~~~~~~~~~[m[K
[36.200s] [01m[K/home/pi/ros2_main/src/arduino_ros2_control/hardware/bot_syst.cpp:132:51:[m[K [01;31m[Kerror: [m[Kno declaration matches ‘[01m[Kstd::vector<hardware_interface::CommandInterface> arduino_ros2_control::ArduinoHardware::[01;32m[Kexport_command_interfaces[m[K()[m[K’
[36.201s]   132 | std::vector<hardware_interface::CommandInterface> [01;31m[KArduinoHardware[m[K::export_command_interfaces()
[36.201s]       |                                                   [01;31m[K^~~~~~~~~~~~~~~[m[K
[36.201s] [01m[K/home/pi/ros2_main/src/arduino_ros2_control/hardware/bot_syst.cpp:132:51:[m[K [01;36m[Knote: [m[Kno functions named ‘[01m[Kstd::vector<hardware_interface::CommandInterface> arduino_ros2_control::ArduinoHardware::[01;32m[Kexport_command_interfaces[m[K()[m[K’
[36.202s] [01m[K/home/pi/ros2_main/src/arduino_ros2_control/hardware/include/arduino_ros2_control/bot_syst.hpp:39:7:[m[K [01;36m[Knote: [m[K‘[01m[Kclass arduino_ros2_control::ArduinoHardware[m[K’ defined here
[36.202s]    39 | class [01;36m[KArduinoHardware[m[K : public hardware_interface::SystemInterface
[36.202s]       |       [01;36m[K^~~~~~~~~~~~~~~[m[K
[36.202s] [01m[K/home/pi/ros2_main/src/arduino_ros2_control/hardware/bot_syst.cpp:145:36:[m[K [01;31m[Kerror: [m[Kno declaration matches ‘[01m[Khardware_interface::CallbackReturn arduino_ros2_control::ArduinoHardware::[01;32m[Kon_configure[m[K(const rclcpp_lifecycle::State&)[m[K’
[36.202s]   145 | hardware_interface::CallbackReturn [01;31m[KArduinoHardware[m[K::on_configure(
[36.203s]       |                                    [01;31m[K^~~~~~~~~~~~~~~[m[K
[36.203s] [01m[K/home/pi/ros2_main/src/arduino_ros2_control/hardware/bot_syst.cpp:145:36:[m[K [01;36m[Knote: [m[Kno functions named ‘[01m[Khardware_interface::CallbackReturn arduino_ros2_control::ArduinoHardware::[01;32m[Kon_configure[m[K(const rclcpp_lifecycle::State&)[m[K’
[36.203s] [01m[K/home/pi/ros2_main/src/arduino_ros2_control/hardware/include/arduino_ros2_control/bot_syst.hpp:39:7:[m[K [01;36m[Knote: [m[K‘[01m[Kclass arduino_ros2_control::ArduinoHardware[m[K’ defined here
[36.203s]    39 | class [01;36m[KArduinoHardware[m[K : public hardware_interface::SystemInterface
[36.203s]       |       [01;36m[K^~~~~~~~~~~~~~~[m[K
[36.204s] [01m[K/home/pi/ros2_main/src/arduino_ros2_control/hardware/bot_syst.cpp:159:36:[m[K [01;31m[Kerror: [m[Kno declaration matches ‘[01m[Khardware_interface::CallbackReturn arduino_ros2_control::ArduinoHardware::[01;32m[Kon_cleanup[m[K(const rclcpp_lifecycle::State&)[m[K’
[36.204s]   159 | hardware_interface::CallbackReturn [01;31m[KArduinoHardware[m[K::on_cleanup(
[36.204s]       |                                    [01;31m[K^~~~~~~~~~~~~~~[m[K
[36.204s] [01m[K/home/pi/ros2_main/src/arduino_ros2_control/hardware/bot_syst.cpp:159:36:[m[K [01;36m[Knote: [m[Kno functions named ‘[01m[Khardware_interface::CallbackReturn arduino_ros2_control::ArduinoHardware::[01;32m[Kon_cleanup[m[K(const rclcpp_lifecycle::State&)[m[K’
[36.205s] [01m[K/home/pi/ros2_main/src/arduino_ros2_control/hardware/include/arduino_ros2_control/bot_syst.hpp:39:7:[m[K [01;36m[Knote: [m[K‘[01m[Kclass arduino_ros2_control::ArduinoHardware[m[K’ defined here
[36.205s]    39 | class [01;36m[KArduinoHardware[m[K : public hardware_interface::SystemInterface
[36.205s]       |       [01;36m[K^~~~~~~~~~~~~~~[m[K
[36.205s] [01m[K/home/pi/ros2_main/src/arduino_ros2_control/hardware/bot_syst.cpp:173:36:[m[K [01;31m[Kerror: [m[Kno declaration matches ‘[01m[Khardware_interface::CallbackReturn arduino_ros2_control::ArduinoHardware::[01;32m[Kon_activate[m[K(const rclcpp_lifecycle::State&)[m[K’
[36.205s]   173 | hardware_interface::CallbackReturn [01;31m[KArduinoHardware[m[K::on_activate(
[36.210s]       |                                    [01;31m[K^~~~~~~~~~~~~~~[m[K
[36.214s] [01m[K/home/pi/ros2_main/src/arduino_ros2_control/hardware/bot_syst.cpp:173:36:[m[K [01;36m[Knote: [m[Kno functions named ‘[01m[Khardware_interface::CallbackReturn arduino_ros2_control::ArduinoHardware::[01;32m[Kon_activate[m[K(const rclcpp_lifecycle::State&)[m[K’
[36.214s] [01m[K/home/pi/ros2_main/src/arduino_ros2_control/hardware/include/arduino_ros2_control/bot_syst.hpp:39:7:[m[K [01;36m[Knote: [m[K‘[01m[Kclass arduino_ros2_control::ArduinoHardware[m[K’ defined here
[36.214s]    39 | class [01;36m[KArduinoHardware[m[K : public hardware_interface::SystemInterface
[36.214s]       |       [01;36m[K^~~~~~~~~~~~~~~[m[K
[36.215s] [01m[K/home/pi/ros2_main/src/arduino_ros2_control/hardware/bot_syst.cpp:190:36:[m[K [01;31m[Kerror: [m[Kno declaration matches ‘[01m[Khardware_interface::CallbackReturn arduino_ros2_control::ArduinoHardware::[01;32m[Kon_deactivate[m[K(const rclcpp_lifecycle::State&)[m[K’
[36.215s]   190 | hardware_interface::CallbackReturn [01;31m[KArduinoHardware[m[K::on_deactivate(
[36.215s]       |                                    [01;31m[K^~~~~~~~~~~~~~~[m[K
[36.215s] [01m[K/home/pi/ros2_main/src/arduino_ros2_control/hardware/bot_syst.cpp:190:36:[m[K [01;36m[Knote: [m[Kno functions named ‘[01m[Khardware_interface::CallbackReturn arduino_ros2_control::ArduinoHardware::[01;32m[Kon_deactivate[m[K(const rclcpp_lifecycle::State&)[m[K’
[36.215s] [01m[K/home/pi/ros2_main/src/arduino_ros2_control/hardware/include/arduino_ros2_control/bot_syst.hpp:39:7:[m[K [01;36m[Knote: [m[K‘[01m[Kclass arduino_ros2_control::ArduinoHardware[m[K’ defined here
[36.215s]    39 | class [01;36m[KArduinoHardware[m[K : public hardware_interface::SystemInterface
[36.215s]       |       [01;36m[K^~~~~~~~~~~~~~~[m[K
[36.215s] [01m[K/home/pi/ros2_main/src/arduino_ros2_control/hardware/bot_syst.cpp:199:33:[m[K [01;31m[Kerror: [m[Kno declaration matches ‘[01m[Khardware_interface::return_type arduino_ros2_control::ArduinoHardware::[01;32m[Kread[m[K(const rclcpp::Time&, const rclcpp::Duration&)[m[K’
[36.216s]   199 | hardware_interface::return_type [01;31m[KArduinoHardware[m[K::read(
[36.216s]       |                                 [01;31m[K^~~~~~~~~~~~~~~[m[K
[36.217s] [01m[K/home/pi/ros2_main/src/arduino_ros2_control/hardware/bot_syst.cpp:199:33:[m[K [01;36m[Knote: [m[Kno functions named ‘[01m[Khardware_interface::return_type arduino_ros2_control::ArduinoHardware::[01;32m[Kread[m[K(const rclcpp::Time&, const rclcpp::Duration&)[m[K’
[36.217s] [01m[K/home/pi/ros2_main/src/arduino_ros2_control/hardware/include/arduino_ros2_control/bot_syst.hpp:39:7:[m[K [01;36m[Knote: [m[K‘[01m[Kclass arduino_ros2_control::ArduinoHardware[m[K’ defined here
[36.217s]    39 | class [01;36m[KArduinoHardware[m[K : public hardware_interface::SystemInterface
[36.217s]       |       [01;36m[K^~~~~~~~~~~~~~~[m[K
[36.217s] [01m[K/home/pi/ros2_main/src/arduino_ros2_control/hardware/bot_syst.cpp:222:33:[m[K [01;31m[Kerror: [m[Kno declaration matches ‘[01m[Khardware_interface::return_type arduino_ros2_control::ArduinoHardware::[01;32m[Kwrite[m[K(const rclcpp::Time&, const rclcpp::Duration&)[m[K’
[36.217s]   222 | hardware_interface::return_type [01;31m[Karduino_ros2_control[m[K ::ArduinoHardware::write(
[36.217s]       |                                 [01;31m[K^~~~~~~~~~~~~~~~~~~~[m[K
[36.218s] [01m[K/home/pi/ros2_main/src/arduino_ros2_control/hardware/bot_syst.cpp:222:33:[m[K [01;36m[Knote: [m[Kno functions named ‘[01m[Khardware_interface::return_type arduino_ros2_control::ArduinoHardware::[01;32m[Kwrite[m[K(const rclcpp::Time&, const rclcpp::Duration&)[m[K’
[36.218s] [01m[K/home/pi/ros2_main/src/arduino_ros2_control/hardware/include/arduino_ros2_control/bot_syst.hpp:39:7:[m[K [01;36m[Knote: [m[K‘[01m[Kclass arduino_ros2_control::ArduinoHardware[m[K’ defined here
[36.218s]    39 | class [01;36m[KArduinoHardware[m[K : public hardware_interface::SystemInterface
[36.218s]       |       [01;36m[K^~~~~~~~~~~~~~~[m[K
[43.825s] In file included from [01m[K/opt/ros/jazzy/include/class_loader/class_loader/class_loader_core.hpp:58[m[K,
[43.826s]                  from [01m[K/opt/ros/jazzy/include/class_loader/class_loader/class_loader.hpp:55[m[K,
[43.826s]                  from [01m[K/opt/ros/jazzy/include/pluginlib/pluginlib/class_list_macros.hpp:40[m[K,
[43.826s]                  from [01m[K/home/pi/ros2_main/src/arduino_ros2_control/hardware/bot_syst.cpp:238[m[K:
[43.827s] /opt/ros/jazzy/include/class_loader/class_loader/meta_object.hpp: In instantiation of ‘[01m[KB* class_loader::impl::MetaObject<C, B>::[01;32m[Kcreate[m[K() const [35m[K[with C = arduino_ros2_control::ArduinoHardware; B = hardware_interface::SystemInterface][m[K[m[K’:
[43.827s] [01m[K/opt/ros/jazzy/include/class_loader/class_loader/meta_object.hpp:216:7:[m[K   required from here
[43.827s] [01m[K/opt/ros/jazzy/include/class_loader/class_loader/meta_object.hpp:218:12:[m[K [01;31m[Kerror: [m[Kinvalid new-expression of abstract class type ‘[01m[Karduino_ros2_control::ArduinoHardware[m[K’
[43.827s]   218 |     return [01;31m[Knew C[m[K;
[43.828s]       |            [01;31m[K^~~~~[m[K
[43.834s] [01m[K/home/pi/ros2_main/src/arduino_ros2_control/hardware/include/arduino_ros2_control/bot_syst.hpp:39:7:[m[K [01;36m[Knote: [m[K  because the following virtual functions are pure within ‘[01m[Karduino_ros2_control::ArduinoHardware[m[K’:
[43.835s]    39 | class [01;36m[KArduinoHardware[m[K : public hardware_interface::SystemInterface
[43.835s]       |       [01;36m[K^~~~~~~~~~~~~~~[m[K
[43.835s] In file included from [01m[K/home/pi/ros2_main/src/arduino_ros2_control/hardware/include/arduino_ros2_control/bot_syst.hpp:24[m[K:
[43.835s] [01m[K/opt/ros/jazzy/include/hardware_interface/hardware_interface/system_interface.hpp:445:23:[m[K [01;36m[Knote: [m[K    ‘[01m[Kvirtual hardware_interface::return_type hardware_interface::SystemInterface::[01;32m[Kread[m[K(const rclcpp::Time&, const rclcpp::Duration&)[m[K’
[43.836s]   445 |   virtual return_type [01;36m[Kread[m[K(const rclcpp::Time & time, const rclcpp::Duration & period) = 0;
[43.836s]       |                       [01;36m[K^~~~[m[K
[43.836s] [01m[K/opt/ros/jazzy/include/hardware_interface/hardware_interface/system_interface.hpp:492:23:[m[K [01;36m[Knote: [m[K    ‘[01m[Kvirtual hardware_interface::return_type hardware_interface::SystemInterface::[01;32m[Kwrite[m[K(const rclcpp::Time&, const rclcpp::Duration&)[m[K’
[43.836s]   492 |   virtual return_type [01;36m[Kwrite[m[K(const rclcpp::Time & time, const rclcpp::Duration & period) = 0;
[43.837s]       |                       [01;36m[K^~~~~[m[K
[44.837s] gmake[2]: *** [CMakeFiles/arduino_ros2_control.dir/build.make:76: CMakeFiles/arduino_ros2_control.dir/hardware/bot_syst.cpp.o] Error 1
[44.837s] gmake[1]: *** [CMakeFiles/Makefile2:137: CMakeFiles/arduino_ros2_control.dir/all] Error 2
[44.839s] gmake: *** [Makefile:146: all] Error 2
[44.872s] Invoked command in '/home/pi/ros2_main/build/arduino_ros2_control' returned '2': CMAKE_PREFIX_PATH=${CMAKE_PREFIX_PATH}:/home/pi/ros2_main/install/your_twist_converter:/home/pi/ros2_main/install/yolo_detector:/home/pi/ros2_main/install/py_pubsub:/home/pi/ros2_main/install/nav2_simple_commander:/opt/ros/jazzy DEBUGINFOD_URLS=https://debuginfod.ubuntu.com /usr/bin/cmake --build /home/pi/ros2_main/build/arduino_ros2_control -- -j4 -l4
