[0.173s] Invoking command in '/home/pi/ros2_main/build/serial': CMAKE_PREFIX_PATH=${CMAKE_PREFIX_PATH}:/home/pi/ros2_main/install/your_twist_converter:/home/pi/ros2_main/install/yolo_detector:/home/pi/ros2_main/install/py_pubsub:/opt/ros/jazzy DEBUGINFOD_URLS=https://debuginfod.ubuntu.com /usr/bin/cmake --build /home/pi/ros2_main/build/serial -- -j4 -l4
[0.684s] [ 14%] Built target gtest_main
[0.748s] [ 42%] Built target serial
[0.757s] [ 57%] Built target gtest
[0.939s] [ 71%] Built target serial_example
[0.970s] [ 85%] Built target serial-test
[0.987s] [100%] Built target serial-test-timer
[1.558s] Invoked command in '/home/pi/ros2_main/build/serial' returned '0': CMAKE_PREFIX_PATH=${CMAKE_PREFIX_PATH}:/home/pi/ros2_main/install/your_twist_converter:/home/pi/ros2_main/install/yolo_detector:/home/pi/ros2_main/install/py_pubsub:/opt/ros/jazzy DEBUGINFOD_URLS=https://debuginfod.ubuntu.com /usr/bin/cmake --build /home/pi/ros2_main/build/serial -- -j4 -l4
[1.559s] Invoking command in '/home/pi/ros2_main/build/serial': CMAKE_PREFIX_PATH=${CMAKE_PREFIX_PATH}:/home/pi/ros2_main/install/your_twist_converter:/home/pi/ros2_main/install/yolo_detector:/home/pi/ros2_main/install/py_pubsub:/opt/ros/jazzy DEBUGINFOD_URLS=https://debuginfod.ubuntu.com /usr/bin/cmake --install /home/pi/ros2_main/build/serial
[1.640s] -- Install configuration: ""
[1.641s] -- Up-to-date: /home/pi/ros2_main/install/serial/lib/libserial.a
[1.645s] -- Up-to-date: /home/pi/ros2_main/install/serial/include/serial/serial.h
[1.645s] -- Up-to-date: /home/pi/ros2_main/install/serial/include/serial/v8stdint.h
[1.645s] -- Up-to-date: /home/pi/ros2_main/install/serial/share/serial/environment/library_path.sh
[1.645s] -- Up-to-date: /home/pi/ros2_main/install/serial/share/serial/environment/library_path.dsv
[1.646s] -- Up-to-date: /home/pi/ros2_main/install/serial/share/ament_index/resource_index/package_run_dependencies/serial
[1.646s] -- Up-to-date: /home/pi/ros2_main/install/serial/share/ament_index/resource_index/parent_prefix_path/serial
[1.646s] -- Up-to-date: /home/pi/ros2_main/install/serial/share/serial/environment/ament_prefix_path.sh
[1.646s] -- Up-to-date: /home/pi/ros2_main/install/serial/share/serial/environment/ament_prefix_path.dsv
[1.646s] -- Up-to-date: /home/pi/ros2_main/install/serial/share/serial/environment/path.sh
[1.647s] -- Up-to-date: /home/pi/ros2_main/install/serial/share/serial/environment/path.dsv
[1.654s] -- Up-to-date: /home/pi/ros2_main/install/serial/share/serial/local_setup.bash
[1.655s] -- Up-to-date: /home/pi/ros2_main/install/serial/share/serial/local_setup.sh
[1.656s] -- Up-to-date: /home/pi/ros2_main/install/serial/share/serial/local_setup.zsh
[1.657s] -- Up-to-date: /home/pi/ros2_main/install/serial/share/serial/local_setup.dsv
[1.659s] -- Installing: /home/pi/ros2_main/install/serial/share/serial/package.dsv
[1.661s] -- Up-to-date: /home/pi/ros2_main/install/serial/share/ament_index/resource_index/packages/serial
[1.664s] -- Up-to-date: /home/pi/ros2_main/install/serial/share/serial/cmake/ament_cmake_export_include_directories-extras.cmake
[1.665s] -- Up-to-date: /home/pi/ros2_main/install/serial/share/serial/cmake/ament_cmake_export_libraries-extras.cmake
[1.668s] -- Up-to-date: /home/pi/ros2_main/install/serial/share/serial/cmake/serialConfig.cmake
[1.668s] -- Up-to-date: /home/pi/ros2_main/install/serial/share/serial/cmake/serialConfig-version.cmake
[1.668s] -- Up-to-date: /home/pi/ros2_main/install/serial/share/serial/package.xml
[1.684s] Invoked command in '/home/pi/ros2_main/build/serial' returned '0': CMAKE_PREFIX_PATH=${CMAKE_PREFIX_PATH}:/home/pi/ros2_main/install/your_twist_converter:/home/pi/ros2_main/install/yolo_detector:/home/pi/ros2_main/install/py_pubsub:/opt/ros/jazzy DEBUGINFOD_URLS=https://debuginfod.ubuntu.com /usr/bin/cmake --install /home/pi/ros2_main/build/serial
