[2.223s] Invoking command in '/home/pi/ros2_main/src/your_twist_converter': DEBUGINFOD_URLS=https://debuginfod.ubuntu.com PYTHONPATH=/home/pi/ros2_main/build/your_twist_converter/prefix_override:/usr/lib/python3/dist-packages/colcon_core/task/python/colcon_distutils_commands:/home/pi/ros2_main/install/your_twist_converter/lib/python3.12/site-packages:${PYTHONPATH} /usr/bin/python3 -W ignore:setup.py install is deprecated -W ignore:easy_install command is deprecated setup.py egg_info --egg-base ../../build/your_twist_converter build --build-base /home/pi/ros2_main/build/your_twist_converter/build install --record /home/pi/ros2_main/build/your_twist_converter/install.log --single-version-externally-managed install_data
[2.825s] running egg_info
[2.857s] writing ../../build/your_twist_converter/your_twist_converter.egg-info/PKG-INFO
[2.857s] writing dependency_links to ../../build/your_twist_converter/your_twist_converter.egg-info/dependency_links.txt
[2.864s] writing entry points to ../../build/your_twist_converter/your_twist_converter.egg-info/entry_points.txt
[2.864s] writing requirements to ../../build/your_twist_converter/your_twist_converter.egg-info/requires.txt
[2.864s] writing top-level names to ../../build/your_twist_converter/your_twist_converter.egg-info/top_level.txt
[2.951s] reading manifest file '../../build/your_twist_converter/your_twist_converter.egg-info/SOURCES.txt'
[2.953s] writing manifest file '../../build/your_twist_converter/your_twist_converter.egg-info/SOURCES.txt'
[2.953s] running build
[2.954s] running build_py
[2.954s] running install
[2.967s] running install_lib
[3.009s] byte-compiling /home/pi/ros2_main/install/your_twist_converter/lib/python3.12/site-packages/your_twist_converter/twist_converter.py to twist_converter.cpython-312.pyc
[3.010s] Sorry: IndentationError: unexpected indent (twist_converter.py, line 11)
[3.010s] running install_data
[3.011s] running install_egg_info
[3.040s] removing '/home/pi/ros2_main/install/your_twist_converter/lib/python3.12/site-packages/your_twist_converter-0.0.0-py3.12.egg-info' (and everything under it)
[3.041s] Copying ../../build/your_twist_converter/your_twist_converter.egg-info to /home/pi/ros2_main/install/your_twist_converter/lib/python3.12/site-packages/your_twist_converter-0.0.0-py3.12.egg-info
[3.043s] running install_scripts
[3.260s] Installing twist_converter script to /home/pi/ros2_main/install/your_twist_converter/lib/your_twist_converter
[3.261s] writing list of installed files to '/home/pi/ros2_main/build/your_twist_converter/install.log'
[3.371s] Invoked command in '/home/pi/ros2_main/src/your_twist_converter' returned '0': DEBUGINFOD_URLS=https://debuginfod.ubuntu.com PYTHONPATH=/home/pi/ros2_main/build/your_twist_converter/prefix_override:/usr/lib/python3/dist-packages/colcon_core/task/python/colcon_distutils_commands:/home/pi/ros2_main/install/your_twist_converter/lib/python3.12/site-packages:${PYTHONPATH} /usr/bin/python3 -W ignore:setup.py install is deprecated -W ignore:easy_install command is deprecated setup.py egg_info --egg-base ../../build/your_twist_converter build --build-base /home/pi/ros2_main/build/your_twist_converter/build install --record /home/pi/ros2_main/build/your_twist_converter/install.log --single-version-externally-managed install_data
