[2.682s] Invoking command in '/home/pi/ros2_main/src/yolo_detector': DEBUGINFOD_URLS=https://debuginfod.ubuntu.com PYTHONPATH=/home/pi/ros2_main/build/yolo_detector/prefix_override:/usr/lib/python3/dist-packages/colcon_core/task/python/colcon_distutils_commands:/home/pi/ros2_main/install/yolo_detector/lib/python3.12/site-packages:${PYTHONPATH} /usr/bin/python3 -W ignore:setup.py install is deprecated -W ignore:easy_install command is deprecated setup.py egg_info --egg-base ../../build/yolo_detector build --build-base /home/pi/ros2_main/build/yolo_detector/build install --record /home/pi/ros2_main/build/yolo_detector/install.log --single-version-externally-managed install_data
[3.471s] running egg_info
[3.529s] writing ../../build/yolo_detector/yolo_detector.egg-info/PKG-INFO
[3.530s] writing dependency_links to ../../build/yolo_detector/yolo_detector.egg-info/dependency_links.txt
[3.533s] writing entry points to ../../build/yolo_detector/yolo_detector.egg-info/entry_points.txt
[3.534s] writing requirements to ../../build/yolo_detector/yolo_detector.egg-info/requires.txt
[3.535s] writing top-level names to ../../build/yolo_detector/yolo_detector.egg-info/top_level.txt
[3.608s] reading manifest file '../../build/yolo_detector/yolo_detector.egg-info/SOURCES.txt'
[3.611s] writing manifest file '../../build/yolo_detector/yolo_detector.egg-info/SOURCES.txt'
[3.611s] running build
[3.612s] running build_py
[3.612s] running install
[3.624s] running install_lib
[3.662s] running install_data
[3.662s] running install_egg_info
[3.700s] removing '/home/pi/ros2_main/install/yolo_detector/lib/python3.12/site-packages/yolo_detector-0.0.1-py3.12.egg-info' (and everything under it)
[3.701s] Copying ../../build/yolo_detector/yolo_detector.egg-info to /home/pi/ros2_main/install/yolo_detector/lib/python3.12/site-packages/yolo_detector-0.0.1-py3.12.egg-info
[3.704s] running install_scripts
[3.992s] Installing yolo_detector script to /home/pi/ros2_main/install/yolo_detector/lib/yolo_detector
[3.993s] writing list of installed files to '/home/pi/ros2_main/build/yolo_detector/install.log'
[4.130s] Invoked command in '/home/pi/ros2_main/src/yolo_detector' returned '0': DEBUGINFOD_URLS=https://debuginfod.ubuntu.com PYTHONPATH=/home/pi/ros2_main/build/yolo_detector/prefix_override:/usr/lib/python3/dist-packages/colcon_core/task/python/colcon_distutils_commands:/home/pi/ros2_main/install/yolo_detector/lib/python3.12/site-packages:${PYTHONPATH} /usr/bin/python3 -W ignore:setup.py install is deprecated -W ignore:easy_install command is deprecated setup.py egg_info --egg-base ../../build/yolo_detector build --build-base /home/pi/ros2_main/build/yolo_detector/build install --record /home/pi/ros2_main/build/yolo_detector/install.log --single-version-externally-managed install_data
