[18.427s] Invoking command in '/home/pi/ros2_main/src/yolo_detector': DEBUGINFOD_URLS=https://debuginfod.ubuntu.com PYTHONPATH=/home/pi/ros2_main/build/yolo_detector/prefix_override:/usr/lib/python3/dist-packages/colcon_core/task/python/colcon_distutils_commands:/home/pi/ros2_main/install/yolo_detector/lib/python3.12/site-packages:${PYTHONPATH} /usr/bin/python3 -W ignore:setup.py install is deprecated -W ignore:easy_install command is deprecated setup.py egg_info --egg-base ../../build/yolo_detector build --build-base /home/pi/ros2_main/build/yolo_detector/build install --record /home/pi/ros2_main/build/yolo_detector/install.log --single-version-externally-managed install_data
[21.107s] running egg_info
[21.108s] creating ../../build/yolo_detector/yolo_detector.egg-info
[21.269s] writing ../../build/yolo_detector/yolo_detector.egg-info/PKG-INFO
[21.270s] writing dependency_links to ../../build/yolo_detector/yolo_detector.egg-info/dependency_links.txt
[21.270s] writing entry points to ../../build/yolo_detector/yolo_detector.egg-info/entry_points.txt
[21.270s] writing requirements to ../../build/yolo_detector/yolo_detector.egg-info/requires.txt
[21.274s] writing top-level names to ../../build/yolo_detector/yolo_detector.egg-info/top_level.txt
[21.275s] writing manifest file '../../build/yolo_detector/yolo_detector.egg-info/SOURCES.txt'
[21.450s] reading manifest file '../../build/yolo_detector/yolo_detector.egg-info/SOURCES.txt'
[21.454s] writing manifest file '../../build/yolo_detector/yolo_detector.egg-info/SOURCES.txt'
[21.456s] running build
[21.457s] running build_py
[21.459s] creating /home/pi/ros2_main/build/yolo_detector/build
[21.460s] creating /home/pi/ros2_main/build/yolo_detector/build/lib
[21.460s] creating /home/pi/ros2_main/build/yolo_detector/build/lib/yolo_detector
[21.460s] copying yolo_detector/__init__.py -> /home/pi/ros2_main/build/yolo_detector/build/lib/yolo_detector
[21.461s] copying yolo_detector/yolo_detector.py -> /home/pi/ros2_main/build/yolo_detector/build/lib/yolo_detector
[21.461s] running install
[21.478s] running install_lib
[21.537s] creating /home/pi/ros2_main/install/yolo_detector/lib/python3.12/site-packages/yolo_detector
[21.538s] copying /home/pi/ros2_main/build/yolo_detector/build/lib/yolo_detector/__init__.py -> /home/pi/ros2_main/install/yolo_detector/lib/python3.12/site-packages/yolo_detector
[21.539s] copying /home/pi/ros2_main/build/yolo_detector/build/lib/yolo_detector/yolo_detector.py -> /home/pi/ros2_main/install/yolo_detector/lib/python3.12/site-packages/yolo_detector
[21.542s] byte-compiling /home/pi/ros2_main/install/yolo_detector/lib/python3.12/site-packages/yolo_detector/__init__.py to __init__.cpython-312.pyc
[21.543s] byte-compiling /home/pi/ros2_main/install/yolo_detector/lib/python3.12/site-packages/yolo_detector/yolo_detector.py to yolo_detector.cpython-312.pyc
[21.550s] running install_data
[21.553s] creating /home/pi/ros2_main/install/yolo_detector/share/ament_index
[21.554s] creating /home/pi/ros2_main/install/yolo_detector/share/ament_index/resource_index
[21.555s] creating /home/pi/ros2_main/install/yolo_detector/share/ament_index/resource_index/packages
[21.557s] copying resource/yolo_detector -> /home/pi/ros2_main/install/yolo_detector/share/ament_index/resource_index/packages
[21.558s] copying package.xml -> /home/pi/ros2_main/install/yolo_detector/share/yolo_detector
[21.562s] creating /home/pi/ros2_main/install/yolo_detector/share/yolo_detector/launch
[21.562s] copying launch/yolo_detector_launch.py -> /home/pi/ros2_main/install/yolo_detector/share/yolo_detector/launch
[21.563s] running install_egg_info
[21.657s] Copying ../../build/yolo_detector/yolo_detector.egg-info to /home/pi/ros2_main/install/yolo_detector/lib/python3.12/site-packages/yolo_detector-0.0.1-py3.12.egg-info
[21.664s] running install_scripts
[22.617s] Installing yolo_detector script to /home/pi/ros2_main/install/yolo_detector/lib/yolo_detector
[22.617s] writing list of installed files to '/home/pi/ros2_main/build/yolo_detector/install.log'
[23.178s] Invoked command in '/home/pi/ros2_main/src/yolo_detector' returned '0': DEBUGINFOD_URLS=https://debuginfod.ubuntu.com PYTHONPATH=/home/pi/ros2_main/build/yolo_detector/prefix_override:/usr/lib/python3/dist-packages/colcon_core/task/python/colcon_distutils_commands:/home/pi/ros2_main/install/yolo_detector/lib/python3.12/site-packages:${PYTHONPATH} /usr/bin/python3 -W ignore:setup.py install is deprecated -W ignore:easy_install command is deprecated setup.py egg_info --egg-base ../../build/yolo_detector build --build-base /home/pi/ros2_main/build/yolo_detector/build install --record /home/pi/ros2_main/build/yolo_detector/install.log --single-version-externally-managed install_data
