-- The C compiler identification is GNU 13.3.0
-- The CXX compiler identification is GNU 13.3.0
-- Detecting C compiler ABI info
-- Detecting C compiler ABI info - done
-- Check for working C compiler: /usr/bin/cc - skipped
-- Detecting C compile features
-- Detecting C compile features - done
-- Detecting CXX compiler ABI info
-- Detecting CXX compiler ABI info - done
-- Check for working CXX compiler: /usr/bin/c++ - skipped
-- Detecting CXX compile features
-- Detecting CXX compile features - done
-- Found ament_cmake: 2.5.3 (/opt/ros/jazzy/share/ament_cmake/cmake)
-- Found Python3: /usr/bin/python3 (found version "3.12.3") found components: Interpreter 
-- Found ros_gz_bridge: 1.0.7 (/opt/ros/jazzy/share/ros_gz_bridge/cmake)
-- Found rosidl_generator_c: 4.6.5 (/opt/ros/jazzy/share/rosidl_generator_c/cmake)
-- Found rosidl_generator_cpp: 4.6.5 (/opt/ros/jazzy/share/rosidl_generator_cpp/cmake)
-- Using all available rosidl_typesupport_c: rosidl_typesupport_fastrtps_c;rosidl_typesupport_introspection_c
-- Using all available rosidl_typesupport_cpp: rosidl_typesupport_fastrtps_cpp;rosidl_typesupport_introspection_cpp
-- Found rmw_implementation_cmake: 7.3.1 (/opt/ros/jazzy/share/rmw_implementation_cmake/cmake)
-- Found rmw_fastrtps_cpp: 8.4.1 (/opt/ros/jazzy/share/rmw_fastrtps_cpp/cmake)
-- Found OpenSSL: /usr/lib/x86_64-linux-gnu/libcrypto.so (found version "3.0.13")  
-- Found FastRTPS: /opt/ros/jazzy/include (Required is at least version "2.13") 
-- Using RMW implementation 'rmw_fastrtps_cpp' as default
-- Looking for gz-msgs10 -- found version 10.3.1
-- Searching for dependencies of gz-msgs10
-- Found Protobuf: /usr/lib/x86_64-linux-gnu/libprotobuf.so (found version "3.21.12") 
-- Looking for gz-utils2 -- found version 2.2.0
-- Searching for dependencies of gz-utils2
-- Looking for gz-math7 -- found version 7.5.1
-- Searching for dependencies of gz-math7
-- Looking for gz-utils2 -- found version 2.2.0
-- Checking for module 'tinyxml2'
--   Found tinyxml2, version 10.0.0
-- Looking for gz-transport13 -- found version 13.4.0
-- Searching for dependencies of gz-transport13
-- Config-file not installed for ZeroMQ -- checking for pkg-config
-- Checking for module 'libzmq >= 4'
--   Found libzmq, version 4.3.5
-- Found ZeroMQ: TRUE (Required is at least version "4") 
-- Checking for module 'uuid'
--   Found uuid, version 2.39.3
-- Found UUID: TRUE  
-- Looking for gz-utils2 -- found version 2.2.0
-- Searching for dependencies of gz-utils2
-- Searching for <gz-utils2> component [cli]
-- Looking for gz-utils2-cli -- found version 2.2.0
-- Searching for dependencies of gz-utils2-cli
-- Looking for gz-msgs10 -- found version 10.3.1
-- Found ros_gz_sim: 1.0.7 (/opt/ros/jazzy/share/ros_gz_sim/cmake)
-- Found ament_lint_auto: 0.17.1 (/opt/ros/jazzy/share/ament_lint_auto/cmake)
-- Added test 'copyright' to check source files copyright and LICENSE
-- Added test 'flake8' to check Python code syntax and style conventions
-- Configured 'flake8' exclude dirs and/or files: 
-- Added test 'lint_cmake' to check CMake code style
-- Added test 'pep257' to check Python code against some of the docstring style conventions in PEP 257
-- Added test 'xmllint' to check XML markup files
-- Configuring done (3.9s)
-- Generating done (0.0s)
-- Build files have been written to: /home/dedperded/ros2_ws_test/build/ros_mt
-- Install configuration: ""
-- Installing: /home/dedperded/ros2_ws_test/install/ros_mt/share/ros_mt/config
-- Installing: /home/dedperded/ros2_ws_test/install/ros_mt/share/ros_mt/config/gz_bridge.yaml
-- Installing: /home/dedperded/ros2_ws_test/install/ros_mt/share/ros_mt/config/robot.rviz
-- Installing: /home/dedperded/ros2_ws_test/install/ros_mt/share/ros_mt/config/config
-- Installing: /home/dedperded/ros2_ws_test/install/ros_mt/share/ros_mt/config/config/controllers.yaml
-- Installing: /home/dedperded/ros2_ws_test/install/ros_mt/share/ros_mt/description
-- Installing: /home/dedperded/ros2_ws_test/install/ros_mt/share/ros_mt/description/lidar_scanner.xacro
-- Installing: /home/dedperded/ros2_ws_test/install/ros_mt/share/ros_mt/description/robot_model.xacro
-- Installing: /home/dedperded/ros2_ws_test/install/ros_mt/share/ros_mt/description/gazebo_control.xacro
-- Installing: /home/dedperded/ros2_ws_test/install/ros_mt/share/ros_mt/description/robot.urdf.xacro
-- Installing: /home/dedperded/ros2_ws_test/install/ros_mt/share/ros_mt/launch
-- Installing: /home/dedperded/ros2_ws_test/install/ros_mt/share/ros_mt/launch/build
-- Installing: /home/dedperded/ros2_ws_test/install/ros_mt/share/ros_mt/launch/build/.built_by
-- Installing: /home/dedperded/ros2_ws_test/install/ros_mt/share/ros_mt/launch/build/COLCON_IGNORE
-- Installing: /home/dedperded/ros2_ws_test/install/ros_mt/share/ros_mt/launch/rsp.launch.py
-- Installing: /home/dedperded/ros2_ws_test/install/ros_mt/share/ros_mt/launch/log
-- Installing: /home/dedperded/ros2_ws_test/install/ros_mt/share/ros_mt/launch/log/build_2025-02-04_14-25-50
-- Installing: /home/dedperded/ros2_ws_test/install/ros_mt/share/ros_mt/launch/log/build_2025-02-04_14-25-50/logger_all.log
-- Installing: /home/dedperded/ros2_ws_test/install/ros_mt/share/ros_mt/launch/log/build_2025-02-04_14-25-50/events.log
-- Installing: /home/dedperded/ros2_ws_test/install/ros_mt/share/ros_mt/launch/log/build_2025-02-04_14-26-50
-- Installing: /home/dedperded/ros2_ws_test/install/ros_mt/share/ros_mt/launch/log/build_2025-02-04_14-26-50/logger_all.log
-- Installing: /home/dedperded/ros2_ws_test/install/ros_mt/share/ros_mt/launch/log/build_2025-02-04_14-26-50/events.log
-- Installing: /home/dedperded/ros2_ws_test/install/ros_mt/share/ros_mt/launch/log/COLCON_IGNORE
-- Installing: /home/dedperded/ros2_ws_test/install/ros_mt/share/ros_mt/launch/log/latest_build
-- Installing: /home/dedperded/ros2_ws_test/install/ros_mt/share/ros_mt/launch/launch_sim.launch.py
-- Installing: /home/dedperded/ros2_ws_test/install/ros_mt/share/ros_mt/launch/install
-- Installing: /home/dedperded/ros2_ws_test/install/ros_mt/share/ros_mt/launch/install/setup.ps1
-- Installing: /home/dedperded/ros2_ws_test/install/ros_mt/share/ros_mt/launch/install/_local_setup_util_ps1.py
-- Installing: /home/dedperded/ros2_ws_test/install/ros_mt/share/ros_mt/launch/install/.colcon_install_layout
-- Installing: /home/dedperded/ros2_ws_test/install/ros_mt/share/ros_mt/launch/install/local_setup.ps1
-- Installing: /home/dedperded/ros2_ws_test/install/ros_mt/share/ros_mt/launch/install/local_setup.sh
-- Installing: /home/dedperded/ros2_ws_test/install/ros_mt/share/ros_mt/launch/install/setup.bash
-- Installing: /home/dedperded/ros2_ws_test/install/ros_mt/share/ros_mt/launch/install/COLCON_IGNORE
-- Installing: /home/dedperded/ros2_ws_test/install/ros_mt/share/ros_mt/launch/install/_local_setup_util_sh.py
-- Installing: /home/dedperded/ros2_ws_test/install/ros_mt/share/ros_mt/launch/install/local_setup.bash
-- Installing: /home/dedperded/ros2_ws_test/install/ros_mt/share/ros_mt/launch/install/setup.zsh
-- Installing: /home/dedperded/ros2_ws_test/install/ros_mt/share/ros_mt/launch/install/local_setup.zsh
-- Installing: /home/dedperded/ros2_ws_test/install/ros_mt/share/ros_mt/launch/install/setup.sh
-- Installing: /home/dedperded/ros2_ws_test/install/ros_mt/share/ros_mt/launch/launch_sim
-- Installing: /home/dedperded/ros2_ws_test/install/ros_mt/share/ros_mt/worlds
-- Installing: /home/dedperded/ros2_ws_test/install/ros_mt/share/ros_mt/worlds/empty.world
-- Installing: /home/dedperded/ros2_ws_test/install/ros_mt/share/ros_mt/worlds/obstacles.word
-- Installing: /home/dedperded/ros2_ws_test/install/ros_mt/share/ament_index/resource_index/package_run_dependencies/ros_mt
-- Installing: /home/dedperded/ros2_ws_test/install/ros_mt/share/ament_index/resource_index/parent_prefix_path/ros_mt
-- Installing: /home/dedperded/ros2_ws_test/install/ros_mt/share/ros_mt/environment/ament_prefix_path.sh
-- Installing: /home/dedperded/ros2_ws_test/install/ros_mt/share/ros_mt/environment/ament_prefix_path.dsv
-- Installing: /home/dedperded/ros2_ws_test/install/ros_mt/share/ros_mt/environment/path.sh
-- Installing: /home/dedperded/ros2_ws_test/install/ros_mt/share/ros_mt/environment/path.dsv
-- Installing: /home/dedperded/ros2_ws_test/install/ros_mt/share/ros_mt/local_setup.bash
-- Installing: /home/dedperded/ros2_ws_test/install/ros_mt/share/ros_mt/local_setup.sh
-- Installing: /home/dedperded/ros2_ws_test/install/ros_mt/share/ros_mt/local_setup.zsh
-- Installing: /home/dedperded/ros2_ws_test/install/ros_mt/share/ros_mt/local_setup.dsv
-- Installing: /home/dedperded/ros2_ws_test/install/ros_mt/share/ros_mt/package.dsv
-- Installing: /home/dedperded/ros2_ws_test/install/ros_mt/share/ament_index/resource_index/packages/ros_mt
-- Installing: /home/dedperded/ros2_ws_test/install/ros_mt/share/ros_mt/cmake/ros_mtConfig.cmake
-- Installing: /home/dedperded/ros2_ws_test/install/ros_mt/share/ros_mt/cmake/ros_mtConfig-version.cmake
-- Installing: /home/dedperded/ros2_ws_test/install/ros_mt/share/ros_mt/package.xml
