[0.093s] DEBUG:colcon:Command line arguments: ['/usr/bin/colcon', 'build']
[0.093s] DEBUG:colcon:Parsed command line arguments: Namespace(log_base=None, log_level=None, verb_name='build', build_base='build', install_base='install', merge_install=False, symlink_install=False, test_result_base=None, continue_on_error=False, executor='parallel', parallel_workers=16, event_handlers=None, ignore_user_meta=False, metas=['./colcon.meta'], base_paths=['.'], packages_ignore=None, packages_ignore_regex=None, paths=None, packages_up_to=None, packages_up_to_regex=None, packages_above=None, packages_above_and_dependencies=None, packages_above_depth=None, packages_select_by_dep=None, packages_skip_by_dep=None, packages_skip_up_to=None, packages_select_build_failed=False, packages_skip_build_finished=False, packages_select_test_failures=False, packages_skip_test_passed=False, packages_select=None, packages_skip=None, packages_select_regex=None, packages_skip_regex=None, packages_start=None, packages_end=None, allow_overriding=[], cmake_args=None, cmake_target=None, cmake_target_skip_unavailable=False, cmake_clean_cache=False, cmake_clean_first=False, cmake_force_configure=False, ament_cmake_args=None, catkin_cmake_args=None, catkin_skip_building_tests=False, mixin_files=None, mixin=None, verb_parser=<colcon_mixin.mixin.mixin_argument.MixinArgumentDecorator object at 0x7ce0b877fb00>, verb_extension=<colcon_core.verb.build.BuildVerb object at 0x7ce0b877f7d0>, main=<bound method BuildVerb.main of <colcon_core.verb.build.BuildVerb object at 0x7ce0b877f7d0>>, mixin_verb=('build',))
[0.129s] Level 1:colcon.colcon_core.package_discovery:discover_packages(colcon_meta) check parameters
[0.129s] Level 1:colcon.colcon_core.package_discovery:discover_packages(recursive) check parameters
[0.129s] Level 1:colcon.colcon_core.package_discovery:discover_packages(ignore) check parameters
[0.129s] Level 1:colcon.colcon_core.package_discovery:discover_packages(path) check parameters
[0.129s] Level 1:colcon.colcon_core.package_discovery:discover_packages(colcon_meta) discover
[0.129s] Level 1:colcon.colcon_core.package_discovery:discover_packages(recursive) discover
[0.129s] INFO:colcon.colcon_core.package_discovery:Crawling recursively for packages in '/home/dedperded/ros2_ws_test'
[0.129s] Level 1:colcon.colcon_core.package_identification:_identify(.) by extensions ['ignore', 'ignore_ament_install']
[0.129s] Level 1:colcon.colcon_core.package_identification:_identify(.) by extension 'ignore'
[0.129s] Level 1:colcon.colcon_core.package_identification:_identify(.) by extension 'ignore_ament_install'
[0.129s] Level 1:colcon.colcon_core.package_identification:_identify(.) by extensions ['colcon_pkg']
[0.129s] Level 1:colcon.colcon_core.package_identification:_identify(.) by extension 'colcon_pkg'
[0.129s] Level 1:colcon.colcon_core.package_identification:_identify(.) by extensions ['colcon_meta']
[0.129s] Level 1:colcon.colcon_core.package_identification:_identify(.) by extension 'colcon_meta'
[0.129s] Level 1:colcon.colcon_core.package_identification:_identify(.) by extensions ['ros']
[0.130s] Level 1:colcon.colcon_core.package_identification:_identify(.) by extension 'ros'
[0.151s] Level 1:colcon.colcon_core.package_identification:_identify(.) by extensions ['cmake', 'python']
[0.151s] Level 1:colcon.colcon_core.package_identification:_identify(.) by extension 'cmake'
[0.151s] Level 1:colcon.colcon_core.package_identification:_identify(.) by extension 'python'
[0.151s] Level 1:colcon.colcon_core.package_identification:_identify(.) by extensions ['python_setup_py']
[0.152s] Level 1:colcon.colcon_core.package_identification:_identify(.) by extension 'python_setup_py'
[0.152s] Level 1:colcon.colcon_core.package_identification:_identify(build) by extensions ['ignore', 'ignore_ament_install']
[0.152s] Level 1:colcon.colcon_core.package_identification:_identify(build) by extension 'ignore'
[0.152s] Level 1:colcon.colcon_core.package_identification:_identify(build) ignored
[0.152s] Level 1:colcon.colcon_core.package_identification:_identify(install) by extensions ['ignore', 'ignore_ament_install']
[0.152s] Level 1:colcon.colcon_core.package_identification:_identify(install) by extension 'ignore'
[0.152s] Level 1:colcon.colcon_core.package_identification:_identify(install) ignored
[0.152s] Level 1:colcon.colcon_core.package_identification:_identify(log) by extensions ['ignore', 'ignore_ament_install']
[0.152s] Level 1:colcon.colcon_core.package_identification:_identify(log) by extension 'ignore'
[0.152s] Level 1:colcon.colcon_core.package_identification:_identify(log) ignored
[0.152s] Level 1:colcon.colcon_core.package_identification:_identify(src) by extensions ['ignore', 'ignore_ament_install']
[0.152s] Level 1:colcon.colcon_core.package_identification:_identify(src) by extension 'ignore'
[0.152s] Level 1:colcon.colcon_core.package_identification:_identify(src) by extension 'ignore_ament_install'
[0.152s] Level 1:colcon.colcon_core.package_identification:_identify(src) by extensions ['colcon_pkg']
[0.152s] Level 1:colcon.colcon_core.package_identification:_identify(src) by extension 'colcon_pkg'
[0.152s] Level 1:colcon.colcon_core.package_identification:_identify(src) by extensions ['colcon_meta']
[0.152s] Level 1:colcon.colcon_core.package_identification:_identify(src) by extension 'colcon_meta'
[0.153s] Level 1:colcon.colcon_core.package_identification:_identify(src) by extensions ['ros']
[0.153s] Level 1:colcon.colcon_core.package_identification:_identify(src) by extension 'ros'
[0.153s] Level 1:colcon.colcon_core.package_identification:_identify(src) by extensions ['cmake', 'python']
[0.153s] Level 1:colcon.colcon_core.package_identification:_identify(src) by extension 'cmake'
[0.153s] Level 1:colcon.colcon_core.package_identification:_identify(src) by extension 'python'
[0.153s] Level 1:colcon.colcon_core.package_identification:_identify(src) by extensions ['python_setup_py']
[0.153s] Level 1:colcon.colcon_core.package_identification:_identify(src) by extension 'python_setup_py'
[0.153s] Level 1:colcon.colcon_core.package_identification:_identify(src/diffdrive_arduino) by extensions ['ignore', 'ignore_ament_install']
[0.153s] Level 1:colcon.colcon_core.package_identification:_identify(src/diffdrive_arduino) by extension 'ignore'
[0.153s] Level 1:colcon.colcon_core.package_identification:_identify(src/diffdrive_arduino) by extension 'ignore_ament_install'
[0.153s] Level 1:colcon.colcon_core.package_identification:_identify(src/diffdrive_arduino) by extensions ['colcon_pkg']
[0.153s] Level 1:colcon.colcon_core.package_identification:_identify(src/diffdrive_arduino) by extension 'colcon_pkg'
[0.153s] Level 1:colcon.colcon_core.package_identification:_identify(src/diffdrive_arduino) by extensions ['colcon_meta']
[0.153s] Level 1:colcon.colcon_core.package_identification:_identify(src/diffdrive_arduino) by extension 'colcon_meta'
[0.153s] Level 1:colcon.colcon_core.package_identification:_identify(src/diffdrive_arduino) by extensions ['ros']
[0.153s] Level 1:colcon.colcon_core.package_identification:_identify(src/diffdrive_arduino) by extension 'ros'
[0.155s] DEBUG:colcon.colcon_core.package_identification:Package 'src/diffdrive_arduino' with type 'ros.ament_cmake' and name 'diffdrive_arduino'
[0.155s] Level 1:colcon.colcon_core.package_identification:_identify(src/ros_mt) by extensions ['ignore', 'ignore_ament_install']
[0.155s] Level 1:colcon.colcon_core.package_identification:_identify(src/ros_mt) by extension 'ignore'
[0.156s] Level 1:colcon.colcon_core.package_identification:_identify(src/ros_mt) by extension 'ignore_ament_install'
[0.156s] Level 1:colcon.colcon_core.package_identification:_identify(src/ros_mt) by extensions ['colcon_pkg']
[0.156s] Level 1:colcon.colcon_core.package_identification:_identify(src/ros_mt) by extension 'colcon_pkg'
[0.156s] Level 1:colcon.colcon_core.package_identification:_identify(src/ros_mt) by extensions ['colcon_meta']
[0.156s] Level 1:colcon.colcon_core.package_identification:_identify(src/ros_mt) by extension 'colcon_meta'
[0.156s] Level 1:colcon.colcon_core.package_identification:_identify(src/ros_mt) by extensions ['ros']
[0.156s] Level 1:colcon.colcon_core.package_identification:_identify(src/ros_mt) by extension 'ros'
[0.156s] DEBUG:colcon.colcon_core.package_identification:Package 'src/ros_mt' with type 'ros.ament_cmake' and name 'ros_mt'
[0.156s] Level 1:colcon.colcon_core.package_identification:_identify(src/rplidar_ros) by extensions ['ignore', 'ignore_ament_install']
[0.156s] Level 1:colcon.colcon_core.package_identification:_identify(src/rplidar_ros) by extension 'ignore'
[0.156s] Level 1:colcon.colcon_core.package_identification:_identify(src/rplidar_ros) by extension 'ignore_ament_install'
[0.156s] Level 1:colcon.colcon_core.package_identification:_identify(src/rplidar_ros) by extensions ['colcon_pkg']
[0.157s] Level 1:colcon.colcon_core.package_identification:_identify(src/rplidar_ros) by extension 'colcon_pkg'
[0.157s] Level 1:colcon.colcon_core.package_identification:_identify(src/rplidar_ros) by extensions ['colcon_meta']
[0.157s] Level 1:colcon.colcon_core.package_identification:_identify(src/rplidar_ros) by extension 'colcon_meta'
[0.157s] Level 1:colcon.colcon_core.package_identification:_identify(src/rplidar_ros) by extensions ['ros']
[0.157s] Level 1:colcon.colcon_core.package_identification:_identify(src/rplidar_ros) by extension 'ros'
[0.157s] DEBUG:colcon.colcon_core.package_identification:Package 'src/rplidar_ros' with type 'ros.ament_cmake' and name 'rplidar_ros'
[0.157s] Level 1:colcon.colcon_core.package_identification:_identify(src/serial) by extensions ['ignore', 'ignore_ament_install']
[0.157s] Level 1:colcon.colcon_core.package_identification:_identify(src/serial) by extension 'ignore'
[0.157s] Level 1:colcon.colcon_core.package_identification:_identify(src/serial) by extension 'ignore_ament_install'
[0.157s] Level 1:colcon.colcon_core.package_identification:_identify(src/serial) by extensions ['colcon_pkg']
[0.157s] Level 1:colcon.colcon_core.package_identification:_identify(src/serial) by extension 'colcon_pkg'
[0.157s] Level 1:colcon.colcon_core.package_identification:_identify(src/serial) by extensions ['colcon_meta']
[0.157s] Level 1:colcon.colcon_core.package_identification:_identify(src/serial) by extension 'colcon_meta'
[0.157s] Level 1:colcon.colcon_core.package_identification:_identify(src/serial) by extensions ['ros']
[0.157s] Level 1:colcon.colcon_core.package_identification:_identify(src/serial) by extension 'ros'
[0.158s] DEBUG:colcon.colcon_core.package_identification:Package 'src/serial' with type 'ros.ament_cmake' and name 'serial'
[0.158s] Level 1:colcon.colcon_core.package_discovery:discover_packages(recursive) using defaults
[0.158s] Level 1:colcon.colcon_core.package_discovery:discover_packages(ignore) discover
[0.158s] Level 1:colcon.colcon_core.package_discovery:discover_packages(ignore) using defaults
[0.158s] Level 1:colcon.colcon_core.package_discovery:discover_packages(path) discover
[0.158s] Level 1:colcon.colcon_core.package_discovery:discover_packages(path) using defaults
[0.173s] Level 1:colcon.colcon_core.package_discovery:discover_packages(prefix_path) check parameters
[0.173s] Level 1:colcon.colcon_core.package_discovery:discover_packages(prefix_path) discover
[0.174s] WARNING:colcon.colcon_ros.prefix_path.ament:The path '/home/dedperded/ros2_ws_test/install/serial' in the environment variable AMENT_PREFIX_PATH doesn't exist
[0.174s] WARNING:colcon.colcon_ros.prefix_path.ament:The path '/home/dedperded/ros2_ws_test/install/ros_mt' in the environment variable AMENT_PREFIX_PATH doesn't exist
[0.174s] WARNING:colcon.colcon_ros.prefix_path.ament:The path '/home/dedperded/ros2_ws_test/install/diffdrive_arduino' in the environment variable AMENT_PREFIX_PATH doesn't exist
[0.174s] WARNING:colcon.colcon_ros.prefix_path.ament:The path '/home/dedperded/ros2_ws_test/install/rplidar_ros' in the environment variable AMENT_PREFIX_PATH doesn't exist
[0.174s] WARNING:colcon.colcon_ros.prefix_path.catkin:The path '/home/dedperded/ros2_ws_test/install/serial' in the environment variable CMAKE_PREFIX_PATH doesn't exist
[0.175s] WARNING:colcon.colcon_ros.prefix_path.catkin:The path '/home/dedperded/ros2_ws_test/install/ros_mt' in the environment variable CMAKE_PREFIX_PATH doesn't exist
[0.175s] WARNING:colcon.colcon_ros.prefix_path.catkin:The path '/home/dedperded/ros2_ws_test/install/diffdrive_arduino' in the environment variable CMAKE_PREFIX_PATH doesn't exist
[0.175s] WARNING:colcon.colcon_ros.prefix_path.catkin:The path '/home/dedperded/ros2_ws_test/install/rplidar_ros' in the environment variable CMAKE_PREFIX_PATH doesn't exist
[0.175s] DEBUG:colcon.colcon_installed_package_information.package_discovery:Found 0 installed packages in /home/dedperded/ros2_ws_test/install
[0.176s] DEBUG:colcon.colcon_installed_package_information.package_discovery:Found 3 installed packages in /home/dedperded/ros2_ws/install
[0.176s] DEBUG:colcon.colcon_installed_package_information.package_discovery:Found 1 installed packages in /home/dedperded/dev_ws/install
[0.178s] DEBUG:colcon.colcon_installed_package_information.package_discovery:Found 378 installed packages in /opt/ros/jazzy
[0.180s] Level 1:colcon.colcon_core.package_discovery:discover_packages(prefix_path) using defaults
[0.230s] Level 5:colcon.colcon_core.verb:set package 'diffdrive_arduino' build argument 'cmake_args' from command line to 'None'
[0.230s] Level 5:colcon.colcon_core.verb:set package 'diffdrive_arduino' build argument 'cmake_target' from command line to 'None'
[0.230s] Level 5:colcon.colcon_core.verb:set package 'diffdrive_arduino' build argument 'cmake_target_skip_unavailable' from command line to 'False'
[0.230s] Level 5:colcon.colcon_core.verb:set package 'diffdrive_arduino' build argument 'cmake_clean_cache' from command line to 'False'
[0.230s] Level 5:colcon.colcon_core.verb:set package 'diffdrive_arduino' build argument 'cmake_clean_first' from command line to 'False'
[0.230s] Level 5:colcon.colcon_core.verb:set package 'diffdrive_arduino' build argument 'cmake_force_configure' from command line to 'False'
[0.230s] Level 5:colcon.colcon_core.verb:set package 'diffdrive_arduino' build argument 'ament_cmake_args' from command line to 'None'
[0.230s] Level 5:colcon.colcon_core.verb:set package 'diffdrive_arduino' build argument 'catkin_cmake_args' from command line to 'None'
[0.230s] Level 5:colcon.colcon_core.verb:set package 'diffdrive_arduino' build argument 'catkin_skip_building_tests' from command line to 'False'
[0.230s] DEBUG:colcon.colcon_core.verb:Building package 'diffdrive_arduino' with the following arguments: {'ament_cmake_args': None, 'build_base': '/home/dedperded/ros2_ws_test/build/diffdrive_arduino', 'catkin_cmake_args': None, 'catkin_skip_building_tests': False, 'cmake_args': None, 'cmake_clean_cache': False, 'cmake_clean_first': False, 'cmake_force_configure': False, 'cmake_target': None, 'cmake_target_skip_unavailable': False, 'install_base': '/home/dedperded/ros2_ws_test/install/diffdrive_arduino', 'merge_install': False, 'path': '/home/dedperded/ros2_ws_test/src/diffdrive_arduino', 'symlink_install': False, 'test_result_base': None}
[0.230s] Level 5:colcon.colcon_core.verb:set package 'ros_mt' build argument 'cmake_args' from command line to 'None'
[0.230s] Level 5:colcon.colcon_core.verb:set package 'ros_mt' build argument 'cmake_target' from command line to 'None'
[0.230s] Level 5:colcon.colcon_core.verb:set package 'ros_mt' build argument 'cmake_target_skip_unavailable' from command line to 'False'
[0.230s] Level 5:colcon.colcon_core.verb:set package 'ros_mt' build argument 'cmake_clean_cache' from command line to 'False'
[0.230s] Level 5:colcon.colcon_core.verb:set package 'ros_mt' build argument 'cmake_clean_first' from command line to 'False'
[0.230s] Level 5:colcon.colcon_core.verb:set package 'ros_mt' build argument 'cmake_force_configure' from command line to 'False'
[0.230s] Level 5:colcon.colcon_core.verb:set package 'ros_mt' build argument 'ament_cmake_args' from command line to 'None'
[0.230s] Level 5:colcon.colcon_core.verb:set package 'ros_mt' build argument 'catkin_cmake_args' from command line to 'None'
[0.230s] Level 5:colcon.colcon_core.verb:set package 'ros_mt' build argument 'catkin_skip_building_tests' from command line to 'False'
[0.230s] DEBUG:colcon.colcon_core.verb:Building package 'ros_mt' with the following arguments: {'ament_cmake_args': None, 'build_base': '/home/dedperded/ros2_ws_test/build/ros_mt', 'catkin_cmake_args': None, 'catkin_skip_building_tests': False, 'cmake_args': None, 'cmake_clean_cache': False, 'cmake_clean_first': False, 'cmake_force_configure': False, 'cmake_target': None, 'cmake_target_skip_unavailable': False, 'install_base': '/home/dedperded/ros2_ws_test/install/ros_mt', 'merge_install': False, 'path': '/home/dedperded/ros2_ws_test/src/ros_mt', 'symlink_install': False, 'test_result_base': None}
[0.230s] Level 5:colcon.colcon_core.verb:set package 'rplidar_ros' build argument 'cmake_args' from command line to 'None'
[0.231s] Level 5:colcon.colcon_core.verb:set package 'rplidar_ros' build argument 'cmake_target' from command line to 'None'
[0.231s] Level 5:colcon.colcon_core.verb:set package 'rplidar_ros' build argument 'cmake_target_skip_unavailable' from command line to 'False'
[0.231s] Level 5:colcon.colcon_core.verb:set package 'rplidar_ros' build argument 'cmake_clean_cache' from command line to 'False'
[0.231s] Level 5:colcon.colcon_core.verb:set package 'rplidar_ros' build argument 'cmake_clean_first' from command line to 'False'
[0.231s] Level 5:colcon.colcon_core.verb:set package 'rplidar_ros' build argument 'cmake_force_configure' from command line to 'False'
[0.231s] Level 5:colcon.colcon_core.verb:set package 'rplidar_ros' build argument 'ament_cmake_args' from command line to 'None'
[0.231s] Level 5:colcon.colcon_core.verb:set package 'rplidar_ros' build argument 'catkin_cmake_args' from command line to 'None'
[0.231s] Level 5:colcon.colcon_core.verb:set package 'rplidar_ros' build argument 'catkin_skip_building_tests' from command line to 'False'
[0.231s] DEBUG:colcon.colcon_core.verb:Building package 'rplidar_ros' with the following arguments: {'ament_cmake_args': None, 'build_base': '/home/dedperded/ros2_ws_test/build/rplidar_ros', 'catkin_cmake_args': None, 'catkin_skip_building_tests': False, 'cmake_args': None, 'cmake_clean_cache': False, 'cmake_clean_first': False, 'cmake_force_configure': False, 'cmake_target': None, 'cmake_target_skip_unavailable': False, 'install_base': '/home/dedperded/ros2_ws_test/install/rplidar_ros', 'merge_install': False, 'path': '/home/dedperded/ros2_ws_test/src/rplidar_ros', 'symlink_install': False, 'test_result_base': None}
[0.231s] Level 5:colcon.colcon_core.verb:set package 'serial' build argument 'cmake_args' from command line to 'None'
[0.231s] Level 5:colcon.colcon_core.verb:set package 'serial' build argument 'cmake_target' from command line to 'None'
[0.231s] Level 5:colcon.colcon_core.verb:set package 'serial' build argument 'cmake_target_skip_unavailable' from command line to 'False'
[0.231s] Level 5:colcon.colcon_core.verb:set package 'serial' build argument 'cmake_clean_cache' from command line to 'False'
[0.231s] Level 5:colcon.colcon_core.verb:set package 'serial' build argument 'cmake_clean_first' from command line to 'False'
[0.231s] Level 5:colcon.colcon_core.verb:set package 'serial' build argument 'cmake_force_configure' from command line to 'False'
[0.231s] Level 5:colcon.colcon_core.verb:set package 'serial' build argument 'ament_cmake_args' from command line to 'None'
[0.231s] Level 5:colcon.colcon_core.verb:set package 'serial' build argument 'catkin_cmake_args' from command line to 'None'
[0.231s] Level 5:colcon.colcon_core.verb:set package 'serial' build argument 'catkin_skip_building_tests' from command line to 'False'
[0.231s] DEBUG:colcon.colcon_core.verb:Building package 'serial' with the following arguments: {'ament_cmake_args': None, 'build_base': '/home/dedperded/ros2_ws_test/build/serial', 'catkin_cmake_args': None, 'catkin_skip_building_tests': False, 'cmake_args': None, 'cmake_clean_cache': False, 'cmake_clean_first': False, 'cmake_force_configure': False, 'cmake_target': None, 'cmake_target_skip_unavailable': False, 'install_base': '/home/dedperded/ros2_ws_test/install/serial', 'merge_install': False, 'path': '/home/dedperded/ros2_ws_test/src/serial', 'symlink_install': False, 'test_result_base': None}
[0.231s] INFO:colcon.colcon_core.executor:Executing jobs using 'parallel' executor
[0.232s] DEBUG:colcon.colcon_parallel_executor.executor.parallel:run_until_complete
[0.233s] INFO:colcon.colcon_ros.task.ament_cmake.build:Building ROS package in '/home/dedperded/ros2_ws_test/src/diffdrive_arduino' with build type 'ament_cmake'
[0.233s] INFO:colcon.colcon_cmake.task.cmake.build:Building CMake package in '/home/dedperded/ros2_ws_test/src/diffdrive_arduino'
[0.234s] INFO:colcon.colcon_core.plugin_system:Skipping extension 'colcon_core.shell.bat': Not used on non-Windows systems
[0.234s] INFO:colcon.colcon_core.shell:Skip shell extension 'powershell' for command environment: Not usable outside of PowerShell
[0.234s] DEBUG:colcon.colcon_core.shell:Skip shell extension 'dsv' for command environment
[0.238s] INFO:colcon.colcon_ros.task.ament_cmake.build:Building ROS package in '/home/dedperded/ros2_ws_test/src/ros_mt' with build type 'ament_cmake'
[0.239s] INFO:colcon.colcon_cmake.task.cmake.build:Building CMake package in '/home/dedperded/ros2_ws_test/src/ros_mt'
[0.239s] INFO:colcon.colcon_core.shell:Skip shell extension 'powershell' for command environment: Not usable outside of PowerShell
[0.239s] DEBUG:colcon.colcon_core.shell:Skip shell extension 'dsv' for command environment
[0.242s] INFO:colcon.colcon_ros.task.ament_cmake.build:Building ROS package in '/home/dedperded/ros2_ws_test/src/rplidar_ros' with build type 'ament_cmake'
[0.242s] INFO:colcon.colcon_cmake.task.cmake.build:Building CMake package in '/home/dedperded/ros2_ws_test/src/rplidar_ros'
[0.242s] INFO:colcon.colcon_core.shell:Skip shell extension 'powershell' for command environment: Not usable outside of PowerShell
[0.242s] DEBUG:colcon.colcon_core.shell:Skip shell extension 'dsv' for command environment
[0.247s] INFO:colcon.colcon_ros.task.ament_cmake.build:Building ROS package in '/home/dedperded/ros2_ws_test/src/serial' with build type 'ament_cmake'
[0.247s] INFO:colcon.colcon_cmake.task.cmake.build:Building CMake package in '/home/dedperded/ros2_ws_test/src/serial'
[0.247s] INFO:colcon.colcon_core.shell:Skip shell extension 'powershell' for command environment: Not usable outside of PowerShell
[0.247s] DEBUG:colcon.colcon_core.shell:Skip shell extension 'dsv' for command environment
[0.254s] DEBUG:colcon.colcon_core.event_handler.log_command:Invoking command in '/home/dedperded/ros2_ws_test/build/diffdrive_arduino': CMAKE_PREFIX_PATH=${CMAKE_PREFIX_PATH}:/opt/ros/jazzy DEBUGINFOD_URLS=https://debuginfod.ubuntu.com /usr/bin/cmake /home/dedperded/ros2_ws_test/src/diffdrive_arduino -DCMAKE_INSTALL_PREFIX=/home/dedperded/ros2_ws_test/install/diffdrive_arduino
[0.256s] DEBUG:colcon.colcon_core.event_handler.log_command:Invoking command in '/home/dedperded/ros2_ws_test/build/ros_mt': CMAKE_PREFIX_PATH=${CMAKE_PREFIX_PATH}:/opt/ros/jazzy DEBUGINFOD_URLS=https://debuginfod.ubuntu.com /usr/bin/cmake /home/dedperded/ros2_ws_test/src/ros_mt -DCMAKE_INSTALL_PREFIX=/home/dedperded/ros2_ws_test/install/ros_mt
[0.258s] DEBUG:colcon.colcon_core.event_handler.log_command:Invoking command in '/home/dedperded/ros2_ws_test/build/rplidar_ros': CMAKE_PREFIX_PATH=${CMAKE_PREFIX_PATH}:/opt/ros/jazzy DEBUGINFOD_URLS=https://debuginfod.ubuntu.com /usr/bin/cmake /home/dedperded/ros2_ws_test/src/rplidar_ros -DCMAKE_INSTALL_PREFIX=/home/dedperded/ros2_ws_test/install/rplidar_ros
[0.261s] DEBUG:colcon.colcon_core.event_handler.log_command:Invoking command in '/home/dedperded/ros2_ws_test/build/serial': CMAKE_PREFIX_PATH=${CMAKE_PREFIX_PATH}:/opt/ros/jazzy DEBUGINFOD_URLS=https://debuginfod.ubuntu.com /usr/bin/cmake /home/dedperded/ros2_ws_test/src/serial -DCMAKE_INSTALL_PREFIX=/home/dedperded/ros2_ws_test/install/serial
[1.219s] DEBUG:colcon.colcon_core.event_handler.log_command:Invoked command in '/home/dedperded/ros2_ws_test/build/serial' returned '0': CMAKE_PREFIX_PATH=${CMAKE_PREFIX_PATH}:/opt/ros/jazzy DEBUGINFOD_URLS=https://debuginfod.ubuntu.com /usr/bin/cmake /home/dedperded/ros2_ws_test/src/serial -DCMAKE_INSTALL_PREFIX=/home/dedperded/ros2_ws_test/install/serial
[1.220s] DEBUG:colcon.colcon_core.event_handler.log_command:Invoking command in '/home/dedperded/ros2_ws_test/build/serial': CMAKE_PREFIX_PATH=${CMAKE_PREFIX_PATH}:/opt/ros/jazzy DEBUGINFOD_URLS=https://debuginfod.ubuntu.com /usr/bin/cmake --build /home/dedperded/ros2_ws_test/build/serial -- -j16 -l16
[1.792s] DEBUG:colcon.colcon_core.event_handler.log_command:Invoked command in '/home/dedperded/ros2_ws_test/build/rplidar_ros' returned '0': CMAKE_PREFIX_PATH=${CMAKE_PREFIX_PATH}:/opt/ros/jazzy DEBUGINFOD_URLS=https://debuginfod.ubuntu.com /usr/bin/cmake /home/dedperded/ros2_ws_test/src/rplidar_ros -DCMAKE_INSTALL_PREFIX=/home/dedperded/ros2_ws_test/install/rplidar_ros
[1.793s] DEBUG:colcon.colcon_core.event_handler.log_command:Invoking command in '/home/dedperded/ros2_ws_test/build/rplidar_ros': CMAKE_PREFIX_PATH=${CMAKE_PREFIX_PATH}:/opt/ros/jazzy DEBUGINFOD_URLS=https://debuginfod.ubuntu.com /usr/bin/cmake --build /home/dedperded/ros2_ws_test/build/rplidar_ros -- -j16 -l16
[2.167s] DEBUG:colcon.colcon_core.event_handler.log_command:Invoked command in '/home/dedperded/ros2_ws_test/build/diffdrive_arduino' returned '0': CMAKE_PREFIX_PATH=${CMAKE_PREFIX_PATH}:/opt/ros/jazzy DEBUGINFOD_URLS=https://debuginfod.ubuntu.com /usr/bin/cmake /home/dedperded/ros2_ws_test/src/diffdrive_arduino -DCMAKE_INSTALL_PREFIX=/home/dedperded/ros2_ws_test/install/diffdrive_arduino
[2.169s] DEBUG:colcon.colcon_core.event_handler.log_command:Invoking command in '/home/dedperded/ros2_ws_test/build/diffdrive_arduino': CMAKE_PREFIX_PATH=${CMAKE_PREFIX_PATH}:/opt/ros/jazzy DEBUGINFOD_URLS=https://debuginfod.ubuntu.com /usr/bin/cmake --build /home/dedperded/ros2_ws_test/build/diffdrive_arduino -- -j16 -l16
[4.367s] DEBUG:colcon.colcon_core.event_handler.log_command:Invoked command in '/home/dedperded/ros2_ws_test/build/ros_mt' returned '0': CMAKE_PREFIX_PATH=${CMAKE_PREFIX_PATH}:/opt/ros/jazzy DEBUGINFOD_URLS=https://debuginfod.ubuntu.com /usr/bin/cmake /home/dedperded/ros2_ws_test/src/ros_mt -DCMAKE_INSTALL_PREFIX=/home/dedperded/ros2_ws_test/install/ros_mt
[4.372s] DEBUG:colcon.colcon_core.event_handler.log_command:Invoking command in '/home/dedperded/ros2_ws_test/build/ros_mt': CMAKE_PREFIX_PATH=${CMAKE_PREFIX_PATH}:/opt/ros/jazzy DEBUGINFOD_URLS=https://debuginfod.ubuntu.com /usr/bin/cmake --build /home/dedperded/ros2_ws_test/build/ros_mt -- -j16 -l16
[4.579s] DEBUG:colcon.colcon_core.event_handler.log_command:Invoked command in '/home/dedperded/ros2_ws_test/build/ros_mt' returned '0': CMAKE_PREFIX_PATH=${CMAKE_PREFIX_PATH}:/opt/ros/jazzy DEBUGINFOD_URLS=https://debuginfod.ubuntu.com /usr/bin/cmake --build /home/dedperded/ros2_ws_test/build/ros_mt -- -j16 -l16
[4.633s] DEBUG:colcon.colcon_core.event_handler.log_command:Invoking command in '/home/dedperded/ros2_ws_test/build/ros_mt': CMAKE_PREFIX_PATH=${CMAKE_PREFIX_PATH}:/opt/ros/jazzy DEBUGINFOD_URLS=https://debuginfod.ubuntu.com /usr/bin/cmake --install /home/dedperded/ros2_ws_test/build/ros_mt
[4.707s] Level 1:colcon.colcon_core.environment:create_environment_scripts_only(ros_mt)
[4.717s] Level 1:colcon.colcon_core.environment:checking '/home/dedperded/ros2_ws_test/install/ros_mt' for CMake module files
[4.718s] DEBUG:colcon.colcon_core.event_handler.log_command:Invoked command in '/home/dedperded/ros2_ws_test/build/ros_mt' returned '0': CMAKE_PREFIX_PATH=${CMAKE_PREFIX_PATH}:/opt/ros/jazzy DEBUGINFOD_URLS=https://debuginfod.ubuntu.com /usr/bin/cmake --install /home/dedperded/ros2_ws_test/build/ros_mt
[4.719s] Level 1:colcon.colcon_core.environment:checking '/home/dedperded/ros2_ws_test/install/ros_mt' for CMake config files
[4.719s] Level 1:colcon.colcon_core.shell:create_environment_hook('ros_mt', 'cmake_prefix_path')
[4.720s] INFO:colcon.colcon_core.shell:Creating environment hook '/home/dedperded/ros2_ws_test/install/ros_mt/share/ros_mt/hook/cmake_prefix_path.ps1'
[4.724s] INFO:colcon.colcon_core.shell:Creating environment descriptor '/home/dedperded/ros2_ws_test/install/ros_mt/share/ros_mt/hook/cmake_prefix_path.dsv'
[4.725s] INFO:colcon.colcon_core.shell:Creating environment hook '/home/dedperded/ros2_ws_test/install/ros_mt/share/ros_mt/hook/cmake_prefix_path.sh'
[4.726s] Level 1:colcon.colcon_core.environment:checking '/home/dedperded/ros2_ws_test/install/ros_mt/bin'
[4.727s] Level 1:colcon.colcon_core.environment:checking '/home/dedperded/ros2_ws_test/install/ros_mt/lib/pkgconfig/ros_mt.pc'
[4.730s] Level 1:colcon.colcon_core.environment:checking '/home/dedperded/ros2_ws_test/install/ros_mt/lib/python3.12/site-packages'
[4.731s] Level 1:colcon.colcon_core.environment:checking '/home/dedperded/ros2_ws_test/install/ros_mt/bin'
[4.731s] INFO:colcon.colcon_core.shell:Creating package script '/home/dedperded/ros2_ws_test/install/ros_mt/share/ros_mt/package.ps1'
[4.733s] INFO:colcon.colcon_core.shell:Creating package descriptor '/home/dedperded/ros2_ws_test/install/ros_mt/share/ros_mt/package.dsv'
[4.737s] INFO:colcon.colcon_core.shell:Creating package script '/home/dedperded/ros2_ws_test/install/ros_mt/share/ros_mt/package.sh'
[4.739s] INFO:colcon.colcon_core.shell:Creating package script '/home/dedperded/ros2_ws_test/install/ros_mt/share/ros_mt/package.bash'
[4.740s] INFO:colcon.colcon_core.shell:Creating package script '/home/dedperded/ros2_ws_test/install/ros_mt/share/ros_mt/package.zsh'
[4.741s] Level 1:colcon.colcon_core.environment:create_file_with_runtime_dependencies(/home/dedperded/ros2_ws_test/install/ros_mt/share/colcon-core/packages/ros_mt)
[4.747s] Level 1:colcon.colcon_core.environment:create_environment_scripts_only(ros_mt)
[4.748s] Level 1:colcon.colcon_core.environment:checking '/home/dedperded/ros2_ws_test/install/ros_mt' for CMake module files
[4.749s] Level 1:colcon.colcon_core.environment:checking '/home/dedperded/ros2_ws_test/install/ros_mt' for CMake config files
[4.749s] Level 1:colcon.colcon_core.shell:create_environment_hook('ros_mt', 'cmake_prefix_path')
[4.749s] INFO:colcon.colcon_core.shell:Creating environment hook '/home/dedperded/ros2_ws_test/install/ros_mt/share/ros_mt/hook/cmake_prefix_path.ps1'
[4.751s] INFO:colcon.colcon_core.shell:Creating environment descriptor '/home/dedperded/ros2_ws_test/install/ros_mt/share/ros_mt/hook/cmake_prefix_path.dsv'
[4.752s] INFO:colcon.colcon_core.shell:Creating environment hook '/home/dedperded/ros2_ws_test/install/ros_mt/share/ros_mt/hook/cmake_prefix_path.sh'
[4.753s] Level 1:colcon.colcon_core.environment:checking '/home/dedperded/ros2_ws_test/install/ros_mt/bin'
[4.753s] Level 1:colcon.colcon_core.environment:checking '/home/dedperded/ros2_ws_test/install/ros_mt/lib/pkgconfig/ros_mt.pc'
[4.754s] Level 1:colcon.colcon_core.environment:checking '/home/dedperded/ros2_ws_test/install/ros_mt/lib/python3.12/site-packages'
[4.754s] Level 1:colcon.colcon_core.environment:checking '/home/dedperded/ros2_ws_test/install/ros_mt/bin'
[4.754s] INFO:colcon.colcon_core.shell:Creating package script '/home/dedperded/ros2_ws_test/install/ros_mt/share/ros_mt/package.ps1'
[4.755s] INFO:colcon.colcon_core.shell:Creating package descriptor '/home/dedperded/ros2_ws_test/install/ros_mt/share/ros_mt/package.dsv'
[4.756s] INFO:colcon.colcon_core.shell:Creating package script '/home/dedperded/ros2_ws_test/install/ros_mt/share/ros_mt/package.sh'
[4.759s] INFO:colcon.colcon_core.shell:Creating package script '/home/dedperded/ros2_ws_test/install/ros_mt/share/ros_mt/package.bash'
[4.760s] INFO:colcon.colcon_core.shell:Creating package script '/home/dedperded/ros2_ws_test/install/ros_mt/share/ros_mt/package.zsh'
[4.760s] Level 1:colcon.colcon_core.environment:create_file_with_runtime_dependencies(/home/dedperded/ros2_ws_test/install/ros_mt/share/colcon-core/packages/ros_mt)
[8.643s] DEBUG:colcon.colcon_core.event_handler.log_command:Invoked command in '/home/dedperded/ros2_ws_test/build/serial' returned '0': CMAKE_PREFIX_PATH=${CMAKE_PREFIX_PATH}:/opt/ros/jazzy DEBUGINFOD_URLS=https://debuginfod.ubuntu.com /usr/bin/cmake --build /home/dedperded/ros2_ws_test/build/serial -- -j16 -l16
[8.645s] DEBUG:colcon.colcon_core.event_handler.log_command:Invoking command in '/home/dedperded/ros2_ws_test/build/serial': CMAKE_PREFIX_PATH=${CMAKE_PREFIX_PATH}:/opt/ros/jazzy DEBUGINFOD_URLS=https://debuginfod.ubuntu.com /usr/bin/cmake --install /home/dedperded/ros2_ws_test/build/serial
[8.667s] Level 1:colcon.colcon_core.environment:create_environment_scripts_only(serial)
[8.667s] Level 1:colcon.colcon_core.environment:checking '/home/dedperded/ros2_ws_test/install/serial' for CMake module files
[8.668s] DEBUG:colcon.colcon_core.event_handler.log_command:Invoked command in '/home/dedperded/ros2_ws_test/build/serial' returned '0': CMAKE_PREFIX_PATH=${CMAKE_PREFIX_PATH}:/opt/ros/jazzy DEBUGINFOD_URLS=https://debuginfod.ubuntu.com /usr/bin/cmake --install /home/dedperded/ros2_ws_test/build/serial
[8.669s] Level 1:colcon.colcon_core.environment:checking '/home/dedperded/ros2_ws_test/install/serial' for CMake config files
[8.669s] Level 1:colcon.colcon_core.shell:create_environment_hook('serial', 'cmake_prefix_path')
[8.669s] INFO:colcon.colcon_core.shell:Creating environment hook '/home/dedperded/ros2_ws_test/install/serial/share/serial/hook/cmake_prefix_path.ps1'
[8.670s] INFO:colcon.colcon_core.shell:Creating environment descriptor '/home/dedperded/ros2_ws_test/install/serial/share/serial/hook/cmake_prefix_path.dsv'
[8.670s] INFO:colcon.colcon_core.shell:Creating environment hook '/home/dedperded/ros2_ws_test/install/serial/share/serial/hook/cmake_prefix_path.sh'
[8.671s] Level 1:colcon.colcon_core.environment:checking '/home/dedperded/ros2_ws_test/install/serial/lib'
[8.671s] Level 1:colcon.colcon_core.environment:checking '/home/dedperded/ros2_ws_test/install/serial/bin'
[8.671s] Level 1:colcon.colcon_core.environment:checking '/home/dedperded/ros2_ws_test/install/serial/lib/pkgconfig/serial.pc'
[8.671s] Level 1:colcon.colcon_core.environment:checking '/home/dedperded/ros2_ws_test/install/serial/lib/python3.12/site-packages'
[8.672s] Level 1:colcon.colcon_core.environment:checking '/home/dedperded/ros2_ws_test/install/serial/bin'
[8.672s] INFO:colcon.colcon_core.shell:Creating package script '/home/dedperded/ros2_ws_test/install/serial/share/serial/package.ps1'
[8.672s] INFO:colcon.colcon_core.shell:Creating package descriptor '/home/dedperded/ros2_ws_test/install/serial/share/serial/package.dsv'
[8.673s] INFO:colcon.colcon_core.shell:Creating package script '/home/dedperded/ros2_ws_test/install/serial/share/serial/package.sh'
[8.673s] INFO:colcon.colcon_core.shell:Creating package script '/home/dedperded/ros2_ws_test/install/serial/share/serial/package.bash'
[8.673s] INFO:colcon.colcon_core.shell:Creating package script '/home/dedperded/ros2_ws_test/install/serial/share/serial/package.zsh'
[8.674s] Level 1:colcon.colcon_core.environment:create_file_with_runtime_dependencies(/home/dedperded/ros2_ws_test/install/serial/share/colcon-core/packages/serial)
[8.674s] Level 1:colcon.colcon_core.environment:create_environment_scripts_only(serial)
[8.675s] Level 1:colcon.colcon_core.environment:checking '/home/dedperded/ros2_ws_test/install/serial' for CMake module files
[8.675s] Level 1:colcon.colcon_core.environment:checking '/home/dedperded/ros2_ws_test/install/serial' for CMake config files
[8.675s] Level 1:colcon.colcon_core.shell:create_environment_hook('serial', 'cmake_prefix_path')
[8.676s] INFO:colcon.colcon_core.shell:Creating environment hook '/home/dedperded/ros2_ws_test/install/serial/share/serial/hook/cmake_prefix_path.ps1'
[8.676s] INFO:colcon.colcon_core.shell:Creating environment descriptor '/home/dedperded/ros2_ws_test/install/serial/share/serial/hook/cmake_prefix_path.dsv'
[8.676s] INFO:colcon.colcon_core.shell:Creating environment hook '/home/dedperded/ros2_ws_test/install/serial/share/serial/hook/cmake_prefix_path.sh'
[8.677s] Level 1:colcon.colcon_core.environment:checking '/home/dedperded/ros2_ws_test/install/serial/lib'
[8.677s] Level 1:colcon.colcon_core.environment:checking '/home/dedperded/ros2_ws_test/install/serial/bin'
[8.677s] Level 1:colcon.colcon_core.environment:checking '/home/dedperded/ros2_ws_test/install/serial/lib/pkgconfig/serial.pc'
[8.677s] Level 1:colcon.colcon_core.environment:checking '/home/dedperded/ros2_ws_test/install/serial/lib/python3.12/site-packages'
[8.677s] Level 1:colcon.colcon_core.environment:checking '/home/dedperded/ros2_ws_test/install/serial/bin'
[8.678s] INFO:colcon.colcon_core.shell:Creating package script '/home/dedperded/ros2_ws_test/install/serial/share/serial/package.ps1'
[8.678s] INFO:colcon.colcon_core.shell:Creating package descriptor '/home/dedperded/ros2_ws_test/install/serial/share/serial/package.dsv'
[8.679s] INFO:colcon.colcon_core.shell:Creating package script '/home/dedperded/ros2_ws_test/install/serial/share/serial/package.sh'
[8.679s] INFO:colcon.colcon_core.shell:Creating package script '/home/dedperded/ros2_ws_test/install/serial/share/serial/package.bash'
[8.680s] INFO:colcon.colcon_core.shell:Creating package script '/home/dedperded/ros2_ws_test/install/serial/share/serial/package.zsh'
[8.680s] Level 1:colcon.colcon_core.environment:create_file_with_runtime_dependencies(/home/dedperded/ros2_ws_test/install/serial/share/colcon-core/packages/serial)
[9.156s] DEBUG:colcon.colcon_core.event_handler.log_command:Invoked command in '/home/dedperded/ros2_ws_test/build/diffdrive_arduino' returned '0': CMAKE_PREFIX_PATH=${CMAKE_PREFIX_PATH}:/opt/ros/jazzy DEBUGINFOD_URLS=https://debuginfod.ubuntu.com /usr/bin/cmake --build /home/dedperded/ros2_ws_test/build/diffdrive_arduino -- -j16 -l16
[9.157s] DEBUG:colcon.colcon_core.event_handler.log_command:Invoking command in '/home/dedperded/ros2_ws_test/build/diffdrive_arduino': CMAKE_PREFIX_PATH=${CMAKE_PREFIX_PATH}:/opt/ros/jazzy DEBUGINFOD_URLS=https://debuginfod.ubuntu.com /usr/bin/cmake --install /home/dedperded/ros2_ws_test/build/diffdrive_arduino
[9.178s] Level 1:colcon.colcon_core.environment:create_environment_scripts_only(diffdrive_arduino)
[9.178s] DEBUG:colcon.colcon_core.event_handler.log_command:Invoked command in '/home/dedperded/ros2_ws_test/build/diffdrive_arduino' returned '0': CMAKE_PREFIX_PATH=${CMAKE_PREFIX_PATH}:/opt/ros/jazzy DEBUGINFOD_URLS=https://debuginfod.ubuntu.com /usr/bin/cmake --install /home/dedperded/ros2_ws_test/build/diffdrive_arduino
[9.178s] Level 1:colcon.colcon_core.environment:checking '/home/dedperded/ros2_ws_test/install/diffdrive_arduino' for CMake module files
[9.179s] Level 1:colcon.colcon_core.environment:checking '/home/dedperded/ros2_ws_test/install/diffdrive_arduino' for CMake config files
[9.179s] Level 1:colcon.colcon_core.shell:create_environment_hook('diffdrive_arduino', 'cmake_prefix_path')
[9.180s] INFO:colcon.colcon_core.shell:Creating environment hook '/home/dedperded/ros2_ws_test/install/diffdrive_arduino/share/diffdrive_arduino/hook/cmake_prefix_path.ps1'
[9.180s] INFO:colcon.colcon_core.shell:Creating environment descriptor '/home/dedperded/ros2_ws_test/install/diffdrive_arduino/share/diffdrive_arduino/hook/cmake_prefix_path.dsv'
[9.180s] INFO:colcon.colcon_core.shell:Creating environment hook '/home/dedperded/ros2_ws_test/install/diffdrive_arduino/share/diffdrive_arduino/hook/cmake_prefix_path.sh'
[9.181s] Level 1:colcon.colcon_core.environment:checking '/home/dedperded/ros2_ws_test/install/diffdrive_arduino/lib'
[9.181s] Level 1:colcon.colcon_core.shell:create_environment_hook('diffdrive_arduino', 'ld_library_path_lib')
[9.181s] INFO:colcon.colcon_core.shell:Creating environment hook '/home/dedperded/ros2_ws_test/install/diffdrive_arduino/share/diffdrive_arduino/hook/ld_library_path_lib.ps1'
[9.181s] INFO:colcon.colcon_core.shell:Creating environment descriptor '/home/dedperded/ros2_ws_test/install/diffdrive_arduino/share/diffdrive_arduino/hook/ld_library_path_lib.dsv'
[9.182s] INFO:colcon.colcon_core.shell:Creating environment hook '/home/dedperded/ros2_ws_test/install/diffdrive_arduino/share/diffdrive_arduino/hook/ld_library_path_lib.sh'
[9.182s] Level 1:colcon.colcon_core.environment:checking '/home/dedperded/ros2_ws_test/install/diffdrive_arduino/bin'
[9.182s] Level 1:colcon.colcon_core.environment:checking '/home/dedperded/ros2_ws_test/install/diffdrive_arduino/lib/pkgconfig/diffdrive_arduino.pc'
[9.182s] Level 1:colcon.colcon_core.environment:checking '/home/dedperded/ros2_ws_test/install/diffdrive_arduino/lib/python3.12/site-packages'
[9.182s] Level 1:colcon.colcon_core.environment:checking '/home/dedperded/ros2_ws_test/install/diffdrive_arduino/bin'
[9.183s] INFO:colcon.colcon_core.shell:Creating package script '/home/dedperded/ros2_ws_test/install/diffdrive_arduino/share/diffdrive_arduino/package.ps1'
[9.183s] INFO:colcon.colcon_core.shell:Creating package descriptor '/home/dedperded/ros2_ws_test/install/diffdrive_arduino/share/diffdrive_arduino/package.dsv'
[9.183s] INFO:colcon.colcon_core.shell:Creating package script '/home/dedperded/ros2_ws_test/install/diffdrive_arduino/share/diffdrive_arduino/package.sh'
[9.184s] INFO:colcon.colcon_core.shell:Creating package script '/home/dedperded/ros2_ws_test/install/diffdrive_arduino/share/diffdrive_arduino/package.bash'
[9.184s] INFO:colcon.colcon_core.shell:Creating package script '/home/dedperded/ros2_ws_test/install/diffdrive_arduino/share/diffdrive_arduino/package.zsh'
[9.184s] Level 1:colcon.colcon_core.environment:create_file_with_runtime_dependencies(/home/dedperded/ros2_ws_test/install/diffdrive_arduino/share/colcon-core/packages/diffdrive_arduino)
[9.185s] Level 1:colcon.colcon_core.environment:create_environment_scripts_only(diffdrive_arduino)
[9.185s] Level 1:colcon.colcon_core.environment:checking '/home/dedperded/ros2_ws_test/install/diffdrive_arduino' for CMake module files
[9.185s] Level 1:colcon.colcon_core.environment:checking '/home/dedperded/ros2_ws_test/install/diffdrive_arduino' for CMake config files
[9.186s] Level 1:colcon.colcon_core.shell:create_environment_hook('diffdrive_arduino', 'cmake_prefix_path')
[9.186s] INFO:colcon.colcon_core.shell:Creating environment hook '/home/dedperded/ros2_ws_test/install/diffdrive_arduino/share/diffdrive_arduino/hook/cmake_prefix_path.ps1'
[9.186s] INFO:colcon.colcon_core.shell:Creating environment descriptor '/home/dedperded/ros2_ws_test/install/diffdrive_arduino/share/diffdrive_arduino/hook/cmake_prefix_path.dsv'
[9.186s] INFO:colcon.colcon_core.shell:Creating environment hook '/home/dedperded/ros2_ws_test/install/diffdrive_arduino/share/diffdrive_arduino/hook/cmake_prefix_path.sh'
[9.187s] Level 1:colcon.colcon_core.environment:checking '/home/dedperded/ros2_ws_test/install/diffdrive_arduino/lib'
[9.187s] Level 1:colcon.colcon_core.shell:create_environment_hook('diffdrive_arduino', 'ld_library_path_lib')
[9.187s] INFO:colcon.colcon_core.shell:Creating environment hook '/home/dedperded/ros2_ws_test/install/diffdrive_arduino/share/diffdrive_arduino/hook/ld_library_path_lib.ps1'
[9.187s] INFO:colcon.colcon_core.shell:Creating environment descriptor '/home/dedperded/ros2_ws_test/install/diffdrive_arduino/share/diffdrive_arduino/hook/ld_library_path_lib.dsv'
[9.188s] INFO:colcon.colcon_core.shell:Creating environment hook '/home/dedperded/ros2_ws_test/install/diffdrive_arduino/share/diffdrive_arduino/hook/ld_library_path_lib.sh'
[9.188s] Level 1:colcon.colcon_core.environment:checking '/home/dedperded/ros2_ws_test/install/diffdrive_arduino/bin'
[9.188s] Level 1:colcon.colcon_core.environment:checking '/home/dedperded/ros2_ws_test/install/diffdrive_arduino/lib/pkgconfig/diffdrive_arduino.pc'
[9.188s] Level 1:colcon.colcon_core.environment:checking '/home/dedperded/ros2_ws_test/install/diffdrive_arduino/lib/python3.12/site-packages'
[9.188s] Level 1:colcon.colcon_core.environment:checking '/home/dedperded/ros2_ws_test/install/diffdrive_arduino/bin'
[9.189s] INFO:colcon.colcon_core.shell:Creating package script '/home/dedperded/ros2_ws_test/install/diffdrive_arduino/share/diffdrive_arduino/package.ps1'
[9.189s] INFO:colcon.colcon_core.shell:Creating package descriptor '/home/dedperded/ros2_ws_test/install/diffdrive_arduino/share/diffdrive_arduino/package.dsv'
[9.190s] INFO:colcon.colcon_core.shell:Creating package script '/home/dedperded/ros2_ws_test/install/diffdrive_arduino/share/diffdrive_arduino/package.sh'
[9.190s] INFO:colcon.colcon_core.shell:Creating package script '/home/dedperded/ros2_ws_test/install/diffdrive_arduino/share/diffdrive_arduino/package.bash'
[9.190s] INFO:colcon.colcon_core.shell:Creating package script '/home/dedperded/ros2_ws_test/install/diffdrive_arduino/share/diffdrive_arduino/package.zsh'
[9.191s] Level 1:colcon.colcon_core.environment:create_file_with_runtime_dependencies(/home/dedperded/ros2_ws_test/install/diffdrive_arduino/share/colcon-core/packages/diffdrive_arduino)
[11.730s] DEBUG:colcon.colcon_core.event_handler.log_command:Invoked command in '/home/dedperded/ros2_ws_test/build/rplidar_ros' returned '0': CMAKE_PREFIX_PATH=${CMAKE_PREFIX_PATH}:/opt/ros/jazzy DEBUGINFOD_URLS=https://debuginfod.ubuntu.com /usr/bin/cmake --build /home/dedperded/ros2_ws_test/build/rplidar_ros -- -j16 -l16
[11.731s] DEBUG:colcon.colcon_core.event_handler.log_command:Invoking command in '/home/dedperded/ros2_ws_test/build/rplidar_ros': CMAKE_PREFIX_PATH=${CMAKE_PREFIX_PATH}:/opt/ros/jazzy DEBUGINFOD_URLS=https://debuginfod.ubuntu.com /usr/bin/cmake --install /home/dedperded/ros2_ws_test/build/rplidar_ros
[11.761s] Level 1:colcon.colcon_core.environment:create_environment_scripts_only(rplidar_ros)
[11.762s] Level 1:colcon.colcon_core.environment:checking '/home/dedperded/ros2_ws_test/install/rplidar_ros' for CMake module files
[11.762s] DEBUG:colcon.colcon_core.event_handler.log_command:Invoked command in '/home/dedperded/ros2_ws_test/build/rplidar_ros' returned '0': CMAKE_PREFIX_PATH=${CMAKE_PREFIX_PATH}:/opt/ros/jazzy DEBUGINFOD_URLS=https://debuginfod.ubuntu.com /usr/bin/cmake --install /home/dedperded/ros2_ws_test/build/rplidar_ros
[11.762s] Level 1:colcon.colcon_core.environment:checking '/home/dedperded/ros2_ws_test/install/rplidar_ros' for CMake config files
[11.763s] Level 1:colcon.colcon_core.shell:create_environment_hook('rplidar_ros', 'cmake_prefix_path')
[11.763s] INFO:colcon.colcon_core.shell:Creating environment hook '/home/dedperded/ros2_ws_test/install/rplidar_ros/share/rplidar_ros/hook/cmake_prefix_path.ps1'
[11.763s] INFO:colcon.colcon_core.shell:Creating environment descriptor '/home/dedperded/ros2_ws_test/install/rplidar_ros/share/rplidar_ros/hook/cmake_prefix_path.dsv'
[11.764s] INFO:colcon.colcon_core.shell:Creating environment hook '/home/dedperded/ros2_ws_test/install/rplidar_ros/share/rplidar_ros/hook/cmake_prefix_path.sh'
[11.764s] Level 1:colcon.colcon_core.environment:checking '/home/dedperded/ros2_ws_test/install/rplidar_ros/lib'
[11.764s] Level 1:colcon.colcon_core.environment:checking '/home/dedperded/ros2_ws_test/install/rplidar_ros/bin'
[11.764s] Level 1:colcon.colcon_core.environment:checking '/home/dedperded/ros2_ws_test/install/rplidar_ros/lib/pkgconfig/rplidar_ros.pc'
[11.764s] Level 1:colcon.colcon_core.environment:checking '/home/dedperded/ros2_ws_test/install/rplidar_ros/lib/python3.12/site-packages'
[11.765s] Level 1:colcon.colcon_core.environment:checking '/home/dedperded/ros2_ws_test/install/rplidar_ros/bin'
[11.765s] INFO:colcon.colcon_core.shell:Creating package script '/home/dedperded/ros2_ws_test/install/rplidar_ros/share/rplidar_ros/package.ps1'
[11.765s] INFO:colcon.colcon_core.shell:Creating package descriptor '/home/dedperded/ros2_ws_test/install/rplidar_ros/share/rplidar_ros/package.dsv'
[11.766s] INFO:colcon.colcon_core.shell:Creating package script '/home/dedperded/ros2_ws_test/install/rplidar_ros/share/rplidar_ros/package.sh'
[11.766s] INFO:colcon.colcon_core.shell:Creating package script '/home/dedperded/ros2_ws_test/install/rplidar_ros/share/rplidar_ros/package.bash'
[11.766s] INFO:colcon.colcon_core.shell:Creating package script '/home/dedperded/ros2_ws_test/install/rplidar_ros/share/rplidar_ros/package.zsh'
[11.766s] Level 1:colcon.colcon_core.environment:create_file_with_runtime_dependencies(/home/dedperded/ros2_ws_test/install/rplidar_ros/share/colcon-core/packages/rplidar_ros)
[11.767s] Level 1:colcon.colcon_core.environment:create_environment_scripts_only(rplidar_ros)
[11.767s] Level 1:colcon.colcon_core.environment:checking '/home/dedperded/ros2_ws_test/install/rplidar_ros' for CMake module files
[11.767s] Level 1:colcon.colcon_core.environment:checking '/home/dedperded/ros2_ws_test/install/rplidar_ros' for CMake config files
[11.768s] Level 1:colcon.colcon_core.shell:create_environment_hook('rplidar_ros', 'cmake_prefix_path')
[11.768s] INFO:colcon.colcon_core.shell:Creating environment hook '/home/dedperded/ros2_ws_test/install/rplidar_ros/share/rplidar_ros/hook/cmake_prefix_path.ps1'
[11.768s] INFO:colcon.colcon_core.shell:Creating environment descriptor '/home/dedperded/ros2_ws_test/install/rplidar_ros/share/rplidar_ros/hook/cmake_prefix_path.dsv'
[11.768s] INFO:colcon.colcon_core.shell:Creating environment hook '/home/dedperded/ros2_ws_test/install/rplidar_ros/share/rplidar_ros/hook/cmake_prefix_path.sh'
[11.769s] Level 1:colcon.colcon_core.environment:checking '/home/dedperded/ros2_ws_test/install/rplidar_ros/lib'
[11.769s] Level 1:colcon.colcon_core.environment:checking '/home/dedperded/ros2_ws_test/install/rplidar_ros/bin'
[11.769s] Level 1:colcon.colcon_core.environment:checking '/home/dedperded/ros2_ws_test/install/rplidar_ros/lib/pkgconfig/rplidar_ros.pc'
[11.769s] Level 1:colcon.colcon_core.environment:checking '/home/dedperded/ros2_ws_test/install/rplidar_ros/lib/python3.12/site-packages'
[11.769s] Level 1:colcon.colcon_core.environment:checking '/home/dedperded/ros2_ws_test/install/rplidar_ros/bin'
[11.770s] INFO:colcon.colcon_core.shell:Creating package script '/home/dedperded/ros2_ws_test/install/rplidar_ros/share/rplidar_ros/package.ps1'
[11.770s] INFO:colcon.colcon_core.shell:Creating package descriptor '/home/dedperded/ros2_ws_test/install/rplidar_ros/share/rplidar_ros/package.dsv'
[11.770s] INFO:colcon.colcon_core.shell:Creating package script '/home/dedperded/ros2_ws_test/install/rplidar_ros/share/rplidar_ros/package.sh'
[11.771s] INFO:colcon.colcon_core.shell:Creating package script '/home/dedperded/ros2_ws_test/install/rplidar_ros/share/rplidar_ros/package.bash'
[11.771s] INFO:colcon.colcon_core.shell:Creating package script '/home/dedperded/ros2_ws_test/install/rplidar_ros/share/rplidar_ros/package.zsh'
[11.771s] Level 1:colcon.colcon_core.environment:create_file_with_runtime_dependencies(/home/dedperded/ros2_ws_test/install/rplidar_ros/share/colcon-core/packages/rplidar_ros)
[11.772s] DEBUG:colcon.colcon_parallel_executor.executor.parallel:closing loop
[11.773s] DEBUG:colcon.colcon_parallel_executor.executor.parallel:loop closed
[11.773s] DEBUG:colcon.colcon_parallel_executor.executor.parallel:run_until_complete finished with '0'
[11.773s] DEBUG:colcon.colcon_core.event_reactor:joining thread
[11.794s] INFO:colcon.colcon_core.plugin_system:Skipping extension 'colcon_notification.desktop_notification.terminal_notifier': Not used on non-Darwin systems
[11.794s] INFO:colcon.colcon_core.plugin_system:Skipping extension 'colcon_notification.desktop_notification.win32': Not used on non-Windows systems
[11.794s] INFO:colcon.colcon_notification.desktop_notification:Sending desktop notification using 'notify2'
[11.815s] DEBUG:colcon.colcon_core.event_reactor:joined thread
[11.816s] INFO:colcon.colcon_core.shell:Creating prefix script '/home/dedperded/ros2_ws_test/install/local_setup.ps1'
[11.817s] INFO:colcon.colcon_core.shell:Creating prefix util module '/home/dedperded/ros2_ws_test/install/_local_setup_util_ps1.py'
[11.819s] INFO:colcon.colcon_core.shell:Creating prefix chain script '/home/dedperded/ros2_ws_test/install/setup.ps1'
[11.821s] INFO:colcon.colcon_core.shell:Creating prefix script '/home/dedperded/ros2_ws_test/install/local_setup.sh'
[11.821s] INFO:colcon.colcon_core.shell:Creating prefix util module '/home/dedperded/ros2_ws_test/install/_local_setup_util_sh.py'
[11.822s] INFO:colcon.colcon_core.shell:Creating prefix chain script '/home/dedperded/ros2_ws_test/install/setup.sh'
[11.823s] INFO:colcon.colcon_core.shell:Creating prefix script '/home/dedperded/ros2_ws_test/install/local_setup.bash'
[11.823s] INFO:colcon.colcon_core.shell:Creating prefix chain script '/home/dedperded/ros2_ws_test/install/setup.bash'
[11.825s] INFO:colcon.colcon_core.shell:Creating prefix script '/home/dedperded/ros2_ws_test/install/local_setup.zsh'
[11.825s] INFO:colcon.colcon_core.shell:Creating prefix chain script '/home/dedperded/ros2_ws_test/install/setup.zsh'
