[0.134s] Invoking command in '/home/pi/ros2_main/build/map_launch': CMAKE_PREFIX_PATH=${CMAKE_PREFIX_PATH}:/home/pi/ros2_main/install/your_twist_converter:/home/pi/ros2_main/install/yolo_detector:/home/pi/ros2_main/install/py_pubsub:/home/pi/ros2_main/install/nav2_simple_commander:/opt/ros/jazzy DEBUGINFOD_URLS=https://debuginfod.ubuntu.com /usr/bin/cmake --build /home/pi/ros2_main/build/map_launch -- -j4 -l4
[1.477s] Invoked command in '/home/pi/ros2_main/build/map_launch' returned '0': CMAKE_PREFIX_PATH=${CMAKE_PREFIX_PATH}:/home/pi/ros2_main/install/your_twist_converter:/home/pi/ros2_main/install/yolo_detector:/home/pi/ros2_main/install/py_pubsub:/home/pi/ros2_main/install/nav2_simple_commander:/opt/ros/jazzy DEBUGINFOD_URLS=https://debuginfod.ubuntu.com /usr/bin/cmake --build /home/pi/ros2_main/build/map_launch -- -j4 -l4
[1.478s] Invoking command in '/home/pi/ros2_main/build/map_launch': CMAKE_PREFIX_PATH=${CMAKE_PREFIX_PATH}:/home/pi/ros2_main/install/your_twist_converter:/home/pi/ros2_main/install/yolo_detector:/home/pi/ros2_main/install/py_pubsub:/home/pi/ros2_main/install/nav2_simple_commander:/opt/ros/jazzy DEBUGINFOD_URLS=https://debuginfod.ubuntu.com /usr/bin/cmake --install /home/pi/ros2_main/build/map_launch
[1.547s] -- Install configuration: ""
[1.547s] -- Up-to-date: /home/pi/ros2_main/install/map_launch/share/map_launch/launch
[1.548s] -- Up-to-date: /home/pi/ros2_main/install/map_launch/share/map_launch/launch/map_server.launch.py
[1.548s] -- Up-to-date: /home/pi/ros2_main/install/map_launch/share/ament_index/resource_index/package_run_dependencies/map_launch
[1.551s] -- Up-to-date: /home/pi/ros2_main/install/map_launch/share/ament_index/resource_index/parent_prefix_path/map_launch
[1.551s] -- Up-to-date: /home/pi/ros2_main/install/map_launch/share/map_launch/environment/ament_prefix_path.sh
[1.551s] -- Up-to-date: /home/pi/ros2_main/install/map_launch/share/map_launch/environment/ament_prefix_path.dsv
[1.551s] -- Up-to-date: /home/pi/ros2_main/install/map_launch/share/map_launch/environment/path.sh
[1.551s] -- Up-to-date: /home/pi/ros2_main/install/map_launch/share/map_launch/environment/path.dsv
[1.552s] -- Up-to-date: /home/pi/ros2_main/install/map_launch/share/map_launch/local_setup.bash
[1.555s] -- Up-to-date: /home/pi/ros2_main/install/map_launch/share/map_launch/local_setup.sh
[1.557s] -- Up-to-date: /home/pi/ros2_main/install/map_launch/share/map_launch/local_setup.zsh
[1.567s] -- Up-to-date: /home/pi/ros2_main/install/map_launch/share/map_launch/local_setup.dsv
[1.567s] -- Installing: /home/pi/ros2_main/install/map_launch/share/map_launch/package.dsv
[1.567s] -- Up-to-date: /home/pi/ros2_main/install/map_launch/share/ament_index/resource_index/packages/map_launch
[1.568s] -- Up-to-date: /home/pi/ros2_main/install/map_launch/share/map_launch/cmake/map_launchConfig.cmake
[1.568s] -- Up-to-date: /home/pi/ros2_main/install/map_launch/share/map_launch/cmake/map_launchConfig-version.cmake
[1.568s] -- Up-to-date: /home/pi/ros2_main/install/map_launch/share/map_launch/package.xml
[1.746s] Invoked command in '/home/pi/ros2_main/build/map_launch' returned '0': CMAKE_PREFIX_PATH=${CMAKE_PREFIX_PATH}:/home/pi/ros2_main/install/your_twist_converter:/home/pi/ros2_main/install/yolo_detector:/home/pi/ros2_main/install/py_pubsub:/home/pi/ros2_main/install/nav2_simple_commander:/opt/ros/jazzy DEBUGINFOD_URLS=https://debuginfod.ubuntu.com /usr/bin/cmake --install /home/pi/ros2_main/build/map_launch
