[6.691s] Invoking command in '/home/pi/ros2_main/src/py_pubsub': DEBUGINFOD_URLS=https://debuginfod.ubuntu.com PYTHONPATH=/home/pi/ros2_main/build/py_pubsub/prefix_override:/usr/lib/python3/dist-packages/colcon_core/task/python/colcon_distutils_commands:/home/pi/ros2_main/install/py_pubsub/lib/python3.12/site-packages:${PYTHONPATH} /usr/bin/python3 -W ignore:setup.py install is deprecated -W ignore:easy_install command is deprecated setup.py egg_info --egg-base ../../build/py_pubsub build --build-base /home/pi/ros2_main/build/py_pubsub/build install --record /home/pi/ros2_main/build/py_pubsub/install.log --single-version-externally-managed install_data
[8.017s] running egg_info
[8.124s] writing ../../build/py_pubsub/py_pubsub.egg-info/PKG-INFO
[8.128s] writing dependency_links to ../../build/py_pubsub/py_pubsub.egg-info/dependency_links.txt
[8.128s] writing entry points to ../../build/py_pubsub/py_pubsub.egg-info/entry_points.txt
[8.128s] writing requirements to ../../build/py_pubsub/py_pubsub.egg-info/requires.txt
[8.129s] writing top-level names to ../../build/py_pubsub/py_pubsub.egg-info/top_level.txt
[8.383s] reading manifest file '../../build/py_pubsub/py_pubsub.egg-info/SOURCES.txt'
[8.393s] adding license file 'LICENSE'
[8.394s] writing manifest file '../../build/py_pubsub/py_pubsub.egg-info/SOURCES.txt'
[8.394s] running build
[8.394s] running build_py
[8.398s] running install
[8.441s] running install_lib
[8.640s] running install_data
[8.641s] running install_egg_info
[8.767s] removing '/home/pi/ros2_main/install/py_pubsub/lib/python3.12/site-packages/py_pubsub-0.0.0-py3.12.egg-info' (and everything under it)
[8.767s] Copying ../../build/py_pubsub/py_pubsub.egg-info to /home/pi/ros2_main/install/py_pubsub/lib/python3.12/site-packages/py_pubsub-0.0.0-py3.12.egg-info
[8.770s] running install_scripts
[9.705s] Installing camera script to /home/pi/ros2_main/install/py_pubsub/lib/py_pubsub
[9.708s] Installing listener script to /home/pi/ros2_main/install/py_pubsub/lib/py_pubsub
[9.710s] Installing talker script to /home/pi/ros2_main/install/py_pubsub/lib/py_pubsub
[9.714s] writing list of installed files to '/home/pi/ros2_main/build/py_pubsub/install.log'
[10.022s] Invoked command in '/home/pi/ros2_main/src/py_pubsub' returned '0': DEBUGINFOD_URLS=https://debuginfod.ubuntu.com PYTHONPATH=/home/pi/ros2_main/build/py_pubsub/prefix_override:/usr/lib/python3/dist-packages/colcon_core/task/python/colcon_distutils_commands:/home/pi/ros2_main/install/py_pubsub/lib/python3.12/site-packages:${PYTHONPATH} /usr/bin/python3 -W ignore:setup.py install is deprecated -W ignore:easy_install command is deprecated setup.py egg_info --egg-base ../../build/py_pubsub build --build-base /home/pi/ros2_main/build/py_pubsub/build install --record /home/pi/ros2_main/build/py_pubsub/install.log --single-version-externally-managed install_data
