[0.196s] DEBUG:colcon:Command line arguments: ['/usr/bin/colcon', 'build']
[0.196s] DEBUG:colcon:Parsed command line arguments: Namespace(log_base=None, log_level=None, verb_name='build', build_base='build', install_base='install', merge_install=False, symlink_install=False, test_result_base=None, continue_on_error=False, executor='parallel', parallel_workers=4, event_handlers=None, ignore_user_meta=False, metas=['./colcon.meta'], base_paths=['.'], packages_ignore=None, packages_ignore_regex=None, paths=None, packages_up_to=None, packages_up_to_regex=None, packages_above=None, packages_above_and_dependencies=None, packages_above_depth=None, packages_select_by_dep=None, packages_skip_by_dep=None, packages_skip_up_to=None, packages_select_build_failed=False, packages_skip_build_finished=False, packages_select_test_failures=False, packages_skip_test_passed=False, packages_select=None, packages_skip=None, packages_select_regex=None, packages_skip_regex=None, packages_start=None, packages_end=None, allow_overriding=[], cmake_args=None, cmake_target=None, cmake_target_skip_unavailable=False, cmake_clean_cache=False, cmake_clean_first=False, cmake_force_configure=False, ament_cmake_args=None, catkin_cmake_args=None, catkin_skip_building_tests=False, verb_parser=<colcon_defaults.argument_parser.defaults.DefaultArgumentsDecorator object at 0xffff97f73470>, verb_extension=<colcon_core.verb.build.BuildVerb object at 0xffff9819dee0>, main=<bound method BuildVerb.main of <colcon_core.verb.build.BuildVerb object at 0xffff9819dee0>>)
[0.255s] Level 1:colcon.colcon_core.package_discovery:discover_packages(colcon_meta) check parameters
[0.255s] Level 1:colcon.colcon_core.package_discovery:discover_packages(recursive) check parameters
[0.255s] Level 1:colcon.colcon_core.package_discovery:discover_packages(ignore) check parameters
[0.255s] Level 1:colcon.colcon_core.package_discovery:discover_packages(path) check parameters
[0.255s] Level 1:colcon.colcon_core.package_discovery:discover_packages(colcon_meta) discover
[0.255s] Level 1:colcon.colcon_core.package_discovery:discover_packages(recursive) discover
[0.255s] INFO:colcon.colcon_core.package_discovery:Crawling recursively for packages in '/home/pi/ros2_main'
[0.256s] Level 1:colcon.colcon_core.package_identification:_identify(.) by extensions ['ignore', 'ignore_ament_install']
[0.256s] Level 1:colcon.colcon_core.package_identification:_identify(.) by extension 'ignore'
[0.256s] Level 1:colcon.colcon_core.package_identification:_identify(.) by extension 'ignore_ament_install'
[0.256s] Level 1:colcon.colcon_core.package_identification:_identify(.) by extensions ['colcon_pkg']
[0.256s] Level 1:colcon.colcon_core.package_identification:_identify(.) by extension 'colcon_pkg'
[0.256s] Level 1:colcon.colcon_core.package_identification:_identify(.) by extensions ['colcon_meta']
[0.256s] Level 1:colcon.colcon_core.package_identification:_identify(.) by extension 'colcon_meta'
[0.256s] Level 1:colcon.colcon_core.package_identification:_identify(.) by extensions ['ros']
[0.256s] Level 1:colcon.colcon_core.package_identification:_identify(.) by extension 'ros'
[0.296s] Level 1:colcon.colcon_core.package_identification:_identify(.) by extensions ['cmake', 'python']
[0.296s] Level 1:colcon.colcon_core.package_identification:_identify(.) by extension 'cmake'
[0.296s] Level 1:colcon.colcon_core.package_identification:_identify(.) by extension 'python'
[0.297s] Level 1:colcon.colcon_core.package_identification:_identify(.) by extensions ['python_setup_py']
[0.297s] Level 1:colcon.colcon_core.package_identification:_identify(.) by extension 'python_setup_py'
[0.297s] Level 1:colcon.colcon_core.package_identification:_identify(build) by extensions ['ignore', 'ignore_ament_install']
[0.297s] Level 1:colcon.colcon_core.package_identification:_identify(build) by extension 'ignore'
[0.297s] Level 1:colcon.colcon_core.package_identification:_identify(build) ignored
[0.297s] Level 1:colcon.colcon_core.package_identification:_identify(install) by extensions ['ignore', 'ignore_ament_install']
[0.297s] Level 1:colcon.colcon_core.package_identification:_identify(install) by extension 'ignore'
[0.297s] Level 1:colcon.colcon_core.package_identification:_identify(install) ignored
[0.297s] Level 1:colcon.colcon_core.package_identification:_identify(log) by extensions ['ignore', 'ignore_ament_install']
[0.297s] Level 1:colcon.colcon_core.package_identification:_identify(log) by extension 'ignore'
[0.297s] Level 1:colcon.colcon_core.package_identification:_identify(log) ignored
[0.298s] Level 1:colcon.colcon_core.package_identification:_identify(src) by extensions ['ignore', 'ignore_ament_install']
[0.298s] Level 1:colcon.colcon_core.package_identification:_identify(src) by extension 'ignore'
[0.298s] Level 1:colcon.colcon_core.package_identification:_identify(src) by extension 'ignore_ament_install'
[0.298s] Level 1:colcon.colcon_core.package_identification:_identify(src) by extensions ['colcon_pkg']
[0.298s] Level 1:colcon.colcon_core.package_identification:_identify(src) by extension 'colcon_pkg'
[0.298s] Level 1:colcon.colcon_core.package_identification:_identify(src) by extensions ['colcon_meta']
[0.298s] Level 1:colcon.colcon_core.package_identification:_identify(src) by extension 'colcon_meta'
[0.298s] Level 1:colcon.colcon_core.package_identification:_identify(src) by extensions ['ros']
[0.298s] Level 1:colcon.colcon_core.package_identification:_identify(src) by extension 'ros'
[0.298s] Level 1:colcon.colcon_core.package_identification:_identify(src) by extensions ['cmake', 'python']
[0.298s] Level 1:colcon.colcon_core.package_identification:_identify(src) by extension 'cmake'
[0.298s] Level 1:colcon.colcon_core.package_identification:_identify(src) by extension 'python'
[0.298s] Level 1:colcon.colcon_core.package_identification:_identify(src) by extensions ['python_setup_py']
[0.298s] Level 1:colcon.colcon_core.package_identification:_identify(src) by extension 'python_setup_py'
[0.298s] Level 1:colcon.colcon_core.package_identification:_identify(src/arduino_ros2_control) by extensions ['ignore', 'ignore_ament_install']
[0.298s] Level 1:colcon.colcon_core.package_identification:_identify(src/arduino_ros2_control) by extension 'ignore'
[0.298s] Level 1:colcon.colcon_core.package_identification:_identify(src/arduino_ros2_control) by extension 'ignore_ament_install'
[0.298s] Level 1:colcon.colcon_core.package_identification:_identify(src/arduino_ros2_control) by extensions ['colcon_pkg']
[0.299s] Level 1:colcon.colcon_core.package_identification:_identify(src/arduino_ros2_control) by extension 'colcon_pkg'
[0.299s] Level 1:colcon.colcon_core.package_identification:_identify(src/arduino_ros2_control) by extensions ['colcon_meta']
[0.299s] Level 1:colcon.colcon_core.package_identification:_identify(src/arduino_ros2_control) by extension 'colcon_meta'
[0.299s] Level 1:colcon.colcon_core.package_identification:_identify(src/arduino_ros2_control) by extensions ['ros']
[0.299s] Level 1:colcon.colcon_core.package_identification:_identify(src/arduino_ros2_control) by extension 'ros'
[0.302s] DEBUG:colcon.colcon_core.package_identification:Package 'src/arduino_ros2_control' with type 'ros.ament_cmake' and name 'arduino_ros2_control'
[0.303s] Level 1:colcon.colcon_core.package_identification:_identify(src/map_launch) by extensions ['ignore', 'ignore_ament_install']
[0.303s] Level 1:colcon.colcon_core.package_identification:_identify(src/map_launch) by extension 'ignore'
[0.303s] Level 1:colcon.colcon_core.package_identification:_identify(src/map_launch) by extension 'ignore_ament_install'
[0.303s] Level 1:colcon.colcon_core.package_identification:_identify(src/map_launch) by extensions ['colcon_pkg']
[0.303s] Level 1:colcon.colcon_core.package_identification:_identify(src/map_launch) by extension 'colcon_pkg'
[0.303s] Level 1:colcon.colcon_core.package_identification:_identify(src/map_launch) by extensions ['colcon_meta']
[0.303s] Level 1:colcon.colcon_core.package_identification:_identify(src/map_launch) by extension 'colcon_meta'
[0.303s] Level 1:colcon.colcon_core.package_identification:_identify(src/map_launch) by extensions ['ros']
[0.303s] Level 1:colcon.colcon_core.package_identification:_identify(src/map_launch) by extension 'ros'
[0.304s] DEBUG:colcon.colcon_core.package_identification:Package 'src/map_launch' with type 'ros.ament_cmake' and name 'map_launch'
[0.304s] Level 1:colcon.colcon_core.package_identification:_identify(src/py_pubsub) by extensions ['ignore', 'ignore_ament_install']
[0.304s] Level 1:colcon.colcon_core.package_identification:_identify(src/py_pubsub) by extension 'ignore'
[0.304s] Level 1:colcon.colcon_core.package_identification:_identify(src/py_pubsub) by extension 'ignore_ament_install'
[0.304s] Level 1:colcon.colcon_core.package_identification:_identify(src/py_pubsub) by extensions ['colcon_pkg']
[0.304s] Level 1:colcon.colcon_core.package_identification:_identify(src/py_pubsub) by extension 'colcon_pkg'
[0.304s] Level 1:colcon.colcon_core.package_identification:_identify(src/py_pubsub) by extensions ['colcon_meta']
[0.304s] Level 1:colcon.colcon_core.package_identification:_identify(src/py_pubsub) by extension 'colcon_meta'
[0.304s] Level 1:colcon.colcon_core.package_identification:_identify(src/py_pubsub) by extensions ['ros']
[0.304s] Level 1:colcon.colcon_core.package_identification:_identify(src/py_pubsub) by extension 'ros'
[0.305s] DEBUG:colcon.colcon_core.package_identification:Package 'src/py_pubsub' with type 'ros.ament_python' and name 'py_pubsub'
[0.305s] Level 1:colcon.colcon_core.package_identification:_identify(src/rplidar_ros) by extensions ['ignore', 'ignore_ament_install']
[0.305s] Level 1:colcon.colcon_core.package_identification:_identify(src/rplidar_ros) by extension 'ignore'
[0.305s] Level 1:colcon.colcon_core.package_identification:_identify(src/rplidar_ros) by extension 'ignore_ament_install'
[0.305s] Level 1:colcon.colcon_core.package_identification:_identify(src/rplidar_ros) by extensions ['colcon_pkg']
[0.305s] Level 1:colcon.colcon_core.package_identification:_identify(src/rplidar_ros) by extension 'colcon_pkg'
[0.305s] Level 1:colcon.colcon_core.package_identification:_identify(src/rplidar_ros) by extensions ['colcon_meta']
[0.305s] Level 1:colcon.colcon_core.package_identification:_identify(src/rplidar_ros) by extension 'colcon_meta'
[0.305s] Level 1:colcon.colcon_core.package_identification:_identify(src/rplidar_ros) by extensions ['ros']
[0.305s] Level 1:colcon.colcon_core.package_identification:_identify(src/rplidar_ros) by extension 'ros'
[0.306s] DEBUG:colcon.colcon_core.package_identification:Package 'src/rplidar_ros' with type 'ros.ament_cmake' and name 'rplidar_ros'
[0.306s] Level 1:colcon.colcon_core.package_identification:_identify(src/serial) by extensions ['ignore', 'ignore_ament_install']
[0.306s] Level 1:colcon.colcon_core.package_identification:_identify(src/serial) by extension 'ignore'
[0.306s] Level 1:colcon.colcon_core.package_identification:_identify(src/serial) by extension 'ignore_ament_install'
[0.306s] Level 1:colcon.colcon_core.package_identification:_identify(src/serial) by extensions ['colcon_pkg']
[0.306s] Level 1:colcon.colcon_core.package_identification:_identify(src/serial) by extension 'colcon_pkg'
[0.306s] Level 1:colcon.colcon_core.package_identification:_identify(src/serial) by extensions ['colcon_meta']
[0.306s] Level 1:colcon.colcon_core.package_identification:_identify(src/serial) by extension 'colcon_meta'
[0.306s] Level 1:colcon.colcon_core.package_identification:_identify(src/serial) by extensions ['ros']
[0.306s] Level 1:colcon.colcon_core.package_identification:_identify(src/serial) by extension 'ros'
[0.307s] DEBUG:colcon.colcon_core.package_identification:Package 'src/serial' with type 'ros.ament_cmake' and name 'serial'
[0.307s] Level 1:colcon.colcon_core.package_identification:_identify(src/yolo_detector) by extensions ['ignore', 'ignore_ament_install']
[0.307s] Level 1:colcon.colcon_core.package_identification:_identify(src/yolo_detector) by extension 'ignore'
[0.307s] Level 1:colcon.colcon_core.package_identification:_identify(src/yolo_detector) by extension 'ignore_ament_install'
[0.307s] Level 1:colcon.colcon_core.package_identification:_identify(src/yolo_detector) by extensions ['colcon_pkg']
[0.307s] Level 1:colcon.colcon_core.package_identification:_identify(src/yolo_detector) by extension 'colcon_pkg'
[0.307s] Level 1:colcon.colcon_core.package_identification:_identify(src/yolo_detector) by extensions ['colcon_meta']
[0.307s] Level 1:colcon.colcon_core.package_identification:_identify(src/yolo_detector) by extension 'colcon_meta'
[0.307s] Level 1:colcon.colcon_core.package_identification:_identify(src/yolo_detector) by extensions ['ros']
[0.307s] Level 1:colcon.colcon_core.package_identification:_identify(src/yolo_detector) by extension 'ros'
[0.308s] DEBUG:colcon.colcon_core.package_identification:Package 'src/yolo_detector' with type 'ros.ament_python' and name 'yolo_detector'
[0.308s] Level 1:colcon.colcon_core.package_identification:_identify(src/your_twist_converter) by extensions ['ignore', 'ignore_ament_install']
[0.309s] Level 1:colcon.colcon_core.package_identification:_identify(src/your_twist_converter) by extension 'ignore'
[0.309s] Level 1:colcon.colcon_core.package_identification:_identify(src/your_twist_converter) by extension 'ignore_ament_install'
[0.309s] Level 1:colcon.colcon_core.package_identification:_identify(src/your_twist_converter) by extensions ['colcon_pkg']
[0.309s] Level 1:colcon.colcon_core.package_identification:_identify(src/your_twist_converter) by extension 'colcon_pkg'
[0.309s] Level 1:colcon.colcon_core.package_identification:_identify(src/your_twist_converter) by extensions ['colcon_meta']
[0.309s] Level 1:colcon.colcon_core.package_identification:_identify(src/your_twist_converter) by extension 'colcon_meta'
[0.309s] Level 1:colcon.colcon_core.package_identification:_identify(src/your_twist_converter) by extensions ['ros']
[0.309s] Level 1:colcon.colcon_core.package_identification:_identify(src/your_twist_converter) by extension 'ros'
[0.309s] DEBUG:colcon.colcon_core.package_identification:Package 'src/your_twist_converter' with type 'ros.ament_python' and name 'your_twist_converter'
[0.309s] Level 1:colcon.colcon_core.package_discovery:discover_packages(recursive) using defaults
[0.310s] Level 1:colcon.colcon_core.package_discovery:discover_packages(ignore) discover
[0.310s] Level 1:colcon.colcon_core.package_discovery:discover_packages(ignore) using defaults
[0.310s] Level 1:colcon.colcon_core.package_discovery:discover_packages(path) discover
[0.310s] Level 1:colcon.colcon_core.package_discovery:discover_packages(path) using defaults
[0.334s] Level 1:colcon.colcon_core.package_discovery:discover_packages(prefix_path) check parameters
[0.335s] Level 1:colcon.colcon_core.package_discovery:discover_packages(prefix_path) discover
[0.336s] WARNING:colcon.colcon_ros.prefix_path.ament:The path '/home/pi/ros2_main/install/your_twist_converter' in the environment variable AMENT_PREFIX_PATH doesn't exist
[0.336s] WARNING:colcon.colcon_ros.prefix_path.ament:The path '/home/pi/ros2_main/install/yolo_detector' in the environment variable AMENT_PREFIX_PATH doesn't exist
[0.336s] WARNING:colcon.colcon_ros.prefix_path.ament:The path '/home/pi/ros2_main/install/serial' in the environment variable AMENT_PREFIX_PATH doesn't exist
[0.336s] WARNING:colcon.colcon_ros.prefix_path.ament:The path '/home/pi/ros2_main/install/rplidar_ros' in the environment variable AMENT_PREFIX_PATH doesn't exist
[0.336s] WARNING:colcon.colcon_ros.prefix_path.ament:The path '/home/pi/ros2_main/install/ros_mt' in the environment variable AMENT_PREFIX_PATH doesn't exist
[0.336s] WARNING:colcon.colcon_ros.prefix_path.ament:The path '/home/pi/ros2_main/install/py_pubsub' in the environment variable AMENT_PREFIX_PATH doesn't exist
[0.336s] WARNING:colcon.colcon_ros.prefix_path.ament:The path '/home/pi/ros2_main/install/nav2_simple_commander' in the environment variable AMENT_PREFIX_PATH doesn't exist
[0.336s] WARNING:colcon.colcon_ros.prefix_path.ament:The path '/home/pi/ros2_main/install/map_launch' in the environment variable AMENT_PREFIX_PATH doesn't exist
[0.336s] WARNING:colcon.colcon_ros.prefix_path.catkin:The path '/home/pi/ros2_main/install/serial' in the environment variable CMAKE_PREFIX_PATH doesn't exist
[0.336s] WARNING:colcon.colcon_ros.prefix_path.catkin:The path '/home/pi/ros2_main/install/rplidar_ros' in the environment variable CMAKE_PREFIX_PATH doesn't exist
[0.336s] WARNING:colcon.colcon_ros.prefix_path.catkin:The path '/home/pi/ros2_main/install/ros_mt' in the environment variable CMAKE_PREFIX_PATH doesn't exist
[0.336s] WARNING:colcon.colcon_ros.prefix_path.catkin:The path '/home/pi/ros2_main/install/map_launch' in the environment variable CMAKE_PREFIX_PATH doesn't exist
[0.337s] DEBUG:colcon.colcon_installed_package_information.package_discovery:Found 0 installed packages in /home/pi/ros2_main/install
[0.340s] DEBUG:colcon.colcon_installed_package_information.package_discovery:Found 407 installed packages in /opt/ros/jazzy
[0.344s] Level 1:colcon.colcon_core.package_discovery:discover_packages(prefix_path) using defaults
[0.432s] Level 5:colcon.colcon_core.verb:set package 'arduino_ros2_control' build argument 'cmake_args' from command line to 'None'
[0.433s] Level 5:colcon.colcon_core.verb:set package 'arduino_ros2_control' build argument 'cmake_target' from command line to 'None'
[0.433s] Level 5:colcon.colcon_core.verb:set package 'arduino_ros2_control' build argument 'cmake_target_skip_unavailable' from command line to 'False'
[0.433s] Level 5:colcon.colcon_core.verb:set package 'arduino_ros2_control' build argument 'cmake_clean_cache' from command line to 'False'
[0.433s] Level 5:colcon.colcon_core.verb:set package 'arduino_ros2_control' build argument 'cmake_clean_first' from command line to 'False'
[0.433s] Level 5:colcon.colcon_core.verb:set package 'arduino_ros2_control' build argument 'cmake_force_configure' from command line to 'False'
[0.433s] Level 5:colcon.colcon_core.verb:set package 'arduino_ros2_control' build argument 'ament_cmake_args' from command line to 'None'
[0.433s] Level 5:colcon.colcon_core.verb:set package 'arduino_ros2_control' build argument 'catkin_cmake_args' from command line to 'None'
[0.433s] Level 5:colcon.colcon_core.verb:set package 'arduino_ros2_control' build argument 'catkin_skip_building_tests' from command line to 'False'
[0.433s] DEBUG:colcon.colcon_core.verb:Building package 'arduino_ros2_control' with the following arguments: {'ament_cmake_args': None, 'build_base': '/home/pi/ros2_main/build/arduino_ros2_control', 'catkin_cmake_args': None, 'catkin_skip_building_tests': False, 'cmake_args': None, 'cmake_clean_cache': False, 'cmake_clean_first': False, 'cmake_force_configure': False, 'cmake_target': None, 'cmake_target_skip_unavailable': False, 'install_base': '/home/pi/ros2_main/install/arduino_ros2_control', 'merge_install': False, 'path': '/home/pi/ros2_main/src/arduino_ros2_control', 'symlink_install': False, 'test_result_base': None}
[0.433s] Level 5:colcon.colcon_core.verb:set package 'map_launch' build argument 'cmake_args' from command line to 'None'
[0.433s] Level 5:colcon.colcon_core.verb:set package 'map_launch' build argument 'cmake_target' from command line to 'None'
[0.433s] Level 5:colcon.colcon_core.verb:set package 'map_launch' build argument 'cmake_target_skip_unavailable' from command line to 'False'
[0.433s] Level 5:colcon.colcon_core.verb:set package 'map_launch' build argument 'cmake_clean_cache' from command line to 'False'
[0.433s] Level 5:colcon.colcon_core.verb:set package 'map_launch' build argument 'cmake_clean_first' from command line to 'False'
[0.433s] Level 5:colcon.colcon_core.verb:set package 'map_launch' build argument 'cmake_force_configure' from command line to 'False'
[0.433s] Level 5:colcon.colcon_core.verb:set package 'map_launch' build argument 'ament_cmake_args' from command line to 'None'
[0.433s] Level 5:colcon.colcon_core.verb:set package 'map_launch' build argument 'catkin_cmake_args' from command line to 'None'
[0.433s] Level 5:colcon.colcon_core.verb:set package 'map_launch' build argument 'catkin_skip_building_tests' from command line to 'False'
[0.433s] DEBUG:colcon.colcon_core.verb:Building package 'map_launch' with the following arguments: {'ament_cmake_args': None, 'build_base': '/home/pi/ros2_main/build/map_launch', 'catkin_cmake_args': None, 'catkin_skip_building_tests': False, 'cmake_args': None, 'cmake_clean_cache': False, 'cmake_clean_first': False, 'cmake_force_configure': False, 'cmake_target': None, 'cmake_target_skip_unavailable': False, 'install_base': '/home/pi/ros2_main/install/map_launch', 'merge_install': False, 'path': '/home/pi/ros2_main/src/map_launch', 'symlink_install': False, 'test_result_base': None}
[0.434s] Level 5:colcon.colcon_core.verb:set package 'py_pubsub' build argument 'cmake_args' from command line to 'None'
[0.434s] Level 5:colcon.colcon_core.verb:set package 'py_pubsub' build argument 'cmake_target' from command line to 'None'
[0.434s] Level 5:colcon.colcon_core.verb:set package 'py_pubsub' build argument 'cmake_target_skip_unavailable' from command line to 'False'
[0.434s] Level 5:colcon.colcon_core.verb:set package 'py_pubsub' build argument 'cmake_clean_cache' from command line to 'False'
[0.434s] Level 5:colcon.colcon_core.verb:set package 'py_pubsub' build argument 'cmake_clean_first' from command line to 'False'
[0.434s] Level 5:colcon.colcon_core.verb:set package 'py_pubsub' build argument 'cmake_force_configure' from command line to 'False'
[0.434s] Level 5:colcon.colcon_core.verb:set package 'py_pubsub' build argument 'ament_cmake_args' from command line to 'None'
[0.434s] Level 5:colcon.colcon_core.verb:set package 'py_pubsub' build argument 'catkin_cmake_args' from command line to 'None'
[0.434s] Level 5:colcon.colcon_core.verb:set package 'py_pubsub' build argument 'catkin_skip_building_tests' from command line to 'False'
[0.434s] DEBUG:colcon.colcon_core.verb:Building package 'py_pubsub' with the following arguments: {'ament_cmake_args': None, 'build_base': '/home/pi/ros2_main/build/py_pubsub', 'catkin_cmake_args': None, 'catkin_skip_building_tests': False, 'cmake_args': None, 'cmake_clean_cache': False, 'cmake_clean_first': False, 'cmake_force_configure': False, 'cmake_target': None, 'cmake_target_skip_unavailable': False, 'install_base': '/home/pi/ros2_main/install/py_pubsub', 'merge_install': False, 'path': '/home/pi/ros2_main/src/py_pubsub', 'symlink_install': False, 'test_result_base': None}
[0.434s] Level 5:colcon.colcon_core.verb:set package 'rplidar_ros' build argument 'cmake_args' from command line to 'None'
[0.434s] Level 5:colcon.colcon_core.verb:set package 'rplidar_ros' build argument 'cmake_target' from command line to 'None'
[0.434s] Level 5:colcon.colcon_core.verb:set package 'rplidar_ros' build argument 'cmake_target_skip_unavailable' from command line to 'False'
[0.434s] Level 5:colcon.colcon_core.verb:set package 'rplidar_ros' build argument 'cmake_clean_cache' from command line to 'False'
[0.434s] Level 5:colcon.colcon_core.verb:set package 'rplidar_ros' build argument 'cmake_clean_first' from command line to 'False'
[0.434s] Level 5:colcon.colcon_core.verb:set package 'rplidar_ros' build argument 'cmake_force_configure' from command line to 'False'
[0.434s] Level 5:colcon.colcon_core.verb:set package 'rplidar_ros' build argument 'ament_cmake_args' from command line to 'None'
[0.434s] Level 5:colcon.colcon_core.verb:set package 'rplidar_ros' build argument 'catkin_cmake_args' from command line to 'None'
[0.435s] Level 5:colcon.colcon_core.verb:set package 'rplidar_ros' build argument 'catkin_skip_building_tests' from command line to 'False'
[0.435s] DEBUG:colcon.colcon_core.verb:Building package 'rplidar_ros' with the following arguments: {'ament_cmake_args': None, 'build_base': '/home/pi/ros2_main/build/rplidar_ros', 'catkin_cmake_args': None, 'catkin_skip_building_tests': False, 'cmake_args': None, 'cmake_clean_cache': False, 'cmake_clean_first': False, 'cmake_force_configure': False, 'cmake_target': None, 'cmake_target_skip_unavailable': False, 'install_base': '/home/pi/ros2_main/install/rplidar_ros', 'merge_install': False, 'path': '/home/pi/ros2_main/src/rplidar_ros', 'symlink_install': False, 'test_result_base': None}
[0.435s] Level 5:colcon.colcon_core.verb:set package 'serial' build argument 'cmake_args' from command line to 'None'
[0.435s] Level 5:colcon.colcon_core.verb:set package 'serial' build argument 'cmake_target' from command line to 'None'
[0.435s] Level 5:colcon.colcon_core.verb:set package 'serial' build argument 'cmake_target_skip_unavailable' from command line to 'False'
[0.435s] Level 5:colcon.colcon_core.verb:set package 'serial' build argument 'cmake_clean_cache' from command line to 'False'
[0.435s] Level 5:colcon.colcon_core.verb:set package 'serial' build argument 'cmake_clean_first' from command line to 'False'
[0.435s] Level 5:colcon.colcon_core.verb:set package 'serial' build argument 'cmake_force_configure' from command line to 'False'
[0.435s] Level 5:colcon.colcon_core.verb:set package 'serial' build argument 'ament_cmake_args' from command line to 'None'
[0.435s] Level 5:colcon.colcon_core.verb:set package 'serial' build argument 'catkin_cmake_args' from command line to 'None'
[0.435s] Level 5:colcon.colcon_core.verb:set package 'serial' build argument 'catkin_skip_building_tests' from command line to 'False'
[0.435s] DEBUG:colcon.colcon_core.verb:Building package 'serial' with the following arguments: {'ament_cmake_args': None, 'build_base': '/home/pi/ros2_main/build/serial', 'catkin_cmake_args': None, 'catkin_skip_building_tests': False, 'cmake_args': None, 'cmake_clean_cache': False, 'cmake_clean_first': False, 'cmake_force_configure': False, 'cmake_target': None, 'cmake_target_skip_unavailable': False, 'install_base': '/home/pi/ros2_main/install/serial', 'merge_install': False, 'path': '/home/pi/ros2_main/src/serial', 'symlink_install': False, 'test_result_base': None}
[0.435s] Level 5:colcon.colcon_core.verb:set package 'yolo_detector' build argument 'cmake_args' from command line to 'None'
[0.435s] Level 5:colcon.colcon_core.verb:set package 'yolo_detector' build argument 'cmake_target' from command line to 'None'
[0.435s] Level 5:colcon.colcon_core.verb:set package 'yolo_detector' build argument 'cmake_target_skip_unavailable' from command line to 'False'
[0.435s] Level 5:colcon.colcon_core.verb:set package 'yolo_detector' build argument 'cmake_clean_cache' from command line to 'False'
[0.435s] Level 5:colcon.colcon_core.verb:set package 'yolo_detector' build argument 'cmake_clean_first' from command line to 'False'
[0.435s] Level 5:colcon.colcon_core.verb:set package 'yolo_detector' build argument 'cmake_force_configure' from command line to 'False'
[0.435s] Level 5:colcon.colcon_core.verb:set package 'yolo_detector' build argument 'ament_cmake_args' from command line to 'None'
[0.435s] Level 5:colcon.colcon_core.verb:set package 'yolo_detector' build argument 'catkin_cmake_args' from command line to 'None'
[0.435s] Level 5:colcon.colcon_core.verb:set package 'yolo_detector' build argument 'catkin_skip_building_tests' from command line to 'False'
[0.436s] DEBUG:colcon.colcon_core.verb:Building package 'yolo_detector' with the following arguments: {'ament_cmake_args': None, 'build_base': '/home/pi/ros2_main/build/yolo_detector', 'catkin_cmake_args': None, 'catkin_skip_building_tests': False, 'cmake_args': None, 'cmake_clean_cache': False, 'cmake_clean_first': False, 'cmake_force_configure': False, 'cmake_target': None, 'cmake_target_skip_unavailable': False, 'install_base': '/home/pi/ros2_main/install/yolo_detector', 'merge_install': False, 'path': '/home/pi/ros2_main/src/yolo_detector', 'symlink_install': False, 'test_result_base': None}
[0.436s] Level 5:colcon.colcon_core.verb:set package 'your_twist_converter' build argument 'cmake_args' from command line to 'None'
[0.436s] Level 5:colcon.colcon_core.verb:set package 'your_twist_converter' build argument 'cmake_target' from command line to 'None'
[0.436s] Level 5:colcon.colcon_core.verb:set package 'your_twist_converter' build argument 'cmake_target_skip_unavailable' from command line to 'False'
[0.436s] Level 5:colcon.colcon_core.verb:set package 'your_twist_converter' build argument 'cmake_clean_cache' from command line to 'False'
[0.436s] Level 5:colcon.colcon_core.verb:set package 'your_twist_converter' build argument 'cmake_clean_first' from command line to 'False'
[0.436s] Level 5:colcon.colcon_core.verb:set package 'your_twist_converter' build argument 'cmake_force_configure' from command line to 'False'
[0.436s] Level 5:colcon.colcon_core.verb:set package 'your_twist_converter' build argument 'ament_cmake_args' from command line to 'None'
[0.436s] Level 5:colcon.colcon_core.verb:set package 'your_twist_converter' build argument 'catkin_cmake_args' from command line to 'None'
[0.436s] Level 5:colcon.colcon_core.verb:set package 'your_twist_converter' build argument 'catkin_skip_building_tests' from command line to 'False'
[0.436s] DEBUG:colcon.colcon_core.verb:Building package 'your_twist_converter' with the following arguments: {'ament_cmake_args': None, 'build_base': '/home/pi/ros2_main/build/your_twist_converter', 'catkin_cmake_args': None, 'catkin_skip_building_tests': False, 'cmake_args': None, 'cmake_clean_cache': False, 'cmake_clean_first': False, 'cmake_force_configure': False, 'cmake_target': None, 'cmake_target_skip_unavailable': False, 'install_base': '/home/pi/ros2_main/install/your_twist_converter', 'merge_install': False, 'path': '/home/pi/ros2_main/src/your_twist_converter', 'symlink_install': False, 'test_result_base': None}
[0.436s] INFO:colcon.colcon_core.executor:Executing jobs using 'parallel' executor
[0.438s] DEBUG:colcon.colcon_parallel_executor.executor.parallel:run_until_complete
[0.438s] INFO:colcon.colcon_ros.task.ament_cmake.build:Building ROS package in '/home/pi/ros2_main/src/arduino_ros2_control' with build type 'ament_cmake'
[0.438s] INFO:colcon.colcon_cmake.task.cmake.build:Building CMake package in '/home/pi/ros2_main/src/arduino_ros2_control'
[0.441s] INFO:colcon.colcon_core.plugin_system:Skipping extension 'colcon_core.shell.bat': Not used on non-Windows systems
[0.441s] INFO:colcon.colcon_core.shell:Skip shell extension 'powershell' for command environment: Not usable outside of PowerShell
[0.441s] DEBUG:colcon.colcon_core.shell:Skip shell extension 'dsv' for command environment
[0.448s] INFO:colcon.colcon_ros.task.ament_cmake.build:Building ROS package in '/home/pi/ros2_main/src/map_launch' with build type 'ament_cmake'
[0.448s] INFO:colcon.colcon_cmake.task.cmake.build:Building CMake package in '/home/pi/ros2_main/src/map_launch'
[0.448s] INFO:colcon.colcon_core.shell:Skip shell extension 'powershell' for command environment: Not usable outside of PowerShell
[0.448s] DEBUG:colcon.colcon_core.shell:Skip shell extension 'dsv' for command environment
[0.457s] INFO:colcon.colcon_ros.task.ament_python.build:Building ROS package in '/home/pi/ros2_main/src/py_pubsub' with build type 'ament_python'
[0.458s] Level 1:colcon.colcon_core.shell:create_environment_hook('py_pubsub', 'ament_prefix_path')
[0.459s] INFO:colcon.colcon_core.shell:Creating environment hook '/home/pi/ros2_main/install/py_pubsub/share/py_pubsub/hook/ament_prefix_path.ps1'
[0.463s] INFO:colcon.colcon_core.shell:Creating environment descriptor '/home/pi/ros2_main/install/py_pubsub/share/py_pubsub/hook/ament_prefix_path.dsv'
[0.465s] INFO:colcon.colcon_core.shell:Creating environment hook '/home/pi/ros2_main/install/py_pubsub/share/py_pubsub/hook/ament_prefix_path.sh'
[0.467s] INFO:colcon.colcon_core.shell:Skip shell extension 'powershell' for command environment: Not usable outside of PowerShell
[0.467s] DEBUG:colcon.colcon_core.shell:Skip shell extension 'dsv' for command environment
[0.476s] INFO:colcon.colcon_ros.task.ament_cmake.build:Building ROS package in '/home/pi/ros2_main/src/rplidar_ros' with build type 'ament_cmake'
[0.476s] INFO:colcon.colcon_cmake.task.cmake.build:Building CMake package in '/home/pi/ros2_main/src/rplidar_ros'
[0.477s] INFO:colcon.colcon_core.shell:Skip shell extension 'powershell' for command environment: Not usable outside of PowerShell
[0.477s] DEBUG:colcon.colcon_core.shell:Skip shell extension 'dsv' for command environment
[0.499s] DEBUG:colcon.colcon_core.event_handler.log_command:Invoking command in '/home/pi/ros2_main/build/arduino_ros2_control': CMAKE_PREFIX_PATH=${CMAKE_PREFIX_PATH}:/home/pi/ros2_main/install/your_twist_converter:/home/pi/ros2_main/install/yolo_detector:/home/pi/ros2_main/install/py_pubsub:/home/pi/ros2_main/install/nav2_simple_commander:/opt/ros/jazzy DEBUGINFOD_URLS=https://debuginfod.ubuntu.com /usr/bin/cmake /home/pi/ros2_main/src/arduino_ros2_control -DCMAKE_INSTALL_PREFIX=/home/pi/ros2_main/install/arduino_ros2_control
[0.514s] DEBUG:colcon.colcon_core.event_handler.log_command:Invoking command in '/home/pi/ros2_main/build/map_launch': CMAKE_PREFIX_PATH=${CMAKE_PREFIX_PATH}:/home/pi/ros2_main/install/your_twist_converter:/home/pi/ros2_main/install/yolo_detector:/home/pi/ros2_main/install/py_pubsub:/home/pi/ros2_main/install/nav2_simple_commander:/opt/ros/jazzy DEBUGINFOD_URLS=https://debuginfod.ubuntu.com /usr/bin/cmake /home/pi/ros2_main/src/map_launch -DCMAKE_INSTALL_PREFIX=/home/pi/ros2_main/install/map_launch
[1.478s] INFO:colcon.colcon_core.task.python.build:Building Python package in '/home/pi/ros2_main/src/py_pubsub'
[1.479s] INFO:colcon.colcon_core.shell:Skip shell extension 'powershell' for command environment: Not usable outside of PowerShell
[1.480s] DEBUG:colcon.colcon_core.shell:Skip shell extension 'dsv' for command environment
[1.504s] DEBUG:colcon.colcon_core.event_handler.log_command:Invoking command in '/home/pi/ros2_main/build/rplidar_ros': CMAKE_PREFIX_PATH=${CMAKE_PREFIX_PATH}:/home/pi/ros2_main/install/your_twist_converter:/home/pi/ros2_main/install/yolo_detector:/home/pi/ros2_main/install/py_pubsub:/home/pi/ros2_main/install/nav2_simple_commander:/opt/ros/jazzy DEBUGINFOD_URLS=https://debuginfod.ubuntu.com /usr/bin/cmake /home/pi/ros2_main/src/rplidar_ros -DCMAKE_INSTALL_PREFIX=/home/pi/ros2_main/install/rplidar_ros
[3.494s] DEBUG:colcon.colcon_core.event_handler.log_command:Invoked command in '/home/pi/ros2_main/build/map_launch' returned '0': CMAKE_PREFIX_PATH=${CMAKE_PREFIX_PATH}:/home/pi/ros2_main/install/your_twist_converter:/home/pi/ros2_main/install/yolo_detector:/home/pi/ros2_main/install/py_pubsub:/home/pi/ros2_main/install/nav2_simple_commander:/opt/ros/jazzy DEBUGINFOD_URLS=https://debuginfod.ubuntu.com /usr/bin/cmake /home/pi/ros2_main/src/map_launch -DCMAKE_INSTALL_PREFIX=/home/pi/ros2_main/install/map_launch
[3.495s] DEBUG:colcon.colcon_core.event_handler.log_command:Invoking command in '/home/pi/ros2_main/build/map_launch': CMAKE_PREFIX_PATH=${CMAKE_PREFIX_PATH}:/home/pi/ros2_main/install/your_twist_converter:/home/pi/ros2_main/install/yolo_detector:/home/pi/ros2_main/install/py_pubsub:/home/pi/ros2_main/install/nav2_simple_commander:/opt/ros/jazzy DEBUGINFOD_URLS=https://debuginfod.ubuntu.com /usr/bin/cmake --build /home/pi/ros2_main/build/map_launch -- -j4 -l4
[3.672s] DEBUG:colcon.colcon_core.event_handler.log_command:Invoked command in '/home/pi/ros2_main/build/map_launch' returned '0': CMAKE_PREFIX_PATH=${CMAKE_PREFIX_PATH}:/home/pi/ros2_main/install/your_twist_converter:/home/pi/ros2_main/install/yolo_detector:/home/pi/ros2_main/install/py_pubsub:/home/pi/ros2_main/install/nav2_simple_commander:/opt/ros/jazzy DEBUGINFOD_URLS=https://debuginfod.ubuntu.com /usr/bin/cmake --build /home/pi/ros2_main/build/map_launch -- -j4 -l4
[3.709s] DEBUG:colcon.colcon_core.event_handler.log_command:Invoking command in '/home/pi/ros2_main/build/map_launch': CMAKE_PREFIX_PATH=${CMAKE_PREFIX_PATH}:/home/pi/ros2_main/install/your_twist_converter:/home/pi/ros2_main/install/yolo_detector:/home/pi/ros2_main/install/py_pubsub:/home/pi/ros2_main/install/nav2_simple_commander:/opt/ros/jazzy DEBUGINFOD_URLS=https://debuginfod.ubuntu.com /usr/bin/cmake --install /home/pi/ros2_main/build/map_launch
[3.717s] DEBUG:colcon.colcon_core.event_handler.log_command:Invoking command in '/home/pi/ros2_main/src/py_pubsub': DEBUGINFOD_URLS=https://debuginfod.ubuntu.com PYTHONPATH=/home/pi/ros2_main/build/py_pubsub/prefix_override:/usr/lib/python3/dist-packages/colcon_core/task/python/colcon_distutils_commands:/home/pi/ros2_main/install/py_pubsub/lib/python3.12/site-packages:${PYTHONPATH} /usr/bin/python3 -W ignore:setup.py install is deprecated -W ignore:easy_install command is deprecated setup.py egg_info --egg-base ../../build/py_pubsub build --build-base /home/pi/ros2_main/build/py_pubsub/build install --record /home/pi/ros2_main/build/py_pubsub/install.log --single-version-externally-managed install_data
[3.740s] Level 1:colcon.colcon_core.environment:create_environment_scripts_only(map_launch)
[3.743s] DEBUG:colcon.colcon_core.event_handler.log_command:Invoked command in '/home/pi/ros2_main/build/map_launch' returned '0': CMAKE_PREFIX_PATH=${CMAKE_PREFIX_PATH}:/home/pi/ros2_main/install/your_twist_converter:/home/pi/ros2_main/install/yolo_detector:/home/pi/ros2_main/install/py_pubsub:/home/pi/ros2_main/install/nav2_simple_commander:/opt/ros/jazzy DEBUGINFOD_URLS=https://debuginfod.ubuntu.com /usr/bin/cmake --install /home/pi/ros2_main/build/map_launch
[3.747s] Level 1:colcon.colcon_core.environment:checking '/home/pi/ros2_main/install/map_launch' for CMake module files
[3.748s] Level 1:colcon.colcon_core.environment:checking '/home/pi/ros2_main/install/map_launch' for CMake config files
[3.748s] Level 1:colcon.colcon_core.shell:create_environment_hook('map_launch', 'cmake_prefix_path')
[3.748s] INFO:colcon.colcon_core.shell:Creating environment hook '/home/pi/ros2_main/install/map_launch/share/map_launch/hook/cmake_prefix_path.ps1'
[3.749s] INFO:colcon.colcon_core.shell:Creating environment descriptor '/home/pi/ros2_main/install/map_launch/share/map_launch/hook/cmake_prefix_path.dsv'
[3.750s] INFO:colcon.colcon_core.shell:Creating environment hook '/home/pi/ros2_main/install/map_launch/share/map_launch/hook/cmake_prefix_path.sh'
[3.751s] Level 1:colcon.colcon_core.environment:checking '/home/pi/ros2_main/install/map_launch/bin'
[3.751s] Level 1:colcon.colcon_core.environment:checking '/home/pi/ros2_main/install/map_launch/lib/pkgconfig/map_launch.pc'
[3.752s] Level 1:colcon.colcon_core.environment:checking '/home/pi/ros2_main/install/map_launch/lib/python3.12/site-packages'
[3.752s] Level 1:colcon.colcon_core.environment:checking '/home/pi/ros2_main/install/map_launch/bin'
[3.753s] INFO:colcon.colcon_core.shell:Creating package script '/home/pi/ros2_main/install/map_launch/share/map_launch/package.ps1'
[3.754s] INFO:colcon.colcon_core.shell:Creating package descriptor '/home/pi/ros2_main/install/map_launch/share/map_launch/package.dsv'
[3.800s] INFO:colcon.colcon_core.shell:Creating package script '/home/pi/ros2_main/install/map_launch/share/map_launch/package.sh'
[3.802s] INFO:colcon.colcon_core.shell:Creating package script '/home/pi/ros2_main/install/map_launch/share/map_launch/package.bash'
[3.803s] INFO:colcon.colcon_core.shell:Creating package script '/home/pi/ros2_main/install/map_launch/share/map_launch/package.zsh'
[3.805s] Level 1:colcon.colcon_core.environment:create_file_with_runtime_dependencies(/home/pi/ros2_main/install/map_launch/share/colcon-core/packages/map_launch)
[3.806s] Level 1:colcon.colcon_core.environment:create_environment_scripts_only(map_launch)
[3.807s] Level 1:colcon.colcon_core.environment:checking '/home/pi/ros2_main/install/map_launch' for CMake module files
[3.807s] Level 1:colcon.colcon_core.environment:checking '/home/pi/ros2_main/install/map_launch' for CMake config files
[3.808s] Level 1:colcon.colcon_core.shell:create_environment_hook('map_launch', 'cmake_prefix_path')
[3.808s] INFO:colcon.colcon_core.shell:Creating environment hook '/home/pi/ros2_main/install/map_launch/share/map_launch/hook/cmake_prefix_path.ps1'
[3.809s] INFO:colcon.colcon_core.shell:Creating environment descriptor '/home/pi/ros2_main/install/map_launch/share/map_launch/hook/cmake_prefix_path.dsv'
[3.810s] INFO:colcon.colcon_core.shell:Creating environment hook '/home/pi/ros2_main/install/map_launch/share/map_launch/hook/cmake_prefix_path.sh'
[3.812s] Level 1:colcon.colcon_core.environment:checking '/home/pi/ros2_main/install/map_launch/bin'
[3.812s] Level 1:colcon.colcon_core.environment:checking '/home/pi/ros2_main/install/map_launch/lib/pkgconfig/map_launch.pc'
[3.812s] Level 1:colcon.colcon_core.environment:checking '/home/pi/ros2_main/install/map_launch/lib/python3.12/site-packages'
[3.813s] Level 1:colcon.colcon_core.environment:checking '/home/pi/ros2_main/install/map_launch/bin'
[3.813s] INFO:colcon.colcon_core.shell:Creating package script '/home/pi/ros2_main/install/map_launch/share/map_launch/package.ps1'
[3.814s] INFO:colcon.colcon_core.shell:Creating package descriptor '/home/pi/ros2_main/install/map_launch/share/map_launch/package.dsv'
[3.816s] INFO:colcon.colcon_core.shell:Creating package script '/home/pi/ros2_main/install/map_launch/share/map_launch/package.sh'
[3.817s] INFO:colcon.colcon_core.shell:Creating package script '/home/pi/ros2_main/install/map_launch/share/map_launch/package.bash'
[3.818s] INFO:colcon.colcon_core.shell:Creating package script '/home/pi/ros2_main/install/map_launch/share/map_launch/package.zsh'
[3.823s] Level 1:colcon.colcon_core.environment:create_file_with_runtime_dependencies(/home/pi/ros2_main/install/map_launch/share/colcon-core/packages/map_launch)
[3.825s] INFO:colcon.colcon_ros.task.ament_cmake.build:Building ROS package in '/home/pi/ros2_main/src/serial' with build type 'ament_cmake'
[3.825s] INFO:colcon.colcon_cmake.task.cmake.build:Building CMake package in '/home/pi/ros2_main/src/serial'
[3.826s] INFO:colcon.colcon_core.shell:Skip shell extension 'powershell' for command environment: Not usable outside of PowerShell
[3.826s] DEBUG:colcon.colcon_core.shell:Skip shell extension 'dsv' for command environment
[3.852s] DEBUG:colcon.colcon_core.event_handler.log_command:Invoking command in '/home/pi/ros2_main/build/serial': CMAKE_PREFIX_PATH=${CMAKE_PREFIX_PATH}:/home/pi/ros2_main/install/your_twist_converter:/home/pi/ros2_main/install/yolo_detector:/home/pi/ros2_main/install/py_pubsub:/home/pi/ros2_main/install/nav2_simple_commander:/opt/ros/jazzy DEBUGINFOD_URLS=https://debuginfod.ubuntu.com /usr/bin/cmake /home/pi/ros2_main/src/serial -DCMAKE_INSTALL_PREFIX=/home/pi/ros2_main/install/serial
[5.548s] DEBUG:colcon.colcon_core.event_handler.log_command:Invoked command in '/home/pi/ros2_main/build/arduino_ros2_control' returned '0': CMAKE_PREFIX_PATH=${CMAKE_PREFIX_PATH}:/home/pi/ros2_main/install/your_twist_converter:/home/pi/ros2_main/install/yolo_detector:/home/pi/ros2_main/install/py_pubsub:/home/pi/ros2_main/install/nav2_simple_commander:/opt/ros/jazzy DEBUGINFOD_URLS=https://debuginfod.ubuntu.com /usr/bin/cmake /home/pi/ros2_main/src/arduino_ros2_control -DCMAKE_INSTALL_PREFIX=/home/pi/ros2_main/install/arduino_ros2_control
[5.553s] DEBUG:colcon.colcon_core.event_handler.log_command:Invoking command in '/home/pi/ros2_main/build/arduino_ros2_control': CMAKE_PREFIX_PATH=${CMAKE_PREFIX_PATH}:/home/pi/ros2_main/install/your_twist_converter:/home/pi/ros2_main/install/yolo_detector:/home/pi/ros2_main/install/py_pubsub:/home/pi/ros2_main/install/nav2_simple_commander:/opt/ros/jazzy DEBUGINFOD_URLS=https://debuginfod.ubuntu.com /usr/bin/cmake --build /home/pi/ros2_main/build/arduino_ros2_control -- -j4 -l4
[5.848s] Level 1:colcon.colcon_core.environment:checking '/home/pi/ros2_main/install/py_pubsub' for CMake module files
[5.850s] Level 1:colcon.colcon_core.environment:checking '/home/pi/ros2_main/install/py_pubsub' for CMake config files
[5.851s] DEBUG:colcon.colcon_core.event_handler.log_command:Invoked command in '/home/pi/ros2_main/src/py_pubsub' returned '0': DEBUGINFOD_URLS=https://debuginfod.ubuntu.com PYTHONPATH=/home/pi/ros2_main/build/py_pubsub/prefix_override:/usr/lib/python3/dist-packages/colcon_core/task/python/colcon_distutils_commands:/home/pi/ros2_main/install/py_pubsub/lib/python3.12/site-packages:${PYTHONPATH} /usr/bin/python3 -W ignore:setup.py install is deprecated -W ignore:easy_install command is deprecated setup.py egg_info --egg-base ../../build/py_pubsub build --build-base /home/pi/ros2_main/build/py_pubsub/build install --record /home/pi/ros2_main/build/py_pubsub/install.log --single-version-externally-managed install_data
[5.855s] Level 1:colcon.colcon_core.environment:checking '/home/pi/ros2_main/install/py_pubsub/lib'
[5.855s] Level 1:colcon.colcon_core.environment:checking '/home/pi/ros2_main/install/py_pubsub/bin'
[5.856s] Level 1:colcon.colcon_core.environment:checking '/home/pi/ros2_main/install/py_pubsub/lib/pkgconfig/py_pubsub.pc'
[5.857s] Level 1:colcon.colcon_core.environment:checking '/home/pi/ros2_main/install/py_pubsub/lib/python3.12/site-packages'
[5.857s] Level 1:colcon.colcon_core.shell:create_environment_hook('py_pubsub', 'pythonpath')
[5.858s] INFO:colcon.colcon_core.shell:Creating environment hook '/home/pi/ros2_main/install/py_pubsub/share/py_pubsub/hook/pythonpath.ps1'
[5.862s] INFO:colcon.colcon_core.shell:Creating environment descriptor '/home/pi/ros2_main/install/py_pubsub/share/py_pubsub/hook/pythonpath.dsv'
[5.863s] INFO:colcon.colcon_core.shell:Creating environment hook '/home/pi/ros2_main/install/py_pubsub/share/py_pubsub/hook/pythonpath.sh'
[5.865s] Level 1:colcon.colcon_core.environment:checking '/home/pi/ros2_main/install/py_pubsub/bin'
[5.865s] Level 1:colcon.colcon_core.environment:create_environment_scripts_only(py_pubsub)
[5.866s] INFO:colcon.colcon_core.shell:Creating package script '/home/pi/ros2_main/install/py_pubsub/share/py_pubsub/package.ps1'
[5.867s] INFO:colcon.colcon_core.shell:Creating package descriptor '/home/pi/ros2_main/install/py_pubsub/share/py_pubsub/package.dsv'
[5.869s] INFO:colcon.colcon_core.shell:Creating package script '/home/pi/ros2_main/install/py_pubsub/share/py_pubsub/package.sh'
[5.874s] INFO:colcon.colcon_core.shell:Creating package script '/home/pi/ros2_main/install/py_pubsub/share/py_pubsub/package.bash'
[5.875s] INFO:colcon.colcon_core.shell:Creating package script '/home/pi/ros2_main/install/py_pubsub/share/py_pubsub/package.zsh'
[5.876s] Level 1:colcon.colcon_core.environment:create_file_with_runtime_dependencies(/home/pi/ros2_main/install/py_pubsub/share/colcon-core/packages/py_pubsub)
[5.880s] INFO:colcon.colcon_ros.task.ament_python.build:Building ROS package in '/home/pi/ros2_main/src/yolo_detector' with build type 'ament_python'
[5.881s] Level 1:colcon.colcon_core.shell:create_environment_hook('yolo_detector', 'ament_prefix_path')
[5.882s] INFO:colcon.colcon_core.shell:Creating environment hook '/home/pi/ros2_main/install/yolo_detector/share/yolo_detector/hook/ament_prefix_path.ps1'
[5.887s] INFO:colcon.colcon_core.shell:Creating environment descriptor '/home/pi/ros2_main/install/yolo_detector/share/yolo_detector/hook/ament_prefix_path.dsv'
[5.888s] INFO:colcon.colcon_core.shell:Creating environment hook '/home/pi/ros2_main/install/yolo_detector/share/yolo_detector/hook/ament_prefix_path.sh'
[5.896s] INFO:colcon.colcon_core.shell:Skip shell extension 'powershell' for command environment: Not usable outside of PowerShell
[5.897s] DEBUG:colcon.colcon_core.shell:Skip shell extension 'dsv' for command environment
[7.665s] INFO:colcon.colcon_core.task.python.build:Building Python package in '/home/pi/ros2_main/src/yolo_detector'
[7.666s] INFO:colcon.colcon_core.shell:Skip shell extension 'powershell' for command environment: Not usable outside of PowerShell
[7.666s] DEBUG:colcon.colcon_core.shell:Skip shell extension 'dsv' for command environment
[7.773s] DEBUG:colcon.colcon_core.event_handler.log_command:Invoked command in '/home/pi/ros2_main/build/rplidar_ros' returned '0': CMAKE_PREFIX_PATH=${CMAKE_PREFIX_PATH}:/home/pi/ros2_main/install/your_twist_converter:/home/pi/ros2_main/install/yolo_detector:/home/pi/ros2_main/install/py_pubsub:/home/pi/ros2_main/install/nav2_simple_commander:/opt/ros/jazzy DEBUGINFOD_URLS=https://debuginfod.ubuntu.com /usr/bin/cmake /home/pi/ros2_main/src/rplidar_ros -DCMAKE_INSTALL_PREFIX=/home/pi/ros2_main/install/rplidar_ros
[7.774s] DEBUG:colcon.colcon_core.event_handler.log_command:Invoking command in '/home/pi/ros2_main/build/rplidar_ros': CMAKE_PREFIX_PATH=${CMAKE_PREFIX_PATH}:/home/pi/ros2_main/install/your_twist_converter:/home/pi/ros2_main/install/yolo_detector:/home/pi/ros2_main/install/py_pubsub:/home/pi/ros2_main/install/nav2_simple_commander:/opt/ros/jazzy DEBUGINFOD_URLS=https://debuginfod.ubuntu.com /usr/bin/cmake --build /home/pi/ros2_main/build/rplidar_ros -- -j4 -l4
[9.560s] DEBUG:colcon.colcon_core.event_handler.log_command:Invoked command in '/home/pi/ros2_main/build/serial' returned '0': CMAKE_PREFIX_PATH=${CMAKE_PREFIX_PATH}:/home/pi/ros2_main/install/your_twist_converter:/home/pi/ros2_main/install/yolo_detector:/home/pi/ros2_main/install/py_pubsub:/home/pi/ros2_main/install/nav2_simple_commander:/opt/ros/jazzy DEBUGINFOD_URLS=https://debuginfod.ubuntu.com /usr/bin/cmake /home/pi/ros2_main/src/serial -DCMAKE_INSTALL_PREFIX=/home/pi/ros2_main/install/serial
[9.562s] DEBUG:colcon.colcon_core.event_handler.log_command:Invoking command in '/home/pi/ros2_main/build/serial': CMAKE_PREFIX_PATH=${CMAKE_PREFIX_PATH}:/home/pi/ros2_main/install/your_twist_converter:/home/pi/ros2_main/install/yolo_detector:/home/pi/ros2_main/install/py_pubsub:/home/pi/ros2_main/install/nav2_simple_commander:/opt/ros/jazzy DEBUGINFOD_URLS=https://debuginfod.ubuntu.com /usr/bin/cmake --build /home/pi/ros2_main/build/serial -- -j4 -l4
[24.312s] DEBUG:colcon.colcon_core.event_handler.log_command:Invoking command in '/home/pi/ros2_main/src/yolo_detector': DEBUGINFOD_URLS=https://debuginfod.ubuntu.com PYTHONPATH=/home/pi/ros2_main/build/yolo_detector/prefix_override:/usr/lib/python3/dist-packages/colcon_core/task/python/colcon_distutils_commands:/home/pi/ros2_main/install/yolo_detector/lib/python3.12/site-packages:${PYTHONPATH} /usr/bin/python3 -W ignore:setup.py install is deprecated -W ignore:easy_install command is deprecated setup.py egg_info --egg-base ../../build/yolo_detector build --build-base /home/pi/ros2_main/build/yolo_detector/build install --record /home/pi/ros2_main/build/yolo_detector/install.log --single-version-externally-managed install_data
[29.059s] Level 1:colcon.colcon_core.environment:checking '/home/pi/ros2_main/install/yolo_detector' for CMake module files
[29.064s] DEBUG:colcon.colcon_core.event_handler.log_command:Invoked command in '/home/pi/ros2_main/src/yolo_detector' returned '0': DEBUGINFOD_URLS=https://debuginfod.ubuntu.com PYTHONPATH=/home/pi/ros2_main/build/yolo_detector/prefix_override:/usr/lib/python3/dist-packages/colcon_core/task/python/colcon_distutils_commands:/home/pi/ros2_main/install/yolo_detector/lib/python3.12/site-packages:${PYTHONPATH} /usr/bin/python3 -W ignore:setup.py install is deprecated -W ignore:easy_install command is deprecated setup.py egg_info --egg-base ../../build/yolo_detector build --build-base /home/pi/ros2_main/build/yolo_detector/build install --record /home/pi/ros2_main/build/yolo_detector/install.log --single-version-externally-managed install_data
[29.070s] Level 1:colcon.colcon_core.environment:checking '/home/pi/ros2_main/install/yolo_detector' for CMake config files
[29.072s] Level 1:colcon.colcon_core.environment:checking '/home/pi/ros2_main/install/yolo_detector/lib'
[29.074s] Level 1:colcon.colcon_core.environment:checking '/home/pi/ros2_main/install/yolo_detector/bin'
[29.074s] Level 1:colcon.colcon_core.environment:checking '/home/pi/ros2_main/install/yolo_detector/lib/pkgconfig/yolo_detector.pc'
[29.075s] Level 1:colcon.colcon_core.environment:checking '/home/pi/ros2_main/install/yolo_detector/lib/python3.12/site-packages'
[29.075s] Level 1:colcon.colcon_core.shell:create_environment_hook('yolo_detector', 'pythonpath')
[29.081s] INFO:colcon.colcon_core.shell:Creating environment hook '/home/pi/ros2_main/install/yolo_detector/share/yolo_detector/hook/pythonpath.ps1'
[29.086s] INFO:colcon.colcon_core.shell:Creating environment descriptor '/home/pi/ros2_main/install/yolo_detector/share/yolo_detector/hook/pythonpath.dsv'
[29.093s] INFO:colcon.colcon_core.shell:Creating environment hook '/home/pi/ros2_main/install/yolo_detector/share/yolo_detector/hook/pythonpath.sh'
[29.098s] Level 1:colcon.colcon_core.environment:checking '/home/pi/ros2_main/install/yolo_detector/bin'
[29.098s] Level 1:colcon.colcon_core.environment:create_environment_scripts_only(yolo_detector)
[29.102s] INFO:colcon.colcon_core.shell:Creating package script '/home/pi/ros2_main/install/yolo_detector/share/yolo_detector/package.ps1'
[29.107s] INFO:colcon.colcon_core.shell:Creating package descriptor '/home/pi/ros2_main/install/yolo_detector/share/yolo_detector/package.dsv'
[29.114s] INFO:colcon.colcon_core.shell:Creating package script '/home/pi/ros2_main/install/yolo_detector/share/yolo_detector/package.sh'
[29.119s] INFO:colcon.colcon_core.shell:Creating package script '/home/pi/ros2_main/install/yolo_detector/share/yolo_detector/package.bash'
[29.124s] INFO:colcon.colcon_core.shell:Creating package script '/home/pi/ros2_main/install/yolo_detector/share/yolo_detector/package.zsh'
[29.126s] Level 1:colcon.colcon_core.environment:create_file_with_runtime_dependencies(/home/pi/ros2_main/install/yolo_detector/share/colcon-core/packages/yolo_detector)
[29.134s] INFO:colcon.colcon_ros.task.ament_python.build:Building ROS package in '/home/pi/ros2_main/src/your_twist_converter' with build type 'ament_python'
[29.135s] Level 1:colcon.colcon_core.shell:create_environment_hook('your_twist_converter', 'ament_prefix_path')
[29.139s] INFO:colcon.colcon_core.shell:Creating environment hook '/home/pi/ros2_main/install/your_twist_converter/share/your_twist_converter/hook/ament_prefix_path.ps1'
[29.150s] INFO:colcon.colcon_core.shell:Creating environment descriptor '/home/pi/ros2_main/install/your_twist_converter/share/your_twist_converter/hook/ament_prefix_path.dsv'
[29.154s] INFO:colcon.colcon_core.shell:Creating environment hook '/home/pi/ros2_main/install/your_twist_converter/share/your_twist_converter/hook/ament_prefix_path.sh'
[29.162s] INFO:colcon.colcon_core.shell:Skip shell extension 'powershell' for command environment: Not usable outside of PowerShell
[29.162s] DEBUG:colcon.colcon_core.shell:Skip shell extension 'dsv' for command environment
[31.945s] INFO:colcon.colcon_core.task.python.build:Building Python package in '/home/pi/ros2_main/src/your_twist_converter'
[31.946s] INFO:colcon.colcon_core.shell:Skip shell extension 'powershell' for command environment: Not usable outside of PowerShell
[31.946s] DEBUG:colcon.colcon_core.shell:Skip shell extension 'dsv' for command environment
[38.968s] DEBUG:colcon.colcon_core.event_handler.log_command:Invoking command in '/home/pi/ros2_main/src/your_twist_converter': DEBUGINFOD_URLS=https://debuginfod.ubuntu.com PYTHONPATH=/home/pi/ros2_main/build/your_twist_converter/prefix_override:/usr/lib/python3/dist-packages/colcon_core/task/python/colcon_distutils_commands:/home/pi/ros2_main/install/your_twist_converter/lib/python3.12/site-packages:${PYTHONPATH} /usr/bin/python3 -W ignore:setup.py install is deprecated -W ignore:easy_install command is deprecated setup.py egg_info --egg-base ../../build/your_twist_converter build --build-base /home/pi/ros2_main/build/your_twist_converter/build install --record /home/pi/ros2_main/build/your_twist_converter/install.log --single-version-externally-managed install_data
[43.380s] Level 1:colcon.colcon_core.environment:checking '/home/pi/ros2_main/install/your_twist_converter' for CMake module files
[43.382s] Level 1:colcon.colcon_core.environment:checking '/home/pi/ros2_main/install/your_twist_converter' for CMake config files
[43.399s] Level 1:colcon.colcon_core.environment:checking '/home/pi/ros2_main/install/your_twist_converter/lib'
[43.403s] Level 1:colcon.colcon_core.environment:checking '/home/pi/ros2_main/install/your_twist_converter/bin'
[43.385s] DEBUG:colcon.colcon_core.event_handler.log_command:Invoked command in '/home/pi/ros2_main/src/your_twist_converter' returned '0': DEBUGINFOD_URLS=https://debuginfod.ubuntu.com PYTHONPATH=/home/pi/ros2_main/build/your_twist_converter/prefix_override:/usr/lib/python3/dist-packages/colcon_core/task/python/colcon_distutils_commands:/home/pi/ros2_main/install/your_twist_converter/lib/python3.12/site-packages:${PYTHONPATH} /usr/bin/python3 -W ignore:setup.py install is deprecated -W ignore:easy_install command is deprecated setup.py egg_info --egg-base ../../build/your_twist_converter build --build-base /home/pi/ros2_main/build/your_twist_converter/build install --record /home/pi/ros2_main/build/your_twist_converter/install.log --single-version-externally-managed install_data
[43.410s] Level 1:colcon.colcon_core.environment:checking '/home/pi/ros2_main/install/your_twist_converter/lib/pkgconfig/your_twist_converter.pc'
[43.414s] Level 1:colcon.colcon_core.environment:checking '/home/pi/ros2_main/install/your_twist_converter/lib/python3.12/site-packages'
[43.415s] Level 1:colcon.colcon_core.shell:create_environment_hook('your_twist_converter', 'pythonpath')
[43.415s] INFO:colcon.colcon_core.shell:Creating environment hook '/home/pi/ros2_main/install/your_twist_converter/share/your_twist_converter/hook/pythonpath.ps1'
[43.429s] INFO:colcon.colcon_core.shell:Creating environment descriptor '/home/pi/ros2_main/install/your_twist_converter/share/your_twist_converter/hook/pythonpath.dsv'
[43.431s] INFO:colcon.colcon_core.shell:Creating environment hook '/home/pi/ros2_main/install/your_twist_converter/share/your_twist_converter/hook/pythonpath.sh'
[43.443s] Level 1:colcon.colcon_core.environment:checking '/home/pi/ros2_main/install/your_twist_converter/bin'
[43.443s] Level 1:colcon.colcon_core.environment:create_environment_scripts_only(your_twist_converter)
[43.454s] INFO:colcon.colcon_core.shell:Creating package script '/home/pi/ros2_main/install/your_twist_converter/share/your_twist_converter/package.ps1'
[43.461s] INFO:colcon.colcon_core.shell:Creating package descriptor '/home/pi/ros2_main/install/your_twist_converter/share/your_twist_converter/package.dsv'
[43.463s] INFO:colcon.colcon_core.shell:Creating package script '/home/pi/ros2_main/install/your_twist_converter/share/your_twist_converter/package.sh'
[43.475s] INFO:colcon.colcon_core.shell:Creating package script '/home/pi/ros2_main/install/your_twist_converter/share/your_twist_converter/package.bash'
[43.486s] INFO:colcon.colcon_core.shell:Creating package script '/home/pi/ros2_main/install/your_twist_converter/share/your_twist_converter/package.zsh'
[43.496s] Level 1:colcon.colcon_core.environment:create_file_with_runtime_dependencies(/home/pi/ros2_main/install/your_twist_converter/share/colcon-core/packages/your_twist_converter)
[45.311s] DEBUG:colcon.colcon_core.event_handler.log_command:Invoked command in '/home/pi/ros2_main/build/arduino_ros2_control' returned '2': CMAKE_PREFIX_PATH=${CMAKE_PREFIX_PATH}:/home/pi/ros2_main/install/your_twist_converter:/home/pi/ros2_main/install/yolo_detector:/home/pi/ros2_main/install/py_pubsub:/home/pi/ros2_main/install/nav2_simple_commander:/opt/ros/jazzy DEBUGINFOD_URLS=https://debuginfod.ubuntu.com /usr/bin/cmake --build /home/pi/ros2_main/build/arduino_ros2_control -- -j4 -l4
[45.314s] Level 1:colcon.colcon_core.environment:create_environment_scripts_only(arduino_ros2_control)
[45.315s] Level 1:colcon.colcon_core.environment:checking '/home/pi/ros2_main/install/arduino_ros2_control' for CMake module files
[45.317s] Level 1:colcon.colcon_core.environment:checking '/home/pi/ros2_main/install/arduino_ros2_control' for CMake config files
[45.318s] Level 1:colcon.colcon_core.environment:checking '/home/pi/ros2_main/install/arduino_ros2_control/bin'
[45.319s] Level 1:colcon.colcon_core.environment:checking '/home/pi/ros2_main/install/arduino_ros2_control/lib/pkgconfig/arduino_ros2_control.pc'
[45.319s] Level 1:colcon.colcon_core.environment:checking '/home/pi/ros2_main/install/arduino_ros2_control/lib/python3.12/site-packages'
[45.321s] Level 1:colcon.colcon_core.environment:checking '/home/pi/ros2_main/install/arduino_ros2_control/bin'
[45.323s] INFO:colcon.colcon_core.shell:Creating package script '/home/pi/ros2_main/install/arduino_ros2_control/share/arduino_ros2_control/package.ps1'
[45.332s] INFO:colcon.colcon_core.shell:Creating package descriptor '/home/pi/ros2_main/install/arduino_ros2_control/share/arduino_ros2_control/package.dsv'
[45.347s] INFO:colcon.colcon_core.shell:Creating package script '/home/pi/ros2_main/install/arduino_ros2_control/share/arduino_ros2_control/package.sh'
[45.355s] INFO:colcon.colcon_core.shell:Creating package script '/home/pi/ros2_main/install/arduino_ros2_control/share/arduino_ros2_control/package.bash'
[45.368s] INFO:colcon.colcon_core.shell:Creating package script '/home/pi/ros2_main/install/arduino_ros2_control/share/arduino_ros2_control/package.zsh'
[45.369s] Level 1:colcon.colcon_core.environment:create_file_with_runtime_dependencies(/home/pi/ros2_main/install/arduino_ros2_control/share/colcon-core/packages/arduino_ros2_control)
[78.425s] DEBUG:colcon.colcon_parallel_executor.executor.parallel:closing loop
[78.425s] DEBUG:colcon.colcon_parallel_executor.executor.parallel:loop closed
[78.426s] DEBUG:colcon.colcon_parallel_executor.executor.parallel:run_until_complete finished with '2'
[78.426s] DEBUG:colcon.colcon_core.event_reactor:joining thread
[78.440s] INFO:colcon.colcon_core.plugin_system:Skipping extension 'colcon_notification.desktop_notification.terminal_notifier': Not used on non-Darwin systems
[78.441s] INFO:colcon.colcon_core.plugin_system:Skipping extension 'colcon_notification.desktop_notification.win32': Not used on non-Windows systems
[78.441s] INFO:colcon.colcon_notification.desktop_notification:Sending desktop notification using 'notify2'
[78.453s] DEBUG:colcon.colcon_core.event_reactor:joined thread
[78.453s] INFO:colcon.colcon_core.shell:Creating prefix script '/home/pi/ros2_main/install/local_setup.ps1'
[78.455s] INFO:colcon.colcon_core.shell:Creating prefix util module '/home/pi/ros2_main/install/_local_setup_util_ps1.py'
[78.458s] INFO:colcon.colcon_core.shell:Creating prefix chain script '/home/pi/ros2_main/install/setup.ps1'
[78.461s] INFO:colcon.colcon_core.shell:Creating prefix script '/home/pi/ros2_main/install/local_setup.sh'
[78.464s] INFO:colcon.colcon_core.shell:Creating prefix util module '/home/pi/ros2_main/install/_local_setup_util_sh.py'
[78.466s] INFO:colcon.colcon_core.shell:Creating prefix chain script '/home/pi/ros2_main/install/setup.sh'
[78.469s] INFO:colcon.colcon_core.shell:Creating prefix script '/home/pi/ros2_main/install/local_setup.bash'
[78.471s] INFO:colcon.colcon_core.shell:Creating prefix chain script '/home/pi/ros2_main/install/setup.bash'
[78.475s] INFO:colcon.colcon_core.shell:Creating prefix script '/home/pi/ros2_main/install/local_setup.zsh'
[78.476s] INFO:colcon.colcon_core.shell:Creating prefix chain script '/home/pi/ros2_main/install/setup.zsh'
