[0.062s] Invoking command in '/home/pi/ros2_main/build/arduino_ros2_control': CMAKE_PREFIX_PATH=${CMAKE_PREFIX_PATH}:/home/pi/ros2_main/install/your_twist_converter:/home/pi/ros2_main/install/yolo_detector:/home/pi/ros2_main/install/py_pubsub:/home/pi/ros2_main/install/nav2_simple_commander:/opt/ros/jazzy DEBUGINFOD_URLS=https://debuginfod.ubuntu.com /usr/bin/cmake --build /home/pi/ros2_main/build/arduino_ros2_control -- -j4 -l4
[0.770s] [100%] Built target arduino_ros2_control
[0.772s] Invoked command in '/home/pi/ros2_main/build/arduino_ros2_control' returned '0': CMAKE_PREFIX_PATH=${CMAKE_PREFIX_PATH}:/home/pi/ros2_main/install/your_twist_converter:/home/pi/ros2_main/install/yolo_detector:/home/pi/ros2_main/install/py_pubsub:/home/pi/ros2_main/install/nav2_simple_commander:/opt/ros/jazzy DEBUGINFOD_URLS=https://debuginfod.ubuntu.com /usr/bin/cmake --build /home/pi/ros2_main/build/arduino_ros2_control -- -j4 -l4
[0.795s] Invoking command in '/home/pi/ros2_main/build/arduino_ros2_control': CMAKE_PREFIX_PATH=${CMAKE_PREFIX_PATH}:/home/pi/ros2_main/install/your_twist_converter:/home/pi/ros2_main/install/yolo_detector:/home/pi/ros2_main/install/py_pubsub:/home/pi/ros2_main/install/nav2_simple_commander:/opt/ros/jazzy DEBUGINFOD_URLS=https://debuginfod.ubuntu.com /usr/bin/cmake --install /home/pi/ros2_main/build/arduino_ros2_control
[0.817s] -- Install configuration: ""
[0.818s] -- Up-to-date: /home/pi/ros2_main/install/arduino_ros2_control/share/arduino_ros2_control/arduino_ros2_control.xml
[0.819s] -- Up-to-date: /home/pi/ros2_main/install/arduino_ros2_control/include/arduino_ros2_control
[0.820s] -- Up-to-date: /home/pi/ros2_main/install/arduino_ros2_control/include/arduino_ros2_control/arduino_ros2_control
[0.820s] -- Up-to-date: /home/pi/ros2_main/install/arduino_ros2_control/include/arduino_ros2_control/arduino_ros2_control/visibility_control.h
[0.822s] -- Up-to-date: /home/pi/ros2_main/install/arduino_ros2_control/include/arduino_ros2_control/arduino_ros2_control/tracks.hpp
[0.823s] -- Up-to-date: /home/pi/ros2_main/install/arduino_ros2_control/include/arduino_ros2_control/arduino_ros2_control/bot_syst.hpp
[0.823s] -- Up-to-date: /home/pi/ros2_main/install/arduino_ros2_control/include/arduino_ros2_control/arduino_ros2_control/serial_comms.hpp
[0.823s] -- Up-to-date: /home/pi/ros2_main/install/arduino_ros2_control/share/arduino_ros2_control/launch
[0.823s] -- Up-to-date: /home/pi/ros2_main/install/arduino_ros2_control/share/arduino_ros2_control/launch/view_robot.launch.py
[0.823s] -- Up-to-date: /home/pi/ros2_main/install/arduino_ros2_control/share/arduino_ros2_control/ros2_control
[0.823s] -- Up-to-date: /home/pi/ros2_main/install/arduino_ros2_control/share/arduino_ros2_control/ros2_control/diffbot.ros2_control.xacro
[0.823s] -- Up-to-date: /home/pi/ros2_main/install/arduino_ros2_control/share/arduino_ros2_control/urdf
[0.824s] -- Up-to-date: /home/pi/ros2_main/install/arduino_ros2_control/share/arduino_ros2_control/urdf/diffbot.materials.xacro
[0.824s] -- Installing: /home/pi/ros2_main/install/arduino_ros2_control/share/arduino_ros2_control/urdf/diffbot_description.urdf.xacro
[0.824s] -- Up-to-date: /home/pi/ros2_main/install/arduino_ros2_control/share/arduino_ros2_control/urdf/diffbot.urdf.xacro
[0.824s] -- Up-to-date: /home/pi/ros2_main/install/arduino_ros2_control/share/arduino_ros2_control/rviz
[0.824s] -- Up-to-date: /home/pi/ros2_main/install/arduino_ros2_control/share/arduino_ros2_control/rviz/diffbot.rviz
[0.824s] -- Up-to-date: /home/pi/ros2_main/install/arduino_ros2_control/share/arduino_ros2_control/rviz/diffbot_view.rviz
[0.824s] -- Up-to-date: /home/pi/ros2_main/install/arduino_ros2_control/share/arduino_ros2_control/launch
[0.825s] -- Up-to-date: /home/pi/ros2_main/install/arduino_ros2_control/share/arduino_ros2_control/launch/__pycache__
[0.826s] -- Up-to-date: /home/pi/ros2_main/install/arduino_ros2_control/share/arduino_ros2_control/launch/__pycache__/navigation_launch.cpython-312.pyc
[0.826s] -- Up-to-date: /home/pi/ros2_main/install/arduino_ros2_control/share/arduino_ros2_control/launch/__pycache__/localization_launch.cpython-312.pyc
[0.826s] -- Up-to-date: /home/pi/ros2_main/install/arduino_ros2_control/share/arduino_ros2_control/launch/__pycache__/online_async_launch.cpython-312.pyc
[0.826s] -- Up-to-date: /home/pi/ros2_main/install/arduino_ros2_control/share/arduino_ros2_control/launch/__pycache__/online_sync_launch.cpython-312.pyc
[0.826s] -- Installing: /home/pi/ros2_main/install/arduino_ros2_control/share/arduino_ros2_control/launch/__pycache__/diffbot.launch.cpython-312.pyc
[0.827s] -- Up-to-date: /home/pi/ros2_main/install/arduino_ros2_control/share/arduino_ros2_control/launch/navigation_launch.py
[0.827s] -- Up-to-date: /home/pi/ros2_main/install/arduino_ros2_control/share/arduino_ros2_control/launch/compl_map_create_launch.py
[0.827s] -- Up-to-date: /home/pi/ros2_main/install/arduino_ros2_control/share/arduino_ros2_control/launch/localization_launch.py
[0.827s] -- Up-to-date: /home/pi/ros2_main/install/arduino_ros2_control/share/arduino_ros2_control/launch/online_sync_launch.py
[0.827s] -- Up-to-date: /home/pi/ros2_main/install/arduino_ros2_control/share/arduino_ros2_control/launch/online_async_launch.py
[0.827s] -- Up-to-date: /home/pi/ros2_main/install/arduino_ros2_control/share/arduino_ros2_control/launch/compl_navigation_launch.py
[0.827s] -- Up-to-date: /home/pi/ros2_main/install/arduino_ros2_control/share/arduino_ros2_control/launch/diffbot.launch.py
[0.827s] -- Up-to-date: /home/pi/ros2_main/install/arduino_ros2_control/share/arduino_ros2_control/config
[0.827s] -- Up-to-date: /home/pi/ros2_main/install/arduino_ros2_control/share/arduino_ros2_control/config/mapper_params_online_async.yaml
[0.828s] -- Up-to-date: /home/pi/ros2_main/install/arduino_ros2_control/share/arduino_ros2_control/config/nav2_params.yaml
[0.828s] -- Up-to-date: /home/pi/ros2_main/install/arduino_ros2_control/share/arduino_ros2_control/config/mapper_params_online_sync.yaml
[0.828s] -- Up-to-date: /home/pi/ros2_main/install/arduino_ros2_control/share/arduino_ros2_control/config/diffbot_controllers.yaml
[0.828s] -- Up-to-date: /home/pi/ros2_main/install/arduino_ros2_control/share/arduino_ros2_control/config/local_params_online_async.yaml
[0.831s] -- Up-to-date: /home/pi/ros2_main/install/arduino_ros2_control/lib/libarduino_ros2_control.so
[0.831s] -- Up-to-date: /home/pi/ros2_main/install/arduino_ros2_control/share/arduino_ros2_control/environment/library_path.sh
[0.831s] -- Up-to-date: /home/pi/ros2_main/install/arduino_ros2_control/share/arduino_ros2_control/environment/library_path.dsv
[0.833s] -- Up-to-date: /home/pi/ros2_main/install/arduino_ros2_control/share/ament_index/resource_index/package_run_dependencies/arduino_ros2_control
[0.833s] -- Up-to-date: /home/pi/ros2_main/install/arduino_ros2_control/share/ament_index/resource_index/parent_prefix_path/arduino_ros2_control
[0.834s] -- Up-to-date: /home/pi/ros2_main/install/arduino_ros2_control/share/arduino_ros2_control/environment/ament_prefix_path.sh
[0.834s] -- Up-to-date: /home/pi/ros2_main/install/arduino_ros2_control/share/arduino_ros2_control/environment/ament_prefix_path.dsv
[0.834s] -- Up-to-date: /home/pi/ros2_main/install/arduino_ros2_control/share/arduino_ros2_control/environment/path.sh
[0.834s] -- Up-to-date: /home/pi/ros2_main/install/arduino_ros2_control/share/arduino_ros2_control/environment/path.dsv
[0.834s] -- Up-to-date: /home/pi/ros2_main/install/arduino_ros2_control/share/arduino_ros2_control/local_setup.bash
[0.834s] -- Up-to-date: /home/pi/ros2_main/install/arduino_ros2_control/share/arduino_ros2_control/local_setup.sh
[0.834s] -- Up-to-date: /home/pi/ros2_main/install/arduino_ros2_control/share/arduino_ros2_control/local_setup.zsh
[0.834s] -- Up-to-date: /home/pi/ros2_main/install/arduino_ros2_control/share/arduino_ros2_control/local_setup.dsv
[0.834s] -- Installing: /home/pi/ros2_main/install/arduino_ros2_control/share/arduino_ros2_control/package.dsv
[0.835s] -- Up-to-date: /home/pi/ros2_main/install/arduino_ros2_control/share/ament_index/resource_index/packages/arduino_ros2_control
[0.835s] -- Up-to-date: /home/pi/ros2_main/install/arduino_ros2_control/share/ament_index/resource_index/hardware_interface__pluginlib__plugin/arduino_ros2_control
[0.835s] -- Up-to-date: /home/pi/ros2_main/install/arduino_ros2_control/share/arduino_ros2_control/cmake/export_arduino_ros2_controlExport.cmake
[0.835s] -- Up-to-date: /home/pi/ros2_main/install/arduino_ros2_control/share/arduino_ros2_control/cmake/export_arduino_ros2_controlExport-noconfig.cmake
[0.835s] -- Up-to-date: /home/pi/ros2_main/install/arduino_ros2_control/share/arduino_ros2_control/cmake/ament_cmake_export_targets-extras.cmake
[0.835s] -- Up-to-date: /home/pi/ros2_main/install/arduino_ros2_control/share/arduino_ros2_control/cmake/ament_cmake_export_dependencies-extras.cmake
[0.835s] -- Up-to-date: /home/pi/ros2_main/install/arduino_ros2_control/share/arduino_ros2_control/cmake/arduino_ros2_controlConfig.cmake
[0.845s] -- Up-to-date: /home/pi/ros2_main/install/arduino_ros2_control/share/arduino_ros2_control/cmake/arduino_ros2_controlConfig-version.cmake
[0.846s] -- Up-to-date: /home/pi/ros2_main/install/arduino_ros2_control/share/arduino_ros2_control/package.xml
[0.851s] Invoked command in '/home/pi/ros2_main/build/arduino_ros2_control' returned '0': CMAKE_PREFIX_PATH=${CMAKE_PREFIX_PATH}:/home/pi/ros2_main/install/your_twist_converter:/home/pi/ros2_main/install/yolo_detector:/home/pi/ros2_main/install/py_pubsub:/home/pi/ros2_main/install/nav2_simple_commander:/opt/ros/jazzy DEBUGINFOD_URLS=https://debuginfod.ubuntu.com /usr/bin/cmake --install /home/pi/ros2_main/build/arduino_ros2_control
