[4.657s] Invoking command in '/home/pi/ros2_main/src/py_pubsub': DEBUGINFOD_URLS=https://debuginfod.ubuntu.com PYTHONPATH=/home/pi/ros2_main/build/py_pubsub/prefix_override:/usr/lib/python3/dist-packages/colcon_core/task/python/colcon_distutils_commands:/home/pi/ros2_main/install/py_pubsub/lib/python3.12/site-packages:${PYTHONPATH} /usr/bin/python3 -W ignore:setup.py install is deprecated -W ignore:easy_install command is deprecated setup.py egg_info --egg-base ../../build/py_pubsub build --build-base /home/pi/ros2_main/build/py_pubsub/build install --record /home/pi/ros2_main/build/py_pubsub/install.log --single-version-externally-managed install_data
[6.436s] running egg_info
[6.633s] writing ../../build/py_pubsub/py_pubsub.egg-info/PKG-INFO
[6.634s] writing dependency_links to ../../build/py_pubsub/py_pubsub.egg-info/dependency_links.txt
[6.650s] writing entry points to ../../build/py_pubsub/py_pubsub.egg-info/entry_points.txt
[6.651s] writing requirements to ../../build/py_pubsub/py_pubsub.egg-info/requires.txt
[6.651s] writing top-level names to ../../build/py_pubsub/py_pubsub.egg-info/top_level.txt
[7.072s] reading manifest file '../../build/py_pubsub/py_pubsub.egg-info/SOURCES.txt'
[7.075s] adding license file 'LICENSE'
[7.076s] writing manifest file '../../build/py_pubsub/py_pubsub.egg-info/SOURCES.txt'
[7.079s] running build
[7.081s] running build_py
[7.081s] running install
[7.100s] running install_lib
[7.169s] running install_data
[7.173s] running install_egg_info
[7.285s] removing '/home/pi/ros2_main/install/py_pubsub/lib/python3.12/site-packages/py_pubsub-0.0.0-py3.12.egg-info' (and everything under it)
[7.298s] Copying ../../build/py_pubsub/py_pubsub.egg-info to /home/pi/ros2_main/install/py_pubsub/lib/python3.12/site-packages/py_pubsub-0.0.0-py3.12.egg-info
[7.300s] running install_scripts
[7.941s] Installing camera script to /home/pi/ros2_main/install/py_pubsub/lib/py_pubsub
[7.946s] Installing listener script to /home/pi/ros2_main/install/py_pubsub/lib/py_pubsub
[7.948s] Installing talker script to /home/pi/ros2_main/install/py_pubsub/lib/py_pubsub
[7.949s] writing list of installed files to '/home/pi/ros2_main/build/py_pubsub/install.log'
[8.166s] Invoked command in '/home/pi/ros2_main/src/py_pubsub' returned '0': DEBUGINFOD_URLS=https://debuginfod.ubuntu.com PYTHONPATH=/home/pi/ros2_main/build/py_pubsub/prefix_override:/usr/lib/python3/dist-packages/colcon_core/task/python/colcon_distutils_commands:/home/pi/ros2_main/install/py_pubsub/lib/python3.12/site-packages:${PYTHONPATH} /usr/bin/python3 -W ignore:setup.py install is deprecated -W ignore:easy_install command is deprecated setup.py egg_info --egg-base ../../build/py_pubsub build --build-base /home/pi/ros2_main/build/py_pubsub/build install --record /home/pi/ros2_main/build/py_pubsub/install.log --single-version-externally-managed install_data
