[0.183s] Invoking command in '/home/pi/ros2_main/build/arduino_ros2_control': CMAKE_PREFIX_PATH=${CMAKE_PREFIX_PATH}:/home/pi/ros2_main/install/your_twist_converter:/home/pi/ros2_main/install/yolo_detector:/home/pi/ros2_main/install/py_pubsub:/home/pi/ros2_main/install/nav2_simple_commander:/opt/ros/jazzy DEBUGINFOD_URLS=https://debuginfod.ubuntu.com /usr/bin/cmake --build /home/pi/ros2_main/build/arduino_ros2_control -- -j4 -l4
[1.268s] [ 50%] [32mBuilding CXX object CMakeFiles/arduino_ros2_control.dir/hardware/bot_syst.cpp.o[0m
[19.448s] [100%] [32m[1mLinking CXX shared library libarduino_ros2_control.so[0m
[20.851s] [100%] Built target arduino_ros2_control
[20.920s] Invoked command in '/home/pi/ros2_main/build/arduino_ros2_control' returned '0': CMAKE_PREFIX_PATH=${CMAKE_PREFIX_PATH}:/home/pi/ros2_main/install/your_twist_converter:/home/pi/ros2_main/install/yolo_detector:/home/pi/ros2_main/install/py_pubsub:/home/pi/ros2_main/install/nav2_simple_commander:/opt/ros/jazzy DEBUGINFOD_URLS=https://debuginfod.ubuntu.com /usr/bin/cmake --build /home/pi/ros2_main/build/arduino_ros2_control -- -j4 -l4
[20.929s] Invoking command in '/home/pi/ros2_main/build/arduino_ros2_control': CMAKE_PREFIX_PATH=${CMAKE_PREFIX_PATH}:/home/pi/ros2_main/install/your_twist_converter:/home/pi/ros2_main/install/yolo_detector:/home/pi/ros2_main/install/py_pubsub:/home/pi/ros2_main/install/nav2_simple_commander:/opt/ros/jazzy DEBUGINFOD_URLS=https://debuginfod.ubuntu.com /usr/bin/cmake --install /home/pi/ros2_main/build/arduino_ros2_control
[20.987s] -- Install configuration: ""
[20.993s] -- Installing: /home/pi/ros2_main/install/arduino_ros2_control/share/arduino_ros2_control/arduino_ros2_control.xml
[20.993s] -- Installing: /home/pi/ros2_main/install/arduino_ros2_control/include/arduino_ros2_control
[20.994s] -- Installing: /home/pi/ros2_main/install/arduino_ros2_control/include/arduino_ros2_control/arduino_ros2_control
[21.001s] -- Installing: /home/pi/ros2_main/install/arduino_ros2_control/include/arduino_ros2_control/arduino_ros2_control/visibility_control.h
[21.006s] -- Installing: /home/pi/ros2_main/install/arduino_ros2_control/include/arduino_ros2_control/arduino_ros2_control/tracks.hpp
[21.010s] -- Installing: /home/pi/ros2_main/install/arduino_ros2_control/include/arduino_ros2_control/arduino_ros2_control/bot_syst.hpp
[21.010s] -- Installing: /home/pi/ros2_main/install/arduino_ros2_control/include/arduino_ros2_control/arduino_ros2_control/serial_comms.hpp
[21.011s] -- Installing: /home/pi/ros2_main/install/arduino_ros2_control/share/arduino_ros2_control/launch
[21.011s] -- Installing: /home/pi/ros2_main/install/arduino_ros2_control/share/arduino_ros2_control/launch/view_robot.launch.py
[21.011s] -- Installing: /home/pi/ros2_main/install/arduino_ros2_control/share/arduino_ros2_control/ros2_control
[21.019s] -- Installing: /home/pi/ros2_main/install/arduino_ros2_control/share/arduino_ros2_control/ros2_control/diffbot.ros2_control.xacro
[21.019s] -- Installing: /home/pi/ros2_main/install/arduino_ros2_control/share/arduino_ros2_control/urdf
[21.019s] -- Installing: /home/pi/ros2_main/install/arduino_ros2_control/share/arduino_ros2_control/urdf/diffbot.materials.xacro
[21.020s] -- Installing: /home/pi/ros2_main/install/arduino_ros2_control/share/arduino_ros2_control/urdf/diffbot_description.urdf.xacro
[21.020s] -- Installing: /home/pi/ros2_main/install/arduino_ros2_control/share/arduino_ros2_control/urdf/diffbot.urdf.xacro
[21.023s] -- Installing: /home/pi/ros2_main/install/arduino_ros2_control/share/arduino_ros2_control/rviz
[21.027s] -- Installing: /home/pi/ros2_main/install/arduino_ros2_control/share/arduino_ros2_control/rviz/diffbot.rviz
[21.027s] -- Installing: /home/pi/ros2_main/install/arduino_ros2_control/share/arduino_ros2_control/rviz/diffbot_view.rviz
[21.028s] -- Up-to-date: /home/pi/ros2_main/install/arduino_ros2_control/share/arduino_ros2_control/launch
[21.028s] -- Installing: /home/pi/ros2_main/install/arduino_ros2_control/share/arduino_ros2_control/launch/__pycache__
[21.032s] -- Installing: /home/pi/ros2_main/install/arduino_ros2_control/share/arduino_ros2_control/launch/__pycache__/navigation_launch.cpython-312.pyc
[21.035s] -- Installing: /home/pi/ros2_main/install/arduino_ros2_control/share/arduino_ros2_control/launch/__pycache__/localization_launch.cpython-312.pyc
[21.036s] -- Installing: /home/pi/ros2_main/install/arduino_ros2_control/share/arduino_ros2_control/launch/__pycache__/online_async_launch.cpython-312.pyc
[21.040s] -- Installing: /home/pi/ros2_main/install/arduino_ros2_control/share/arduino_ros2_control/launch/__pycache__/online_sync_launch.cpython-312.pyc
[21.041s] -- Installing: /home/pi/ros2_main/install/arduino_ros2_control/share/arduino_ros2_control/launch/__pycache__/diffbot.launch.cpython-312.pyc
[21.041s] -- Installing: /home/pi/ros2_main/install/arduino_ros2_control/share/arduino_ros2_control/launch/navigation_launch.py
[21.041s] -- Installing: /home/pi/ros2_main/install/arduino_ros2_control/share/arduino_ros2_control/launch/compl_map_create_launch.py
[21.041s] -- Installing: /home/pi/ros2_main/install/arduino_ros2_control/share/arduino_ros2_control/launch/localization_launch.py
[21.041s] -- Installing: /home/pi/ros2_main/install/arduino_ros2_control/share/arduino_ros2_control/launch/online_sync_launch.py
[21.041s] -- Installing: /home/pi/ros2_main/install/arduino_ros2_control/share/arduino_ros2_control/launch/online_async_launch.py
[21.042s] -- Installing: /home/pi/ros2_main/install/arduino_ros2_control/share/arduino_ros2_control/launch/compl_navigation_launch.py
[21.042s] -- Installing: /home/pi/ros2_main/install/arduino_ros2_control/share/arduino_ros2_control/launch/diffbot.launch.py
[21.042s] -- Installing: /home/pi/ros2_main/install/arduino_ros2_control/share/arduino_ros2_control/config
[21.042s] -- Installing: /home/pi/ros2_main/install/arduino_ros2_control/share/arduino_ros2_control/config/mapper_params_online_async.yaml
[21.042s] -- Installing: /home/pi/ros2_main/install/arduino_ros2_control/share/arduino_ros2_control/config/nav2_params.yaml
[21.042s] -- Installing: /home/pi/ros2_main/install/arduino_ros2_control/share/arduino_ros2_control/config/mapper_params_online_sync.yaml
[21.043s] -- Installing: /home/pi/ros2_main/install/arduino_ros2_control/share/arduino_ros2_control/config/diffbot_controllers.yaml
[21.043s] -- Installing: /home/pi/ros2_main/install/arduino_ros2_control/share/arduino_ros2_control/config/local_params_online_async.yaml
[21.043s] -- Installing: /home/pi/ros2_main/install/arduino_ros2_control/lib/libarduino_ros2_control.so
[21.043s] -- Set non-toolchain portion of runtime path of "/home/pi/ros2_main/install/arduino_ros2_control/lib/libarduino_ros2_control.so" to ""
[21.043s] -- Installing: /home/pi/ros2_main/install/arduino_ros2_control/share/arduino_ros2_control/environment/library_path.sh
[21.043s] -- Installing: /home/pi/ros2_main/install/arduino_ros2_control/share/arduino_ros2_control/environment/library_path.dsv
[21.043s] -- Installing: /home/pi/ros2_main/install/arduino_ros2_control/share/ament_index/resource_index/package_run_dependencies/arduino_ros2_control
[21.044s] -- Installing: /home/pi/ros2_main/install/arduino_ros2_control/share/ament_index/resource_index/parent_prefix_path/arduino_ros2_control
[21.044s] -- Installing: /home/pi/ros2_main/install/arduino_ros2_control/share/arduino_ros2_control/environment/ament_prefix_path.sh
[21.044s] -- Installing: /home/pi/ros2_main/install/arduino_ros2_control/share/arduino_ros2_control/environment/ament_prefix_path.dsv
[21.044s] -- Installing: /home/pi/ros2_main/install/arduino_ros2_control/share/arduino_ros2_control/environment/path.sh
[21.045s] -- Installing: /home/pi/ros2_main/install/arduino_ros2_control/share/arduino_ros2_control/environment/path.dsv
[21.045s] -- Installing: /home/pi/ros2_main/install/arduino_ros2_control/share/arduino_ros2_control/local_setup.bash
[21.046s] -- Installing: /home/pi/ros2_main/install/arduino_ros2_control/share/arduino_ros2_control/local_setup.sh
[21.048s] -- Installing: /home/pi/ros2_main/install/arduino_ros2_control/share/arduino_ros2_control/local_setup.zsh
[21.048s] -- Installing: /home/pi/ros2_main/install/arduino_ros2_control/share/arduino_ros2_control/local_setup.dsv
[21.048s] -- Installing: /home/pi/ros2_main/install/arduino_ros2_control/share/arduino_ros2_control/package.dsv
[21.048s] -- Installing: /home/pi/ros2_main/install/arduino_ros2_control/share/ament_index/resource_index/packages/arduino_ros2_control
[21.049s] -- Installing: /home/pi/ros2_main/install/arduino_ros2_control/share/ament_index/resource_index/hardware_interface__pluginlib__plugin/arduino_ros2_control
[21.049s] -- Installing: /home/pi/ros2_main/install/arduino_ros2_control/share/arduino_ros2_control/cmake/export_arduino_ros2_controlExport.cmake
[21.049s] -- Installing: /home/pi/ros2_main/install/arduino_ros2_control/share/arduino_ros2_control/cmake/export_arduino_ros2_controlExport-noconfig.cmake
[21.049s] -- Installing: /home/pi/ros2_main/install/arduino_ros2_control/share/arduino_ros2_control/cmake/ament_cmake_export_targets-extras.cmake
[21.052s] -- Installing: /home/pi/ros2_main/install/arduino_ros2_control/share/arduino_ros2_control/cmake/ament_cmake_export_dependencies-extras.cmake
[21.052s] -- Installing: /home/pi/ros2_main/install/arduino_ros2_control/share/arduino_ros2_control/cmake/arduino_ros2_controlConfig.cmake
[21.053s] -- Installing: /home/pi/ros2_main/install/arduino_ros2_control/share/arduino_ros2_control/cmake/arduino_ros2_controlConfig-version.cmake
[21.054s] -- Installing: /home/pi/ros2_main/install/arduino_ros2_control/share/arduino_ros2_control/package.xml
[21.054s] Invoked command in '/home/pi/ros2_main/build/arduino_ros2_control' returned '0': CMAKE_PREFIX_PATH=${CMAKE_PREFIX_PATH}:/home/pi/ros2_main/install/your_twist_converter:/home/pi/ros2_main/install/yolo_detector:/home/pi/ros2_main/install/py_pubsub:/home/pi/ros2_main/install/nav2_simple_commander:/opt/ros/jazzy DEBUGINFOD_URLS=https://debuginfod.ubuntu.com /usr/bin/cmake --install /home/pi/ros2_main/build/arduino_ros2_control
