[0.092s] Invoking command in '/home/pi/ros2_main/build/map_launch': CMAKE_PREFIX_PATH=${CMAKE_PREFIX_PATH}:/home/pi/ros2_main/install/your_twist_converter:/home/pi/ros2_main/install/yolo_detector:/home/pi/ros2_main/install/py_pubsub:/home/pi/ros2_main/install/nav2_simple_commander:/opt/ros/jazzy DEBUGINFOD_URLS=https://debuginfod.ubuntu.com /usr/bin/cmake --build /home/pi/ros2_main/build/map_launch -- -j4 -l4
[1.087s] Invoked command in '/home/pi/ros2_main/build/map_launch' returned '0': CMAKE_PREFIX_PATH=${CMAKE_PREFIX_PATH}:/home/pi/ros2_main/install/your_twist_converter:/home/pi/ros2_main/install/yolo_detector:/home/pi/ros2_main/install/py_pubsub:/home/pi/ros2_main/install/nav2_simple_commander:/opt/ros/jazzy DEBUGINFOD_URLS=https://debuginfod.ubuntu.com /usr/bin/cmake --build /home/pi/ros2_main/build/map_launch -- -j4 -l4
[1.090s] Invoking command in '/home/pi/ros2_main/build/map_launch': CMAKE_PREFIX_PATH=${CMAKE_PREFIX_PATH}:/home/pi/ros2_main/install/your_twist_converter:/home/pi/ros2_main/install/yolo_detector:/home/pi/ros2_main/install/py_pubsub:/home/pi/ros2_main/install/nav2_simple_commander:/opt/ros/jazzy DEBUGINFOD_URLS=https://debuginfod.ubuntu.com /usr/bin/cmake --install /home/pi/ros2_main/build/map_launch
[1.140s] -- Install configuration: ""
[1.140s] -- Up-to-date: /home/pi/ros2_main/install/map_launch/share/map_launch/launch
[1.141s] -- Up-to-date: /home/pi/ros2_main/install/map_launch/share/map_launch/launch/map_server.launch.py
[1.141s] -- Up-to-date: /home/pi/ros2_main/install/map_launch/share/ament_index/resource_index/package_run_dependencies/map_launch
[1.141s] -- Up-to-date: /home/pi/ros2_main/install/map_launch/share/ament_index/resource_index/parent_prefix_path/map_launch
[1.141s] -- Up-to-date: /home/pi/ros2_main/install/map_launch/share/map_launch/environment/ament_prefix_path.sh
[1.141s] -- Up-to-date: /home/pi/ros2_main/install/map_launch/share/map_launch/environment/ament_prefix_path.dsv
[1.141s] -- Up-to-date: /home/pi/ros2_main/install/map_launch/share/map_launch/environment/path.sh
[1.141s] -- Up-to-date: /home/pi/ros2_main/install/map_launch/share/map_launch/environment/path.dsv
[1.141s] -- Up-to-date: /home/pi/ros2_main/install/map_launch/share/map_launch/local_setup.bash
[1.141s] -- Up-to-date: /home/pi/ros2_main/install/map_launch/share/map_launch/local_setup.sh
[1.142s] -- Up-to-date: /home/pi/ros2_main/install/map_launch/share/map_launch/local_setup.zsh
[1.142s] -- Up-to-date: /home/pi/ros2_main/install/map_launch/share/map_launch/local_setup.dsv
[1.142s] -- Installing: /home/pi/ros2_main/install/map_launch/share/map_launch/package.dsv
[1.142s] -- Up-to-date: /home/pi/ros2_main/install/map_launch/share/ament_index/resource_index/packages/map_launch
[1.142s] -- Up-to-date: /home/pi/ros2_main/install/map_launch/share/map_launch/cmake/map_launchConfig.cmake
[1.142s] -- Up-to-date: /home/pi/ros2_main/install/map_launch/share/map_launch/cmake/map_launchConfig-version.cmake
[1.142s] -- Up-to-date: /home/pi/ros2_main/install/map_launch/share/map_launch/package.xml
[1.358s] Invoked command in '/home/pi/ros2_main/build/map_launch' returned '0': CMAKE_PREFIX_PATH=${CMAKE_PREFIX_PATH}:/home/pi/ros2_main/install/your_twist_converter:/home/pi/ros2_main/install/yolo_detector:/home/pi/ros2_main/install/py_pubsub:/home/pi/ros2_main/install/nav2_simple_commander:/opt/ros/jazzy DEBUGINFOD_URLS=https://debuginfod.ubuntu.com /usr/bin/cmake --install /home/pi/ros2_main/build/map_launch
