[0.078s] Invoking command in '/home/pi/ros2_main/build/arduino_ros2_control': CMAKE_PREFIX_PATH=${CMAKE_PREFIX_PATH}:/home/pi/ros2_main/install/your_twist_converter:/home/pi/ros2_main/install/yolo_detector:/home/pi/ros2_main/install/py_pubsub:/home/pi/ros2_main/install/nav2_simple_commander:/opt/ros/jazzy DEBUGINFOD_URLS=https://debuginfod.ubuntu.com /usr/bin/cmake --build /home/pi/ros2_main/build/arduino_ros2_control -- -j4 -l4
[1.046s] [100%] Built target arduino_ros2_control
[1.047s] Invoked command in '/home/pi/ros2_main/build/arduino_ros2_control' returned '0': CMAKE_PREFIX_PATH=${CMAKE_PREFIX_PATH}:/home/pi/ros2_main/install/your_twist_converter:/home/pi/ros2_main/install/yolo_detector:/home/pi/ros2_main/install/py_pubsub:/home/pi/ros2_main/install/nav2_simple_commander:/opt/ros/jazzy DEBUGINFOD_URLS=https://debuginfod.ubuntu.com /usr/bin/cmake --build /home/pi/ros2_main/build/arduino_ros2_control -- -j4 -l4
[1.082s] Invoking command in '/home/pi/ros2_main/build/arduino_ros2_control': CMAKE_PREFIX_PATH=${CMAKE_PREFIX_PATH}:/home/pi/ros2_main/install/your_twist_converter:/home/pi/ros2_main/install/yolo_detector:/home/pi/ros2_main/install/py_pubsub:/home/pi/ros2_main/install/nav2_simple_commander:/opt/ros/jazzy DEBUGINFOD_URLS=https://debuginfod.ubuntu.com /usr/bin/cmake --install /home/pi/ros2_main/build/arduino_ros2_control
[1.115s] -- Install configuration: ""
[1.121s] -- Up-to-date: /home/pi/ros2_main/install/arduino_ros2_control/share/arduino_ros2_control/arduino_ros2_control.xml
[1.121s] -- Up-to-date: /home/pi/ros2_main/install/arduino_ros2_control/include/arduino_ros2_control
[1.121s] -- Up-to-date: /home/pi/ros2_main/install/arduino_ros2_control/include/arduino_ros2_control/arduino_ros2_control
[1.121s] -- Up-to-date: /home/pi/ros2_main/install/arduino_ros2_control/include/arduino_ros2_control/arduino_ros2_control/visibility_control.h
[1.121s] -- Up-to-date: /home/pi/ros2_main/install/arduino_ros2_control/include/arduino_ros2_control/arduino_ros2_control/tracks.hpp
[1.121s] -- Up-to-date: /home/pi/ros2_main/install/arduino_ros2_control/include/arduino_ros2_control/arduino_ros2_control/bot_syst.hpp
[1.121s] -- Up-to-date: /home/pi/ros2_main/install/arduino_ros2_control/include/arduino_ros2_control/arduino_ros2_control/serial_comms.hpp
[1.122s] -- Up-to-date: /home/pi/ros2_main/install/arduino_ros2_control/share/arduino_ros2_control/launch
[1.122s] -- Up-to-date: /home/pi/ros2_main/install/arduino_ros2_control/share/arduino_ros2_control/launch/view_robot.launch.py
[1.122s] -- Up-to-date: /home/pi/ros2_main/install/arduino_ros2_control/share/arduino_ros2_control/ros2_control
[1.122s] -- Installing: /home/pi/ros2_main/install/arduino_ros2_control/share/arduino_ros2_control/ros2_control/diffbot.ros2_control.xacro
[1.122s] -- Up-to-date: /home/pi/ros2_main/install/arduino_ros2_control/share/arduino_ros2_control/urdf
[1.122s] -- Up-to-date: /home/pi/ros2_main/install/arduino_ros2_control/share/arduino_ros2_control/urdf/diffbot.materials.xacro
[1.122s] -- Up-to-date: /home/pi/ros2_main/install/arduino_ros2_control/share/arduino_ros2_control/urdf/diffbot_description.urdf.xacro
[1.122s] -- Up-to-date: /home/pi/ros2_main/install/arduino_ros2_control/share/arduino_ros2_control/urdf/diffbot.urdf.xacro
[1.122s] -- Up-to-date: /home/pi/ros2_main/install/arduino_ros2_control/share/arduino_ros2_control/rviz
[1.123s] -- Up-to-date: /home/pi/ros2_main/install/arduino_ros2_control/share/arduino_ros2_control/rviz/diffbot.rviz
[1.123s] -- Up-to-date: /home/pi/ros2_main/install/arduino_ros2_control/share/arduino_ros2_control/rviz/diffbot_view.rviz
[1.123s] -- Up-to-date: /home/pi/ros2_main/install/arduino_ros2_control/share/arduino_ros2_control/launch
[1.123s] -- Up-to-date: /home/pi/ros2_main/install/arduino_ros2_control/share/arduino_ros2_control/launch/__pycache__
[1.123s] -- Up-to-date: /home/pi/ros2_main/install/arduino_ros2_control/share/arduino_ros2_control/launch/__pycache__/navigation_launch.cpython-312.pyc
[1.123s] -- Up-to-date: /home/pi/ros2_main/install/arduino_ros2_control/share/arduino_ros2_control/launch/__pycache__/localization_launch.cpython-312.pyc
[1.123s] -- Up-to-date: /home/pi/ros2_main/install/arduino_ros2_control/share/arduino_ros2_control/launch/__pycache__/online_async_launch.cpython-312.pyc
[1.125s] -- Up-to-date: /home/pi/ros2_main/install/arduino_ros2_control/share/arduino_ros2_control/launch/__pycache__/online_sync_launch.cpython-312.pyc
[1.125s] -- Installing: /home/pi/ros2_main/install/arduino_ros2_control/share/arduino_ros2_control/launch/__pycache__/diffbot.launch.cpython-312.pyc
[1.125s] -- Up-to-date: /home/pi/ros2_main/install/arduino_ros2_control/share/arduino_ros2_control/launch/navigation_launch.py
[1.126s] -- Up-to-date: /home/pi/ros2_main/install/arduino_ros2_control/share/arduino_ros2_control/launch/compl_map_create_launch.py
[1.126s] -- Up-to-date: /home/pi/ros2_main/install/arduino_ros2_control/share/arduino_ros2_control/launch/localization_launch.py
[1.126s] -- Up-to-date: /home/pi/ros2_main/install/arduino_ros2_control/share/arduino_ros2_control/launch/online_sync_launch.py
[1.126s] -- Up-to-date: /home/pi/ros2_main/install/arduino_ros2_control/share/arduino_ros2_control/launch/online_async_launch.py
[1.126s] -- Up-to-date: /home/pi/ros2_main/install/arduino_ros2_control/share/arduino_ros2_control/launch/compl_navigation_launch.py
[1.126s] -- Up-to-date: /home/pi/ros2_main/install/arduino_ros2_control/share/arduino_ros2_control/launch/diffbot.launch.py
[1.126s] -- Up-to-date: /home/pi/ros2_main/install/arduino_ros2_control/share/arduino_ros2_control/config
[1.127s] -- Up-to-date: /home/pi/ros2_main/install/arduino_ros2_control/share/arduino_ros2_control/config/mapper_params_online_async.yaml
[1.127s] -- Up-to-date: /home/pi/ros2_main/install/arduino_ros2_control/share/arduino_ros2_control/config/nav2_params.yaml
[1.127s] -- Up-to-date: /home/pi/ros2_main/install/arduino_ros2_control/share/arduino_ros2_control/config/mapper_params_online_sync.yaml
[1.127s] -- Up-to-date: /home/pi/ros2_main/install/arduino_ros2_control/share/arduino_ros2_control/config/diffbot_controllers.yaml
[1.127s] -- Up-to-date: /home/pi/ros2_main/install/arduino_ros2_control/share/arduino_ros2_control/config/local_params_online_async.yaml
[1.127s] -- Up-to-date: /home/pi/ros2_main/install/arduino_ros2_control/lib/libarduino_ros2_control.so
[1.130s] -- Up-to-date: /home/pi/ros2_main/install/arduino_ros2_control/share/arduino_ros2_control/environment/library_path.sh
[1.130s] -- Up-to-date: /home/pi/ros2_main/install/arduino_ros2_control/share/arduino_ros2_control/environment/library_path.dsv
[1.132s] -- Up-to-date: /home/pi/ros2_main/install/arduino_ros2_control/share/ament_index/resource_index/package_run_dependencies/arduino_ros2_control
[1.132s] -- Up-to-date: /home/pi/ros2_main/install/arduino_ros2_control/share/ament_index/resource_index/parent_prefix_path/arduino_ros2_control
[1.132s] -- Up-to-date: /home/pi/ros2_main/install/arduino_ros2_control/share/arduino_ros2_control/environment/ament_prefix_path.sh
[1.133s] -- Up-to-date: /home/pi/ros2_main/install/arduino_ros2_control/share/arduino_ros2_control/environment/ament_prefix_path.dsv
[1.133s] -- Up-to-date: /home/pi/ros2_main/install/arduino_ros2_control/share/arduino_ros2_control/environment/path.sh
[1.133s] -- Up-to-date: /home/pi/ros2_main/install/arduino_ros2_control/share/arduino_ros2_control/environment/path.dsv
[1.133s] -- Up-to-date: /home/pi/ros2_main/install/arduino_ros2_control/share/arduino_ros2_control/local_setup.bash
[1.133s] -- Up-to-date: /home/pi/ros2_main/install/arduino_ros2_control/share/arduino_ros2_control/local_setup.sh
[1.133s] -- Up-to-date: /home/pi/ros2_main/install/arduino_ros2_control/share/arduino_ros2_control/local_setup.zsh
[1.141s] -- Up-to-date: /home/pi/ros2_main/install/arduino_ros2_control/share/arduino_ros2_control/local_setup.dsv
[1.146s] -- Installing: /home/pi/ros2_main/install/arduino_ros2_control/share/arduino_ros2_control/package.dsv
[1.146s] -- Up-to-date: /home/pi/ros2_main/install/arduino_ros2_control/share/ament_index/resource_index/packages/arduino_ros2_control
[1.146s] -- Up-to-date: /home/pi/ros2_main/install/arduino_ros2_control/share/ament_index/resource_index/hardware_interface__pluginlib__plugin/arduino_ros2_control
[1.146s] -- Up-to-date: /home/pi/ros2_main/install/arduino_ros2_control/share/arduino_ros2_control/cmake/export_arduino_ros2_controlExport.cmake
[1.146s] -- Up-to-date: /home/pi/ros2_main/install/arduino_ros2_control/share/arduino_ros2_control/cmake/export_arduino_ros2_controlExport-noconfig.cmake
[1.146s] -- Up-to-date: /home/pi/ros2_main/install/arduino_ros2_control/share/arduino_ros2_control/cmake/ament_cmake_export_targets-extras.cmake
[1.149s] -- Up-to-date: /home/pi/ros2_main/install/arduino_ros2_control/share/arduino_ros2_control/cmake/ament_cmake_export_dependencies-extras.cmake
[1.150s] -- Up-to-date: /home/pi/ros2_main/install/arduino_ros2_control/share/arduino_ros2_control/cmake/arduino_ros2_controlConfig.cmake
[1.150s] -- Up-to-date: /home/pi/ros2_main/install/arduino_ros2_control/share/arduino_ros2_control/cmake/arduino_ros2_controlConfig-version.cmake
[1.150s] -- Up-to-date: /home/pi/ros2_main/install/arduino_ros2_control/share/arduino_ros2_control/package.xml
[1.150s] Invoked command in '/home/pi/ros2_main/build/arduino_ros2_control' returned '0': CMAKE_PREFIX_PATH=${CMAKE_PREFIX_PATH}:/home/pi/ros2_main/install/your_twist_converter:/home/pi/ros2_main/install/yolo_detector:/home/pi/ros2_main/install/py_pubsub:/home/pi/ros2_main/install/nav2_simple_commander:/opt/ros/jazzy DEBUGINFOD_URLS=https://debuginfod.ubuntu.com /usr/bin/cmake --install /home/pi/ros2_main/build/arduino_ros2_control
