[1.136s] Invoking command in '/home/pi/ros2_main/build/rplidar_ros': CMAKE_PREFIX_PATH=${CMAKE_PREFIX_PATH}:/home/pi/ros2_main/install/your_twist_converter:/home/pi/ros2_main/install/yolo_detector:/home/pi/ros2_main/install/py_pubsub:/opt/ros/jazzy DEBUGINFOD_URLS=https://debuginfod.ubuntu.com /usr/bin/cmake --build /home/pi/ros2_main/build/rplidar_ros -- -j4 -l4
[1.537s] [ 47%] Built target rplidar_composition
[1.612s] [ 52%] Built target rplidar_client
[1.711s] [100%] Built target rplidar_node
[2.834s] Invoked command in '/home/pi/ros2_main/build/rplidar_ros' returned '0': CMAKE_PREFIX_PATH=${CMAKE_PREFIX_PATH}:/home/pi/ros2_main/install/your_twist_converter:/home/pi/ros2_main/install/yolo_detector:/home/pi/ros2_main/install/py_pubsub:/opt/ros/jazzy DEBUGINFOD_URLS=https://debuginfod.ubuntu.com /usr/bin/cmake --build /home/pi/ros2_main/build/rplidar_ros -- -j4 -l4
[2.836s] Invoking command in '/home/pi/ros2_main/build/rplidar_ros': CMAKE_PREFIX_PATH=${CMAKE_PREFIX_PATH}:/home/pi/ros2_main/install/your_twist_converter:/home/pi/ros2_main/install/yolo_detector:/home/pi/ros2_main/install/py_pubsub:/opt/ros/jazzy DEBUGINFOD_URLS=https://debuginfod.ubuntu.com /usr/bin/cmake --install /home/pi/ros2_main/build/rplidar_ros
[2.935s] -- Install configuration: ""
[2.935s] -- Up-to-date: /home/pi/ros2_main/install/rplidar_ros/share/rplidar_ros/launch
[2.936s] -- Up-to-date: /home/pi/ros2_main/install/rplidar_ros/share/rplidar_ros/launch/rplidar_c1_launch.py
[2.936s] -- Up-to-date: /home/pi/ros2_main/install/rplidar_ros/share/rplidar_ros/rviz
[2.936s] -- Up-to-date: /home/pi/ros2_main/install/rplidar_ros/share/rplidar_ros/rviz/rplidar_ros.rviz
[2.936s] -- Up-to-date: /home/pi/ros2_main/install/rplidar_ros/lib/rplidar_ros/rplidar_node
[2.950s] -- Up-to-date: /home/pi/ros2_main/install/rplidar_ros/lib/rplidar_ros/rplidar_composition
[2.957s] -- Up-to-date: /home/pi/ros2_main/install/rplidar_ros/lib/rplidar_ros/rplidar_client
[2.958s] -- Up-to-date: /home/pi/ros2_main/install/rplidar_ros/share/ament_index/resource_index/package_run_dependencies/rplidar_ros
[2.961s] -- Up-to-date: /home/pi/ros2_main/install/rplidar_ros/share/ament_index/resource_index/parent_prefix_path/rplidar_ros
[2.961s] -- Up-to-date: /home/pi/ros2_main/install/rplidar_ros/share/rplidar_ros/environment/ament_prefix_path.sh
[2.962s] -- Up-to-date: /home/pi/ros2_main/install/rplidar_ros/share/rplidar_ros/environment/ament_prefix_path.dsv
[2.962s] -- Up-to-date: /home/pi/ros2_main/install/rplidar_ros/share/rplidar_ros/environment/path.sh
[2.962s] -- Up-to-date: /home/pi/ros2_main/install/rplidar_ros/share/rplidar_ros/environment/path.dsv
[2.962s] -- Up-to-date: /home/pi/ros2_main/install/rplidar_ros/share/rplidar_ros/local_setup.bash
[2.986s] -- Up-to-date: /home/pi/ros2_main/install/rplidar_ros/share/rplidar_ros/local_setup.sh
[2.987s] -- Up-to-date: /home/pi/ros2_main/install/rplidar_ros/share/rplidar_ros/local_setup.zsh
[2.989s] -- Up-to-date: /home/pi/ros2_main/install/rplidar_ros/share/rplidar_ros/local_setup.dsv
[2.992s] -- Installing: /home/pi/ros2_main/install/rplidar_ros/share/rplidar_ros/package.dsv
[2.993s] -- Up-to-date: /home/pi/ros2_main/install/rplidar_ros/share/ament_index/resource_index/packages/rplidar_ros
[2.993s] -- Up-to-date: /home/pi/ros2_main/install/rplidar_ros/share/rplidar_ros/cmake/ament_cmake_export_dependencies-extras.cmake
[2.993s] -- Up-to-date: /home/pi/ros2_main/install/rplidar_ros/share/rplidar_ros/cmake/ament_cmake_export_include_directories-extras.cmake
[2.996s] -- Up-to-date: /home/pi/ros2_main/install/rplidar_ros/share/rplidar_ros/cmake/rplidar_rosConfig.cmake
[2.998s] -- Up-to-date: /home/pi/ros2_main/install/rplidar_ros/share/rplidar_ros/cmake/rplidar_rosConfig-version.cmake
[3.000s] -- Up-to-date: /home/pi/ros2_main/install/rplidar_ros/share/rplidar_ros/package.xml
[3.117s] Invoked command in '/home/pi/ros2_main/build/rplidar_ros' returned '0': CMAKE_PREFIX_PATH=${CMAKE_PREFIX_PATH}:/home/pi/ros2_main/install/your_twist_converter:/home/pi/ros2_main/install/yolo_detector:/home/pi/ros2_main/install/py_pubsub:/opt/ros/jazzy DEBUGINFOD_URLS=https://debuginfod.ubuntu.com /usr/bin/cmake --install /home/pi/ros2_main/build/rplidar_ros
