[0.152s] DEBUG:colcon:Command line arguments: ['/usr/bin/colcon', 'build']
[0.152s] DEBUG:colcon:Parsed command line arguments: Namespace(log_base=None, log_level=None, verb_name='build', build_base='build', install_base='install', merge_install=False, symlink_install=False, test_result_base=None, continue_on_error=False, executor='parallel', parallel_workers=4, event_handlers=None, ignore_user_meta=False, metas=['./colcon.meta'], base_paths=['.'], packages_ignore=None, packages_ignore_regex=None, paths=None, packages_up_to=None, packages_up_to_regex=None, packages_above=None, packages_above_and_dependencies=None, packages_above_depth=None, packages_select_by_dep=None, packages_skip_by_dep=None, packages_skip_up_to=None, packages_select_build_failed=False, packages_skip_build_finished=False, packages_select_test_failures=False, packages_skip_test_passed=False, packages_select=None, packages_skip=None, packages_select_regex=None, packages_skip_regex=None, packages_start=None, packages_end=None, allow_overriding=[], cmake_args=None, cmake_target=None, cmake_target_skip_unavailable=False, cmake_clean_cache=False, cmake_clean_first=False, cmake_force_configure=False, ament_cmake_args=None, catkin_cmake_args=None, catkin_skip_building_tests=False, verb_parser=<colcon_defaults.argument_parser.defaults.DefaultArgumentsDecorator object at 0xffffb08e7980>, verb_extension=<colcon_core.verb.build.BuildVerb object at 0xffffb0ad04d0>, main=<bound method BuildVerb.main of <colcon_core.verb.build.BuildVerb object at 0xffffb0ad04d0>>)
[0.211s] Level 1:colcon.colcon_core.package_discovery:discover_packages(colcon_meta) check parameters
[0.211s] Level 1:colcon.colcon_core.package_discovery:discover_packages(recursive) check parameters
[0.211s] Level 1:colcon.colcon_core.package_discovery:discover_packages(ignore) check parameters
[0.211s] Level 1:colcon.colcon_core.package_discovery:discover_packages(path) check parameters
[0.211s] Level 1:colcon.colcon_core.package_discovery:discover_packages(colcon_meta) discover
[0.212s] Level 1:colcon.colcon_core.package_discovery:discover_packages(recursive) discover
[0.212s] INFO:colcon.colcon_core.package_discovery:Crawling recursively for packages in '/home/pi/ros2_main'
[0.212s] Level 1:colcon.colcon_core.package_identification:_identify(.) by extensions ['ignore', 'ignore_ament_install']
[0.212s] Level 1:colcon.colcon_core.package_identification:_identify(.) by extension 'ignore'
[0.212s] Level 1:colcon.colcon_core.package_identification:_identify(.) by extension 'ignore_ament_install'
[0.212s] Level 1:colcon.colcon_core.package_identification:_identify(.) by extensions ['colcon_pkg']
[0.212s] Level 1:colcon.colcon_core.package_identification:_identify(.) by extension 'colcon_pkg'
[0.212s] Level 1:colcon.colcon_core.package_identification:_identify(.) by extensions ['colcon_meta']
[0.212s] Level 1:colcon.colcon_core.package_identification:_identify(.) by extension 'colcon_meta'
[0.212s] Level 1:colcon.colcon_core.package_identification:_identify(.) by extensions ['ros']
[0.212s] Level 1:colcon.colcon_core.package_identification:_identify(.) by extension 'ros'
[0.268s] Level 1:colcon.colcon_core.package_identification:_identify(.) by extensions ['cmake', 'python']
[0.268s] Level 1:colcon.colcon_core.package_identification:_identify(.) by extension 'cmake'
[0.268s] Level 1:colcon.colcon_core.package_identification:_identify(.) by extension 'python'
[0.268s] Level 1:colcon.colcon_core.package_identification:_identify(.) by extensions ['python_setup_py']
[0.268s] Level 1:colcon.colcon_core.package_identification:_identify(.) by extension 'python_setup_py'
[0.269s] Level 1:colcon.colcon_core.package_identification:_identify(build) by extensions ['ignore', 'ignore_ament_install']
[0.269s] Level 1:colcon.colcon_core.package_identification:_identify(build) by extension 'ignore'
[0.269s] Level 1:colcon.colcon_core.package_identification:_identify(build) ignored
[0.270s] Level 1:colcon.colcon_core.package_identification:_identify(install) by extensions ['ignore', 'ignore_ament_install']
[0.270s] Level 1:colcon.colcon_core.package_identification:_identify(install) by extension 'ignore'
[0.270s] Level 1:colcon.colcon_core.package_identification:_identify(install) ignored
[0.271s] Level 1:colcon.colcon_core.package_identification:_identify(log) by extensions ['ignore', 'ignore_ament_install']
[0.271s] Level 1:colcon.colcon_core.package_identification:_identify(log) by extension 'ignore'
[0.271s] Level 1:colcon.colcon_core.package_identification:_identify(log) ignored
[0.271s] Level 1:colcon.colcon_core.package_identification:_identify(src) by extensions ['ignore', 'ignore_ament_install']
[0.271s] Level 1:colcon.colcon_core.package_identification:_identify(src) by extension 'ignore'
[0.272s] Level 1:colcon.colcon_core.package_identification:_identify(src) by extension 'ignore_ament_install'
[0.272s] Level 1:colcon.colcon_core.package_identification:_identify(src) by extensions ['colcon_pkg']
[0.272s] Level 1:colcon.colcon_core.package_identification:_identify(src) by extension 'colcon_pkg'
[0.272s] Level 1:colcon.colcon_core.package_identification:_identify(src) by extensions ['colcon_meta']
[0.272s] Level 1:colcon.colcon_core.package_identification:_identify(src) by extension 'colcon_meta'
[0.272s] Level 1:colcon.colcon_core.package_identification:_identify(src) by extensions ['ros']
[0.272s] Level 1:colcon.colcon_core.package_identification:_identify(src) by extension 'ros'
[0.272s] Level 1:colcon.colcon_core.package_identification:_identify(src) by extensions ['cmake', 'python']
[0.272s] Level 1:colcon.colcon_core.package_identification:_identify(src) by extension 'cmake'
[0.272s] Level 1:colcon.colcon_core.package_identification:_identify(src) by extension 'python'
[0.272s] Level 1:colcon.colcon_core.package_identification:_identify(src) by extensions ['python_setup_py']
[0.272s] Level 1:colcon.colcon_core.package_identification:_identify(src) by extension 'python_setup_py'
[0.273s] Level 1:colcon.colcon_core.package_identification:_identify(src/arduino_ros2_control) by extensions ['ignore', 'ignore_ament_install']
[0.273s] Level 1:colcon.colcon_core.package_identification:_identify(src/arduino_ros2_control) by extension 'ignore'
[0.273s] Level 1:colcon.colcon_core.package_identification:_identify(src/arduino_ros2_control) by extension 'ignore_ament_install'
[0.273s] Level 1:colcon.colcon_core.package_identification:_identify(src/arduino_ros2_control) by extensions ['colcon_pkg']
[0.273s] Level 1:colcon.colcon_core.package_identification:_identify(src/arduino_ros2_control) by extension 'colcon_pkg'
[0.273s] Level 1:colcon.colcon_core.package_identification:_identify(src/arduino_ros2_control) by extensions ['colcon_meta']
[0.274s] Level 1:colcon.colcon_core.package_identification:_identify(src/arduino_ros2_control) by extension 'colcon_meta'
[0.274s] Level 1:colcon.colcon_core.package_identification:_identify(src/arduino_ros2_control) by extensions ['ros']
[0.274s] Level 1:colcon.colcon_core.package_identification:_identify(src/arduino_ros2_control) by extension 'ros'
[0.282s] DEBUG:colcon.colcon_core.package_identification:Package 'src/arduino_ros2_control' with type 'ros.ament_cmake' and name 'arduino_ros2_control'
[0.283s] Level 1:colcon.colcon_core.package_identification:_identify(src/map_launch) by extensions ['ignore', 'ignore_ament_install']
[0.283s] Level 1:colcon.colcon_core.package_identification:_identify(src/map_launch) by extension 'ignore'
[0.284s] Level 1:colcon.colcon_core.package_identification:_identify(src/map_launch) by extension 'ignore_ament_install'
[0.284s] Level 1:colcon.colcon_core.package_identification:_identify(src/map_launch) by extensions ['colcon_pkg']
[0.284s] Level 1:colcon.colcon_core.package_identification:_identify(src/map_launch) by extension 'colcon_pkg'
[0.284s] Level 1:colcon.colcon_core.package_identification:_identify(src/map_launch) by extensions ['colcon_meta']
[0.284s] Level 1:colcon.colcon_core.package_identification:_identify(src/map_launch) by extension 'colcon_meta'
[0.284s] Level 1:colcon.colcon_core.package_identification:_identify(src/map_launch) by extensions ['ros']
[0.284s] Level 1:colcon.colcon_core.package_identification:_identify(src/map_launch) by extension 'ros'
[0.286s] DEBUG:colcon.colcon_core.package_identification:Package 'src/map_launch' with type 'ros.ament_cmake' and name 'map_launch'
[0.286s] Level 1:colcon.colcon_core.package_identification:_identify(src/py_pubsub) by extensions ['ignore', 'ignore_ament_install']
[0.286s] Level 1:colcon.colcon_core.package_identification:_identify(src/py_pubsub) by extension 'ignore'
[0.286s] Level 1:colcon.colcon_core.package_identification:_identify(src/py_pubsub) by extension 'ignore_ament_install'
[0.286s] Level 1:colcon.colcon_core.package_identification:_identify(src/py_pubsub) by extensions ['colcon_pkg']
[0.286s] Level 1:colcon.colcon_core.package_identification:_identify(src/py_pubsub) by extension 'colcon_pkg'
[0.286s] Level 1:colcon.colcon_core.package_identification:_identify(src/py_pubsub) by extensions ['colcon_meta']
[0.286s] Level 1:colcon.colcon_core.package_identification:_identify(src/py_pubsub) by extension 'colcon_meta'
[0.286s] Level 1:colcon.colcon_core.package_identification:_identify(src/py_pubsub) by extensions ['ros']
[0.286s] Level 1:colcon.colcon_core.package_identification:_identify(src/py_pubsub) by extension 'ros'
[0.287s] DEBUG:colcon.colcon_core.package_identification:Package 'src/py_pubsub' with type 'ros.ament_python' and name 'py_pubsub'
[0.288s] Level 1:colcon.colcon_core.package_identification:_identify(src/rplidar_ros) by extensions ['ignore', 'ignore_ament_install']
[0.288s] Level 1:colcon.colcon_core.package_identification:_identify(src/rplidar_ros) by extension 'ignore'
[0.288s] Level 1:colcon.colcon_core.package_identification:_identify(src/rplidar_ros) by extension 'ignore_ament_install'
[0.288s] Level 1:colcon.colcon_core.package_identification:_identify(src/rplidar_ros) by extensions ['colcon_pkg']
[0.288s] Level 1:colcon.colcon_core.package_identification:_identify(src/rplidar_ros) by extension 'colcon_pkg'
[0.288s] Level 1:colcon.colcon_core.package_identification:_identify(src/rplidar_ros) by extensions ['colcon_meta']
[0.288s] Level 1:colcon.colcon_core.package_identification:_identify(src/rplidar_ros) by extension 'colcon_meta'
[0.288s] Level 1:colcon.colcon_core.package_identification:_identify(src/rplidar_ros) by extensions ['ros']
[0.288s] Level 1:colcon.colcon_core.package_identification:_identify(src/rplidar_ros) by extension 'ros'
[0.290s] DEBUG:colcon.colcon_core.package_identification:Package 'src/rplidar_ros' with type 'ros.ament_cmake' and name 'rplidar_ros'
[0.290s] Level 1:colcon.colcon_core.package_identification:_identify(src/serial) by extensions ['ignore', 'ignore_ament_install']
[0.290s] Level 1:colcon.colcon_core.package_identification:_identify(src/serial) by extension 'ignore'
[0.290s] Level 1:colcon.colcon_core.package_identification:_identify(src/serial) by extension 'ignore_ament_install'
[0.291s] Level 1:colcon.colcon_core.package_identification:_identify(src/serial) by extensions ['colcon_pkg']
[0.291s] Level 1:colcon.colcon_core.package_identification:_identify(src/serial) by extension 'colcon_pkg'
[0.291s] Level 1:colcon.colcon_core.package_identification:_identify(src/serial) by extensions ['colcon_meta']
[0.291s] Level 1:colcon.colcon_core.package_identification:_identify(src/serial) by extension 'colcon_meta'
[0.291s] Level 1:colcon.colcon_core.package_identification:_identify(src/serial) by extensions ['ros']
[0.291s] Level 1:colcon.colcon_core.package_identification:_identify(src/serial) by extension 'ros'
[0.293s] DEBUG:colcon.colcon_core.package_identification:Package 'src/serial' with type 'ros.ament_cmake' and name 'serial'
[0.293s] Level 1:colcon.colcon_core.package_identification:_identify(src/yolo_detector) by extensions ['ignore', 'ignore_ament_install']
[0.294s] Level 1:colcon.colcon_core.package_identification:_identify(src/yolo_detector) by extension 'ignore'
[0.294s] Level 1:colcon.colcon_core.package_identification:_identify(src/yolo_detector) by extension 'ignore_ament_install'
[0.294s] Level 1:colcon.colcon_core.package_identification:_identify(src/yolo_detector) by extensions ['colcon_pkg']
[0.294s] Level 1:colcon.colcon_core.package_identification:_identify(src/yolo_detector) by extension 'colcon_pkg'
[0.294s] Level 1:colcon.colcon_core.package_identification:_identify(src/yolo_detector) by extensions ['colcon_meta']
[0.294s] Level 1:colcon.colcon_core.package_identification:_identify(src/yolo_detector) by extension 'colcon_meta'
[0.294s] Level 1:colcon.colcon_core.package_identification:_identify(src/yolo_detector) by extensions ['ros']
[0.294s] Level 1:colcon.colcon_core.package_identification:_identify(src/yolo_detector) by extension 'ros'
[0.296s] DEBUG:colcon.colcon_core.package_identification:Package 'src/yolo_detector' with type 'ros.ament_python' and name 'yolo_detector'
[0.296s] Level 1:colcon.colcon_core.package_identification:_identify(src/your_twist_converter) by extensions ['ignore', 'ignore_ament_install']
[0.296s] Level 1:colcon.colcon_core.package_identification:_identify(src/your_twist_converter) by extension 'ignore'
[0.296s] Level 1:colcon.colcon_core.package_identification:_identify(src/your_twist_converter) by extension 'ignore_ament_install'
[0.296s] Level 1:colcon.colcon_core.package_identification:_identify(src/your_twist_converter) by extensions ['colcon_pkg']
[0.296s] Level 1:colcon.colcon_core.package_identification:_identify(src/your_twist_converter) by extension 'colcon_pkg'
[0.296s] Level 1:colcon.colcon_core.package_identification:_identify(src/your_twist_converter) by extensions ['colcon_meta']
[0.297s] Level 1:colcon.colcon_core.package_identification:_identify(src/your_twist_converter) by extension 'colcon_meta'
[0.297s] Level 1:colcon.colcon_core.package_identification:_identify(src/your_twist_converter) by extensions ['ros']
[0.297s] Level 1:colcon.colcon_core.package_identification:_identify(src/your_twist_converter) by extension 'ros'
[0.298s] DEBUG:colcon.colcon_core.package_identification:Package 'src/your_twist_converter' with type 'ros.ament_python' and name 'your_twist_converter'
[0.298s] Level 1:colcon.colcon_core.package_discovery:discover_packages(recursive) using defaults
[0.298s] Level 1:colcon.colcon_core.package_discovery:discover_packages(ignore) discover
[0.298s] Level 1:colcon.colcon_core.package_discovery:discover_packages(ignore) using defaults
[0.298s] Level 1:colcon.colcon_core.package_discovery:discover_packages(path) discover
[0.298s] Level 1:colcon.colcon_core.package_discovery:discover_packages(path) using defaults
[0.343s] Level 1:colcon.colcon_core.package_discovery:discover_packages(prefix_path) check parameters
[0.343s] Level 1:colcon.colcon_core.package_discovery:discover_packages(prefix_path) discover
[0.346s] WARNING:colcon.colcon_ros.prefix_path.ament:The path '/home/pi/ros2_main/install/serial' in the environment variable AMENT_PREFIX_PATH doesn't exist
[0.346s] WARNING:colcon.colcon_ros.prefix_path.ament:The path '/home/pi/ros2_main/install/rplidar_ros' in the environment variable AMENT_PREFIX_PATH doesn't exist
[0.346s] WARNING:colcon.colcon_ros.prefix_path.ament:The path '/home/pi/ros2_main/install/ros_mt' in the environment variable AMENT_PREFIX_PATH doesn't exist
[0.346s] WARNING:colcon.colcon_ros.prefix_path.ament:The path '/home/pi/ros2_main/install/nav2_simple_commander' in the environment variable AMENT_PREFIX_PATH doesn't exist
[0.346s] WARNING:colcon.colcon_ros.prefix_path.catkin:The path '/home/pi/ros2_main/install/serial' in the environment variable CMAKE_PREFIX_PATH doesn't exist
[0.347s] WARNING:colcon.colcon_ros.prefix_path.catkin:The path '/home/pi/ros2_main/install/rplidar_ros' in the environment variable CMAKE_PREFIX_PATH doesn't exist
[0.347s] WARNING:colcon.colcon_ros.prefix_path.catkin:The path '/home/pi/ros2_main/install/ros_mt' in the environment variable CMAKE_PREFIX_PATH doesn't exist
[0.349s] DEBUG:colcon.colcon_installed_package_information.package_discovery:Found 5 installed packages in /home/pi/ros2_main/install
[0.352s] DEBUG:colcon.colcon_installed_package_information.package_discovery:Found 407 installed packages in /opt/ros/jazzy
[0.357s] Level 1:colcon.colcon_core.package_discovery:discover_packages(prefix_path) using defaults
[0.495s] Level 5:colcon.colcon_core.verb:set package 'arduino_ros2_control' build argument 'cmake_args' from command line to 'None'
[0.496s] Level 5:colcon.colcon_core.verb:set package 'arduino_ros2_control' build argument 'cmake_target' from command line to 'None'
[0.496s] Level 5:colcon.colcon_core.verb:set package 'arduino_ros2_control' build argument 'cmake_target_skip_unavailable' from command line to 'False'
[0.496s] Level 5:colcon.colcon_core.verb:set package 'arduino_ros2_control' build argument 'cmake_clean_cache' from command line to 'False'
[0.496s] Level 5:colcon.colcon_core.verb:set package 'arduino_ros2_control' build argument 'cmake_clean_first' from command line to 'False'
[0.496s] Level 5:colcon.colcon_core.verb:set package 'arduino_ros2_control' build argument 'cmake_force_configure' from command line to 'False'
[0.496s] Level 5:colcon.colcon_core.verb:set package 'arduino_ros2_control' build argument 'ament_cmake_args' from command line to 'None'
[0.496s] Level 5:colcon.colcon_core.verb:set package 'arduino_ros2_control' build argument 'catkin_cmake_args' from command line to 'None'
[0.496s] Level 5:colcon.colcon_core.verb:set package 'arduino_ros2_control' build argument 'catkin_skip_building_tests' from command line to 'False'
[0.497s] DEBUG:colcon.colcon_core.verb:Building package 'arduino_ros2_control' with the following arguments: {'ament_cmake_args': None, 'build_base': '/home/pi/ros2_main/build/arduino_ros2_control', 'catkin_cmake_args': None, 'catkin_skip_building_tests': False, 'cmake_args': None, 'cmake_clean_cache': False, 'cmake_clean_first': False, 'cmake_force_configure': False, 'cmake_target': None, 'cmake_target_skip_unavailable': False, 'install_base': '/home/pi/ros2_main/install/arduino_ros2_control', 'merge_install': False, 'path': '/home/pi/ros2_main/src/arduino_ros2_control', 'symlink_install': False, 'test_result_base': None}
[0.498s] Level 5:colcon.colcon_core.verb:set package 'map_launch' build argument 'cmake_args' from command line to 'None'
[0.498s] Level 5:colcon.colcon_core.verb:set package 'map_launch' build argument 'cmake_target' from command line to 'None'
[0.498s] Level 5:colcon.colcon_core.verb:set package 'map_launch' build argument 'cmake_target_skip_unavailable' from command line to 'False'
[0.498s] Level 5:colcon.colcon_core.verb:set package 'map_launch' build argument 'cmake_clean_cache' from command line to 'False'
[0.498s] Level 5:colcon.colcon_core.verb:set package 'map_launch' build argument 'cmake_clean_first' from command line to 'False'
[0.498s] Level 5:colcon.colcon_core.verb:set package 'map_launch' build argument 'cmake_force_configure' from command line to 'False'
[0.498s] Level 5:colcon.colcon_core.verb:set package 'map_launch' build argument 'ament_cmake_args' from command line to 'None'
[0.498s] Level 5:colcon.colcon_core.verb:set package 'map_launch' build argument 'catkin_cmake_args' from command line to 'None'
[0.498s] Level 5:colcon.colcon_core.verb:set package 'map_launch' build argument 'catkin_skip_building_tests' from command line to 'False'
[0.498s] DEBUG:colcon.colcon_core.verb:Building package 'map_launch' with the following arguments: {'ament_cmake_args': None, 'build_base': '/home/pi/ros2_main/build/map_launch', 'catkin_cmake_args': None, 'catkin_skip_building_tests': False, 'cmake_args': None, 'cmake_clean_cache': False, 'cmake_clean_first': False, 'cmake_force_configure': False, 'cmake_target': None, 'cmake_target_skip_unavailable': False, 'install_base': '/home/pi/ros2_main/install/map_launch', 'merge_install': False, 'path': '/home/pi/ros2_main/src/map_launch', 'symlink_install': False, 'test_result_base': None}
[0.499s] Level 5:colcon.colcon_core.verb:set package 'py_pubsub' build argument 'cmake_args' from command line to 'None'
[0.499s] Level 5:colcon.colcon_core.verb:set package 'py_pubsub' build argument 'cmake_target' from command line to 'None'
[0.499s] Level 5:colcon.colcon_core.verb:set package 'py_pubsub' build argument 'cmake_target_skip_unavailable' from command line to 'False'
[0.499s] Level 5:colcon.colcon_core.verb:set package 'py_pubsub' build argument 'cmake_clean_cache' from command line to 'False'
[0.499s] Level 5:colcon.colcon_core.verb:set package 'py_pubsub' build argument 'cmake_clean_first' from command line to 'False'
[0.499s] Level 5:colcon.colcon_core.verb:set package 'py_pubsub' build argument 'cmake_force_configure' from command line to 'False'
[0.499s] Level 5:colcon.colcon_core.verb:set package 'py_pubsub' build argument 'ament_cmake_args' from command line to 'None'
[0.499s] Level 5:colcon.colcon_core.verb:set package 'py_pubsub' build argument 'catkin_cmake_args' from command line to 'None'
[0.499s] Level 5:colcon.colcon_core.verb:set package 'py_pubsub' build argument 'catkin_skip_building_tests' from command line to 'False'
[0.499s] DEBUG:colcon.colcon_core.verb:Building package 'py_pubsub' with the following arguments: {'ament_cmake_args': None, 'build_base': '/home/pi/ros2_main/build/py_pubsub', 'catkin_cmake_args': None, 'catkin_skip_building_tests': False, 'cmake_args': None, 'cmake_clean_cache': False, 'cmake_clean_first': False, 'cmake_force_configure': False, 'cmake_target': None, 'cmake_target_skip_unavailable': False, 'install_base': '/home/pi/ros2_main/install/py_pubsub', 'merge_install': False, 'path': '/home/pi/ros2_main/src/py_pubsub', 'symlink_install': False, 'test_result_base': None}
[0.500s] Level 5:colcon.colcon_core.verb:set package 'rplidar_ros' build argument 'cmake_args' from command line to 'None'
[0.500s] Level 5:colcon.colcon_core.verb:set package 'rplidar_ros' build argument 'cmake_target' from command line to 'None'
[0.500s] Level 5:colcon.colcon_core.verb:set package 'rplidar_ros' build argument 'cmake_target_skip_unavailable' from command line to 'False'
[0.500s] Level 5:colcon.colcon_core.verb:set package 'rplidar_ros' build argument 'cmake_clean_cache' from command line to 'False'
[0.500s] Level 5:colcon.colcon_core.verb:set package 'rplidar_ros' build argument 'cmake_clean_first' from command line to 'False'
[0.501s] Level 5:colcon.colcon_core.verb:set package 'rplidar_ros' build argument 'cmake_force_configure' from command line to 'False'
[0.501s] Level 5:colcon.colcon_core.verb:set package 'rplidar_ros' build argument 'ament_cmake_args' from command line to 'None'
[0.501s] Level 5:colcon.colcon_core.verb:set package 'rplidar_ros' build argument 'catkin_cmake_args' from command line to 'None'
[0.501s] Level 5:colcon.colcon_core.verb:set package 'rplidar_ros' build argument 'catkin_skip_building_tests' from command line to 'False'
[0.501s] DEBUG:colcon.colcon_core.verb:Building package 'rplidar_ros' with the following arguments: {'ament_cmake_args': None, 'build_base': '/home/pi/ros2_main/build/rplidar_ros', 'catkin_cmake_args': None, 'catkin_skip_building_tests': False, 'cmake_args': None, 'cmake_clean_cache': False, 'cmake_clean_first': False, 'cmake_force_configure': False, 'cmake_target': None, 'cmake_target_skip_unavailable': False, 'install_base': '/home/pi/ros2_main/install/rplidar_ros', 'merge_install': False, 'path': '/home/pi/ros2_main/src/rplidar_ros', 'symlink_install': False, 'test_result_base': None}
[0.502s] Level 5:colcon.colcon_core.verb:set package 'serial' build argument 'cmake_args' from command line to 'None'
[0.502s] Level 5:colcon.colcon_core.verb:set package 'serial' build argument 'cmake_target' from command line to 'None'
[0.502s] Level 5:colcon.colcon_core.verb:set package 'serial' build argument 'cmake_target_skip_unavailable' from command line to 'False'
[0.502s] Level 5:colcon.colcon_core.verb:set package 'serial' build argument 'cmake_clean_cache' from command line to 'False'
[0.502s] Level 5:colcon.colcon_core.verb:set package 'serial' build argument 'cmake_clean_first' from command line to 'False'
[0.502s] Level 5:colcon.colcon_core.verb:set package 'serial' build argument 'cmake_force_configure' from command line to 'False'
[0.502s] Level 5:colcon.colcon_core.verb:set package 'serial' build argument 'ament_cmake_args' from command line to 'None'
[0.502s] Level 5:colcon.colcon_core.verb:set package 'serial' build argument 'catkin_cmake_args' from command line to 'None'
[0.502s] Level 5:colcon.colcon_core.verb:set package 'serial' build argument 'catkin_skip_building_tests' from command line to 'False'
[0.502s] DEBUG:colcon.colcon_core.verb:Building package 'serial' with the following arguments: {'ament_cmake_args': None, 'build_base': '/home/pi/ros2_main/build/serial', 'catkin_cmake_args': None, 'catkin_skip_building_tests': False, 'cmake_args': None, 'cmake_clean_cache': False, 'cmake_clean_first': False, 'cmake_force_configure': False, 'cmake_target': None, 'cmake_target_skip_unavailable': False, 'install_base': '/home/pi/ros2_main/install/serial', 'merge_install': False, 'path': '/home/pi/ros2_main/src/serial', 'symlink_install': False, 'test_result_base': None}
[0.503s] Level 5:colcon.colcon_core.verb:set package 'yolo_detector' build argument 'cmake_args' from command line to 'None'
[0.503s] Level 5:colcon.colcon_core.verb:set package 'yolo_detector' build argument 'cmake_target' from command line to 'None'
[0.503s] Level 5:colcon.colcon_core.verb:set package 'yolo_detector' build argument 'cmake_target_skip_unavailable' from command line to 'False'
[0.503s] Level 5:colcon.colcon_core.verb:set package 'yolo_detector' build argument 'cmake_clean_cache' from command line to 'False'
[0.503s] Level 5:colcon.colcon_core.verb:set package 'yolo_detector' build argument 'cmake_clean_first' from command line to 'False'
[0.503s] Level 5:colcon.colcon_core.verb:set package 'yolo_detector' build argument 'cmake_force_configure' from command line to 'False'
[0.503s] Level 5:colcon.colcon_core.verb:set package 'yolo_detector' build argument 'ament_cmake_args' from command line to 'None'
[0.503s] Level 5:colcon.colcon_core.verb:set package 'yolo_detector' build argument 'catkin_cmake_args' from command line to 'None'
[0.503s] Level 5:colcon.colcon_core.verb:set package 'yolo_detector' build argument 'catkin_skip_building_tests' from command line to 'False'
[0.503s] DEBUG:colcon.colcon_core.verb:Building package 'yolo_detector' with the following arguments: {'ament_cmake_args': None, 'build_base': '/home/pi/ros2_main/build/yolo_detector', 'catkin_cmake_args': None, 'catkin_skip_building_tests': False, 'cmake_args': None, 'cmake_clean_cache': False, 'cmake_clean_first': False, 'cmake_force_configure': False, 'cmake_target': None, 'cmake_target_skip_unavailable': False, 'install_base': '/home/pi/ros2_main/install/yolo_detector', 'merge_install': False, 'path': '/home/pi/ros2_main/src/yolo_detector', 'symlink_install': False, 'test_result_base': None}
[0.504s] Level 5:colcon.colcon_core.verb:set package 'your_twist_converter' build argument 'cmake_args' from command line to 'None'
[0.504s] Level 5:colcon.colcon_core.verb:set package 'your_twist_converter' build argument 'cmake_target' from command line to 'None'
[0.504s] Level 5:colcon.colcon_core.verb:set package 'your_twist_converter' build argument 'cmake_target_skip_unavailable' from command line to 'False'
[0.504s] Level 5:colcon.colcon_core.verb:set package 'your_twist_converter' build argument 'cmake_clean_cache' from command line to 'False'
[0.504s] Level 5:colcon.colcon_core.verb:set package 'your_twist_converter' build argument 'cmake_clean_first' from command line to 'False'
[0.504s] Level 5:colcon.colcon_core.verb:set package 'your_twist_converter' build argument 'cmake_force_configure' from command line to 'False'
[0.504s] Level 5:colcon.colcon_core.verb:set package 'your_twist_converter' build argument 'ament_cmake_args' from command line to 'None'
[0.504s] Level 5:colcon.colcon_core.verb:set package 'your_twist_converter' build argument 'catkin_cmake_args' from command line to 'None'
[0.504s] Level 5:colcon.colcon_core.verb:set package 'your_twist_converter' build argument 'catkin_skip_building_tests' from command line to 'False'
[0.504s] DEBUG:colcon.colcon_core.verb:Building package 'your_twist_converter' with the following arguments: {'ament_cmake_args': None, 'build_base': '/home/pi/ros2_main/build/your_twist_converter', 'catkin_cmake_args': None, 'catkin_skip_building_tests': False, 'cmake_args': None, 'cmake_clean_cache': False, 'cmake_clean_first': False, 'cmake_force_configure': False, 'cmake_target': None, 'cmake_target_skip_unavailable': False, 'install_base': '/home/pi/ros2_main/install/your_twist_converter', 'merge_install': False, 'path': '/home/pi/ros2_main/src/your_twist_converter', 'symlink_install': False, 'test_result_base': None}
[0.504s] INFO:colcon.colcon_core.executor:Executing jobs using 'parallel' executor
[0.506s] DEBUG:colcon.colcon_parallel_executor.executor.parallel:run_until_complete
[0.507s] INFO:colcon.colcon_ros.task.ament_cmake.build:Building ROS package in '/home/pi/ros2_main/src/arduino_ros2_control' with build type 'ament_cmake'
[0.508s] INFO:colcon.colcon_cmake.task.cmake.build:Building CMake package in '/home/pi/ros2_main/src/arduino_ros2_control'
[0.514s] INFO:colcon.colcon_core.plugin_system:Skipping extension 'colcon_core.shell.bat': Not used on non-Windows systems
[0.514s] INFO:colcon.colcon_core.shell:Skip shell extension 'powershell' for command environment: Not usable outside of PowerShell
[0.514s] DEBUG:colcon.colcon_core.shell:Skip shell extension 'dsv' for command environment
[0.526s] INFO:colcon.colcon_ros.task.ament_cmake.build:Building ROS package in '/home/pi/ros2_main/src/map_launch' with build type 'ament_cmake'
[0.527s] INFO:colcon.colcon_cmake.task.cmake.build:Building CMake package in '/home/pi/ros2_main/src/map_launch'
[0.528s] INFO:colcon.colcon_core.shell:Skip shell extension 'powershell' for command environment: Not usable outside of PowerShell
[0.529s] DEBUG:colcon.colcon_core.shell:Skip shell extension 'dsv' for command environment
[0.543s] INFO:colcon.colcon_ros.task.ament_python.build:Building ROS package in '/home/pi/ros2_main/src/py_pubsub' with build type 'ament_python'
[0.544s] Level 1:colcon.colcon_core.shell:create_environment_hook('py_pubsub', 'ament_prefix_path')
[0.545s] INFO:colcon.colcon_core.shell:Creating environment hook '/home/pi/ros2_main/install/py_pubsub/share/py_pubsub/hook/ament_prefix_path.ps1'
[0.548s] INFO:colcon.colcon_core.shell:Creating environment descriptor '/home/pi/ros2_main/install/py_pubsub/share/py_pubsub/hook/ament_prefix_path.dsv'
[0.550s] INFO:colcon.colcon_core.shell:Creating environment hook '/home/pi/ros2_main/install/py_pubsub/share/py_pubsub/hook/ament_prefix_path.sh'
[0.553s] INFO:colcon.colcon_core.shell:Skip shell extension 'powershell' for command environment: Not usable outside of PowerShell
[0.553s] DEBUG:colcon.colcon_core.shell:Skip shell extension 'dsv' for command environment
[0.564s] INFO:colcon.colcon_ros.task.ament_cmake.build:Building ROS package in '/home/pi/ros2_main/src/rplidar_ros' with build type 'ament_cmake'
[0.565s] INFO:colcon.colcon_cmake.task.cmake.build:Building CMake package in '/home/pi/ros2_main/src/rplidar_ros'
[0.566s] INFO:colcon.colcon_core.shell:Skip shell extension 'powershell' for command environment: Not usable outside of PowerShell
[0.566s] DEBUG:colcon.colcon_core.shell:Skip shell extension 'dsv' for command environment
[0.599s] DEBUG:colcon.colcon_core.event_handler.log_command:Invoking command in '/home/pi/ros2_main/build/arduino_ros2_control': CMAKE_PREFIX_PATH=${CMAKE_PREFIX_PATH}:/home/pi/ros2_main/install/your_twist_converter:/home/pi/ros2_main/install/yolo_detector:/home/pi/ros2_main/install/py_pubsub:/home/pi/ros2_main/install/nav2_simple_commander:/opt/ros/jazzy DEBUGINFOD_URLS=https://debuginfod.ubuntu.com /usr/bin/cmake --build /home/pi/ros2_main/build/arduino_ros2_control -- -j4 -l4
[0.623s] DEBUG:colcon.colcon_core.event_handler.log_command:Invoking command in '/home/pi/ros2_main/build/map_launch': CMAKE_PREFIX_PATH=${CMAKE_PREFIX_PATH}:/home/pi/ros2_main/install/your_twist_converter:/home/pi/ros2_main/install/yolo_detector:/home/pi/ros2_main/install/py_pubsub:/home/pi/ros2_main/install/nav2_simple_commander:/opt/ros/jazzy DEBUGINFOD_URLS=https://debuginfod.ubuntu.com /usr/bin/cmake --build /home/pi/ros2_main/build/map_launch -- -j4 -l4
[1.537s] INFO:colcon.colcon_core.task.python.build:Building Python package in '/home/pi/ros2_main/src/py_pubsub'
[1.538s] INFO:colcon.colcon_core.shell:Skip shell extension 'powershell' for command environment: Not usable outside of PowerShell
[1.538s] DEBUG:colcon.colcon_core.shell:Skip shell extension 'dsv' for command environment
[1.667s] DEBUG:colcon.colcon_core.event_handler.log_command:Invoking command in '/home/pi/ros2_main/build/rplidar_ros': CMAKE_PREFIX_PATH=${CMAKE_PREFIX_PATH}:/home/pi/ros2_main/install/your_twist_converter:/home/pi/ros2_main/install/yolo_detector:/home/pi/ros2_main/install/py_pubsub:/home/pi/ros2_main/install/nav2_simple_commander:/opt/ros/jazzy DEBUGINFOD_URLS=https://debuginfod.ubuntu.com /usr/bin/cmake --build /home/pi/ros2_main/build/rplidar_ros -- -j4 -l4
[1.678s] DEBUG:colcon.colcon_core.event_handler.log_command:Invoked command in '/home/pi/ros2_main/build/map_launch' returned '0': CMAKE_PREFIX_PATH=${CMAKE_PREFIX_PATH}:/home/pi/ros2_main/install/your_twist_converter:/home/pi/ros2_main/install/yolo_detector:/home/pi/ros2_main/install/py_pubsub:/home/pi/ros2_main/install/nav2_simple_commander:/opt/ros/jazzy DEBUGINFOD_URLS=https://debuginfod.ubuntu.com /usr/bin/cmake --build /home/pi/ros2_main/build/map_launch -- -j4 -l4
[1.755s] DEBUG:colcon.colcon_core.event_handler.log_command:Invoking command in '/home/pi/ros2_main/build/map_launch': CMAKE_PREFIX_PATH=${CMAKE_PREFIX_PATH}:/home/pi/ros2_main/install/your_twist_converter:/home/pi/ros2_main/install/yolo_detector:/home/pi/ros2_main/install/py_pubsub:/home/pi/ros2_main/install/nav2_simple_commander:/opt/ros/jazzy DEBUGINFOD_URLS=https://debuginfod.ubuntu.com /usr/bin/cmake --install /home/pi/ros2_main/build/map_launch
[1.803s] Level 1:colcon.colcon_core.environment:create_environment_scripts_only(map_launch)
[1.824s] DEBUG:colcon.colcon_core.event_handler.log_command:Invoked command in '/home/pi/ros2_main/build/map_launch' returned '0': CMAKE_PREFIX_PATH=${CMAKE_PREFIX_PATH}:/home/pi/ros2_main/install/your_twist_converter:/home/pi/ros2_main/install/yolo_detector:/home/pi/ros2_main/install/py_pubsub:/home/pi/ros2_main/install/nav2_simple_commander:/opt/ros/jazzy DEBUGINFOD_URLS=https://debuginfod.ubuntu.com /usr/bin/cmake --install /home/pi/ros2_main/build/map_launch
[1.827s] Level 1:colcon.colcon_core.environment:checking '/home/pi/ros2_main/install/map_launch' for CMake module files
[1.838s] Level 1:colcon.colcon_core.environment:checking '/home/pi/ros2_main/install/map_launch' for CMake config files
[1.839s] Level 1:colcon.colcon_core.shell:create_environment_hook('map_launch', 'cmake_prefix_path')
[1.848s] INFO:colcon.colcon_core.shell:Creating environment hook '/home/pi/ros2_main/install/map_launch/share/map_launch/hook/cmake_prefix_path.ps1'
[1.856s] INFO:colcon.colcon_core.shell:Creating environment descriptor '/home/pi/ros2_main/install/map_launch/share/map_launch/hook/cmake_prefix_path.dsv'
[1.858s] INFO:colcon.colcon_core.shell:Creating environment hook '/home/pi/ros2_main/install/map_launch/share/map_launch/hook/cmake_prefix_path.sh'
[1.871s] Level 1:colcon.colcon_core.environment:checking '/home/pi/ros2_main/install/map_launch/bin'
[1.872s] Level 1:colcon.colcon_core.environment:checking '/home/pi/ros2_main/install/map_launch/lib/pkgconfig/map_launch.pc'
[1.874s] Level 1:colcon.colcon_core.environment:checking '/home/pi/ros2_main/install/map_launch/lib/python3.12/site-packages'
[1.876s] Level 1:colcon.colcon_core.environment:checking '/home/pi/ros2_main/install/map_launch/bin'
[1.878s] INFO:colcon.colcon_core.shell:Creating package script '/home/pi/ros2_main/install/map_launch/share/map_launch/package.ps1'
[1.892s] INFO:colcon.colcon_core.shell:Creating package descriptor '/home/pi/ros2_main/install/map_launch/share/map_launch/package.dsv'
[1.899s] INFO:colcon.colcon_core.shell:Creating package script '/home/pi/ros2_main/install/map_launch/share/map_launch/package.sh'
[1.907s] INFO:colcon.colcon_core.shell:Creating package script '/home/pi/ros2_main/install/map_launch/share/map_launch/package.bash'
[1.916s] INFO:colcon.colcon_core.shell:Creating package script '/home/pi/ros2_main/install/map_launch/share/map_launch/package.zsh'
[1.926s] Level 1:colcon.colcon_core.environment:create_file_with_runtime_dependencies(/home/pi/ros2_main/install/map_launch/share/colcon-core/packages/map_launch)
[1.934s] Level 1:colcon.colcon_core.environment:create_environment_scripts_only(map_launch)
[1.936s] Level 1:colcon.colcon_core.environment:checking '/home/pi/ros2_main/install/map_launch' for CMake module files
[1.942s] Level 1:colcon.colcon_core.environment:checking '/home/pi/ros2_main/install/map_launch' for CMake config files
[1.943s] Level 1:colcon.colcon_core.shell:create_environment_hook('map_launch', 'cmake_prefix_path')
[1.944s] INFO:colcon.colcon_core.shell:Creating environment hook '/home/pi/ros2_main/install/map_launch/share/map_launch/hook/cmake_prefix_path.ps1'
[1.954s] INFO:colcon.colcon_core.shell:Creating environment descriptor '/home/pi/ros2_main/install/map_launch/share/map_launch/hook/cmake_prefix_path.dsv'
[1.955s] INFO:colcon.colcon_core.shell:Creating environment hook '/home/pi/ros2_main/install/map_launch/share/map_launch/hook/cmake_prefix_path.sh'
[1.963s] Level 1:colcon.colcon_core.environment:checking '/home/pi/ros2_main/install/map_launch/bin'
[1.968s] Level 1:colcon.colcon_core.environment:checking '/home/pi/ros2_main/install/map_launch/lib/pkgconfig/map_launch.pc'
[1.969s] Level 1:colcon.colcon_core.environment:checking '/home/pi/ros2_main/install/map_launch/lib/python3.12/site-packages'
[1.976s] Level 1:colcon.colcon_core.environment:checking '/home/pi/ros2_main/install/map_launch/bin'
[1.977s] INFO:colcon.colcon_core.shell:Creating package script '/home/pi/ros2_main/install/map_launch/share/map_launch/package.ps1'
[1.988s] INFO:colcon.colcon_core.shell:Creating package descriptor '/home/pi/ros2_main/install/map_launch/share/map_launch/package.dsv'
[2.005s] INFO:colcon.colcon_core.shell:Creating package script '/home/pi/ros2_main/install/map_launch/share/map_launch/package.sh'
[2.007s] INFO:colcon.colcon_core.shell:Creating package script '/home/pi/ros2_main/install/map_launch/share/map_launch/package.bash'
[2.013s] INFO:colcon.colcon_core.shell:Creating package script '/home/pi/ros2_main/install/map_launch/share/map_launch/package.zsh'
[2.026s] Level 1:colcon.colcon_core.environment:create_file_with_runtime_dependencies(/home/pi/ros2_main/install/map_launch/share/colcon-core/packages/map_launch)
[2.038s] INFO:colcon.colcon_ros.task.ament_cmake.build:Building ROS package in '/home/pi/ros2_main/src/serial' with build type 'ament_cmake'
[2.039s] INFO:colcon.colcon_cmake.task.cmake.build:Building CMake package in '/home/pi/ros2_main/src/serial'
[2.039s] INFO:colcon.colcon_core.shell:Skip shell extension 'powershell' for command environment: Not usable outside of PowerShell
[2.040s] DEBUG:colcon.colcon_core.shell:Skip shell extension 'dsv' for command environment
[2.125s] DEBUG:colcon.colcon_core.event_handler.log_command:Invoking command in '/home/pi/ros2_main/build/serial': CMAKE_PREFIX_PATH=${CMAKE_PREFIX_PATH}:/home/pi/ros2_main/install/your_twist_converter:/home/pi/ros2_main/install/yolo_detector:/home/pi/ros2_main/install/py_pubsub:/home/pi/ros2_main/install/nav2_simple_commander:/opt/ros/jazzy DEBUGINFOD_URLS=https://debuginfod.ubuntu.com /usr/bin/cmake --build /home/pi/ros2_main/build/serial -- -j4 -l4
[2.546s] DEBUG:colcon.colcon_core.event_handler.log_command:Invoked command in '/home/pi/ros2_main/build/rplidar_ros' returned '0': CMAKE_PREFIX_PATH=${CMAKE_PREFIX_PATH}:/home/pi/ros2_main/install/your_twist_converter:/home/pi/ros2_main/install/yolo_detector:/home/pi/ros2_main/install/py_pubsub:/home/pi/ros2_main/install/nav2_simple_commander:/opt/ros/jazzy DEBUGINFOD_URLS=https://debuginfod.ubuntu.com /usr/bin/cmake --build /home/pi/ros2_main/build/rplidar_ros -- -j4 -l4
[2.565s] DEBUG:colcon.colcon_core.event_handler.log_command:Invoking command in '/home/pi/ros2_main/build/rplidar_ros': CMAKE_PREFIX_PATH=${CMAKE_PREFIX_PATH}:/home/pi/ros2_main/install/your_twist_converter:/home/pi/ros2_main/install/yolo_detector:/home/pi/ros2_main/install/py_pubsub:/home/pi/ros2_main/install/nav2_simple_commander:/opt/ros/jazzy DEBUGINFOD_URLS=https://debuginfod.ubuntu.com /usr/bin/cmake --install /home/pi/ros2_main/build/rplidar_ros
[2.746s] Level 1:colcon.colcon_core.environment:create_environment_scripts_only(rplidar_ros)
[2.747s] Level 1:colcon.colcon_core.environment:checking '/home/pi/ros2_main/install/rplidar_ros' for CMake module files
[2.758s] DEBUG:colcon.colcon_core.event_handler.log_command:Invoked command in '/home/pi/ros2_main/build/rplidar_ros' returned '0': CMAKE_PREFIX_PATH=${CMAKE_PREFIX_PATH}:/home/pi/ros2_main/install/your_twist_converter:/home/pi/ros2_main/install/yolo_detector:/home/pi/ros2_main/install/py_pubsub:/home/pi/ros2_main/install/nav2_simple_commander:/opt/ros/jazzy DEBUGINFOD_URLS=https://debuginfod.ubuntu.com /usr/bin/cmake --install /home/pi/ros2_main/build/rplidar_ros
[2.761s] Level 1:colcon.colcon_core.environment:checking '/home/pi/ros2_main/install/rplidar_ros' for CMake config files
[2.762s] Level 1:colcon.colcon_core.shell:create_environment_hook('rplidar_ros', 'cmake_prefix_path')
[2.763s] INFO:colcon.colcon_core.shell:Creating environment hook '/home/pi/ros2_main/install/rplidar_ros/share/rplidar_ros/hook/cmake_prefix_path.ps1'
[2.771s] INFO:colcon.colcon_core.shell:Creating environment descriptor '/home/pi/ros2_main/install/rplidar_ros/share/rplidar_ros/hook/cmake_prefix_path.dsv'
[2.785s] INFO:colcon.colcon_core.shell:Creating environment hook '/home/pi/ros2_main/install/rplidar_ros/share/rplidar_ros/hook/cmake_prefix_path.sh'
[2.794s] Level 1:colcon.colcon_core.environment:checking '/home/pi/ros2_main/install/rplidar_ros/lib'
[2.795s] Level 1:colcon.colcon_core.environment:checking '/home/pi/ros2_main/install/rplidar_ros/bin'
[2.796s] Level 1:colcon.colcon_core.environment:checking '/home/pi/ros2_main/install/rplidar_ros/lib/pkgconfig/rplidar_ros.pc'
[2.809s] Level 1:colcon.colcon_core.environment:checking '/home/pi/ros2_main/install/rplidar_ros/lib/python3.12/site-packages'
[2.810s] Level 1:colcon.colcon_core.environment:checking '/home/pi/ros2_main/install/rplidar_ros/bin'
[2.811s] INFO:colcon.colcon_core.shell:Creating package script '/home/pi/ros2_main/install/rplidar_ros/share/rplidar_ros/package.ps1'
[2.828s] INFO:colcon.colcon_core.shell:Creating package descriptor '/home/pi/ros2_main/install/rplidar_ros/share/rplidar_ros/package.dsv'
[2.837s] INFO:colcon.colcon_core.shell:Creating package script '/home/pi/ros2_main/install/rplidar_ros/share/rplidar_ros/package.sh'
[2.849s] INFO:colcon.colcon_core.shell:Creating package script '/home/pi/ros2_main/install/rplidar_ros/share/rplidar_ros/package.bash'
[2.850s] INFO:colcon.colcon_core.shell:Creating package script '/home/pi/ros2_main/install/rplidar_ros/share/rplidar_ros/package.zsh'
[2.860s] Level 1:colcon.colcon_core.environment:create_file_with_runtime_dependencies(/home/pi/ros2_main/install/rplidar_ros/share/colcon-core/packages/rplidar_ros)
[2.873s] Level 1:colcon.colcon_core.environment:create_environment_scripts_only(rplidar_ros)
[2.874s] Level 1:colcon.colcon_core.environment:checking '/home/pi/ros2_main/install/rplidar_ros' for CMake module files
[2.885s] Level 1:colcon.colcon_core.environment:checking '/home/pi/ros2_main/install/rplidar_ros' for CMake config files
[2.886s] Level 1:colcon.colcon_core.shell:create_environment_hook('rplidar_ros', 'cmake_prefix_path')
[2.886s] INFO:colcon.colcon_core.shell:Creating environment hook '/home/pi/ros2_main/install/rplidar_ros/share/rplidar_ros/hook/cmake_prefix_path.ps1'
[2.897s] INFO:colcon.colcon_core.shell:Creating environment descriptor '/home/pi/ros2_main/install/rplidar_ros/share/rplidar_ros/hook/cmake_prefix_path.dsv'
[2.908s] INFO:colcon.colcon_core.shell:Creating environment hook '/home/pi/ros2_main/install/rplidar_ros/share/rplidar_ros/hook/cmake_prefix_path.sh'
[2.924s] Level 1:colcon.colcon_core.environment:checking '/home/pi/ros2_main/install/rplidar_ros/lib'
[2.925s] Level 1:colcon.colcon_core.environment:checking '/home/pi/ros2_main/install/rplidar_ros/bin'
[2.925s] Level 1:colcon.colcon_core.environment:checking '/home/pi/ros2_main/install/rplidar_ros/lib/pkgconfig/rplidar_ros.pc'
[2.931s] Level 1:colcon.colcon_core.environment:checking '/home/pi/ros2_main/install/rplidar_ros/lib/python3.12/site-packages'
[2.932s] Level 1:colcon.colcon_core.environment:checking '/home/pi/ros2_main/install/rplidar_ros/bin'
[2.933s] INFO:colcon.colcon_core.shell:Creating package script '/home/pi/ros2_main/install/rplidar_ros/share/rplidar_ros/package.ps1'
[2.943s] INFO:colcon.colcon_core.shell:Creating package descriptor '/home/pi/ros2_main/install/rplidar_ros/share/rplidar_ros/package.dsv'
[2.950s] INFO:colcon.colcon_core.shell:Creating package script '/home/pi/ros2_main/install/rplidar_ros/share/rplidar_ros/package.sh'
[2.960s] INFO:colcon.colcon_core.shell:Creating package script '/home/pi/ros2_main/install/rplidar_ros/share/rplidar_ros/package.bash'
[2.972s] INFO:colcon.colcon_core.shell:Creating package script '/home/pi/ros2_main/install/rplidar_ros/share/rplidar_ros/package.zsh'
[2.973s] Level 1:colcon.colcon_core.environment:create_file_with_runtime_dependencies(/home/pi/ros2_main/install/rplidar_ros/share/colcon-core/packages/rplidar_ros)
[2.979s] INFO:colcon.colcon_ros.task.ament_python.build:Building ROS package in '/home/pi/ros2_main/src/yolo_detector' with build type 'ament_python'
[2.979s] Level 1:colcon.colcon_core.shell:create_environment_hook('yolo_detector', 'ament_prefix_path')
[2.983s] INFO:colcon.colcon_core.shell:Creating environment hook '/home/pi/ros2_main/install/yolo_detector/share/yolo_detector/hook/ament_prefix_path.ps1'
[2.994s] INFO:colcon.colcon_core.shell:Creating environment descriptor '/home/pi/ros2_main/install/yolo_detector/share/yolo_detector/hook/ament_prefix_path.dsv'
[3.002s] INFO:colcon.colcon_core.shell:Creating environment hook '/home/pi/ros2_main/install/yolo_detector/share/yolo_detector/hook/ament_prefix_path.sh'
[3.009s] INFO:colcon.colcon_core.shell:Skip shell extension 'powershell' for command environment: Not usable outside of PowerShell
[3.012s] DEBUG:colcon.colcon_core.shell:Skip shell extension 'dsv' for command environment
[4.652s] INFO:colcon.colcon_core.task.python.build:Building Python package in '/home/pi/ros2_main/src/yolo_detector'
[4.653s] INFO:colcon.colcon_core.shell:Skip shell extension 'powershell' for command environment: Not usable outside of PowerShell
[4.678s] DEBUG:colcon.colcon_core.shell:Skip shell extension 'dsv' for command environment
[4.722s] DEBUG:colcon.colcon_core.event_handler.log_command:Invoked command in '/home/pi/ros2_main/build/serial' returned '0': CMAKE_PREFIX_PATH=${CMAKE_PREFIX_PATH}:/home/pi/ros2_main/install/your_twist_converter:/home/pi/ros2_main/install/yolo_detector:/home/pi/ros2_main/install/py_pubsub:/home/pi/ros2_main/install/nav2_simple_commander:/opt/ros/jazzy DEBUGINFOD_URLS=https://debuginfod.ubuntu.com /usr/bin/cmake --build /home/pi/ros2_main/build/serial -- -j4 -l4
[4.734s] DEBUG:colcon.colcon_core.event_handler.log_command:Invoking command in '/home/pi/ros2_main/build/serial': CMAKE_PREFIX_PATH=${CMAKE_PREFIX_PATH}:/home/pi/ros2_main/install/your_twist_converter:/home/pi/ros2_main/install/yolo_detector:/home/pi/ros2_main/install/py_pubsub:/home/pi/ros2_main/install/nav2_simple_commander:/opt/ros/jazzy DEBUGINFOD_URLS=https://debuginfod.ubuntu.com /usr/bin/cmake --install /home/pi/ros2_main/build/serial
[4.946s] Level 1:colcon.colcon_core.environment:create_environment_scripts_only(serial)
[4.947s] Level 1:colcon.colcon_core.environment:checking '/home/pi/ros2_main/install/serial' for CMake module files
[4.948s] Level 1:colcon.colcon_core.environment:checking '/home/pi/ros2_main/install/serial' for CMake config files
[4.959s] Level 1:colcon.colcon_core.shell:create_environment_hook('serial', 'cmake_prefix_path')
[4.959s] INFO:colcon.colcon_core.shell:Creating environment hook '/home/pi/ros2_main/install/serial/share/serial/hook/cmake_prefix_path.ps1'
[4.965s] DEBUG:colcon.colcon_core.event_handler.log_command:Invoked command in '/home/pi/ros2_main/build/serial' returned '0': CMAKE_PREFIX_PATH=${CMAKE_PREFIX_PATH}:/home/pi/ros2_main/install/your_twist_converter:/home/pi/ros2_main/install/yolo_detector:/home/pi/ros2_main/install/py_pubsub:/home/pi/ros2_main/install/nav2_simple_commander:/opt/ros/jazzy DEBUGINFOD_URLS=https://debuginfod.ubuntu.com /usr/bin/cmake --install /home/pi/ros2_main/build/serial
[4.966s] INFO:colcon.colcon_core.shell:Creating environment descriptor '/home/pi/ros2_main/install/serial/share/serial/hook/cmake_prefix_path.dsv'
[4.967s] INFO:colcon.colcon_core.shell:Creating environment hook '/home/pi/ros2_main/install/serial/share/serial/hook/cmake_prefix_path.sh'
[4.979s] Level 1:colcon.colcon_core.environment:checking '/home/pi/ros2_main/install/serial/lib'
[4.979s] Level 1:colcon.colcon_core.environment:checking '/home/pi/ros2_main/install/serial/bin'
[4.979s] Level 1:colcon.colcon_core.environment:checking '/home/pi/ros2_main/install/serial/lib/pkgconfig/serial.pc'
[4.980s] Level 1:colcon.colcon_core.environment:checking '/home/pi/ros2_main/install/serial/lib/python3.12/site-packages'
[4.987s] Level 1:colcon.colcon_core.environment:checking '/home/pi/ros2_main/install/serial/bin'
[4.988s] INFO:colcon.colcon_core.shell:Creating package script '/home/pi/ros2_main/install/serial/share/serial/package.ps1'
[4.995s] INFO:colcon.colcon_core.shell:Creating package descriptor '/home/pi/ros2_main/install/serial/share/serial/package.dsv'
[5.003s] INFO:colcon.colcon_core.shell:Creating package script '/home/pi/ros2_main/install/serial/share/serial/package.sh'
[5.005s] INFO:colcon.colcon_core.shell:Creating package script '/home/pi/ros2_main/install/serial/share/serial/package.bash'
[5.014s] INFO:colcon.colcon_core.shell:Creating package script '/home/pi/ros2_main/install/serial/share/serial/package.zsh'
[5.019s] Level 1:colcon.colcon_core.environment:create_file_with_runtime_dependencies(/home/pi/ros2_main/install/serial/share/colcon-core/packages/serial)
[5.025s] Level 1:colcon.colcon_core.environment:create_environment_scripts_only(serial)
[5.028s] Level 1:colcon.colcon_core.environment:checking '/home/pi/ros2_main/install/serial' for CMake module files
[5.033s] Level 1:colcon.colcon_core.environment:checking '/home/pi/ros2_main/install/serial' for CMake config files
[5.034s] Level 1:colcon.colcon_core.shell:create_environment_hook('serial', 'cmake_prefix_path')
[5.035s] INFO:colcon.colcon_core.shell:Creating environment hook '/home/pi/ros2_main/install/serial/share/serial/hook/cmake_prefix_path.ps1'
[5.041s] INFO:colcon.colcon_core.shell:Creating environment descriptor '/home/pi/ros2_main/install/serial/share/serial/hook/cmake_prefix_path.dsv'
[5.046s] INFO:colcon.colcon_core.shell:Creating environment hook '/home/pi/ros2_main/install/serial/share/serial/hook/cmake_prefix_path.sh'
[5.048s] Level 1:colcon.colcon_core.environment:checking '/home/pi/ros2_main/install/serial/lib'
[5.049s] Level 1:colcon.colcon_core.environment:checking '/home/pi/ros2_main/install/serial/bin'
[5.049s] Level 1:colcon.colcon_core.environment:checking '/home/pi/ros2_main/install/serial/lib/pkgconfig/serial.pc'
[5.053s] Level 1:colcon.colcon_core.environment:checking '/home/pi/ros2_main/install/serial/lib/python3.12/site-packages'
[5.054s] Level 1:colcon.colcon_core.environment:checking '/home/pi/ros2_main/install/serial/bin'
[5.055s] INFO:colcon.colcon_core.shell:Creating package script '/home/pi/ros2_main/install/serial/share/serial/package.ps1'
[5.060s] INFO:colcon.colcon_core.shell:Creating package descriptor '/home/pi/ros2_main/install/serial/share/serial/package.dsv'
[5.065s] INFO:colcon.colcon_core.shell:Creating package script '/home/pi/ros2_main/install/serial/share/serial/package.sh'
[5.067s] INFO:colcon.colcon_core.shell:Creating package script '/home/pi/ros2_main/install/serial/share/serial/package.bash'
[5.072s] INFO:colcon.colcon_core.shell:Creating package script '/home/pi/ros2_main/install/serial/share/serial/package.zsh'
[5.077s] Level 1:colcon.colcon_core.environment:create_file_with_runtime_dependencies(/home/pi/ros2_main/install/serial/share/colcon-core/packages/serial)
[5.081s] INFO:colcon.colcon_ros.task.ament_python.build:Building ROS package in '/home/pi/ros2_main/src/your_twist_converter' with build type 'ament_python'
[5.081s] Level 1:colcon.colcon_core.shell:create_environment_hook('your_twist_converter', 'ament_prefix_path')
[5.084s] INFO:colcon.colcon_core.shell:Creating environment hook '/home/pi/ros2_main/install/your_twist_converter/share/your_twist_converter/hook/ament_prefix_path.ps1'
[5.094s] INFO:colcon.colcon_core.shell:Creating environment descriptor '/home/pi/ros2_main/install/your_twist_converter/share/your_twist_converter/hook/ament_prefix_path.dsv'
[5.096s] INFO:colcon.colcon_core.shell:Creating environment hook '/home/pi/ros2_main/install/your_twist_converter/share/your_twist_converter/hook/ament_prefix_path.sh'
[5.105s] INFO:colcon.colcon_core.shell:Skip shell extension 'powershell' for command environment: Not usable outside of PowerShell
[5.107s] DEBUG:colcon.colcon_core.shell:Skip shell extension 'dsv' for command environment
[7.206s] INFO:colcon.colcon_core.task.python.build:Building Python package in '/home/pi/ros2_main/src/your_twist_converter'
[7.206s] INFO:colcon.colcon_core.shell:Skip shell extension 'powershell' for command environment: Not usable outside of PowerShell
[7.207s] DEBUG:colcon.colcon_core.shell:Skip shell extension 'dsv' for command environment
[7.235s] DEBUG:colcon.colcon_core.event_handler.log_command:Invoking command in '/home/pi/ros2_main/src/py_pubsub': DEBUGINFOD_URLS=https://debuginfod.ubuntu.com PYTHONPATH=/home/pi/ros2_main/build/py_pubsub/prefix_override:/usr/lib/python3/dist-packages/colcon_core/task/python/colcon_distutils_commands:/home/pi/ros2_main/install/py_pubsub/lib/python3.12/site-packages:${PYTHONPATH} /usr/bin/python3 -W ignore:setup.py install is deprecated -W ignore:easy_install command is deprecated setup.py egg_info --egg-base ../../build/py_pubsub build --build-base /home/pi/ros2_main/build/py_pubsub/build install --record /home/pi/ros2_main/build/py_pubsub/install.log --single-version-externally-managed install_data
[9.273s] DEBUG:colcon.colcon_core.event_handler.log_command:Invoking command in '/home/pi/ros2_main/src/yolo_detector': DEBUGINFOD_URLS=https://debuginfod.ubuntu.com PYTHONPATH=/home/pi/ros2_main/build/yolo_detector/prefix_override:/usr/lib/python3/dist-packages/colcon_core/task/python/colcon_distutils_commands:/home/pi/ros2_main/install/yolo_detector/lib/python3.12/site-packages:${PYTHONPATH} /usr/bin/python3 -W ignore:setup.py install is deprecated -W ignore:easy_install command is deprecated setup.py egg_info --egg-base ../../build/yolo_detector build --build-base /home/pi/ros2_main/build/yolo_detector/build install --record /home/pi/ros2_main/build/yolo_detector/install.log --single-version-externally-managed install_data
[10.558s] Level 1:colcon.colcon_core.environment:checking '/home/pi/ros2_main/install/py_pubsub' for CMake module files
[10.560s] Level 1:colcon.colcon_core.environment:checking '/home/pi/ros2_main/install/py_pubsub' for CMake config files
[10.566s] DEBUG:colcon.colcon_core.event_handler.log_command:Invoked command in '/home/pi/ros2_main/src/py_pubsub' returned '0': DEBUGINFOD_URLS=https://debuginfod.ubuntu.com PYTHONPATH=/home/pi/ros2_main/build/py_pubsub/prefix_override:/usr/lib/python3/dist-packages/colcon_core/task/python/colcon_distutils_commands:/home/pi/ros2_main/install/py_pubsub/lib/python3.12/site-packages:${PYTHONPATH} /usr/bin/python3 -W ignore:setup.py install is deprecated -W ignore:easy_install command is deprecated setup.py egg_info --egg-base ../../build/py_pubsub build --build-base /home/pi/ros2_main/build/py_pubsub/build install --record /home/pi/ros2_main/build/py_pubsub/install.log --single-version-externally-managed install_data
[10.570s] Level 1:colcon.colcon_core.environment:checking '/home/pi/ros2_main/install/py_pubsub/lib'
[10.571s] Level 1:colcon.colcon_core.environment:checking '/home/pi/ros2_main/install/py_pubsub/bin'
[10.572s] Level 1:colcon.colcon_core.environment:checking '/home/pi/ros2_main/install/py_pubsub/lib/pkgconfig/py_pubsub.pc'
[10.573s] Level 1:colcon.colcon_core.environment:checking '/home/pi/ros2_main/install/py_pubsub/lib/python3.12/site-packages'
[10.573s] Level 1:colcon.colcon_core.shell:create_environment_hook('py_pubsub', 'pythonpath')
[10.574s] INFO:colcon.colcon_core.shell:Creating environment hook '/home/pi/ros2_main/install/py_pubsub/share/py_pubsub/hook/pythonpath.ps1'
[10.576s] INFO:colcon.colcon_core.shell:Creating environment descriptor '/home/pi/ros2_main/install/py_pubsub/share/py_pubsub/hook/pythonpath.dsv'
[10.578s] INFO:colcon.colcon_core.shell:Creating environment hook '/home/pi/ros2_main/install/py_pubsub/share/py_pubsub/hook/pythonpath.sh'
[10.581s] Level 1:colcon.colcon_core.environment:checking '/home/pi/ros2_main/install/py_pubsub/bin'
[10.581s] Level 1:colcon.colcon_core.environment:create_environment_scripts_only(py_pubsub)
[10.582s] INFO:colcon.colcon_core.shell:Creating package script '/home/pi/ros2_main/install/py_pubsub/share/py_pubsub/package.ps1'
[10.584s] INFO:colcon.colcon_core.shell:Creating package descriptor '/home/pi/ros2_main/install/py_pubsub/share/py_pubsub/package.dsv'
[10.594s] INFO:colcon.colcon_core.shell:Creating package script '/home/pi/ros2_main/install/py_pubsub/share/py_pubsub/package.sh'
[10.597s] INFO:colcon.colcon_core.shell:Creating package script '/home/pi/ros2_main/install/py_pubsub/share/py_pubsub/package.bash'
[10.604s] INFO:colcon.colcon_core.shell:Creating package script '/home/pi/ros2_main/install/py_pubsub/share/py_pubsub/package.zsh'
[10.607s] Level 1:colcon.colcon_core.environment:create_file_with_runtime_dependencies(/home/pi/ros2_main/install/py_pubsub/share/colcon-core/packages/py_pubsub)
[11.053s] DEBUG:colcon.colcon_core.event_handler.log_command:Invoking command in '/home/pi/ros2_main/src/your_twist_converter': DEBUGINFOD_URLS=https://debuginfod.ubuntu.com PYTHONPATH=/home/pi/ros2_main/build/your_twist_converter/prefix_override:/usr/lib/python3/dist-packages/colcon_core/task/python/colcon_distutils_commands:/home/pi/ros2_main/install/your_twist_converter/lib/python3.12/site-packages:${PYTHONPATH} /usr/bin/python3 -W ignore:setup.py install is deprecated -W ignore:easy_install command is deprecated setup.py egg_info --egg-base ../../build/your_twist_converter build --build-base /home/pi/ros2_main/build/your_twist_converter/build install --record /home/pi/ros2_main/build/your_twist_converter/install.log --single-version-externally-managed install_data
[12.459s] Level 1:colcon.colcon_core.environment:checking '/home/pi/ros2_main/install/yolo_detector' for CMake module files
[12.461s] DEBUG:colcon.colcon_core.event_handler.log_command:Invoked command in '/home/pi/ros2_main/src/yolo_detector' returned '0': DEBUGINFOD_URLS=https://debuginfod.ubuntu.com PYTHONPATH=/home/pi/ros2_main/build/yolo_detector/prefix_override:/usr/lib/python3/dist-packages/colcon_core/task/python/colcon_distutils_commands:/home/pi/ros2_main/install/yolo_detector/lib/python3.12/site-packages:${PYTHONPATH} /usr/bin/python3 -W ignore:setup.py install is deprecated -W ignore:easy_install command is deprecated setup.py egg_info --egg-base ../../build/yolo_detector build --build-base /home/pi/ros2_main/build/yolo_detector/build install --record /home/pi/ros2_main/build/yolo_detector/install.log --single-version-externally-managed install_data
[12.462s] Level 1:colcon.colcon_core.environment:checking '/home/pi/ros2_main/install/yolo_detector' for CMake config files
[12.464s] Level 1:colcon.colcon_core.environment:checking '/home/pi/ros2_main/install/yolo_detector/lib'
[12.465s] Level 1:colcon.colcon_core.environment:checking '/home/pi/ros2_main/install/yolo_detector/bin'
[12.465s] Level 1:colcon.colcon_core.environment:checking '/home/pi/ros2_main/install/yolo_detector/lib/pkgconfig/yolo_detector.pc'
[12.466s] Level 1:colcon.colcon_core.environment:checking '/home/pi/ros2_main/install/yolo_detector/lib/python3.12/site-packages'
[12.467s] Level 1:colcon.colcon_core.shell:create_environment_hook('yolo_detector', 'pythonpath')
[12.468s] INFO:colcon.colcon_core.shell:Creating environment hook '/home/pi/ros2_main/install/yolo_detector/share/yolo_detector/hook/pythonpath.ps1'
[12.470s] INFO:colcon.colcon_core.shell:Creating environment descriptor '/home/pi/ros2_main/install/yolo_detector/share/yolo_detector/hook/pythonpath.dsv'
[12.471s] INFO:colcon.colcon_core.shell:Creating environment hook '/home/pi/ros2_main/install/yolo_detector/share/yolo_detector/hook/pythonpath.sh'
[12.476s] Level 1:colcon.colcon_core.environment:checking '/home/pi/ros2_main/install/yolo_detector/bin'
[12.476s] Level 1:colcon.colcon_core.environment:create_environment_scripts_only(yolo_detector)
[12.477s] INFO:colcon.colcon_core.shell:Creating package script '/home/pi/ros2_main/install/yolo_detector/share/yolo_detector/package.ps1'
[12.479s] INFO:colcon.colcon_core.shell:Creating package descriptor '/home/pi/ros2_main/install/yolo_detector/share/yolo_detector/package.dsv'
[12.481s] INFO:colcon.colcon_core.shell:Creating package script '/home/pi/ros2_main/install/yolo_detector/share/yolo_detector/package.sh'
[12.483s] INFO:colcon.colcon_core.shell:Creating package script '/home/pi/ros2_main/install/yolo_detector/share/yolo_detector/package.bash'
[12.484s] INFO:colcon.colcon_core.shell:Creating package script '/home/pi/ros2_main/install/yolo_detector/share/yolo_detector/package.zsh'
[12.486s] Level 1:colcon.colcon_core.environment:create_file_with_runtime_dependencies(/home/pi/ros2_main/install/yolo_detector/share/colcon-core/packages/yolo_detector)
[13.495s] Level 1:colcon.colcon_core.environment:checking '/home/pi/ros2_main/install/your_twist_converter' for CMake module files
[13.496s] DEBUG:colcon.colcon_core.event_handler.log_command:Invoked command in '/home/pi/ros2_main/src/your_twist_converter' returned '0': DEBUGINFOD_URLS=https://debuginfod.ubuntu.com PYTHONPATH=/home/pi/ros2_main/build/your_twist_converter/prefix_override:/usr/lib/python3/dist-packages/colcon_core/task/python/colcon_distutils_commands:/home/pi/ros2_main/install/your_twist_converter/lib/python3.12/site-packages:${PYTHONPATH} /usr/bin/python3 -W ignore:setup.py install is deprecated -W ignore:easy_install command is deprecated setup.py egg_info --egg-base ../../build/your_twist_converter build --build-base /home/pi/ros2_main/build/your_twist_converter/build install --record /home/pi/ros2_main/build/your_twist_converter/install.log --single-version-externally-managed install_data
[13.498s] Level 1:colcon.colcon_core.environment:checking '/home/pi/ros2_main/install/your_twist_converter' for CMake config files
[13.499s] Level 1:colcon.colcon_core.environment:checking '/home/pi/ros2_main/install/your_twist_converter/lib'
[13.500s] Level 1:colcon.colcon_core.environment:checking '/home/pi/ros2_main/install/your_twist_converter/bin'
[13.500s] Level 1:colcon.colcon_core.environment:checking '/home/pi/ros2_main/install/your_twist_converter/lib/pkgconfig/your_twist_converter.pc'
[13.500s] Level 1:colcon.colcon_core.environment:checking '/home/pi/ros2_main/install/your_twist_converter/lib/python3.12/site-packages'
[13.501s] Level 1:colcon.colcon_core.shell:create_environment_hook('your_twist_converter', 'pythonpath')
[13.504s] INFO:colcon.colcon_core.shell:Creating environment hook '/home/pi/ros2_main/install/your_twist_converter/share/your_twist_converter/hook/pythonpath.ps1'
[13.507s] INFO:colcon.colcon_core.shell:Creating environment descriptor '/home/pi/ros2_main/install/your_twist_converter/share/your_twist_converter/hook/pythonpath.dsv'
[13.508s] INFO:colcon.colcon_core.shell:Creating environment hook '/home/pi/ros2_main/install/your_twist_converter/share/your_twist_converter/hook/pythonpath.sh'
[13.511s] Level 1:colcon.colcon_core.environment:checking '/home/pi/ros2_main/install/your_twist_converter/bin'
[13.512s] Level 1:colcon.colcon_core.environment:create_environment_scripts_only(your_twist_converter)
[13.513s] INFO:colcon.colcon_core.shell:Creating package script '/home/pi/ros2_main/install/your_twist_converter/share/your_twist_converter/package.ps1'
[13.515s] INFO:colcon.colcon_core.shell:Creating package descriptor '/home/pi/ros2_main/install/your_twist_converter/share/your_twist_converter/package.dsv'
[13.516s] INFO:colcon.colcon_core.shell:Creating package script '/home/pi/ros2_main/install/your_twist_converter/share/your_twist_converter/package.sh'
[13.517s] INFO:colcon.colcon_core.shell:Creating package script '/home/pi/ros2_main/install/your_twist_converter/share/your_twist_converter/package.bash'
[13.518s] INFO:colcon.colcon_core.shell:Creating package script '/home/pi/ros2_main/install/your_twist_converter/share/your_twist_converter/package.zsh'
[13.519s] Level 1:colcon.colcon_core.environment:create_file_with_runtime_dependencies(/home/pi/ros2_main/install/your_twist_converter/share/colcon-core/packages/your_twist_converter)
[18.013s] DEBUG:colcon.colcon_core.event_handler.log_command:Invoked command in '/home/pi/ros2_main/build/arduino_ros2_control' returned '2': CMAKE_PREFIX_PATH=${CMAKE_PREFIX_PATH}:/home/pi/ros2_main/install/your_twist_converter:/home/pi/ros2_main/install/yolo_detector:/home/pi/ros2_main/install/py_pubsub:/home/pi/ros2_main/install/nav2_simple_commander:/opt/ros/jazzy DEBUGINFOD_URLS=https://debuginfod.ubuntu.com /usr/bin/cmake --build /home/pi/ros2_main/build/arduino_ros2_control -- -j4 -l4
[18.014s] Level 1:colcon.colcon_core.environment:create_environment_scripts_only(arduino_ros2_control)
[18.015s] Level 1:colcon.colcon_core.environment:checking '/home/pi/ros2_main/install/arduino_ros2_control' for CMake module files
[18.016s] Level 1:colcon.colcon_core.environment:checking '/home/pi/ros2_main/install/arduino_ros2_control' for CMake config files
[18.016s] Level 1:colcon.colcon_core.environment:checking '/home/pi/ros2_main/install/arduino_ros2_control/bin'
[18.017s] Level 1:colcon.colcon_core.environment:checking '/home/pi/ros2_main/install/arduino_ros2_control/lib/pkgconfig/arduino_ros2_control.pc'
[18.017s] Level 1:colcon.colcon_core.environment:checking '/home/pi/ros2_main/install/arduino_ros2_control/lib/python3.12/site-packages'
[18.017s] Level 1:colcon.colcon_core.environment:checking '/home/pi/ros2_main/install/arduino_ros2_control/bin'
[18.018s] INFO:colcon.colcon_core.shell:Creating package script '/home/pi/ros2_main/install/arduino_ros2_control/share/arduino_ros2_control/package.ps1'
[18.020s] INFO:colcon.colcon_core.shell:Creating package descriptor '/home/pi/ros2_main/install/arduino_ros2_control/share/arduino_ros2_control/package.dsv'
[18.024s] INFO:colcon.colcon_core.shell:Creating package script '/home/pi/ros2_main/install/arduino_ros2_control/share/arduino_ros2_control/package.sh'
[18.026s] INFO:colcon.colcon_core.shell:Creating package script '/home/pi/ros2_main/install/arduino_ros2_control/share/arduino_ros2_control/package.bash'
[18.027s] INFO:colcon.colcon_core.shell:Creating package script '/home/pi/ros2_main/install/arduino_ros2_control/share/arduino_ros2_control/package.zsh'
[18.029s] Level 1:colcon.colcon_core.environment:create_file_with_runtime_dependencies(/home/pi/ros2_main/install/arduino_ros2_control/share/colcon-core/packages/arduino_ros2_control)
[18.040s] DEBUG:colcon.colcon_parallel_executor.executor.parallel:closing loop
[18.041s] DEBUG:colcon.colcon_parallel_executor.executor.parallel:loop closed
[18.041s] DEBUG:colcon.colcon_parallel_executor.executor.parallel:run_until_complete finished with '2'
[18.041s] DEBUG:colcon.colcon_core.event_reactor:joining thread
[18.062s] INFO:colcon.colcon_core.plugin_system:Skipping extension 'colcon_notification.desktop_notification.terminal_notifier': Not used on non-Darwin systems
[18.063s] INFO:colcon.colcon_core.plugin_system:Skipping extension 'colcon_notification.desktop_notification.win32': Not used on non-Windows systems
[18.063s] INFO:colcon.colcon_notification.desktop_notification:Sending desktop notification using 'notify2'
[18.078s] DEBUG:colcon.colcon_core.event_reactor:joined thread
[18.079s] INFO:colcon.colcon_core.shell:Creating prefix script '/home/pi/ros2_main/install/local_setup.ps1'
[18.081s] INFO:colcon.colcon_core.shell:Creating prefix util module '/home/pi/ros2_main/install/_local_setup_util_ps1.py'
[18.085s] INFO:colcon.colcon_core.shell:Creating prefix chain script '/home/pi/ros2_main/install/setup.ps1'
[18.091s] INFO:colcon.colcon_core.shell:Creating prefix script '/home/pi/ros2_main/install/local_setup.sh'
[18.093s] INFO:colcon.colcon_core.shell:Creating prefix util module '/home/pi/ros2_main/install/_local_setup_util_sh.py'
[18.095s] INFO:colcon.colcon_core.shell:Creating prefix chain script '/home/pi/ros2_main/install/setup.sh'
[18.102s] INFO:colcon.colcon_core.shell:Creating prefix script '/home/pi/ros2_main/install/local_setup.bash'
[18.106s] INFO:colcon.colcon_core.shell:Creating prefix chain script '/home/pi/ros2_main/install/setup.bash'
[18.112s] INFO:colcon.colcon_core.shell:Creating prefix script '/home/pi/ros2_main/install/local_setup.zsh'
[18.114s] INFO:colcon.colcon_core.shell:Creating prefix chain script '/home/pi/ros2_main/install/setup.zsh'
