[0.064s] Invoking command in '/home/pi/ros2_main/build/serial': CMAKE_PREFIX_PATH=${CMAKE_PREFIX_PATH}:/home/pi/ros2_main/install/your_twist_converter:/home/pi/ros2_main/install/yolo_detector:/home/pi/ros2_main/install/py_pubsub:/home/pi/ros2_main/install/nav2_simple_commander:/opt/ros/jazzy DEBUGINFOD_URLS=https://debuginfod.ubuntu.com /usr/bin/cmake --build /home/pi/ros2_main/build/serial -- -j4 -l4
[0.525s] [ 14%] Built target gtest
[0.590s] [ 42%] Built target serial
[0.783s] [ 57%] Built target gtest_main
[0.816s] [ 71%] Built target serial_example
[0.999s] [ 85%] Built target serial-test-timer
[0.999s] [100%] Built target serial-test
[2.666s] Invoked command in '/home/pi/ros2_main/build/serial' returned '0': CMAKE_PREFIX_PATH=${CMAKE_PREFIX_PATH}:/home/pi/ros2_main/install/your_twist_converter:/home/pi/ros2_main/install/yolo_detector:/home/pi/ros2_main/install/py_pubsub:/home/pi/ros2_main/install/nav2_simple_commander:/opt/ros/jazzy DEBUGINFOD_URLS=https://debuginfod.ubuntu.com /usr/bin/cmake --build /home/pi/ros2_main/build/serial -- -j4 -l4
[2.667s] Invoking command in '/home/pi/ros2_main/build/serial': CMAKE_PREFIX_PATH=${CMAKE_PREFIX_PATH}:/home/pi/ros2_main/install/your_twist_converter:/home/pi/ros2_main/install/yolo_detector:/home/pi/ros2_main/install/py_pubsub:/home/pi/ros2_main/install/nav2_simple_commander:/opt/ros/jazzy DEBUGINFOD_URLS=https://debuginfod.ubuntu.com /usr/bin/cmake --install /home/pi/ros2_main/build/serial
[2.805s] -- Install configuration: ""
[2.805s] -- Installing: /home/pi/ros2_main/install/serial/lib/libserial.a
[2.807s] -- Installing: /home/pi/ros2_main/install/serial/include/serial/serial.h
[2.817s] -- Installing: /home/pi/ros2_main/install/serial/include/serial/v8stdint.h
[2.821s] -- Installing: /home/pi/ros2_main/install/serial/share/serial/environment/library_path.sh
[2.821s] -- Installing: /home/pi/ros2_main/install/serial/share/serial/environment/library_path.dsv
[2.822s] -- Installing: /home/pi/ros2_main/install/serial/share/ament_index/resource_index/package_run_dependencies/serial
[2.835s] -- Installing: /home/pi/ros2_main/install/serial/share/ament_index/resource_index/parent_prefix_path/serial
[2.835s] -- Installing: /home/pi/ros2_main/install/serial/share/serial/environment/ament_prefix_path.sh
[2.836s] -- Installing: /home/pi/ros2_main/install/serial/share/serial/environment/ament_prefix_path.dsv
[2.836s] -- Installing: /home/pi/ros2_main/install/serial/share/serial/environment/path.sh
[2.836s] -- Installing: /home/pi/ros2_main/install/serial/share/serial/environment/path.dsv
[2.840s] -- Installing: /home/pi/ros2_main/install/serial/share/serial/local_setup.bash
[2.840s] -- Installing: /home/pi/ros2_main/install/serial/share/serial/local_setup.sh
[2.840s] -- Installing: /home/pi/ros2_main/install/serial/share/serial/local_setup.zsh
[2.849s] -- Installing: /home/pi/ros2_main/install/serial/share/serial/local_setup.dsv
[2.850s] -- Installing: /home/pi/ros2_main/install/serial/share/serial/package.dsv
[2.850s] -- Installing: /home/pi/ros2_main/install/serial/share/ament_index/resource_index/packages/serial
[2.850s] -- Installing: /home/pi/ros2_main/install/serial/share/serial/cmake/ament_cmake_export_include_directories-extras.cmake
[2.850s] -- Installing: /home/pi/ros2_main/install/serial/share/serial/cmake/ament_cmake_export_libraries-extras.cmake
[2.851s] -- Installing: /home/pi/ros2_main/install/serial/share/serial/cmake/serialConfig.cmake
[2.861s] -- Installing: /home/pi/ros2_main/install/serial/share/serial/cmake/serialConfig-version.cmake
[2.861s] -- Installing: /home/pi/ros2_main/install/serial/share/serial/package.xml
[2.909s] Invoked command in '/home/pi/ros2_main/build/serial' returned '0': CMAKE_PREFIX_PATH=${CMAKE_PREFIX_PATH}:/home/pi/ros2_main/install/your_twist_converter:/home/pi/ros2_main/install/yolo_detector:/home/pi/ros2_main/install/py_pubsub:/home/pi/ros2_main/install/nav2_simple_commander:/opt/ros/jazzy DEBUGINFOD_URLS=https://debuginfod.ubuntu.com /usr/bin/cmake --install /home/pi/ros2_main/build/serial
