[3.559s] Invoking command in '/home/pi/ros2_main/src/your_twist_converter': DEBUGINFOD_URLS=https://debuginfod.ubuntu.com PYTHONPATH=/home/pi/ros2_main/build/your_twist_converter/prefix_override:/usr/lib/python3/dist-packages/colcon_core/task/python/colcon_distutils_commands:/home/pi/ros2_main/install/your_twist_converter/lib/python3.12/site-packages:${PYTHONPATH} /usr/bin/python3 -W ignore:setup.py install is deprecated -W ignore:easy_install command is deprecated setup.py egg_info --egg-base ../../build/your_twist_converter build --build-base /home/pi/ros2_main/build/your_twist_converter/build install --record /home/pi/ros2_main/build/your_twist_converter/install.log --single-version-externally-managed install_data
[4.285s] running egg_info
[4.334s] writing ../../build/your_twist_converter/your_twist_converter.egg-info/PKG-INFO
[4.336s] writing dependency_links to ../../build/your_twist_converter/your_twist_converter.egg-info/dependency_links.txt
[4.337s] writing entry points to ../../build/your_twist_converter/your_twist_converter.egg-info/entry_points.txt
[4.339s] writing requirements to ../../build/your_twist_converter/your_twist_converter.egg-info/requires.txt
[4.339s] writing top-level names to ../../build/your_twist_converter/your_twist_converter.egg-info/top_level.txt
[4.450s] reading manifest file '../../build/your_twist_converter/your_twist_converter.egg-info/SOURCES.txt'
[4.452s] writing manifest file '../../build/your_twist_converter/your_twist_converter.egg-info/SOURCES.txt'
[4.453s] running build
[4.453s] running build_py
[4.453s] running install
[4.470s] running install_lib
[4.507s] byte-compiling /home/pi/ros2_main/install/your_twist_converter/lib/python3.12/site-packages/your_twist_converter/twist_converter.py to twist_converter.cpython-312.pyc
[4.508s] Sorry: IndentationError: unexpected indent (twist_converter.py, line 11)
[4.508s] running install_data
[4.508s] running install_egg_info
[4.539s] removing '/home/pi/ros2_main/install/your_twist_converter/lib/python3.12/site-packages/your_twist_converter-0.0.0-py3.12.egg-info' (and everything under it)
[4.540s] Copying ../../build/your_twist_converter/your_twist_converter.egg-info to /home/pi/ros2_main/install/your_twist_converter/lib/python3.12/site-packages/your_twist_converter-0.0.0-py3.12.egg-info
[4.541s] running install_scripts
[4.808s] Installing twist_converter script to /home/pi/ros2_main/install/your_twist_converter/lib/your_twist_converter
[4.808s] writing list of installed files to '/home/pi/ros2_main/build/your_twist_converter/install.log'
[4.924s] Invoked command in '/home/pi/ros2_main/src/your_twist_converter' returned '0': DEBUGINFOD_URLS=https://debuginfod.ubuntu.com PYTHONPATH=/home/pi/ros2_main/build/your_twist_converter/prefix_override:/usr/lib/python3/dist-packages/colcon_core/task/python/colcon_distutils_commands:/home/pi/ros2_main/install/your_twist_converter/lib/python3.12/site-packages:${PYTHONPATH} /usr/bin/python3 -W ignore:setup.py install is deprecated -W ignore:easy_install command is deprecated setup.py egg_info --egg-base ../../build/your_twist_converter build --build-base /home/pi/ros2_main/build/your_twist_converter/build install --record /home/pi/ros2_main/build/your_twist_converter/install.log --single-version-externally-managed install_data
