[0.067s] Invoking command in '/home/pi/ros2_main/build/serial': CMAKE_PREFIX_PATH=${CMAKE_PREFIX_PATH}:/home/pi/ros2_main/install/your_twist_converter:/home/pi/ros2_main/install/yolo_detector:/home/pi/ros2_main/install/py_pubsub:/home/pi/ros2_main/install/nav2_simple_commander:/opt/ros/jazzy DEBUGINFOD_URLS=https://debuginfod.ubuntu.com /usr/bin/cmake --build /home/pi/ros2_main/build/serial -- -j4 -l4
[0.409s] [ 28%] Built target serial
[0.447s] [ 50%] Built target gtest_main
[0.448s] [ 57%] Built target gtest
[0.538s] [ 71%] Built target serial_example
[0.546s] [ 85%] Built target serial-test-timer
[0.587s] [100%] Built target serial-test
[1.264s] Invoked command in '/home/pi/ros2_main/build/serial' returned '0': CMAKE_PREFIX_PATH=${CMAKE_PREFIX_PATH}:/home/pi/ros2_main/install/your_twist_converter:/home/pi/ros2_main/install/yolo_detector:/home/pi/ros2_main/install/py_pubsub:/home/pi/ros2_main/install/nav2_simple_commander:/opt/ros/jazzy DEBUGINFOD_URLS=https://debuginfod.ubuntu.com /usr/bin/cmake --build /home/pi/ros2_main/build/serial -- -j4 -l4
[1.264s] Invoking command in '/home/pi/ros2_main/build/serial': CMAKE_PREFIX_PATH=${CMAKE_PREFIX_PATH}:/home/pi/ros2_main/install/your_twist_converter:/home/pi/ros2_main/install/yolo_detector:/home/pi/ros2_main/install/py_pubsub:/home/pi/ros2_main/install/nav2_simple_commander:/opt/ros/jazzy DEBUGINFOD_URLS=https://debuginfod.ubuntu.com /usr/bin/cmake --install /home/pi/ros2_main/build/serial
[1.288s] -- Install configuration: ""
[1.290s] -- Up-to-date: /home/pi/ros2_main/install/serial/lib/libserial.a
[1.293s] -- Up-to-date: /home/pi/ros2_main/install/serial/include/serial/serial.h
[1.297s] -- Up-to-date: /home/pi/ros2_main/install/serial/include/serial/v8stdint.h
[1.297s] -- Up-to-date: /home/pi/ros2_main/install/serial/share/serial/environment/library_path.sh
[1.298s] -- Up-to-date: /home/pi/ros2_main/install/serial/share/serial/environment/library_path.dsv
[1.298s] -- Up-to-date: /home/pi/ros2_main/install/serial/share/ament_index/resource_index/package_run_dependencies/serial
[1.298s] -- Up-to-date: /home/pi/ros2_main/install/serial/share/ament_index/resource_index/parent_prefix_path/serial
[1.298s] -- Up-to-date: /home/pi/ros2_main/install/serial/share/serial/environment/ament_prefix_path.sh
[1.298s] -- Up-to-date: /home/pi/ros2_main/install/serial/share/serial/environment/ament_prefix_path.dsv
[1.298s] -- Up-to-date: /home/pi/ros2_main/install/serial/share/serial/environment/path.sh
[1.299s] -- Up-to-date: /home/pi/ros2_main/install/serial/share/serial/environment/path.dsv
[1.302s] -- Up-to-date: /home/pi/ros2_main/install/serial/share/serial/local_setup.bash
[1.302s] -- Up-to-date: /home/pi/ros2_main/install/serial/share/serial/local_setup.sh
[1.302s] -- Up-to-date: /home/pi/ros2_main/install/serial/share/serial/local_setup.zsh
[1.302s] -- Up-to-date: /home/pi/ros2_main/install/serial/share/serial/local_setup.dsv
[1.303s] -- Installing: /home/pi/ros2_main/install/serial/share/serial/package.dsv
[1.303s] -- Up-to-date: /home/pi/ros2_main/install/serial/share/ament_index/resource_index/packages/serial
[1.303s] -- Up-to-date: /home/pi/ros2_main/install/serial/share/serial/cmake/ament_cmake_export_include_directories-extras.cmake
[1.303s] -- Up-to-date: /home/pi/ros2_main/install/serial/share/serial/cmake/ament_cmake_export_libraries-extras.cmake
[1.303s] -- Up-to-date: /home/pi/ros2_main/install/serial/share/serial/cmake/serialConfig.cmake
[1.303s] -- Up-to-date: /home/pi/ros2_main/install/serial/share/serial/cmake/serialConfig-version.cmake
[1.303s] -- Up-to-date: /home/pi/ros2_main/install/serial/share/serial/package.xml
[1.329s] Invoked command in '/home/pi/ros2_main/build/serial' returned '0': CMAKE_PREFIX_PATH=${CMAKE_PREFIX_PATH}:/home/pi/ros2_main/install/your_twist_converter:/home/pi/ros2_main/install/yolo_detector:/home/pi/ros2_main/install/py_pubsub:/home/pi/ros2_main/install/nav2_simple_commander:/opt/ros/jazzy DEBUGINFOD_URLS=https://debuginfod.ubuntu.com /usr/bin/cmake --install /home/pi/ros2_main/build/serial
