[0.758s] Invoking command in '/home/pi/ros2_main/build/rplidar_ros': CMAKE_PREFIX_PATH=${CMAKE_PREFIX_PATH}:/home/pi/ros2_main/install/your_twist_converter:/home/pi/ros2_main/install/yolo_detector:/home/pi/ros2_main/install/py_pubsub:/home/pi/ros2_main/install/nav2_simple_commander:/opt/ros/jazzy DEBUGINFOD_URLS=https://debuginfod.ubuntu.com /usr/bin/cmake --build /home/pi/ros2_main/build/rplidar_ros -- -j4 -l4
[1.160s] [  5%] Built target rplidar_client
[1.168s] [ 52%] Built target rplidar_node
[1.180s] [100%] Built target rplidar_composition
[1.865s] Invoked command in '/home/pi/ros2_main/build/rplidar_ros' returned '0': CMAKE_PREFIX_PATH=${CMAKE_PREFIX_PATH}:/home/pi/ros2_main/install/your_twist_converter:/home/pi/ros2_main/install/yolo_detector:/home/pi/ros2_main/install/py_pubsub:/home/pi/ros2_main/install/nav2_simple_commander:/opt/ros/jazzy DEBUGINFOD_URLS=https://debuginfod.ubuntu.com /usr/bin/cmake --build /home/pi/ros2_main/build/rplidar_ros -- -j4 -l4
[1.868s] Invoking command in '/home/pi/ros2_main/build/rplidar_ros': CMAKE_PREFIX_PATH=${CMAKE_PREFIX_PATH}:/home/pi/ros2_main/install/your_twist_converter:/home/pi/ros2_main/install/yolo_detector:/home/pi/ros2_main/install/py_pubsub:/home/pi/ros2_main/install/nav2_simple_commander:/opt/ros/jazzy DEBUGINFOD_URLS=https://debuginfod.ubuntu.com /usr/bin/cmake --install /home/pi/ros2_main/build/rplidar_ros
[1.893s] -- Install configuration: ""
[1.893s] -- Up-to-date: /home/pi/ros2_main/install/rplidar_ros/share/rplidar_ros/launch
[1.893s] -- Up-to-date: /home/pi/ros2_main/install/rplidar_ros/share/rplidar_ros/launch/rplidar_c1_launch.py
[1.893s] -- Up-to-date: /home/pi/ros2_main/install/rplidar_ros/share/rplidar_ros/rviz
[1.893s] -- Up-to-date: /home/pi/ros2_main/install/rplidar_ros/share/rplidar_ros/rviz/rplidar_ros.rviz
[1.893s] -- Up-to-date: /home/pi/ros2_main/install/rplidar_ros/lib/rplidar_ros/rplidar_node
[1.893s] -- Up-to-date: /home/pi/ros2_main/install/rplidar_ros/lib/rplidar_ros/rplidar_composition
[1.895s] -- Up-to-date: /home/pi/ros2_main/install/rplidar_ros/lib/rplidar_ros/rplidar_client
[1.895s] -- Up-to-date: /home/pi/ros2_main/install/rplidar_ros/share/ament_index/resource_index/package_run_dependencies/rplidar_ros
[1.895s] -- Up-to-date: /home/pi/ros2_main/install/rplidar_ros/share/ament_index/resource_index/parent_prefix_path/rplidar_ros
[1.895s] -- Up-to-date: /home/pi/ros2_main/install/rplidar_ros/share/rplidar_ros/environment/ament_prefix_path.sh
[1.895s] -- Up-to-date: /home/pi/ros2_main/install/rplidar_ros/share/rplidar_ros/environment/ament_prefix_path.dsv
[1.896s] -- Up-to-date: /home/pi/ros2_main/install/rplidar_ros/share/rplidar_ros/environment/path.sh
[1.897s] -- Up-to-date: /home/pi/ros2_main/install/rplidar_ros/share/rplidar_ros/environment/path.dsv
[1.897s] -- Up-to-date: /home/pi/ros2_main/install/rplidar_ros/share/rplidar_ros/local_setup.bash
[1.898s] -- Up-to-date: /home/pi/ros2_main/install/rplidar_ros/share/rplidar_ros/local_setup.sh
[1.898s] -- Up-to-date: /home/pi/ros2_main/install/rplidar_ros/share/rplidar_ros/local_setup.zsh
[1.898s] -- Up-to-date: /home/pi/ros2_main/install/rplidar_ros/share/rplidar_ros/local_setup.dsv
[1.898s] -- Installing: /home/pi/ros2_main/install/rplidar_ros/share/rplidar_ros/package.dsv
[1.898s] -- Up-to-date: /home/pi/ros2_main/install/rplidar_ros/share/ament_index/resource_index/packages/rplidar_ros
[1.898s] -- Up-to-date: /home/pi/ros2_main/install/rplidar_ros/share/rplidar_ros/cmake/ament_cmake_export_dependencies-extras.cmake
[1.902s] -- Up-to-date: /home/pi/ros2_main/install/rplidar_ros/share/rplidar_ros/cmake/ament_cmake_export_include_directories-extras.cmake
[1.902s] -- Up-to-date: /home/pi/ros2_main/install/rplidar_ros/share/rplidar_ros/cmake/rplidar_rosConfig.cmake
[1.902s] -- Up-to-date: /home/pi/ros2_main/install/rplidar_ros/share/rplidar_ros/cmake/rplidar_rosConfig-version.cmake
[1.902s] -- Up-to-date: /home/pi/ros2_main/install/rplidar_ros/share/rplidar_ros/package.xml
[1.906s] Invoked command in '/home/pi/ros2_main/build/rplidar_ros' returned '0': CMAKE_PREFIX_PATH=${CMAKE_PREFIX_PATH}:/home/pi/ros2_main/install/your_twist_converter:/home/pi/ros2_main/install/yolo_detector:/home/pi/ros2_main/install/py_pubsub:/home/pi/ros2_main/install/nav2_simple_commander:/opt/ros/jazzy DEBUGINFOD_URLS=https://debuginfod.ubuntu.com /usr/bin/cmake --install /home/pi/ros2_main/build/rplidar_ros
